#
# A fatal error has been detected by the Java Runtime Environment:
#
#  SIGSEGV (0xb) at pc=0xb7565bb0, pid=8069, tid=3075438336
#
# JRE version: OpenJDK Runtime Environment (8.0_45-b14) (build 1.8.0_45-internal-b14)
# Java VM: OpenJDK Server VM (25.45-b02 mixed mode linux-x86 )
# Problematic frame:
# C  [libc.so.6+0x2ebb0]
#
# Failed to write core dump. Core dumps have been disabled. To enable core dumping, try "ulimit -c unlimited" before starting Java again
#
# If you would like to submit a bug report, please visit:
#   http://bugreport.java.com/bugreport/crash.jsp
#

---------------  T H R E A D  ---------------

Current thread is native thread

siginfo: si_signo: 11 (SIGSEGV), si_code: 1 (SEGV_MAPERR), si_addr: 0x78afd108

Registers:
EAX=0x8ea00040, EBX=0xb76ee000, ECX=0x78afd108, EDX=0xea000400
ESP=0xbfd84fc0, EBP=0x8eafcd10, ESI=0x00000000, EDI=0xb76ee41c
EIP=0xb7565bb0, EFLAGS=0x00010282, CR2=0x78afd108

Top of Stack: (sp=0xbfd84fc0)
0xbfd84fc0:   092429c0 24208011 2402434f 00000001
0xbfd84fd0:   1d440a00 00000d0a b7565b79 b76ee000
0xbfd84fe0:   00000000 b7513000 bfd85028 b7565cb1
0xbfd84ff0:   00000000 b76ee41c 00000001 00000000
0xbfd85000:   0000001d b7565c96 8dcf5000 8dc2b775
0xbfd85010:   00000000 00000026 00000027 00000028
0xbfd85020:   8dc2b759 b6410ba8 b6410b40 b771abbc
0xbfd85030:   00000002 00000033 00000000 0000007b 

Instructions: (pc=0xb7565bb0)
0xb7565b90:   24 0c e8 39 06 00 00 8b 2f 85 ed 74 42 8d 76 00
0xb7565ba0:   8b 45 04 89 c2 c1 e2 04 85 c0 8d 4c 15 f8 74 22
0xb7565bb0:   8b 11 83 e8 01 89 45 04 83 fa 03 0f 84 9f 00 00
0xb7565bc0:   00 83 fa 04 74 72 83 fa 02 74 45 83 e9 10 85 c0 

Register to memory mapping:

EAX=0x8ea00040 is an unknown value
EBX=0xb76ee000: <offset 0x1b7000> in /lib/i386-linux-gnu/libc.so.6 at 0xb7537000
ECX=0x78afd108 is an unknown value
EDX=0xea000400 is an unknown value
ESP=0xbfd84fc0 is an unknown value
EBP=0x8eafcd10 is an unknown value
ESI=0x00000000 is an unknown value
EDI=0xb76ee41c: <offset 0x1b741c> in /lib/i386-linux-gnu/libc.so.6 at 0xb7537000


Stack: [0xbfd3c000,0xbfd8c000],  sp=0xbfd84fc0,  free space=291k
Native frames: (J=compiled Java code, j=interpreted, Vv=VM code, C=native code)
C  [libc.so.6+0x2ebb0]
C  0x8eafcae0


---------------  P R O C E S S  ---------------

VM state:not at safepoint (normal execution)

VM Mutex/Monitor currently owned by a thread: None

Heap:
 def new generation   total 52672K, used 24588K [0x8f400000, 0x92d20000, 0x97200000)
  eden space 46848K,  40% used [0x8f400000, 0x90653010, 0x921c0000)
  from space 5824K, 100% used [0x921c0000, 0x92770000, 0x92770000)
  to   space 5824K,   0% used [0x92770000, 0x92770000, 0x92d20000)
 tenured generation   total 116848K, used 92320K [0x97200000, 0x9e41c000, 0xa6e00000)
   the space 116848K,  79% used [0x97200000, 0x9cc28390, 0x9cc28400, 0x9e41c000)
 Metaspace       used 25689K, capacity 26711K, committed 26776K, reserved 26928K

Card table byte_map: [0x8f342000,0x8f400000] byte_map_base: 0x8eec8000

Polling page: 0xb76f5000

CodeCache: size=245760Kb used=16744Kb max_used=16896Kb free=229015Kb
 bounds [0xa7200000, 0xa82a8000, 0xb6200000]
 total_blobs=6892 nmethods=6417 adapters=387
 compilation: enabled

Compilation events (10 events):
Event: 515,418 Thread 0xb6281000 7713       3       javafx.scene.layout.BorderWidths::getRight (5 bytes)
Event: 515,418 Thread 0xb6281000 nmethod 7713 0xa74fac08 code [0xa74fad20, 0xa74fae00]
Event: 515,418 Thread 0xb6281000 7714       3       javafx.scene.layout.BorderWidths::getBottom (5 bytes)
Event: 515,419 Thread 0xb6281000 nmethod 7714 0xa7ae7508 code [0xa7ae7620, 0xa7ae7700]
Event: 515,426 Thread 0xb627f800 7715       4       com.sun.openpisces.TransformingPathConsumer2D$FilterSet::getConsumer (352 bytes)
Event: 515,431 Thread 0xb627f800 nmethod 7715 0xa7a2afc8 code [0xa7a2b120, 0xa7a2b530]
Event: 515,494 Thread 0xb627f800 7716       4       com.sun.prism.sw.SWGraphics::fillRect (733 bytes)
Event: 515,503 Thread 0xb6281000 7717       3       com.sun.javafx.geom.RectBounds::intersectWith (77 bytes)
Event: 515,503 Thread 0xb6281000 nmethod 7717 0xa7aecd88 code [0xa7aecee0, 0xa7aed3b0]
Event: 515,520 Thread 0xb627f800 nmethod 7716 0xa7e3fa48 code [0xa7e3fc80, 0xa7e408e8]

GC Heap History (10 events):
Event: 20,441 GC heap before
{Heap before GC invocations=15 (full 4):
 def new generation   total 29120K, used 25864K [0x8f400000, 0x91390000, 0x97200000)
  eden space 25920K,  99% used [0x8f400000, 0x90d42248, 0x90d50000)
  from space 3200K,   0% used [0x90d50000, 0x90d50000, 0x91070000)
  to   space 3200K,   0% used [0x91070000, 0x91070000, 0x91390000)
 tenured generation   total 64508K, used 38703K [0x97200000, 0x9b0ff000, 0xa6e00000)
   the space 64508K,  59% used [0x97200000, 0x997cbea0, 0x997cc000, 0x9b0ff000)
 Metaspace       used 23445K, capacity 24340K, committed 24344K, reserved 24880K
Event: 20,467 GC heap after
Heap after GC invocations=16 (full 4):
 def new generation   total 29120K, used 3200K [0x8f400000, 0x91390000, 0x97200000)
  eden space 25920K,   0% used [0x8f400000, 0x8f400000, 0x90d50000)
  from space 3200K, 100% used [0x91070000, 0x91390000, 0x91390000)
  to   space 3200K,   0% used [0x90d50000, 0x90d50000, 0x91070000)
 tenured generation   total 64508K, used 46040K [0x97200000, 0x9b0ff000, 0xa6e00000)
   the space 64508K,  71% used [0x97200000, 0x99ef62b8, 0x99ef6400, 0x9b0ff000)
 Metaspace       used 23445K, capacity 24340K, committed 24344K, reserved 24880K
}
Event: 26,737 GC heap before
{Heap before GC invocations=16 (full 4):
 def new generation   total 29120K, used 29120K [0x8f400000, 0x91390000, 0x97200000)
  eden space 25920K, 100% used [0x8f400000, 0x90d50000, 0x90d50000)
  from space 3200K, 100% used [0x91070000, 0x91390000, 0x91390000)
  to   space 3200K,   0% used [0x90d50000, 0x90d50000, 0x91070000)
 tenured generation   total 64508K, used 46040K [0x97200000, 0x9b0ff000, 0xa6e00000)
   the space 64508K,  71% used [0x97200000, 0x99ef62b8, 0x99ef6400, 0x9b0ff000)
 Metaspace       used 23674K, capacity 24564K, committed 24600K, reserved 24880K
Event: 26,757 GC heap after
Heap after GC invocations=17 (full 4):
 def new generation   total 29120K, used 1271K [0x8f400000, 0x91390000, 0x97200000)
  eden space 25920K,   0% used [0x8f400000, 0x8f400000, 0x90d50000)
  from space 3200K,  39% used [0x90d50000, 0x90e8dd60, 0x91070000)
  to   space 3200K,   0% used [0x91070000, 0x91070000, 0x91390000)
 tenured generation   total 64508K, used 60489K [0x97200000, 0x9b0ff000, 0xa6e00000)
   the space 64508K,  93% used [0x97200000, 0x9ad12518, 0x9ad12600, 0x9b0ff000)
 Metaspace       used 23674K, capacity 24564K, committed 24600K, reserved 24880K
}
Event: 39,356 GC heap before
{Heap before GC invocations=17 (full 4):
 def new generation   total 29120K, used 27191K [0x8f400000, 0x91390000, 0x97200000)
  eden space 25920K, 100% used [0x8f400000, 0x90d50000, 0x90d50000)
  from space 3200K,  39% used [0x90d50000, 0x90e8dd60, 0x91070000)
  to   space 3200K,   0% used [0x91070000, 0x91070000, 0x91390000)
 tenured generation   total 64508K, used 60489K [0x97200000, 0x9b0ff000, 0xa6e00000)
   the space 64508K,  93% used [0x97200000, 0x9ad12518, 0x9ad12600, 0x9b0ff000)
 Metaspace       used 24300K, capacity 25266K, committed 25368K, reserved 25904K
Event: 39,499 GC heap after
Heap after GC invocations=18 (full 5):
 def new generation   total 52672K, used 608K [0x8f400000, 0x92d20000, 0x97200000)
  eden space 46848K,   1% used [0x8f400000, 0x8f498398, 0x921c0000)
  from space 5824K,   0% used [0x921c0000, 0x921c0000, 0x92770000)
  to   space 5824K,   0% used [0x92770000, 0x92770000, 0x92d20000)
 tenured generation   total 116848K, used 70107K [0x97200000, 0x9e41c000, 0xa6e00000)
   the space 116848K,  59% used [0x97200000, 0x9b676ff0, 0x9b677000, 0x9e41c000)
 Metaspace       used 24300K, capacity 25266K, committed 25368K, reserved 25904K
}
Event: 92,412 GC heap before
{Heap before GC invocations=18 (full 5):
 def new generation   total 52672K, used 46848K [0x8f400000, 0x92d20000, 0x97200000)
  eden space 46848K, 100% used [0x8f400000, 0x921c0000, 0x921c0000)
  from space 5824K,   0% used [0x921c0000, 0x921c0000, 0x92770000)
  to   space 5824K,   0% used [0x92770000, 0x92770000, 0x92d20000)
 tenured generation   total 116848K, used 70107K [0x97200000, 0x9e41c000, 0xa6e00000)
   the space 116848K,  59% used [0x97200000, 0x9b676ff0, 0x9b677000, 0x9e41c000)
 Metaspace       used 25329K, capacity 26309K, committed 26392K, reserved 26928K
Event: 92,457 GC heap after
Heap after GC invocations=19 (full 5):
 def new generation   total 52672K, used 5824K [0x8f400000, 0x92d20000, 0x97200000)
  eden space 46848K,   0% used [0x8f400000, 0x8f400000, 0x921c0000)
  from space 5824K, 100% used [0x92770000, 0x92d20000, 0x92d20000)
  to   space 5824K,   0% used [0x921c0000, 0x921c0000, 0x92770000)
 tenured generation   total 116848K, used 71321K [0x97200000, 0x9e41c000, 0xa6e00000)
   the space 116848K,  61% used [0x97200000, 0x9b7a64a0, 0x9b7a6600, 0x9e41c000)
 Metaspace       used 25329K, capacity 26309K, committed 26392K, reserved 26928K
}
Event: 129,915 GC heap before
{Heap before GC invocations=19 (full 5):
 def new generation   total 52672K, used 52672K [0x8f400000, 0x92d20000, 0x97200000)
  eden space 46848K, 100% used [0x8f400000, 0x921c0000, 0x921c0000)
  from space 5824K, 100% used [0x92770000, 0x92d20000, 0x92d20000)
  to   space 5824K,   0% used [0x921c0000, 0x921c0000, 0x92770000)
 tenured generation   total 116848K, used 71321K [0x97200000, 0x9e41c000, 0xa6e00000)
   the space 116848K,  61% used [0x97200000, 0x9b7a64a0, 0x9b7a6600, 0x9e41c000)
 Metaspace       used 25633K, capacity 26647K, committed 26648K, reserved 26928K
Event: 129,982 GC heap after
Heap after GC invocations=20 (full 5):
 def new generation   total 52672K, used 5824K [0x8f400000, 0x92d20000, 0x97200000)
  eden space 46848K,   0% used [0x8f400000, 0x8f400000, 0x921c0000)
  from space 5824K, 100% used [0x921c0000, 0x92770000, 0x92770000)
  to   space 5824K,   0% used [0x92770000, 0x92770000, 0x92d20000)
 tenured generation   total 116848K, used 92320K [0x97200000, 0x9e41c000, 0xa6e00000)
   the space 116848K,  79% used [0x97200000, 0x9cc28390, 0x9cc28400, 0x9e41c000)
 Metaspace       used 25633K, capacity 26647K, committed 26648K, reserved 26928K
}

Deoptimization events (10 events):
Event: 93,185 Thread 0x88d7f000 Uncommon trap: reason=class_check action=maybe_recompile pc=0xa7d6bad8 method=java.util.HashSet.iterator()Ljava/util/Iterator; @ 4
Event: 93,329 Thread 0x88d7f000 Uncommon trap: reason=unstable_if action=reinterpret pc=0xa806a774 method=com.sun.javafx.geom.Path2D.needRoom(ZI)V @ 46
Event: 123,795 Thread 0x0a0e2800 Uncommon trap: reason=null_check action=make_not_entrant pc=0xa804d1ec method=com.mysql.jdbc.StringUtils.findCharset(Ljava/lang/String;)Ljava/nio/charset/Charset; @ 7
Event: 123,807 Thread 0x0a0e2800 Uncommon trap: reason=uninitialized action=reinterpret pc=0xa8186c84 method=com.mysql.jdbc.Util.handleNewInstance(Ljava/lang/reflect/Constructor;[Ljava/lang/Object;Lcom/mysql/jdbc/ExceptionInterceptor;)Ljava/lang/Object; @ 41
Event: 123,811 Thread 0x0a0e2800 Uncommon trap: reason=unstable_if action=reinterpret pc=0xa79895ac method=com.mysql.jdbc.PreparedStatement$ParseInfo.<init>(Lcom/mysql/jdbc/PreparedStatement;Ljava/lang/String;Lcom/mysql/jdbc/MySQLConnection;Ljava/sql/DatabaseMetaData;Ljava/lang/String;Lc
Event: 125,150 Thread 0x8e0d3400 Uncommon trap: reason=class_check action=maybe_recompile pc=0xa7367128 method=java.util.AbstractList.listIterator()Ljava/util/ListIterator; @ 2
Event: 125,150 Thread 0x8e0d3400 Uncommon trap: reason=class_check action=maybe_recompile pc=0xa7367128 method=java.util.AbstractList.listIterator()Ljava/util/ListIterator; @ 2
Event: 125,166 Thread 0x8e0d3400 Uncommon trap: reason=class_check action=maybe_recompile pc=0xa7367128 method=java.util.AbstractList.listIterator()Ljava/util/ListIterator; @ 2
Event: 125,167 Thread 0x8e0d3400 Uncommon trap: reason=class_check action=maybe_recompile pc=0xa7367128 method=java.util.AbstractList.listIterator()Ljava/util/ListIterator; @ 2
Event: 514,723 Thread 0x88d7f000 Uncommon trap: reason=unstable_if action=reinterpret pc=0xa75527a0 method=com.sun.javafx.tk.quantum.QuantumToolkit.postPulse()V @ 37

Internal exceptions (10 events):
Event: 133,374 Thread 0x0a0e2800 Implicit null exception at 0xa802df60 to 0xa802f2c8
Event: 133,374 Thread 0x0a0e2800 Exception <a 'java/lang/NullPointerException'> (0x8fcf09e8) thrown at [/build/buildd/openjdk-8-8u45-b14/src/hotspot/src/share/vm/runtime/sharedRuntime.cpp, line 605]
Event: 133,375 Thread 0x0a0e2800 Implicit null exception at 0xa802df60 to 0xa802f2c8
Event: 133,375 Thread 0x0a0e2800 Exception <a 'java/lang/NullPointerException'> (0x8fcf0c80) thrown at [/build/buildd/openjdk-8-8u45-b14/src/hotspot/src/share/vm/runtime/sharedRuntime.cpp, line 605]
Event: 133,375 Thread 0x0a0e2800 Implicit null exception at 0xa802df60 to 0xa802f2c8
Event: 133,375 Thread 0x0a0e2800 Exception <a 'java/lang/NullPointerException'> (0x8fcf0f18) thrown at [/build/buildd/openjdk-8-8u45-b14/src/hotspot/src/share/vm/runtime/sharedRuntime.cpp, line 605]
Event: 133,380 Thread 0x0a0e2800 Implicit null exception at 0xa802df60 to 0xa802f2c8
Event: 133,380 Thread 0x0a0e2800 Exception <a 'java/lang/NullPointerException'> (0x8fd0be20) thrown at [/build/buildd/openjdk-8-8u45-b14/src/hotspot/src/share/vm/runtime/sharedRuntime.cpp, line 605]
Event: 133,380 Thread 0x0a0e2800 Implicit null exception at 0xa802df60 to 0xa802f2c8
Event: 133,380 Thread 0x0a0e2800 Exception <a 'java/lang/NullPointerException'> (0x8fd0c008) thrown at [/build/buildd/openjdk-8-8u45-b14/src/hotspot/src/share/vm/runtime/sharedRuntime.cpp, line 605]

Events (10 events):
Event: 324,851 Thread 0xb627f800 flushing nmethod 0xa7cf7988
Event: 329,856 Thread 0xb6281000 flushing nmethod 0xa7d7d188
Event: 329,857 Thread 0xb6281000 flushing nmethod 0xa7dea608
Event: 329,858 Thread 0xb6281000 flushing nmethod 0xa7e3f408
Event: 329,861 Thread 0xb6281000 flushing nmethod 0xa7eb5fc8
Event: 329,862 Thread 0xb6281000 flushing nmethod 0xa7f8fa08
Event: 334,860 Thread 0xb6281000 flushing nmethod 0xa806a608
Event: 514,723 Thread 0x88d7f000 Uncommon trap: trap_request=0xffffff65 fr.pc=0xa75527a0
Event: 514,723 Thread 0x88d7f000 DEOPT PACKING pc=0xa75527a0 sp=0x88bb8a60
Event: 514,723 Thread 0x88d7f000 DEOPT UNPACKING pc=0xa723abd5 sp=0x88bb89f8 mode 2


Dynamic libraries:
08048000-08049000 r-xp 00000000 08:01 1444301    /usr/lib/jvm/java-8-openjdk-i386/jre/bin/java
08049000-0804a000 r--p 00000000 08:01 1444301    /usr/lib/jvm/java-8-openjdk-i386/jre/bin/java
0804a000-0804b000 rw-p 00001000 08:01 1444301    /usr/lib/jvm/java-8-openjdk-i386/jre/bin/java
09771000-0a1f5000 rw-p 00000000 00:00 0          [heap]
7d855000-7d880000 r-xp 00000000 08:01 1444248    /usr/lib/jvm/java-8-openjdk-i386/jre/lib/i386/libsunec.so
7d880000-7d883000 r--p 0002a000 08:01 1444248    /usr/lib/jvm/java-8-openjdk-i386/jre/lib/i386/libsunec.so
7d883000-7d884000 rw-p 0002d000 08:01 1444248    /usr/lib/jvm/java-8-openjdk-i386/jre/lib/i386/libsunec.so
7f190000-7f900000 rw-p 00000000 00:00 0 
7f900000-7f9f9000 rw-p 00000000 00:00 0 
7f9f9000-7fa00000 ---p 00000000 00:00 0 
80000000-80056000 rw-p 00000000 00:00 0 
80056000-80100000 ---p 00000000 00:00 0 
80200000-802ef000 rw-p 00000000 00:00 0 
802ef000-80300000 ---p 00000000 00:00 0 
80300000-80400000 rw-p 00000000 00:00 0 
80400000-80600000 rw-p 00000000 00:00 0 
80600000-80700000 rw-p 00000000 00:00 0 
80790000-80f00000 rw-p 00000000 00:00 0 
80f00000-80f9a000 rw-p 00000000 00:00 0 
80f9a000-81000000 ---p 00000000 00:00 0 
81100000-811ff000 rw-p 00000000 00:00 0 
811ff000-81200000 ---p 00000000 00:00 0 
81200000-812e0000 rw-p 00000000 00:00 0 
812e0000-81300000 ---p 00000000 00:00 0 
81300000-813f5000 rw-p 00000000 00:00 0 
813f5000-81400000 ---p 00000000 00:00 0 
81400000-814fd000 rw-p 00000000 00:00 0 
814fd000-81500000 ---p 00000000 00:00 0 
81500000-815ff000 rw-p 00000000 00:00 0 
815ff000-81600000 ---p 00000000 00:00 0 
81684000-81784000 rw-p 00000000 00:00 0 
81784000-81884000 rw-p 00000000 00:00 0 
81884000-81887000 ---p 00000000 00:00 0 
81887000-819d5000 rw-p 00000000 00:00 0          [stack:8093]
819d5000-81a64000 r-xp 00000000 08:01 1444269    /usr/lib/jvm/java-8-openjdk-i386/jre/lib/i386/libawt.so
81a64000-81a65000 r--p 0008e000 08:01 1444269    /usr/lib/jvm/java-8-openjdk-i386/jre/lib/i386/libawt.so
81a65000-81a6c000 rw-p 0008f000 08:01 1444269    /usr/lib/jvm/java-8-openjdk-i386/jre/lib/i386/libawt.so
81a6c000-81a90000 rw-p 00000000 00:00 0 
81abb000-81abe000 ---p 00000000 00:00 0 
81abe000-81c0c000 rw-p 00000000 00:00 0          [stack:8097]
81c0c000-81c0f000 ---p 00000000 00:00 0 
81c0f000-81c5d000 rw-p 00000000 00:00 0          [stack:8096]
81c5d000-81c60000 ---p 00000000 00:00 0 
81c60000-81dae000 rw-p 00000000 00:00 0          [stack:8095]
81dae000-81dfc000 r-xp 00000000 08:01 1444264    /usr/lib/jvm/java-8-openjdk-i386/jre/lib/i386/libfontmanager.so
81dfc000-81dff000 r--p 0004d000 08:01 1444264    /usr/lib/jvm/java-8-openjdk-i386/jre/lib/i386/libfontmanager.so
81dff000-81e00000 rw-p 00050000 08:01 1444264    /usr/lib/jvm/java-8-openjdk-i386/jre/lib/i386/libfontmanager.so
81e00000-81f00000 rw-p 00000000 00:00 0 
81f00000-81ff8000 rw-p 00000000 00:00 0 
81ff8000-82000000 ---p 00000000 00:00 0 
82000000-82100000 rw-p 00000000 00:00 0 
82100000-821fb000 rw-p 00000000 00:00 0 
821fb000-82200000 ---p 00000000 00:00 0 
82200000-822fe000 rw-p 00000000 00:00 0 
822fe000-82300000 ---p 00000000 00:00 0 
82300000-82400000 rw-p 00000000 00:00 0 
82400000-82500000 rw-p 00000000 00:00 0 
82500000-825f5000 rw-p 00000000 00:00 0 
825f5000-82600000 ---p 00000000 00:00 0 
82626000-82679000 r-xp 00000000 08:01 1444247    /usr/lib/jvm/java-8-openjdk-i386/jre/lib/i386/libawt_xawt.so
82679000-8267a000 r--p 00052000 08:01 1444247    /usr/lib/jvm/java-8-openjdk-i386/jre/lib/i386/libawt_xawt.so
8267a000-8267c000 rw-p 00053000 08:01 1444247    /usr/lib/jvm/java-8-openjdk-i386/jre/lib/i386/libawt_xawt.so
8267c000-8267d000 rw-p 00000000 00:00 0 
8267d000-8268e000 r-xp 00000000 08:01 1444255    /usr/lib/jvm/java-8-openjdk-i386/jre/lib/i386/libnio.so
8268e000-8268f000 r--p 00010000 08:01 1444255    /usr/lib/jvm/java-8-openjdk-i386/jre/lib/i386/libnio.so
8268f000-82690000 rw-p 00011000 08:01 1444255    /usr/lib/jvm/java-8-openjdk-i386/jre/lib/i386/libnio.so
82705000-82708000 ---p 00000000 00:00 0 
82708000-82856000 rw-p 00000000 00:00 0 
82856000-82900000 r--p 00000000 08:01 657439     /usr/share/fonts/truetype/dejavu/DejaVuSans-Bold.ttf
82900000-829a8000 rw-p 00000000 00:00 0 
829a8000-82a00000 ---p 00000000 00:00 0 
82a00000-82aff000 rw-p 00000000 00:00 0 
82aff000-82b00000 ---p 00000000 00:00 0 
82b00000-82bf9000 rw-p 00000000 00:00 0 
82bf9000-82c00000 ---p 00000000 00:00 0 
82c00000-82cf9000 rw-p 00000000 00:00 0 
82cf9000-82d00000 ---p 00000000 00:00 0 
82d00000-82e00000 rw-p 00000000 00:00 0 
82e00000-82f00000 rw-p 00000000 00:00 0 
82f00000-83000000 rw-p 00000000 00:00 0 
83000000-83100000 rw-p 00000000 00:00 0 
83100000-83200000 rw-p 00000000 00:00 0 
83205000-8320a000 r--s 002f8000 08:01 1444296    /usr/lib/jvm/java-8-openjdk-i386/jre/lib/charsets.jar
8320a000-8320d000 ---p 00000000 00:00 0 
8320d000-8325b000 rw-p 00000000 00:00 0          [stack:8092]
8325b000-83268000 r-xp 00000000 08:01 1447837    /usr/lib/jvm/java-8-openjdk-i386/jre/lib/i386/libdecora_sse.so
83268000-83269000 r--p 0000d000 08:01 1447837    /usr/lib/jvm/java-8-openjdk-i386/jre/lib/i386/libdecora_sse.so
83269000-8326a000 rw-p 0000e000 08:01 1447837    /usr/lib/jvm/java-8-openjdk-i386/jre/lib/i386/libdecora_sse.so
8326a000-8326d000 ---p 00000000 00:00 0 
8326d000-833bb000 rw-p 00000000 00:00 0          [stack:8094]
833bb000-833ce000 r--s 00345000 08:01 1444235    /usr/lib/jvm/java-8-openjdk-i386/jre/lib/resources.jar
833ce000-834ce000 rw-p 00000000 00:00 0 
834ce000-834d1000 ---p 00000000 00:00 0 
834d1000-8351f000 rw-p 00000000 00:00 0          [stack:8090]
8351f000-835d5000 r--p 00000000 08:01 657440     /usr/share/fonts/truetype/dejavu/DejaVuSans.ttf
835d5000-835d6000 ---p 00000000 00:00 0 
835d6000-83dd6000 rw-p 00000000 00:00 0          [stack:8089]
83dd6000-87dd7000 rw-s 00000000 00:12 358712     /dev/shm/pulse-shm-1674610787
87dd7000-87de9000 r-xp 00000000 08:01 1049737    /lib/i386-linux-gnu/libgpg-error.so.0.13.0
87de9000-87dea000 r--p 00011000 08:01 1049737    /lib/i386-linux-gnu/libgpg-error.so.0.13.0
87dea000-87deb000 rw-p 00012000 08:01 1049737    /lib/i386-linux-gnu/libgpg-error.so.0.13.0
87deb000-87e67000 r-xp 00000000 08:01 1707892    /usr/lib/i386-linux-gnu/libvorbisenc.so.2.0.10
87e67000-87e79000 r--p 0007b000 08:01 1707892    /usr/lib/i386-linux-gnu/libvorbisenc.so.2.0.10
87e79000-87e7a000 rw-p 0008d000 08:01 1707892    /usr/lib/i386-linux-gnu/libvorbisenc.so.2.0.10
87e7a000-87ed9000 r-xp 00000000 08:01 1706800    /usr/lib/i386-linux-gnu/libFLAC.so.8.3.0
87ed9000-87eda000 r--p 0005e000 08:01 1706800    /usr/lib/i386-linux-gnu/libFLAC.so.8.3.0
87eda000-87edb000 rw-p 0005f000 08:01 1706800    /usr/lib/i386-linux-gnu/libFLAC.so.8.3.0
87edb000-87f87000 r-xp 00000000 08:01 1049733    /lib/i386-linux-gnu/libgcrypt.so.20.0.2
87f87000-87f89000 r--p 000ac000 08:01 1049733    /lib/i386-linux-gnu/libgcrypt.so.20.0.2
87f89000-87f8c000 rw-p 000ae000 08:01 1049733    /lib/i386-linux-gnu/libgcrypt.so.20.0.2
87f8c000-87fb0000 r-xp 00000000 08:01 1049757    /lib/i386-linux-gnu/liblzma.so.5.0.0
87fb0000-87fb1000 r--p 00023000 08:01 1049757    /lib/i386-linux-gnu/liblzma.so.5.0.0
87fb1000-87fb2000 rw-p 00024000 08:01 1049757    /lib/i386-linux-gnu/liblzma.so.5.0.0
87fb2000-87fb7000 r-xp 00000000 08:01 1706968    /usr/lib/i386-linux-gnu/libasyncns.so.0.3.1
87fb7000-87fb8000 r--p 00004000 08:01 1706968    /usr/lib/i386-linux-gnu/libasyncns.so.0.3.1
87fb8000-87fb9000 rw-p 00005000 08:01 1706968    /usr/lib/i386-linux-gnu/libasyncns.so.0.3.1
87fb9000-8802b000 r-xp 00000000 08:01 1707784    /usr/lib/i386-linux-gnu/libsndfile.so.1.0.25
8802b000-8802d000 r--p 00071000 08:01 1707784    /usr/lib/i386-linux-gnu/libsndfile.so.1.0.25
8802d000-8802e000 rw-p 00073000 08:01 1707784    /usr/lib/i386-linux-gnu/libsndfile.so.1.0.25
8802e000-88032000 rw-p 00000000 00:00 0 
88032000-8803a000 r-xp 00000000 08:01 1049872    /lib/i386-linux-gnu/libwrap.so.0.7.6
8803a000-8803b000 r--p 00007000 08:01 1049872    /lib/i386-linux-gnu/libwrap.so.0.7.6
8803b000-8803c000 rw-p 00008000 08:01 1049872    /lib/i386-linux-gnu/libwrap.so.0.7.6
8803c000-88067000 r-xp 00000000 08:01 1053365    /lib/i386-linux-gnu/libsystemd.so.0.6.0
88067000-88068000 r--p 0002a000 08:01 1053365    /lib/i386-linux-gnu/libsystemd.so.0.6.0
88068000-88069000 rw-p 0002b000 08:01 1053365    /lib/i386-linux-gnu/libsystemd.so.0.6.0
88069000-880ec000 r-xp 00000000 08:01 1710075    /usr/lib/i386-linux-gnu/pulseaudio/libpulsecommon-6.0.so
880ec000-880ed000 r--p 00082000 08:01 1710075    /usr/lib/i386-linux-gnu/pulseaudio/libpulsecommon-6.0.so
880ed000-880ee000 rw-p 00083000 08:01 1710075    /usr/lib/i386-linux-gnu/pulseaudio/libpulsecommon-6.0.so
880ee000-880f8000 r-xp 00000000 08:01 1049750    /lib/i386-linux-gnu/libjson-c.so.2.0.0
880f8000-880f9000 r--p 00009000 08:01 1049750    /lib/i386-linux-gnu/libjson-c.so.2.0.0
880f9000-880fa000 rw-p 0000a000 08:01 1049750    /lib/i386-linux-gnu/libjson-c.so.2.0.0
880fa000-88151000 r-xp 00000000 08:01 1707701    /usr/lib/i386-linux-gnu/libpulse.so.0.18.0
88151000-88152000 r--p 00056000 08:01 1707701    /usr/lib/i386-linux-gnu/libpulse.so.0.18.0
88152000-88153000 rw-p 00057000 08:01 1707701    /usr/lib/i386-linux-gnu/libpulse.so.0.18.0
88153000-881b3000 rw-s 00000000 00:05 370016272  /SYSV00000000 (deleted)
881b3000-882b3000 rw-p 00000000 00:00 0 
882b3000-882b6000 ---p 00000000 00:00 0 
882b6000-88304000 rw-p 00000000 00:00 0 
88304000-8834d000 r-xp 00000000 08:01 1707482    /usr/lib/i386-linux-gnu/libjpeg.so.8.0.2
8834d000-8834e000 r--p 00048000 08:01 1707482    /usr/lib/i386-linux-gnu/libjpeg.so.8.0.2
8834e000-8834f000 rw-p 00049000 08:01 1707482    /usr/lib/i386-linux-gnu/libjpeg.so.8.0.2
8834f000-8835f000 rw-p 00000000 00:00 0 
8835f000-88362000 r--s 00015000 08:01 1444217    /usr/lib/jvm/java-8-openjdk-i386/jre/lib/jce.jar
88362000-8836b000 r-xp 00000000 08:01 1444263    /usr/lib/jvm/java-8-openjdk-i386/jre/lib/i386/libmanagement.so
8836b000-8836c000 r--p 00008000 08:01 1444263    /usr/lib/jvm/java-8-openjdk-i386/jre/lib/i386/libmanagement.so
8836c000-8836d000 rw-p 00009000 08:01 1444263    /usr/lib/jvm/java-8-openjdk-i386/jre/lib/i386/libmanagement.so
8836d000-88374000 r--s 00000000 08:01 1708794    /usr/lib/i386-linux-gnu/gconv/gconv-modules.cache
88374000-88379000 r-xp 00000000 08:01 1049785    /lib/i386-linux-gnu/libnss_dns-2.21.so
88379000-8837a000 r--p 00004000 08:01 1049785    /lib/i386-linux-gnu/libnss_dns-2.21.so
8837a000-8837b000 rw-p 00005000 08:01 1049785    /lib/i386-linux-gnu/libnss_dns-2.21.so
8837b000-8837d000 r-xp 00000000 08:01 1049793    /lib/i386-linux-gnu/libnss_mdns4_minimal.so.2
8837d000-8837e000 r--p 00001000 08:01 1049793    /lib/i386-linux-gnu/libnss_mdns4_minimal.so.2
8837e000-8837f000 rw-p 00002000 08:01 1049793    /lib/i386-linux-gnu/libnss_mdns4_minimal.so.2
8837f000-88380000 rw-p 00000000 00:00 0 
88380000-88385000 r--s 00094000 08:01 1444294    /usr/lib/jvm/java-8-openjdk-i386/jre/lib/jsse.jar
88385000-8838c000 r-xp 00000000 08:01 1709191    /usr/lib/i386-linux-gnu/libcanberra-0.30/libcanberra-pulse.so
8838c000-8838d000 r--p 00006000 08:01 1709191    /usr/lib/i386-linux-gnu/libcanberra-0.30/libcanberra-pulse.so
8838d000-8838e000 rw-p 00007000 08:01 1709191    /usr/lib/i386-linux-gnu/libcanberra-0.30/libcanberra-pulse.so
8838e000-88392000 r-xp 00000000 08:01 1447839    /usr/lib/jvm/java-8-openjdk-i386/jre/lib/i386/libjavafx_iio.so
88392000-88393000 r--p 00003000 08:01 1447839    /usr/lib/jvm/java-8-openjdk-i386/jre/lib/i386/libjavafx_iio.so
88393000-88394000 rw-p 00004000 08:01 1447839    /usr/lib/jvm/java-8-openjdk-i386/jre/lib/i386/libjavafx_iio.so
88394000-88555000 rw-p 00000000 00:00 0 
88555000-8856b000 r-xp 00000000 08:01 1444259    /usr/lib/jvm/java-8-openjdk-i386/jre/lib/i386/libnet.so
8856b000-8856c000 r--p 00015000 08:01 1444259    /usr/lib/jvm/java-8-openjdk-i386/jre/lib/i386/libnet.so
8856c000-8856d000 rw-p 00016000 08:01 1444259    /usr/lib/jvm/java-8-openjdk-i386/jre/lib/i386/libnet.so
8856d000-8866d000 rw-p 00000000 00:00 0 
8866d000-8876d000 rw-p 00000000 00:00 0 
8876d000-8886d000 rw-p 00000000 00:00 0 
8886d000-88875000 r--s 00000000 08:01 408188     /var/cache/fontconfig/945677eb7aeaf62f1d50efc3fb3ec7d8-le32d4.cache-4
88875000-88879000 r--s 00000000 08:01 408172     /var/cache/fontconfig/2cd17615ca594fa2959ae173292e504c-le32d4.cache-4
88879000-8887a000 r--s 00000000 08:01 408169     /var/cache/fontconfig/0d8c3b2ac0904cb8a57a757ad11a4a08-le32d4.cache-4
8887a000-8887f000 r--s 00000000 08:01 408192     /var/cache/fontconfig/a755afe4a08bf5b97852ceb7400b47bc-le32d4.cache-4
8887f000-88880000 r--s 00000000 08:01 408191     /var/cache/fontconfig/a6354e3ac43af67bd8d7b8e43c34e49f-le32d4.cache-4
88880000-88890000 r--s 00000000 08:01 408166     /var/cache/fontconfig/04aabc0a78ac019cf9454389977116d2-le32d4.cache-4
88890000-88891000 r--s 00000000 08:01 408171     /var/cache/fontconfig/1ac9eb803944fde146138c791f5cc56a-le32d4.cache-4
88891000-88894000 r--s 00000000 08:01 408175     /var/cache/fontconfig/385c0604a188198f04d133e54aba7fe7-le32d4.cache-4
88894000-88895000 r--s 00000000 08:01 408202     /var/cache/fontconfig/dc05db6664285cc2f12bf69c139ae4c3-le32d4.cache-4
88895000-88897000 r--s 00000000 08:01 408185     /var/cache/fontconfig/767a8244fc0220cfb567a839d0392e0b-le32d4.cache-4
88897000-88898000 r--s 00000000 08:01 408177     /var/cache/fontconfig/4794a0821666d79190d59a36cb4f44b5-le32d4.cache-4
88898000-8889c000 r--s 00000000 08:01 408187     /var/cache/fontconfig/8801497958630a81b71ace7c5f9b32a8-le32d4.cache-4
8889c000-8889d000 r--s 00000000 08:01 408195     /var/cache/fontconfig/bab58bb527bb656aaa9f116d68a48d89-le32d4.cache-4
8889d000-888a2000 r--s 00000000 08:01 408173     /var/cache/fontconfig/3047814df9a2f067bd2d96a2b9c36e5a-le32d4.cache-4
888a2000-888a6000 r--s 00000000 08:01 408193     /var/cache/fontconfig/b47c4e1ecd0709278f4910c18777a504-le32d4.cache-4
888a6000-888b6000 r--s 00000000 08:01 408199     /var/cache/fontconfig/d52a8644073d54c13679302ca1180695-le32d4.cache-4
888b6000-888be000 r--s 00000000 08:01 408176     /var/cache/fontconfig/3f7329c5293ffd510edef78f73874cfd-le32d4.cache-4
888be000-888c7000 r--s 00000000 08:01 408197     /var/cache/fontconfig/d589a48862398ed80a3d6066f4f56f4c-le32d4.cache-4
888c7000-889c7000 rw-p 00000000 00:00 0 
889c7000-889ca000 ---p 00000000 00:00 0 
889ca000-88a18000 rw-p 00000000 00:00 0          [stack:8087]
88a18000-88a1b000 ---p 00000000 00:00 0 
88a1b000-88b69000 rw-p 00000000 00:00 0          [stack:8086]
88b69000-88b6c000 ---p 00000000 00:00 0 
88b6c000-88bba000 rw-p 00000000 00:00 0          [stack:8085]
88bba000-88bbd000 ---p 00000000 00:00 0 
88bbd000-88c0b000 rw-p 00000000 00:00 0          [stack:8084]
88c0b000-88c40000 r-xp 00000000 08:01 1709090    /usr/lib/i386-linux-gnu/gtk-2.0/2.10.0/engines/libmurrine.so
88c40000-88c41000 r--p 00034000 08:01 1709090    /usr/lib/i386-linux-gnu/gtk-2.0/2.10.0/engines/libmurrine.so
88c41000-88c42000 rw-p 00035000 08:01 1709090    /usr/lib/i386-linux-gnu/gtk-2.0/2.10.0/engines/libmurrine.so
88c42000-88c49000 r-xp 00000000 08:01 1707623    /usr/lib/i386-linux-gnu/libogg.so.0.8.2
88c49000-88c4a000 r--p 00006000 08:01 1707623    /usr/lib/i386-linux-gnu/libogg.so.0.8.2
88c4a000-88c4b000 rw-p 00007000 08:01 1707623    /usr/lib/i386-linux-gnu/libogg.so.0.8.2
88c4b000-88c75000 r-xp 00000000 08:01 1707890    /usr/lib/i386-linux-gnu/libvorbis.so.0.4.7
88c75000-88c77000 r--p 00029000 08:01 1707890    /usr/lib/i386-linux-gnu/libvorbis.so.0.4.7
88c77000-88c78000 rw-p 0002b000 08:01 1707890    /usr/lib/i386-linux-gnu/libvorbis.so.0.4.7
88c78000-88c82000 r-xp 00000000 08:01 1707509    /usr/lib/i386-linux-gnu/libltdl.so.7.3.0
88c82000-88c83000 r--p 00009000 08:01 1707509    /usr/lib/i386-linux-gnu/libltdl.so.7.3.0
88c83000-88c84000 rw-p 0000a000 08:01 1707509    /usr/lib/i386-linux-gnu/libltdl.so.7.3.0
88c84000-88c9b000 r-xp 00000000 08:01 1707822    /usr/lib/i386-linux-gnu/libtdb.so.1.3.4
88c9b000-88c9d000 r--p 00016000 08:01 1707822    /usr/lib/i386-linux-gnu/libtdb.so.1.3.4
88c9d000-88c9e000 rw-p 00018000 08:01 1707822    /usr/lib/i386-linux-gnu/libtdb.so.1.3.4
88c9e000-88ca7000 r-xp 00000000 08:01 1707894    /usr/lib/i386-linux-gnu/libvorbisfile.so.3.3.6
88ca7000-88ca8000 r--p 00008000 08:01 1707894    /usr/lib/i386-linux-gnu/libvorbisfile.so.3.3.6
88ca8000-88ca9000 rw-p 00009000 08:01 1707894    /usr/lib/i386-linux-gnu/libvorbisfile.so.3.3.6
88ca9000-88cfd000 r-xp 00000000 08:01 1049716    /lib/i386-linux-gnu/libdbus-1.so.3.8.9
88cfd000-88cff000 r--p 00053000 08:01 1049716    /lib/i386-linux-gnu/libdbus-1.so.3.8.9
88cff000-88d00000 rw-p 00055000 08:01 1049716    /lib/i386-linux-gnu/libdbus-1.so.3.8.9
88d00000-88dfb000 rw-p 00000000 00:00 0 
88dfb000-88e00000 ---p 00000000 00:00 0 
88e00000-88e01000 r--s 00000000 08:01 408180     /var/cache/fontconfig/56cf4f4769d0f4abc89a4895d7bd3ae1-le32d4.cache-4
88e01000-88e04000 r--s 00000000 08:01 408167     /var/cache/fontconfig/0843ca893a93b5446bad221815920e23-le32d4.cache-4
88e04000-88e06000 r--s 00000000 08:01 408312     /var/cache/fontconfig/e13b20fdb08344e0e664864cc2ede53d-le32d4.cache-4
88e06000-88e17000 r-xp 00000000 08:01 1707024    /usr/lib/i386-linux-gnu/libcanberra.so.0.2.5
88e17000-88e18000 r--p 00011000 08:01 1707024    /usr/lib/i386-linux-gnu/libcanberra.so.0.2.5
88e18000-88e19000 rw-p 00012000 08:01 1707024    /usr/lib/i386-linux-gnu/libcanberra.so.0.2.5
88e19000-88e47000 r-xp 00000000 08:01 1706976    /usr/lib/i386-linux-gnu/libatspi.so.0.0.1
88e47000-88e4a000 r--p 0002e000 08:01 1706976    /usr/lib/i386-linux-gnu/libatspi.so.0.0.1
88e4a000-88e4b000 rw-p 00031000 08:01 1706976    /usr/lib/i386-linux-gnu/libatspi.so.0.0.1
88e4b000-88e7c000 r-xp 00000000 08:01 1706972    /usr/lib/i386-linux-gnu/libatk-bridge-2.0.so.0.0.0
88e7c000-88e7d000 r--p 00030000 08:01 1706972    /usr/lib/i386-linux-gnu/libatk-bridge-2.0.so.0.0.0
88e7d000-88e7e000 rw-p 00031000 08:01 1706972    /usr/lib/i386-linux-gnu/libatk-bridge-2.0.so.0.0.0
88e7e000-88e7f000 rw-p 00000000 00:00 0 
88e7f000-88e82000 r--s 00000000 08:01 408181     /var/cache/fontconfig/7ef2298fde41cc6eeb7af42e48b7d293-le32d4.cache-4
88e82000-88e86000 r-xp 00000000 08:01 1447845    /usr/lib/jvm/java-8-openjdk-i386/jre/lib/i386/libjavafx_font_freetype.so
88e86000-88e87000 r--p 00004000 08:01 1447845    /usr/lib/jvm/java-8-openjdk-i386/jre/lib/i386/libjavafx_font_freetype.so
88e87000-88e88000 rw-p 00005000 08:01 1447845    /usr/lib/jvm/java-8-openjdk-i386/jre/lib/i386/libjavafx_font_freetype.so
88e88000-88e92000 r-xp 00000000 08:01 1709091    /usr/lib/i386-linux-gnu/gtk-2.0/2.10.0/engines/libpixmap.so
88e92000-88e93000 r--p 00009000 08:01 1709091    /usr/lib/i386-linux-gnu/gtk-2.0/2.10.0/engines/libpixmap.so
88e93000-88e94000 rw-p 0000a000 08:01 1709091    /usr/lib/i386-linux-gnu/gtk-2.0/2.10.0/engines/libpixmap.so
88e94000-88e9c000 r-xp 00000000 08:01 1707218    /usr/lib/i386-linux-gnu/libgailutil.so.18.0.1
88e9c000-88e9d000 r--p 00007000 08:01 1707218    /usr/lib/i386-linux-gnu/libgailutil.so.18.0.1
88e9d000-88e9e000 rw-p 00008000 08:01 1707218    /usr/lib/i386-linux-gnu/libgailutil.so.18.0.1
88e9e000-88ef8000 r-xp 00000000 08:01 1709112    /usr/lib/i386-linux-gnu/gtk-2.0/modules/libgail.so
88ef8000-88ef9000 r--p 00059000 08:01 1709112    /usr/lib/i386-linux-gnu/gtk-2.0/modules/libgail.so
88ef9000-88efa000 rw-p 0005a000 08:01 1709112    /usr/lib/i386-linux-gnu/gtk-2.0/modules/libgail.so
88efa000-88f01000 r-xp 00000000 08:01 1707077    /usr/lib/i386-linux-gnu/libdatrie.so.1.3.1
88f01000-88f02000 r--p 00006000 08:01 1707077    /usr/lib/i386-linux-gnu/libdatrie.so.1.3.1
88f02000-88f03000 rw-p 00007000 08:01 1707077    /usr/lib/i386-linux-gnu/libdatrie.so.1.3.1
88f03000-88f1e000 r-xp 00000000 08:01 1707300    /usr/lib/i386-linux-gnu/libgraphite2.so.3.0.1
88f1e000-88f1f000 r--p 0001b000 08:01 1707300    /usr/lib/i386-linux-gnu/libgraphite2.so.3.0.1
88f1f000-88f20000 rw-p 0001c000 08:01 1707300    /usr/lib/i386-linux-gnu/libgraphite2.so.3.0.1
88f20000-88f28000 r-xp 00000000 08:01 1707828    /usr/lib/i386-linux-gnu/libthai.so.0.2.0
88f28000-88f29000 r--p 00007000 08:01 1707828    /usr/lib/i386-linux-gnu/libthai.so.0.2.0
88f29000-88f2a000 rw-p 00008000 08:01 1707828    /usr/lib/i386-linux-gnu/libthai.so.0.2.0
88f2a000-88f86000 r-xp 00000000 08:01 1707422    /usr/lib/i386-linux-gnu/libharfbuzz.so.0.937.0
88f86000-88f87000 r--p 0005b000 08:01 1707422    /usr/lib/i386-linux-gnu/libharfbuzz.so.0.937.0
88f87000-88f88000 rw-p 0005c000 08:01 1707422    /usr/lib/i386-linux-gnu/libharfbuzz.so.0.937.0
88f88000-88ff8000 r-xp 00000000 08:01 1049765    /lib/i386-linux-gnu/libpcre.so.3.13.1
88ff8000-88ff9000 r--p 0006f000 08:01 1049765    /lib/i386-linux-gnu/libpcre.so.3.13.1
88ff9000-88ffa000 rw-p 00070000 08:01 1049765    /lib/i386-linux-gnu/libpcre.so.3.13.1
88ffa000-8900e000 r-xp 00000000 08:01 1049840    /lib/i386-linux-gnu/libresolv-2.21.so
8900e000-89010000 r--p 00013000 08:01 1049840    /lib/i386-linux-gnu/libresolv-2.21.so
89010000-89011000 rw-p 00015000 08:01 1049840    /lib/i386-linux-gnu/libresolv-2.21.so
89011000-89013000 rw-p 00000000 00:00 0 
89013000-89037000 r-xp 00000000 08:01 1049844    /lib/i386-linux-gnu/libselinux.so.1
89037000-89038000 r--p 00024000 08:01 1049844    /lib/i386-linux-gnu/libselinux.so.1
89038000-89039000 rw-p 00025000 08:01 1049844    /lib/i386-linux-gnu/libselinux.so.1
89039000-8903a000 rw-p 00000000 00:00 0 
8903a000-89042000 r-xp 00000000 08:01 1707978    /usr/lib/i386-linux-gnu/libxcb-render.so.0.0.0
89042000-89043000 r--p 00008000 08:01 1707978    /usr/lib/i386-linux-gnu/libxcb-render.so.0.0.0
89043000-89044000 rw-p 00009000 08:01 1707978    /usr/lib/i386-linux-gnu/libxcb-render.so.0.0.0
89044000-8906e000 r-xp 00000000 08:01 1049829    /lib/i386-linux-gnu/libpng12.so.0.51.0
8906e000-8906f000 r--p 00029000 08:01 1049829    /lib/i386-linux-gnu/libpng12.so.0.51.0
8906f000-89070000 rw-p 0002a000 08:01 1049829    /lib/i386-linux-gnu/libpng12.so.0.51.0
89070000-8911b000 r-xp 00000000 08:01 1704227    /usr/lib/i386-linux-gnu/libfreetype.so.6.11.1
8911b000-8911f000 r--p 000aa000 08:01 1704227    /usr/lib/i386-linux-gnu/libfreetype.so.6.11.1
8911f000-89120000 rw-p 000ae000 08:01 1704227    /usr/lib/i386-linux-gnu/libfreetype.so.6.11.1
89120000-891cb000 r-xp 00000000 08:01 1707670    /usr/lib/i386-linux-gnu/libpixman-1.so.0.32.6
891cb000-891d2000 r--p 000aa000 08:01 1707670    /usr/lib/i386-linux-gnu/libpixman-1.so.0.32.6
891d2000-891d3000 rw-p 000b1000 08:01 1707670    /usr/lib/i386-linux-gnu/libpixman-1.so.0.32.6
891d3000-891dc000 r-xp 00000000 08:01 1706891    /usr/lib/i386-linux-gnu/libXcursor.so.1.0.2
891dc000-891dd000 r--p 00008000 08:01 1706891    /usr/lib/i386-linux-gnu/libXcursor.so.1.0.2
891dd000-891de000 rw-p 00009000 08:01 1706891    /usr/lib/i386-linux-gnu/libXcursor.so.1.0.2
891de000-891e7000 r-xp 00000000 08:01 1706917    /usr/lib/i386-linux-gnu/libXrandr.so.2.2.0
891e7000-891e8000 r--p 00008000 08:01 1706917    /usr/lib/i386-linux-gnu/libXrandr.so.2.2.0
891e8000-891e9000 rw-p 00009000 08:01 1706917    /usr/lib/i386-linux-gnu/libXrandr.so.2.2.0
891e9000-891f9000 r-xp 00000000 08:01 1706905    /usr/lib/i386-linux-gnu/libXi.so.6.1.0
891f9000-891fa000 r--p 00010000 08:01 1706905    /usr/lib/i386-linux-gnu/libXi.so.6.1.0
891fa000-891fb000 rw-p 00011000 08:01 1706905    /usr/lib/i386-linux-gnu/libXi.so.6.1.0
891fb000-89205000 r-xp 00000000 08:01 1706919    /usr/lib/i386-linux-gnu/libXrender.so.1.3.0
89205000-89206000 r--p 00009000 08:01 1706919    /usr/lib/i386-linux-gnu/libXrender.so.1.3.0
89206000-89207000 rw-p 0000a000 08:01 1706919    /usr/lib/i386-linux-gnu/libXrender.so.1.3.0
89207000-89248000 r-xp 00000000 08:01 1707182    /usr/lib/i386-linux-gnu/libfontconfig.so.1.8.0
89248000-89249000 r--p 00040000 08:01 1707182    /usr/lib/i386-linux-gnu/libfontconfig.so.1.8.0
89249000-8924a000 rw-p 00041000 08:01 1707182    /usr/lib/i386-linux-gnu/libfontconfig.so.1.8.0
8924a000-8929a000 r-xp 00000000 08:01 1707645    /usr/lib/i386-linux-gnu/libpango-1.0.so.0.3600.8
8929a000-8929b000 r--p 00050000 08:01 1707645    /usr/lib/i386-linux-gnu/libpango-1.0.so.0.3600.8
8929b000-8929c000 rw-p 00051000 08:01 1707645    /usr/lib/i386-linux-gnu/libpango-1.0.so.0.3600.8
8929c000-892b1000 r-xp 00000000 08:01 1707649    /usr/lib/i386-linux-gnu/libpangoft2-1.0.so.0.3600.8
892b1000-892b2000 r--p 00015000 08:01 1707649    /usr/lib/i386-linux-gnu/libpangoft2-1.0.so.0.3600.8
892b2000-892b3000 rw-p 00016000 08:01 1707649    /usr/lib/i386-linux-gnu/libpangoft2-1.0.so.0.3600.8
892b3000-892d7000 r-xp 00000000 08:01 1706970    /usr/lib/i386-linux-gnu/libatk-1.0.so.0.21409.1
892d7000-892d9000 r--p 00023000 08:01 1706970    /usr/lib/i386-linux-gnu/libatk-1.0.so.0.21409.1
892d9000-892da000 rw-p 00025000 08:01 1706970    /usr/lib/i386-linux-gnu/libatk-1.0.so.0.21409.1
892da000-892e6000 r-xp 00000000 08:01 1707647    /usr/lib/i386-linux-gnu/libpangocairo-1.0.so.0.3600.8
892e6000-892e7000 r--p 0000b000 08:01 1707647    /usr/lib/i386-linux-gnu/libpangocairo-1.0.so.0.3600.8
892e7000-892e8000 rw-p 0000c000 08:01 1707647    /usr/lib/i386-linux-gnu/libpangocairo-1.0.so.0.3600.8
892e8000-892eb000 r-xp 00000000 08:01 1704306    /usr/lib/i386-linux-gnu/libgmodule-2.0.so.0.4400.1
892eb000-892ec000 r--p 00002000 08:01 1704306    /usr/lib/i386-linux-gnu/libgmodule-2.0.so.0.4400.1
892ec000-892ed000 rw-p 00003000 08:01 1704306    /usr/lib/i386-linux-gnu/libgmodule-2.0.so.0.4400.1
892ed000-89413000 r-xp 00000000 08:01 1049729    /lib/i386-linux-gnu/libglib-2.0.so.0.4400.1
89413000-89414000 r--p 00125000 08:01 1049729    /lib/i386-linux-gnu/libglib-2.0.so.0.4400.1
89414000-89415000 rw-p 00126000 08:01 1049729    /lib/i386-linux-gnu/libglib-2.0.so.0.4400.1
89415000-89470000 r-xp 00000000 08:01 1704311    /usr/lib/i386-linux-gnu/libgobject-2.0.so.0.4400.1
89470000-89471000 r--p 0005b000 08:01 1704311    /usr/lib/i386-linux-gnu/libgobject-2.0.so.0.4400.1
89471000-89472000 rw-p 0005c000 08:01 1704311    /usr/lib/i386-linux-gnu/libgobject-2.0.so.0.4400.1
89472000-8962b000 r-xp 00000000 08:01 1704290    /usr/lib/i386-linux-gnu/libgio-2.0.so.0.4400.1
8962b000-8962e000 r--p 001b8000 08:01 1704290    /usr/lib/i386-linux-gnu/libgio-2.0.so.0.4400.1
8962e000-89630000 rw-p 001bb000 08:01 1704290    /usr/lib/i386-linux-gnu/libgio-2.0.so.0.4400.1
89630000-89631000 rw-p 00000000 00:00 0 
89631000-89657000 r-xp 00000000 08:01 1713442    /usr/lib/i386-linux-gnu/libgdk_pixbuf-2.0.so.0.3100.3
89657000-89658000 r--p 00026000 08:01 1713442    /usr/lib/i386-linux-gnu/libgdk_pixbuf-2.0.so.0.3100.3
89658000-89659000 rw-p 00027000 08:01 1713442    /usr/lib/i386-linux-gnu/libgdk_pixbuf-2.0.so.0.3100.3
89659000-8979c000 r-xp 00000000 08:01 1707014    /usr/lib/i386-linux-gnu/libcairo.so.2.11400.2
8979c000-8979e000 r--p 00143000 08:01 1707014    /usr/lib/i386-linux-gnu/libcairo.so.2.11400.2
8979e000-8979f000 rw-p 00145000 08:01 1707014    /usr/lib/i386-linux-gnu/libcairo.so.2.11400.2
8979f000-897a0000 rw-p 00000000 00:00 0 
897a0000-8985d000 r-xp 00000000 08:01 1707238    /usr/lib/i386-linux-gnu/libgdk-x11-2.0.so.0.2400.27
8985d000-8985f000 r--p 000bd000 08:01 1707238    /usr/lib/i386-linux-gnu/libgdk-x11-2.0.so.0.2400.27
8985f000-89860000 rw-p 000bf000 08:01 1707238    /usr/lib/i386-linux-gnu/libgdk-x11-2.0.so.0.2400.27
89860000-89d4e000 r-xp 00000000 08:01 1707398    /usr/lib/i386-linux-gnu/libgtk-x11-2.0.so.0.2400.27
89d4e000-89d52000 r--p 004ee000 08:01 1707398    /usr/lib/i386-linux-gnu/libgtk-x11-2.0.so.0.2400.27
89d52000-89d54000 rw-p 004f2000 08:01 1707398    /usr/lib/i386-linux-gnu/libgtk-x11-2.0.so.0.2400.27
89d54000-89d56000 rw-p 00000000 00:00 0 
89d56000-89d59000 r-xp 00000000 08:01 1447844    /usr/lib/jvm/java-8-openjdk-i386/jre/lib/i386/libjavafx_font.so
89d59000-89d5a000 r--p 00002000 08:01 1447844    /usr/lib/jvm/java-8-openjdk-i386/jre/lib/i386/libjavafx_font.so
89d5a000-89d5b000 rw-p 00003000 08:01 1447844    /usr/lib/jvm/java-8-openjdk-i386/jre/lib/i386/libjavafx_font.so
89d5b000-89d5f000 r-xp 00000000 08:01 1707020    /usr/lib/i386-linux-gnu/libcanberra-gtk.so.0.1.9
89d5f000-89d60000 r--p 00003000 08:01 1707020    /usr/lib/i386-linux-gnu/libcanberra-gtk.so.0.1.9
89d60000-89d61000 rw-p 00004000 08:01 1707020    /usr/lib/i386-linux-gnu/libcanberra-gtk.so.0.1.9
89d61000-89d66000 r-xp 00000000 08:01 1709110    /usr/lib/i386-linux-gnu/gtk-2.0/modules/libcanberra-gtk-module.so
89d66000-89d67000 r--p 00004000 08:01 1709110    /usr/lib/i386-linux-gnu/gtk-2.0/modules/libcanberra-gtk-module.so
89d67000-89d68000 rw-p 00005000 08:01 1709110    /usr/lib/i386-linux-gnu/gtk-2.0/modules/libcanberra-gtk-module.so
89d68000-89d69000 r-xp 00000000 08:01 1709109    /usr/lib/i386-linux-gnu/gtk-2.0/modules/libatk-bridge.so
89d69000-89d6a000 r--p 00000000 08:01 1709109    /usr/lib/i386-linux-gnu/gtk-2.0/modules/libatk-bridge.so
89d6a000-89d6b000 rw-p 00001000 08:01 1709109    /usr/lib/i386-linux-gnu/gtk-2.0/modules/libatk-bridge.so
89d6b000-89d8f000 r-xp 00000000 08:01 1447843    /usr/lib/jvm/java-8-openjdk-i386/jre/lib/i386/libglass.so
89d8f000-89d90000 r--p 00024000 08:01 1447843    /usr/lib/jvm/java-8-openjdk-i386/jre/lib/i386/libglass.so
89d90000-89d91000 rw-p 00025000 08:01 1447843    /usr/lib/jvm/java-8-openjdk-i386/jre/lib/i386/libglass.so
89d91000-89dc6000 r-xp 00000000 08:01 1707847    /usr/lib/i386-linux-gnu/libtxc_dxtn_s2tc.so.0.0.0
89dc6000-89dc7000 r--p 00034000 08:01 1707847    /usr/lib/i386-linux-gnu/libtxc_dxtn_s2tc.so.0.0.0
89dc7000-89dc8000 rw-p 00035000 08:01 1707847    /usr/lib/i386-linux-gnu/libtxc_dxtn_s2tc.so.0.0.0
89dc8000-89dc9000 ---p 00000000 00:00 0 
89dc9000-8a5c9000 rw-p 00000000 00:00 0          [stack:8083]
8a5c9000-8a5ca000 ---p 00000000 00:00 0 
8a5ca000-8adca000 rw-p 00000000 00:00 0          [stack:8082]
8adca000-8adea000 r-xp 00000000 08:01 1049858    /lib/i386-linux-gnu/libtinfo.so.5.9
8adea000-8adec000 r--p 0001f000 08:01 1049858    /lib/i386-linux-gnu/libtinfo.so.5.9
8adec000-8aded000 rw-p 00021000 08:01 1049858    /lib/i386-linux-gnu/libtinfo.so.5.9
8aded000-8ae21000 r-xp 00000000 08:01 1707138    /usr/lib/i386-linux-gnu/libedit.so.2.0.51
8ae21000-8ae22000 r--p 00034000 08:01 1707138    /usr/lib/i386-linux-gnu/libedit.so.2.0.51
8ae22000-8ae23000 rw-p 00035000 08:01 1707138    /usr/lib/i386-linux-gnu/libedit.so.2.0.51
8ae23000-8ae25000 rw-p 00000000 00:00 0 
8ae25000-8ae2c000 r-xp 00000000 08:01 1707174    /usr/lib/i386-linux-gnu/libffi.so.6.0.4
8ae2c000-8ae2e000 r--p 00006000 08:01 1707174    /usr/lib/i386-linux-gnu/libffi.so.6.0.4
8ae2e000-8ae2f000 rw-p 00008000 08:01 1707174    /usr/lib/i386-linux-gnu/libffi.so.6.0.4
8ae2f000-8cf47000 r-xp 00000000 08:01 1706809    /usr/lib/i386-linux-gnu/libLLVM-3.6.so.1
8cf47000-8d0c3000 r--p 02117000 08:01 1706809    /usr/lib/i386-linux-gnu/libLLVM-3.6.so.1
8d0c3000-8d0c7000 rw-p 02293000 08:01 1706809    /usr/lib/i386-linux-gnu/libLLVM-3.6.so.1
8d0c7000-8d0d3000 rw-p 00000000 00:00 0 
8d0d3000-8d0ea000 r-xp 00000000 08:01 1707139    /usr/lib/i386-linux-gnu/libelf-0.160.so
8d0ea000-8d0eb000 r--p 00016000 08:01 1707139    /usr/lib/i386-linux-gnu/libelf-0.160.so
8d0eb000-8d0ec000 rw-p 00017000 08:01 1707139    /usr/lib/i386-linux-gnu/libelf-0.160.so
8d0ec000-8d0f9000 r-xp 00000000 08:01 1707126    /usr/lib/i386-linux-gnu/libdrm_radeon.so.1.0.1
8d0f9000-8d0fa000 r--p 0000c000 08:01 1707126    /usr/lib/i386-linux-gnu/libdrm_radeon.so.1.0.1
8d0fa000-8d0fb000 rw-p 0000d000 08:01 1707126    /usr/lib/i386-linux-gnu/libdrm_radeon.so.1.0.1
8d0fb000-8d101000 r-xp 00000000 08:01 1707124    /usr/lib/i386-linux-gnu/libdrm_nouveau.so.2.0.0
8d101000-8d102000 r--p 00005000 08:01 1707124    /usr/lib/i386-linux-gnu/libdrm_nouveau.so.2.0.0
8d102000-8d103000 rw-p 00006000 08:01 1707124    /usr/lib/i386-linux-gnu/libdrm_nouveau.so.2.0.0
8d103000-8d91b000 r-xp 00000000 08:01 1709289    /usr/lib/i386-linux-gnu/dri/swrast_dri.so
8d91b000-8d959000 r--p 00817000 08:01 1709289    /usr/lib/i386-linux-gnu/dri/swrast_dri.so
8d959000-8d962000 rw-p 00855000 08:01 1709289    /usr/lib/i386-linux-gnu/dri/swrast_dri.so
8d962000-8db45000 rw-p 00000000 00:00 0 
8db45000-8dbeb000 r-xp 00000000 08:01 1717685    /usr/lib/VBoxOGLcrutil.so
8dbeb000-8dbf4000 r--p 000a6000 08:01 1717685    /usr/lib/VBoxOGLcrutil.so
8dbf4000-8dbf6000 rw-p 000af000 08:01 1717685    /usr/lib/VBoxOGLcrutil.so
8dbf6000-8dbfa000 rw-p 00000000 00:00 0 
8dbfa000-8dcea000 r-xp 00000000 08:01 1717678    /usr/lib/VBoxOGL.so
8dcea000-8dcf5000 r--p 000f0000 08:01 1717678    /usr/lib/VBoxOGL.so
8dcf5000-8dcf9000 rw-p 000fb000 08:01 1717678    /usr/lib/VBoxOGL.so
8dcf9000-8dd00000 rw-p 00000000 00:00 0 
8dd00000-8ddfc000 rw-p 00000000 00:00 0 
8ddfc000-8de00000 ---p 00000000 00:00 0 
8de00000-8de05000 r-xp 00000000 08:01 1706925    /usr/lib/i386-linux-gnu/libXtst.so.6.1.0
8de05000-8de06000 r--p 00004000 08:01 1706925    /usr/lib/i386-linux-gnu/libXtst.so.6.1.0
8de06000-8de07000 rw-p 00005000 08:01 1706925    /usr/lib/i386-linux-gnu/libXtst.so.6.1.0
8de07000-8deac000 r-xp 00000000 08:01 1708243    /usr/lib/i386-linux-gnu/mesa/libGL.so.1.2.0
8deac000-8deaf000 r--p 000a4000 08:01 1708243    /usr/lib/i386-linux-gnu/mesa/libGL.so.1.2.0
8deaf000-8deb4000 rwxp 000a7000 08:01 1708243    /usr/lib/i386-linux-gnu/mesa/libGL.so.1.2.0
8deb4000-8deb5000 rwxp 00000000 00:00 0 
8deb5000-8dffc000 r-xp 00000000 08:01 1706880    /usr/lib/i386-linux-gnu/libX11.so.6.3.0
8dffc000-8dffd000 r--p 00146000 08:01 1706880    /usr/lib/i386-linux-gnu/libX11.so.6.3.0
8dffd000-8dfff000 rw-p 00147000 08:01 1706880    /usr/lib/i386-linux-gnu/libX11.so.6.3.0
8dfff000-8e000000 rw-p 00000000 00:00 0 
8e000000-8e0fa000 rw-p 00000000 00:00 0 
8e0fa000-8e100000 ---p 00000000 00:00 0 
8e100000-8e102000 r-xp 00000000 08:01 1707982    /usr/lib/i386-linux-gnu/libxcb-shm.so.0.0.0
8e102000-8e103000 r--p 00001000 08:01 1707982    /usr/lib/i386-linux-gnu/libxcb-shm.so.0.0.0
8e103000-8e104000 rw-p 00002000 08:01 1707982    /usr/lib/i386-linux-gnu/libxcb-shm.so.0.0.0
8e104000-8e106000 r-xp 00000000 08:01 1706889    /usr/lib/i386-linux-gnu/libXcomposite.so.1.0.0
8e106000-8e107000 r--p 00001000 08:01 1706889    /usr/lib/i386-linux-gnu/libXcomposite.so.1.0.0
8e107000-8e108000 rw-p 00002000 08:01 1706889    /usr/lib/i386-linux-gnu/libXcomposite.so.1.0.0
8e108000-8e11c000 r-xp 00000000 08:01 1049848    /lib/i386-linux-gnu/libudev.so.1.6.2
8e11c000-8e11d000 r--p 00013000 08:01 1049848    /lib/i386-linux-gnu/libudev.so.1.6.2
8e11d000-8e11e000 rw-p 00014000 08:01 1049848    /lib/i386-linux-gnu/libudev.so.1.6.2
8e11e000-8e123000 r-xp 00000000 08:01 1706895    /usr/lib/i386-linux-gnu/libXdmcp.so.6.0.0
8e123000-8e124000 r--p 00004000 08:01 1706895    /usr/lib/i386-linux-gnu/libXdmcp.so.6.0.0
8e124000-8e125000 rw-p 00005000 08:01 1706895    /usr/lib/i386-linux-gnu/libXdmcp.so.6.0.0
8e125000-8e127000 r-xp 00000000 08:01 1706884    /usr/lib/i386-linux-gnu/libXau.so.6.0.0
8e127000-8e128000 r--p 00001000 08:01 1706884    /usr/lib/i386-linux-gnu/libXau.so.6.0.0
8e128000-8e129000 rw-p 00002000 08:01 1706884    /usr/lib/i386-linux-gnu/libXau.so.6.0.0
8e129000-8e136000 r-xp 00000000 08:01 1707120    /usr/lib/i386-linux-gnu/libdrm.so.2.4.0
8e136000-8e137000 r--p 0000c000 08:01 1707120    /usr/lib/i386-linux-gnu/libdrm.so.2.4.0
8e137000-8e138000 rw-p 0000d000 08:01 1707120    /usr/lib/i386-linux-gnu/libdrm.so.2.4.0
8e138000-8e13c000 r-xp 00000000 08:01 1706935    /usr/lib/i386-linux-gnu/libXxf86vm.so.1.0.0
8e13c000-8e13d000 r--p 00004000 08:01 1706935    /usr/lib/i386-linux-gnu/libXxf86vm.so.1.0.0
8e13d000-8e13e000 rw-p 00005000 08:01 1706935    /usr/lib/i386-linux-gnu/libXxf86vm.so.1.0.0
8e13e000-8e143000 r-xp 00000000 08:01 1707984    /usr/lib/i386-linux-gnu/libxcb-sync.so.1.0.0
8e143000-8e144000 r--p 00004000 08:01 1707984    /usr/lib/i386-linux-gnu/libxcb-sync.so.1.0.0
8e144000-8e145000 rw-p 00005000 08:01 1707984    /usr/lib/i386-linux-gnu/libxcb-sync.so.1.0.0
8e145000-8e15b000 r-xp 00000000 08:01 1707970    /usr/lib/i386-linux-gnu/libxcb-glx.so.0.0.0
8e15b000-8e15c000 r--p 00016000 08:01 1707970    /usr/lib/i386-linux-gnu/libxcb-glx.so.0.0.0
8e15c000-8e15d000 rw-p 00017000 08:01 1707970    /usr/lib/i386-linux-gnu/libxcb-glx.so.0.0.0
8e15d000-8e200000 r--s 009b8000 08:01 1580973    /home/ait-user/repos/JEFather/JEConfig/target/JEConfig-3.0.14.jar
8e200000-8e2fa000 rw-p 00000000 00:00 0 
8e2fa000-8e300000 ---p 00000000 00:00 0 
8e300000-8e301000 r--s 00000000 08:01 408194     /var/cache/fontconfig/b9d506c9ac06c20b433354fa67a72993-le32d4.cache-4
8e301000-8e302000 r-xp 00000000 08:01 1708000    /usr/lib/i386-linux-gnu/libxshmfence.so.1.0.0
8e302000-8e303000 r--p 00000000 08:01 1708000    /usr/lib/i386-linux-gnu/libxshmfence.so.1.0.0
8e303000-8e304000 rw-p 00001000 08:01 1708000    /usr/lib/i386-linux-gnu/libxshmfence.so.1.0.0
8e304000-8e306000 r-xp 00000000 08:01 1707974    /usr/lib/i386-linux-gnu/libxcb-present.so.0.0.0
8e306000-8e307000 r--p 00001000 08:01 1707974    /usr/lib/i386-linux-gnu/libxcb-present.so.0.0.0
8e307000-8e308000 rw-p 00002000 08:01 1707974    /usr/lib/i386-linux-gnu/libxcb-present.so.0.0.0
8e308000-8e31b000 r-xp 00000000 08:01 1706897    /usr/lib/i386-linux-gnu/libXext.so.6.4.0
8e31b000-8e31c000 r--p 00012000 08:01 1706897    /usr/lib/i386-linux-gnu/libXext.so.6.4.0
8e31c000-8e31d000 rw-p 00013000 08:01 1706897    /usr/lib/i386-linux-gnu/libXext.so.6.4.0
8e31d000-8e343000 r-xp 00000000 08:01 1049721    /lib/i386-linux-gnu/libexpat.so.1.6.0
8e343000-8e345000 r--p 00026000 08:01 1049721    /lib/i386-linux-gnu/libexpat.so.1.6.0
8e345000-8e346000 rw-p 00028000 08:01 1049721    /lib/i386-linux-gnu/libexpat.so.1.6.0
8e346000-8e349000 ---p 00000000 00:00 0 
8e349000-8e397000 rw-p 00000000 00:00 0          [stack:8079]
8e397000-8e42c000 r--s 008e8000 08:01 275463     /usr/share/java/openjfx/jre/lib/ext/jfxrt.jar
8e42c000-8e42d000 ---p 00000000 00:00 0 
8e42d000-8e4ad000 rw-p 00000000 00:00 0          [stack:8078]
8e4ad000-8e4b0000 ---p 00000000 00:00 0 
8e4b0000-8e4fe000 rw-p 00000000 00:00 0          [stack:8077]
8e4fe000-8e501000 ---p 00000000 00:00 0 
8e501000-8e57f000 rw-p 00000000 00:00 0          [stack:8076]
8e57f000-8e582000 ---p 00000000 00:00 0 
8e582000-8e600000 rw-p 00000000 00:00 0          [stack:8075]
8e600000-8e800000 r--p 00000000 08:01 1711964    /usr/lib/locale/locale-archive
8e800000-8e821000 rw-p 00000000 00:00 0 
8e821000-8e900000 ---p 00000000 00:00 0 
8e900000-8e902000 r-xp 00000000 08:01 1707968    /usr/lib/i386-linux-gnu/libxcb-dri3.so.0.0.0
8e902000-8e903000 r--p 00001000 08:01 1707968    /usr/lib/i386-linux-gnu/libxcb-dri3.so.0.0.0
8e903000-8e904000 rw-p 00002000 08:01 1707968    /usr/lib/i386-linux-gnu/libxcb-dri3.so.0.0.0
8e904000-8e915000 r-xp 00000000 08:01 1708245    /usr/lib/i386-linux-gnu/libglapi.so.0.0.0
8e915000-8e917000 r--p 00011000 08:01 1708245    /usr/lib/i386-linux-gnu/libglapi.so.0.0.0
8e917000-8e91c000 rwxp 00013000 08:01 1708245    /usr/lib/i386-linux-gnu/libglapi.so.0.0.0
8e91c000-8e91d000 rwxp 00000000 00:00 0 
8e91d000-8e920000 ---p 00000000 00:00 0 
8e920000-8e96e000 rw-p 00000000 00:00 0          [stack:8074]
8e96e000-8e9af000 r--p 00857000 08:01 1711964    /usr/lib/locale/locale-archive
8e9af000-8e9b2000 ---p 00000000 00:00 0 
8e9b2000-8ea00000 rw-p 00000000 00:00 0          [stack:8073]
8ea00000-8eb00000 rw-p 00000000 00:00 0 
8eb00000-8eb01000 r--s 00000000 08:01 408179     /var/cache/fontconfig/551ecf3b0e8b0bca0f25c0944f561853-le32d4.cache-4
8eb01000-8eb05000 r-xp 00000000 08:01 1707966    /usr/lib/i386-linux-gnu/libxcb-dri2.so.0.0.0
8eb05000-8eb06000 r--p 00003000 08:01 1707966    /usr/lib/i386-linux-gnu/libxcb-dri2.so.0.0.0
8eb06000-8eb07000 rw-p 00004000 08:01 1707966    /usr/lib/i386-linux-gnu/libxcb-dri2.so.0.0.0
8eb07000-8eb0c000 r-xp 00000000 08:01 1706899    /usr/lib/i386-linux-gnu/libXfixes.so.3.1.0
8eb0c000-8eb0d000 r--p 00004000 08:01 1706899    /usr/lib/i386-linux-gnu/libXfixes.so.3.1.0
8eb0d000-8eb0e000 rw-p 00005000 08:01 1706899    /usr/lib/i386-linux-gnu/libXfixes.so.3.1.0
8eb0e000-8eb2e000 r-xp 00000000 08:01 1707992    /usr/lib/i386-linux-gnu/libxcb.so.1.1.0
8eb2e000-8eb2f000 r--p 0001f000 08:01 1707992    /usr/lib/i386-linux-gnu/libxcb.so.1.1.0
8eb2f000-8eb30000 rw-p 00020000 08:01 1707992    /usr/lib/i386-linux-gnu/libxcb.so.1.1.0
8eb30000-8eb33000 ---p 00000000 00:00 0 
8eb33000-8eb81000 rw-p 00000000 00:00 0          [stack:8072]
8eb81000-8eb82000 ---p 00000000 00:00 0 
8eb82000-8ec4f000 rw-p 00000000 00:00 0          [stack:8071]
8ec4f000-8ee1c000 r--s 03bd3000 08:01 1444234    /usr/lib/jvm/java-8-openjdk-i386/jre/lib/rt.jar
8ee1c000-8f2bd000 rw-p 00000000 00:00 0 
8f2bd000-8f2c3000 ---p 00000000 00:00 0 
8f2c3000-8f2fd000 rw-p 00000000 00:00 0 
8f2fd000-8f342000 ---p 00000000 00:00 0 
8f342000-8f35f000 rw-p 00000000 00:00 0 
8f35f000-8f381000 ---p 00000000 00:00 0 
8f381000-8f3bb000 rw-p 00000000 00:00 0 
8f3bb000-8f3ff000 ---p 00000000 00:00 0 
8f3ff000-92d20000 rw-p 00000000 00:00 0 
92d20000-97200000 ---p 00000000 00:00 0 
97200000-9e41c000 rw-p 00000000 00:00 0 
9e41c000-a6e00000 ---p 00000000 00:00 0 
a6e00000-a6e01000 r--s 00000000 08:01 408168     /var/cache/fontconfig/0c9eb80ebd1c36541ebe2852d3bb0c49-le32d4.cache-4
a6e01000-a6e02000 r-xp 00000000 08:01 1706878    /usr/lib/i386-linux-gnu/libX11-xcb.so.1.0.0
a6e02000-a6e03000 r--p 00000000 08:01 1706878    /usr/lib/i386-linux-gnu/libX11-xcb.so.1.0.0
a6e03000-a6e04000 rw-p 00001000 08:01 1706878    /usr/lib/i386-linux-gnu/libX11-xcb.so.1.0.0
a6e04000-a6e06000 r-xp 00000000 08:01 1706907    /usr/lib/i386-linux-gnu/libXinerama.so.1.0.0
a6e06000-a6e07000 r--p 00001000 08:01 1706907    /usr/lib/i386-linux-gnu/libXinerama.so.1.0.0
a6e07000-a6e08000 rw-p 00002000 08:01 1706907    /usr/lib/i386-linux-gnu/libXinerama.so.1.0.0
a6e08000-a6e17000 r-xp 00000000 08:01 1447838    /usr/lib/jvm/java-8-openjdk-i386/jre/lib/i386/libprism_sw.so
a6e17000-a6e18000 r--p 0000e000 08:01 1447838    /usr/lib/jvm/java-8-openjdk-i386/jre/lib/i386/libprism_sw.so
a6e18000-a6e19000 rw-p 0000f000 08:01 1447838    /usr/lib/jvm/java-8-openjdk-i386/jre/lib/i386/libprism_sw.so
a6e19000-a6e24000 r-xp 00000000 08:01 1447847    /usr/lib/jvm/java-8-openjdk-i386/jre/lib/i386/libprism_es2.so
a6e24000-a6e25000 r--p 0000a000 08:01 1447847    /usr/lib/jvm/java-8-openjdk-i386/jre/lib/i386/libprism_es2.so
a6e25000-a6e26000 rw-p 0000b000 08:01 1447847    /usr/lib/jvm/java-8-openjdk-i386/jre/lib/i386/libprism_es2.so
a6e26000-a6e40000 r--s 001d3000 08:01 1444240    /usr/lib/jvm/java-8-openjdk-i386/jre/lib/ext/nashorn.jar
a6e40000-a6e83000 rw-p 00000000 00:00 0 
a6e83000-a7200000 ---p 00000000 00:00 0 
a7200000-a82a8000 rwxp 00000000 00:00 0 
a82a8000-b6200000 ---p 00000000 00:00 0 
b6200000-b6300000 rw-p 00000000 00:00 0 
b6300000-b6302000 r-xp 00000000 08:01 1706893    /usr/lib/i386-linux-gnu/libXdamage.so.1.1.0
b6302000-b6303000 r--p 00001000 08:01 1706893    /usr/lib/i386-linux-gnu/libXdamage.so.1.1.0
b6303000-b6304000 rw-p 00002000 08:01 1706893    /usr/lib/i386-linux-gnu/libXdamage.so.1.1.0
b6304000-b6307000 r--s 00037000 08:01 1444238    /usr/lib/jvm/java-8-openjdk-i386/jre/lib/ext/sunpkcs11.jar
b6307000-b6309000 r--s 00006000 08:01 274690     /usr/share/java/java-atk-wrapper.jar
b6309000-b6314000 r--s 00116000 08:01 1444245    /usr/lib/jvm/java-8-openjdk-i386/jre/lib/ext/localedata.jar
b6314000-b6316000 r--s 00001000 08:01 1444243    /usr/lib/jvm/java-8-openjdk-i386/jre/lib/ext/dnsns.jar
b6316000-b6332000 r--s 00393000 08:01 1444242    /usr/lib/jvm/java-8-openjdk-i386/jre/lib/ext/cldrdata.jar
b6332000-b6333000 r--s 00008000 08:01 1444244    /usr/lib/jvm/java-8-openjdk-i386/jre/lib/ext/sunec.jar
b6333000-b6339000 r--s 0003a000 08:01 1444239    /usr/lib/jvm/java-8-openjdk-i386/jre/lib/ext/sunjce_provider.jar
b6339000-b6345000 r-xp 00000000 08:01 1049787    /lib/i386-linux-gnu/libnss_files-2.21.so
b6345000-b6346000 r--p 0000b000 08:01 1049787    /lib/i386-linux-gnu/libnss_files-2.21.so
b6346000-b6347000 rw-p 0000c000 08:01 1049787    /lib/i386-linux-gnu/libnss_files-2.21.so
b6347000-b6352000 r-xp 00000000 08:01 1049797    /lib/i386-linux-gnu/libnss_nis-2.21.so
b6352000-b6353000 r--p 0000a000 08:01 1049797    /lib/i386-linux-gnu/libnss_nis-2.21.so
b6353000-b6354000 rw-p 0000b000 08:01 1049797    /lib/i386-linux-gnu/libnss_nis-2.21.so
b6354000-b636b000 r-xp 00000000 08:01 1049781    /lib/i386-linux-gnu/libnsl-2.21.so
b636b000-b636c000 r--p 00016000 08:01 1049781    /lib/i386-linux-gnu/libnsl-2.21.so
b636c000-b636d000 rw-p 00017000 08:01 1049781    /lib/i386-linux-gnu/libnsl-2.21.so
b636d000-b636f000 rw-p 00000000 00:00 0 
b636f000-b6377000 r-xp 00000000 08:01 1049783    /lib/i386-linux-gnu/libnss_compat-2.21.so
b6377000-b6378000 r--p 00007000 08:01 1049783    /lib/i386-linux-gnu/libnss_compat-2.21.so
b6378000-b6379000 rw-p 00008000 08:01 1049783    /lib/i386-linux-gnu/libnss_compat-2.21.so
b6379000-b637c000 r--s 0000f000 08:01 1444237    /usr/lib/jvm/java-8-openjdk-i386/jre/lib/ext/icedtea-sound.jar
b637c000-b6384000 r-xp 00000000 08:01 1444284    /usr/lib/jvm/java-8-openjdk-i386/jre/lib/i386/libzip.so
b6384000-b6385000 r--p 00007000 08:01 1444284    /usr/lib/jvm/java-8-openjdk-i386/jre/lib/i386/libzip.so
b6385000-b6386000 rw-p 00008000 08:01 1444284    /usr/lib/jvm/java-8-openjdk-i386/jre/lib/i386/libzip.so
b6386000-b638e000 rw-s 00000000 08:01 1318796    /tmp/hsperfdata_ait-user/8069
b638e000-b63b5000 r-xp 00000000 08:01 1444268    /usr/lib/jvm/java-8-openjdk-i386/jre/lib/i386/libjava.so
b63b5000-b63b6000 r--p 00026000 08:01 1444268    /usr/lib/jvm/java-8-openjdk-i386/jre/lib/i386/libjava.so
b63b6000-b63b7000 rw-p 00027000 08:01 1444268    /usr/lib/jvm/java-8-openjdk-i386/jre/lib/i386/libjava.so
b63b7000-b63be000 r-xp 00000000 08:01 1049842    /lib/i386-linux-gnu/librt-2.21.so
b63be000-b63bf000 r--p 00006000 08:01 1049842    /lib/i386-linux-gnu/librt-2.21.so
b63bf000-b63c0000 rw-p 00007000 08:01 1049842    /lib/i386-linux-gnu/librt-2.21.so
b63c0000-b63c3000 ---p 00000000 00:00 0 
b63c3000-b6411000 rw-p 00000000 00:00 0          [stack:8070]
b6411000-b642d000 r-xp 00000000 08:01 1053282    /lib/i386-linux-gnu/libgcc_s.so.1
b642d000-b642e000 rw-p 0001b000 08:01 1053282    /lib/i386-linux-gnu/libgcc_s.so.1
b642e000-b6479000 r-xp 00000000 08:01 1049760    /lib/i386-linux-gnu/libm-2.21.so
b6479000-b647a000 r--p 0004a000 08:01 1049760    /lib/i386-linux-gnu/libm-2.21.so
b647a000-b647b000 rw-p 0004b000 08:01 1049760    /lib/i386-linux-gnu/libm-2.21.so
b647b000-b6564000 r-xp 00000000 08:01 1707810    /usr/lib/i386-linux-gnu/libstdc++.so.6.0.20
b6564000-b6568000 r--p 000e9000 08:01 1707810    /usr/lib/i386-linux-gnu/libstdc++.so.6.0.20
b6568000-b6569000 rw-p 000ed000 08:01 1707810    /usr/lib/i386-linux-gnu/libstdc++.so.6.0.20
b6569000-b6570000 rw-p 00000000 00:00 0 
b6570000-b7073000 r-xp 00000000 08:01 1444273    /usr/lib/jvm/java-8-openjdk-i386/jre/lib/i386/server/libjvm.so
b7073000-b70c1000 r--p 00b02000 08:01 1444273    /usr/lib/jvm/java-8-openjdk-i386/jre/lib/i386/server/libjvm.so
b70c1000-b70d8000 rw-p 00b50000 08:01 1444273    /usr/lib/jvm/java-8-openjdk-i386/jre/lib/i386/server/libjvm.so
b70d8000-b74f9000 rw-p 00000000 00:00 0 
b74f9000-b7512000 r-xp 00000000 08:01 1049834    /lib/i386-linux-gnu/libpthread-2.21.so
b7512000-b7513000 r--p 00018000 08:01 1049834    /lib/i386-linux-gnu/libpthread-2.21.so
b7513000-b7514000 rw-p 00019000 08:01 1049834    /lib/i386-linux-gnu/libpthread-2.21.so
b7514000-b7516000 rw-p 00000000 00:00 0 
b7516000-b7519000 r-xp 00000000 08:01 1049719    /lib/i386-linux-gnu/libdl-2.21.so
b7519000-b751a000 r--p 00002000 08:01 1049719    /lib/i386-linux-gnu/libdl-2.21.so
b751a000-b751b000 rw-p 00003000 08:01 1049719    /lib/i386-linux-gnu/libdl-2.21.so
b751b000-b7534000 r-xp 00000000 08:01 1049875    /lib/i386-linux-gnu/libz.so.1.2.8
b7534000-b7535000 r--p 00019000 08:01 1049875    /lib/i386-linux-gnu/libz.so.1.2.8
b7535000-b7536000 rw-p 0001a000 08:01 1049875    /lib/i386-linux-gnu/libz.so.1.2.8
b7536000-b7537000 rw-p 00000000 00:00 0 
b7537000-b76eb000 r-xp 00000000 08:01 1049704    /lib/i386-linux-gnu/libc-2.21.so
b76eb000-b76ee000 r--p 001b3000 08:01 1049704    /lib/i386-linux-gnu/libc-2.21.so
b76ee000-b76f0000 rw-p 001b6000 08:01 1049704    /lib/i386-linux-gnu/libc-2.21.so
b76f0000-b76f2000 rw-p 00000000 00:00 0 
b76f2000-b76f3000 r--s 00010000 08:01 1444241    /usr/lib/jvm/java-8-openjdk-i386/jre/lib/ext/zipfs.jar
b76f3000-b76f4000 r--p 00306000 08:01 1711964    /usr/lib/locale/locale-archive
b76f4000-b76f5000 rw-p 00000000 00:00 0 
b76f5000-b76f6000 r--p 00000000 00:00 0 
b76f6000-b7704000 r-xp 00000000 08:01 1444267    /usr/lib/jvm/java-8-openjdk-i386/jre/lib/i386/libverify.so
b7704000-b7706000 r--p 0000d000 08:01 1444267    /usr/lib/jvm/java-8-openjdk-i386/jre/lib/i386/libverify.so
b7706000-b7707000 rw-p 0000f000 08:01 1444267    /usr/lib/jvm/java-8-openjdk-i386/jre/lib/i386/libverify.so
b7707000-b7714000 r-xp 00000000 08:01 1444252    /usr/lib/jvm/java-8-openjdk-i386/jre/lib/i386/jli/libjli.so
b7714000-b7715000 r--p 0000c000 08:01 1444252    /usr/lib/jvm/java-8-openjdk-i386/jre/lib/i386/jli/libjli.so
b7715000-b7716000 rw-p 0000d000 08:01 1444252    /usr/lib/jvm/java-8-openjdk-i386/jre/lib/i386/jli/libjli.so
b7716000-b7718000 rw-p 00000000 00:00 0 
b7718000-b771a000 r--p 00000000 00:00 0          [vvar]
b771a000-b771b000 r-xp 00000000 00:00 0          [vdso]
b771b000-b773d000 r-xp 00000000 08:01 1049676    /lib/i386-linux-gnu/ld-2.21.so
b773d000-b773e000 r--p 00021000 08:01 1049676    /lib/i386-linux-gnu/ld-2.21.so
b773e000-b773f000 rw-p 00022000 08:01 1049676    /lib/i386-linux-gnu/ld-2.21.so
bfd38000-bfd39000 rwxp 00000000 00:00 0 
bfd6b000-bfd8c000 rw-p 00000000 00:00 0          [stack]

VM Arguments:
java_command: target/JEConfig-3.0.14.jar --datasource.class=org.jevis.api.sql.JEVisDataSourceSQL --datasource.host=localhost --datasource.port=3306 --datasource.schema=jevis --datasource.username=jevis --datasource.password=jevistest --fxlogin.logo=http://www.ait.ac.at/fileadmin/templates/tpl/images/ait_logo.jpg --fxlogin.css=http://openjevis.org/attachments/download/1268/fxlogin_ait.css --fxlogin.register=http://my-jevis.com
java_class_path (initial): target/JEConfig-3.0.14.jar
Launcher Type: SUN_STANDARD

Environment Variables:
PATH=/usr/local/sbin:/usr/local/bin:/usr/sbin:/usr/bin:/sbin:/bin:/usr/games:/usr/local/games
SHELL=/bin/bash
DISPLAY=:0.0

Signal Handlers:
SIGSEGV: [libjvm.so+0x8f4900], sa_mask[0]=11111111011111111101111111111110, sa_flags=SA_RESTART|SA_SIGINFO
SIGBUS: [libjvm.so+0x8f4900], sa_mask[0]=11111111011111111101111111111110, sa_flags=SA_RESTART|SA_SIGINFO
SIGFPE: [libjvm.so+0x75c6d0], sa_mask[0]=11111111011111111101111111111110, sa_flags=SA_RESTART|SA_SIGINFO
SIGPIPE: SIG_IGN, sa_mask[0]=00000000000010000000000000000000, sa_flags=SA_RESTART
SIGXFSZ: [libjvm.so+0x75c6d0], sa_mask[0]=11111111011111111101111111111110, sa_flags=SA_RESTART|SA_SIGINFO
SIGILL: [libjvm.so+0x75c6d0], sa_mask[0]=11111111011111111101111111111110, sa_flags=SA_RESTART|SA_SIGINFO
SIGUSR1: SIG_DFL, sa_mask[0]=00000000000000000000000000000000, sa_flags=none
SIGUSR2: [libjvm.so+0x75c510], sa_mask[0]=00000000000000000000000000000000, sa_flags=SA_RESTART|SA_SIGINFO
SIGHUP: [libjvm.so+0x75c7a0], sa_mask[0]=11111111011111111101111111111110, sa_flags=SA_RESTART|SA_SIGINFO
SIGINT: [vboxvideo_dri.so+0x31750], sa_mask[0]=01000000000000000000000000000000, sa_flags=SA_RESTART
SIGTERM: [vboxvideo_dri.so+0x31750], sa_mask[0]=00000000000000100000000000000000, sa_flags=SA_RESTART
SIGQUIT: [libjvm.so+0x75c7a0], sa_mask[0]=11111111011111111101111111111110, sa_flags=SA_RESTART|SA_SIGINFO


---------------  S Y S T E M  ---------------

OS:DISTRIB_ID=Ubuntu
DISTRIB_RELEASE=15.04
DISTRIB_CODENAME=vivid
DISTRIB_DESCRIPTION="Ubuntu 15.04"

uname:Linux 3.19.0-32-generic #37-Ubuntu SMP Wed Oct 21 10:22:32 UTC 2015 i686
libc:glibc 2.21 NPTL 2.21 
rlimit: STACK 8192k, CORE 0k, NPROC 11900, NOFILE 65536, AS infinity
load average:1,05 0,75 0,80

/proc/meminfo:
MemTotal:        1544156 kB
MemFree:           99836 kB
MemAvailable:     144684 kB
Buffers:           20276 kB
Cached:           149304 kB
SwapCached:          316 kB
Active:           592060 kB
Inactive:         796096 kB
Active(anon):     504464 kB
Inactive(anon):   722656 kB
Active(file):      87596 kB
Inactive(file):    73440 kB
Unevictable:           0 kB
Mlocked:               0 kB
HighTotal:        659400 kB
HighFree:          13608 kB
LowTotal:         884756 kB
LowFree:           86228 kB
SwapTotal:       1570812 kB
SwapFree:        1557808 kB
Dirty:               368 kB
Writeback:             0 kB
AnonPages:       1218428 kB
Mapped:            63440 kB
Shmem:              8388 kB
Slab:              34060 kB
SReclaimable:      22500 kB
SUnreclaim:        11560 kB
KernelStack:        2832 kB
PageTables:         7620 kB
NFS_Unstable:          0 kB
Bounce:                0 kB
WritebackTmp:          0 kB
CommitLimit:     2342888 kB
Committed_AS:    3004824 kB
VmallocTotal:     122880 kB
VmallocUsed:       24192 kB
VmallocChunk:      97796 kB
AnonHugePages:    782336 kB
CmaTotal:              0 kB
CmaFree:               0 kB
HugePages_Total:       0
HugePages_Free:        0
HugePages_Rsvd:        0
HugePages_Surp:        0
Hugepagesize:       2048 kB
DirectMap4k:       34808 kB
DirectMap2M:      878592 kB


CPU:total 2 (2 cores per cpu, 1 threads per core) family 6 model 42 stepping 7, cmov, cx8, fxsr, mmx, sse, sse2, sse3, ssse3, tsc

/proc/cpuinfo:
processor	: 0
vendor_id	: GenuineIntel
cpu family	: 6
model		: 42
model name	: Intel(R) Core(TM) i3-2310M CPU @ 2.10GHz
stepping	: 7
cpu MHz		: 2011.687
cache size	: 6144 KB
physical id	: 0
siblings	: 2
core id		: 0
cpu cores	: 2
apicid		: 0
initial apicid	: 0
fdiv_bug	: no
f00f_bug	: no
coma_bug	: no
fpu		: yes
fpu_exception	: yes
cpuid level	: 5
wp		: yes
flags		: fpu vme de pse tsc msr pae mce cx8 apic sep mtrr pge mca cmov pat pse36 clflush mmx fxsr sse sse2 ht nx rdtscp constant_tsc pni ssse3
bugs		:
bogomips	: 4023.37
clflush size	: 64
cache_alignment	: 64
address sizes	: 36 bits physical, 48 bits virtual
power management:

processor	: 1
vendor_id	: GenuineIntel
cpu family	: 6
model		: 42
model name	: Intel(R) Core(TM) i3-2310M CPU @ 2.10GHz
stepping	: 7
cpu MHz		: 2011.687
cache size	: 6144 KB
physical id	: 0
siblings	: 2
core id		: 1
cpu cores	: 2
apicid		: 1
initial apicid	: 1
fdiv_bug	: no
f00f_bug	: no
coma_bug	: no
fpu		: yes
fpu_exception	: yes
cpuid level	: 5
wp		: yes
flags		: fpu vme de pse tsc msr pae mce cx8 apic sep mtrr pge mca cmov pat pse36 clflush mmx fxsr sse sse2 ht nx rdtscp constant_tsc pni ssse3
bugs		:
bogomips	: 4023.37
clflush size	: 64
cache_alignment	: 64
address sizes	: 36 bits physical, 48 bits virtual
power management:



Memory: 4k page, physical 1544156k(99836k free), swap 1570812k(1557808k free)

vm_info: OpenJDK Server VM (25.45-b02) for linux-x86 JRE (1.8.0_45-internal-b14), built on Apr 20 2015 00:35:55 by "buildd" with gcc 4.9.2

time: Thu Nov 12 16:43:31 2015
elapsed time: 517 seconds (0d 0h 8m 37s)

