{
  "name": "Data Directory",
  "id": 11056,
  "jevisclass": "Data Directory",
  "parent": 22,
  "attributes": [],
  "children": [
    {
      "name": "00124b0001665fba",
      "id": 11061,
      "jevisclass": "Device",
      "parent": 22,
      "attributes": [],
      "children": [
        {
          "name": "CO2",
          "id": 11067,
          "jevisclass": "Data",
          "parent": 22,
          "attributes": [],
          "children": []
        },
        {
          "name": "Temp",
          "id": 11062,
          "jevisclass": "Data",
          "parent": 22,
          "attributes": [],
          "children": []
        },
        {
          "name": "rH",
          "id": 11072,
          "jevisclass": "Data",
          "parent": 22,
          "attributes": [],
          "children": []
        }
      ]
    },
    {
      "name": "00124b0001665fd2",
      "id": 11077,
      "jevisclass": "Device",
      "parent": 22,
      "attributes": [],
      "children": [
        {
          "name": "CO2",
          "id": 11083,
          "jevisclass": "Data",
          "parent": 22,
          "attributes": [],
          "children": []
        },
        {
          "name": "Temp",
          "id": 11078,
          "jevisclass": "Data",
          "parent": 22,
          "attributes": [],
          "children": []
        },
        {
          "name": "rH",
          "id": 11088,
          "jevisclass": "Data",
          "parent": 22,
          "attributes": [],
          "children": []
        }
      ]
    },
    {
      "name": "00124b0001665fea",
      "id": 11093,
      "jevisclass": "Device",
      "parent": 22,
      "attributes": [],
      "children": [
        {
          "name": "CO2",
          "id": 11099,
          "jevisclass": "Data",
          "parent": 22,
          "attributes": [],
          "children": []
        },
        {
          "name": "Temp",
          "id": 11094,
          "jevisclass": "Data",
          "parent": 22,
          "attributes": [],
          "children": []
        },
        {
          "name": "rH",
          "id": 11104,
          "jevisclass": "Data",
          "parent": 22,
          "attributes": [],
          "children": []
        }
      ]
    },
    {
      "name": "00124b0001666181",
      "id": 11109,
      "jevisclass": "Device",
      "parent": 22,
      "attributes": [],
      "children": [
        {
          "name": "Temp",
          "id": 11110,
          "jevisclass": "Data",
          "parent": 22,
          "attributes": [],
          "children": []
        },
        {
          "name": "rH",
          "id": 11115,
          "jevisclass": "Data",
          "parent": 22,
          "attributes": [],
          "children": []
        }
      ]
    },
    {
      "name": "00124b00016661fc",
      "id": 11120,
      "jevisclass": "Device",
      "parent": 22,
      "attributes": [],
      "children": [
        {
          "name": "CO2",
          "id": 11126,
          "jevisclass": "Data",
          "parent": 22,
          "attributes": [],
          "children": []
        },
        {
          "name": "Temp",
          "id": 11121,
          "jevisclass": "Data",
          "parent": 22,
          "attributes": [],
          "children": []
        },
        {
          "name": "rH",
          "id": 11131,
          "jevisclass": "Data",
          "parent": 22,
          "attributes": [],
          "children": []
        }
      ]
    },
    {
      "name": "00124b00016661ff",
      "id": 11136,
      "jevisclass": "Device",
      "parent": 22,
      "attributes": [],
      "children": [
        {
          "name": "Temp",
          "id": 11137,
          "jevisclass": "Data",
          "parent": 22,
          "attributes": [],
          "children": []
        },
        {
          "name": "rH",
          "id": 11142,
          "jevisclass": "Data",
          "parent": 22,
          "attributes": [],
          "children": []
        }
      ]
    },
    {
      "name": "00124b00016663cf",
      "id": 11147,
      "jevisclass": "Device",
      "parent": 22,
      "attributes": [],
      "children": [
        {
          "name": "Temp",
          "id": 11148,
          "jevisclass": "Data",
          "parent": 22,
          "attributes": [],
          "children": []
        },
        {
          "name": "rH",
          "id": 11153,
          "jevisclass": "Data",
          "parent": 22,
          "attributes": [],
          "children": []
        }
      ]
    },
    {
      "name": "00124b0001666501",
      "id": 11158,
      "jevisclass": "Device",
      "parent": 22,
      "attributes": [],
      "children": [
        {
          "name": "Temp",
          "id": 11159,
          "jevisclass": "Data",
          "parent": 22,
          "attributes": [],
          "children": []
        },
        {
          "name": "rH",
          "id": 11164,
          "jevisclass": "Data",
          "parent": 22,
          "attributes": [],
          "children": []
        }
      ]
    },
    {
      "name": "00124b000166698e",
      "id": 11169,
      "jevisclass": "Device",
      "parent": 22,
      "attributes": [],
      "children": [
        {
          "name": "Temp",
          "id": 11170,
          "jevisclass": "Data",
          "parent": 22,
          "attributes": [],
          "children": []
        },
        {
          "name": "rH",
          "id": 11175,
          "jevisclass": "Data",
          "parent": 22,
          "attributes": [],
          "children": []
        }
      ]
    },
    {
      "name": "00124b00016669d2",
      "id": 11180,
      "jevisclass": "Device",
      "parent": 22,
      "attributes": [],
      "children": [
        {
          "name": "Temp",
          "id": 11181,
          "jevisclass": "Data",
          "parent": 22,
          "attributes": [],
          "children": []
        },
        {
          "name": "rH",
          "id": 11186,
          "jevisclass": "Data",
          "parent": 22,
          "attributes": [],
          "children": []
        }
      ]
    },
    {
      "name": "00124b0001666b82",
      "id": 11191,
      "jevisclass": "Device",
      "parent": 22,
      "attributes": [],
      "children": [
        {
          "name": "Temp",
          "id": 11192,
          "jevisclass": "Data",
          "parent": 22,
          "attributes": [],
          "children": []
        },
        {
          "name": "rH",
          "id": 11197,
          "jevisclass": "Data",
          "parent": 22,
          "attributes": [],
          "children": []
        }
      ]
    },
    {
      "name": "00124b0001666b98",
      "id": 11202,
      "jevisclass": "Device",
      "parent": 22,
      "attributes": [],
      "children": [
        {
          "name": "Temp",
          "id": 11203,
          "jevisclass": "Data",
          "parent": 22,
          "attributes": [],
          "children": []
        },
        {
          "name": "rH",
          "id": 11208,
          "jevisclass": "Data",
          "parent": 22,
          "attributes": [],
          "children": []
        }
      ]
    },
    {
      "name": "00124b0001666cb8",
      "id": 11213,
      "jevisclass": "Device",
      "parent": 22,
      "attributes": [],
      "children": [
        {
          "name": "Temp",
          "id": 11214,
          "jevisclass": "Data",
          "parent": 22,
          "attributes": [],
          "children": []
        },
        {
          "name": "rH",
          "id": 11219,
          "jevisclass": "Data",
          "parent": 22,
          "attributes": [],
          "children": []
        }
      ]
    },
    {
      "name": "00124b0001666db1",
      "id": 11224,
      "jevisclass": "Device",
      "parent": 22,
      "attributes": [],
      "children": [
        {
          "name": "Temp",
          "id": 11225,
          "jevisclass": "Data",
          "parent": 22,
          "attributes": [],
          "children": []
        },
        {
          "name": "rH",
          "id": 11230,
          "jevisclass": "Data",
          "parent": 22,
          "attributes": [],
          "children": []
        }
      ]
    },
    {
      "name": "00124b0001666db3",
      "id": 11235,
      "jevisclass": "Device",
      "parent": 22,
      "attributes": [],
      "children": [
        {
          "name": "Temp",
          "id": 11236,
          "jevisclass": "Data",
          "parent": 22,
          "attributes": [],
          "children": []
        },
        {
          "name": "rH",
          "id": 11241,
          "jevisclass": "Data",
          "parent": 22,
          "attributes": [],
          "children": []
        }
      ]
    },
    {
      "name": "00124b0001666dbf",
      "id": 11246,
      "jevisclass": "Device",
      "parent": 22,
      "attributes": [],
      "children": [
        {
          "name": "Temp",
          "id": 11247,
          "jevisclass": "Data",
          "parent": 22,
          "attributes": [],
          "children": []
        },
        {
          "name": "rH",
          "id": 11252,
          "jevisclass": "Data",
          "parent": 22,
          "attributes": [],
          "children": []
        }
      ]
    },
    {
      "name": "00124b000213f77b",
      "id": 11257,
      "jevisclass": "Device",
      "parent": 22,
      "attributes": [],
      "children": [
        {
          "name": "CO2",
          "id": 11263,
          "jevisclass": "Data",
          "parent": 22,
          "attributes": [],
          "children": []
        },
        {
          "name": "Temp",
          "id": 11258,
          "jevisclass": "Data",
          "parent": 22,
          "attributes": [],
          "children": []
        },
        {
          "name": "rH",
          "id": 11268,
          "jevisclass": "Data",
          "parent": 22,
          "attributes": [],
          "children": []
        }
      ]
    }
  ]
}