#
# A fatal error has been detected by the Java Runtime Environment:
#
#  SIGSEGV (0xb) at pc=0xb10078fa, pid=3661, tid=3075299072
#
# JRE version: OpenJDK Runtime Environment (8.0_45-b14) (build 1.8.0_45-internal-b14)
# Java VM: OpenJDK Server VM (25.45-b02 mixed mode linux-x86 )
# Problematic frame:
# C  0xb10078fa
#
# Failed to write core dump. Core dumps have been disabled. To enable core dumping, try "ulimit -c unlimited" before starting Java again
#
# If you would like to submit a bug report, please visit:
#   http://bugreport.java.com/bugreport/crash.jsp
#

---------------  T H R E A D  ---------------

Current thread is native thread

siginfo: si_signo: 11 (SIGSEGV), si_code: 2 (SEGV_ACCERR), si_addr: 0xb10078fa

Registers:
EAX=0x7f7a3160, EBX=0xb76cc000, ECX=0x7f7a3168, EDX=0xb10078fa
ESP=0xbfb61dec, EBP=0x08adafc0, ESI=0x00000000, EDI=0xb76cc41c
EIP=0xb10078fa, EFLAGS=0x00010286, CR2=0xb10078fa

Top of Stack: (sp=0xbfb61dec)
0xbfb61dec:   b7543c2b 00000000 00000000 bfb61e68
0xbfb61dfc:   b7543b97 000149c0 81002080 0c000000
0xbfb61e0c:   00000001 092429c0 24208011 b7543b79
0xbfb61e1c:   b76cc000 00000000 b74f1000 bfb61e68
0xbfb61e2c:   b7543cb1 00000000 b76cc41c 00000001
0xbfb61e3c:   00000018 00000019 b7543c96 8dddf000
0xbfb61e4c:   8dd15775 00000000 0000001f 00000022
0xbfb61e5c:   00000024 8dd15759 b63eeba8 b63eeb40 

Instructions: (pc=0xb10078fa)
0xb10078da:   
[error occurred during error reporting (printing registers, top of stack, instructions near pc), id 0xb]

Register to memory mapping:

EAX=0x7f7a3160 is an unknown value
EBX=0xb76cc000: <offset 0x1b7000> in /lib/i386-linux-gnu/libc.so.6 at 0xb7515000
ECX=0x7f7a3168 is an unknown value
EDX=0xb10078fa is an unknown value
ESP=0xbfb61dec is an unknown value
EBP=0x08adafc0 is an unknown value
ESI=0x00000000 is an unknown value
EDI=0xb76cc41c: <offset 0x1b741c> in /lib/i386-linux-gnu/libc.so.6 at 0xb7515000


Stack: [0xbfb19000,0xbfb69000],  sp=0xbfb61dec,  free space=291k
Native frames: (J=compiled Java code, j=interpreted, Vv=VM code, C=native code)
C  0xb10078fa


---------------  P R O C E S S  ---------------

VM state:not at safepoint (normal execution)

VM Mutex/Monitor currently owned by a thread: None

Heap:
 def new generation   total 108224K, used 22566K [0x8f400000, 0x96960000, 0x97200000)
  eden space 96256K,  23% used [0x8f400000, 0x90a098a0, 0x95200000)
  from space 11968K,   0% used [0x95200000, 0x95200000, 0x95db0000)
  to   space 11968K,   0% used [0x95db0000, 0x95db0000, 0x96960000)
 tenured generation   total 240296K, used 144176K [0x97200000, 0xa5caa000, 0xa6e00000)
   the space 240296K,  59% used [0x97200000, 0x9fecc258, 0x9fecc400, 0xa5caa000)
 Metaspace       used 27074K, capacity 28370K, committed 28440K, reserved 28976K

Card table byte_map: [0x8f342000,0x8f400000] byte_map_base: 0x8eec8000

Polling page: 0xb76d3000

CodeCache: size=245760Kb used=17940Kb max_used=18394Kb free=227819Kb
 bounds [0xa7200000, 0xa8420000, 0xb6200000]
 total_blobs=7099 nmethods=6614 adapters=396
 compilation: enabled

Compilation events (10 events):
Event: 1299,383 Thread 0xb6281000 8309       3       org.jevis.application.statusbar.Statusbar$1$1::<init> (10 bytes)
Event: 1299,384 Thread 0xb6281000 nmethod 8309 0xa7c3bc48 code [0xa7c3bd60, 0xa7c3be80]
Event: 1304,343 Thread 0xb6281000 8310       3       org.jevis.application.statusbar.Statusbar$1$1::run (113 bytes)
Event: 1304,349 Thread 0xb6281000 nmethod 8310 0xa750cac8 code [0xa750cd20, 0xa750dd20]
Event: 1310,571 Thread 0xb6281000 8311       3       com.mysql.jdbc.ConnectionImpl::pingInternal (92 bytes)
Event: 1310,577 Thread 0xb6281000 nmethod 8311 0xa7f85888 code [0xa7f85a60, 0xa7f866dc]
Event: 1310,577 Thread 0xb6281000 8312  s    3       java.net.Socket::getSoTimeout (45 bytes)
Event: 1310,695 Thread 0xb627f800 8313       4       javafx.scene.layout.Region::minHeight (52 bytes)
Event: 1310,732 Thread 0xb6281000 nmethod 8312 0xa7509848 code [0xa7509a00, 0xa750a244]
Event: 1310,810 Thread 0xb627f800 nmethod 8313 0xa73359c8 code [0xa7335b00, 0xa7335db0]

GC Heap History (10 events):
Event: 33,493 GC heap before
{Heap before GC invocations=18 (full 5):
 def new generation   total 52608K, used 46728K [0x8f400000, 0x92d10000, 0x97200000)
  eden space 46784K,  99% used [0x8f400000, 0x921a20e0, 0x921b0000)
  from space 5824K,   0% used [0x921b0000, 0x921b0000, 0x92760000)
  to   space 5824K,   0% used [0x92760000, 0x92760000, 0x92d10000)
 tenured generation   total 116728K, used 70034K [0x97200000, 0x9e3fe000, 0xa6e00000)
   the space 116728K,  59% used [0x97200000, 0x9b664ad0, 0x9b664c00, 0x9e3fe000)
 Metaspace       used 24535K, capacity 25466K, committed 25496K, reserved 25904K
Event: 33,546 GC heap after
Heap after GC invocations=19 (full 5):
 def new generation   total 52608K, used 5824K [0x8f400000, 0x92d10000, 0x97200000)
  eden space 46784K,   0% used [0x8f400000, 0x8f400000, 0x921b0000)
  from space 5824K, 100% used [0x92760000, 0x92d10000, 0x92d10000)
  to   space 5824K,   0% used [0x921b0000, 0x921b0000, 0x92760000)
 tenured generation   total 116728K, used 83839K [0x97200000, 0x9e3fe000, 0xa6e00000)
   the space 116728K,  71% used [0x97200000, 0x9c3dfe40, 0x9c3e0000, 0x9e3fe000)
 Metaspace       used 24535K, capacity 25466K, committed 25496K, reserved 25904K
}
Event: 37,631 GC heap before
{Heap before GC invocations=19 (full 5):
 def new generation   total 52608K, used 52608K [0x8f400000, 0x92d10000, 0x97200000)
  eden space 46784K, 100% used [0x8f400000, 0x921b0000, 0x921b0000)
  from space 5824K, 100% used [0x92760000, 0x92d10000, 0x92d10000)
  to   space 5824K,   0% used [0x921b0000, 0x921b0000, 0x92760000)
 tenured generation   total 116728K, used 83839K [0x97200000, 0x9e3fe000, 0xa6e00000)
   the space 116728K,  71% used [0x97200000, 0x9c3dfe40, 0x9c3e0000, 0x9e3fe000)
 Metaspace       used 25812K, capacity 26883K, committed 26904K, reserved 26928K
Event: 37,769 GC heap after
Heap after GC invocations=20 (full 5):
 def new generation   total 52608K, used 5824K [0x8f400000, 0x92d10000, 0x97200000)
  eden space 46784K,   0% used [0x8f400000, 0x8f400000, 0x921b0000)
  from space 5824K, 100% used [0x921b0000, 0x92760000, 0x92760000)
  to   space 5824K,   0% used [0x92760000, 0x92760000, 0x92d10000)
 tenured generation   total 116728K, used 97464K [0x97200000, 0x9e3fe000, 0xa6e00000)
   the space 116728K,  83% used [0x97200000, 0x9d12e070, 0x9d12e200, 0x9e3fe000)
 Metaspace       used 25812K, capacity 26883K, committed 26904K, reserved 26928K
}
Event: 409,712 GC heap before
{Heap before GC invocations=20 (full 5):
 def new generation   total 52608K, used 49480K [0x8f400000, 0x92d10000, 0x97200000)
  eden space 46784K,  93% used [0x8f400000, 0x91ea2138, 0x921b0000)
  from space 5824K, 100% used [0x921b0000, 0x92760000, 0x92760000)
  to   space 5824K,   0% used [0x92760000, 0x92760000, 0x92d10000)
 tenured generation   total 116728K, used 97464K [0x97200000, 0x9e3fe000, 0xa6e00000)
   the space 116728K,  83% used [0x97200000, 0x9d12e070, 0x9d12e200, 0x9e3fe000)
 Metaspace       used 26257K, capacity 27387K, committed 27416K, reserved 27952K
Event: 409,798 GC heap after
Heap after GC invocations=21 (full 5):
 def new generation   total 52608K, used 5824K [0x8f400000, 0x92d10000, 0x97200000)
  eden space 46784K,   0% used [0x8f400000, 0x8f400000, 0x921b0000)
  from space 5824K, 100% used [0x92760000, 0x92d10000, 0x92d10000)
  to   space 5824K,   0% used [0x921b0000, 0x921b0000, 0x92760000)
 tenured generation   total 116728K, used 114415K [0x97200000, 0x9e3fe000, 0xa6e00000)
   the space 116728K,  98% used [0x97200000, 0x9e1bbc78, 0x9e1bbe00, 0x9e3fe000)
 Metaspace       used 26257K, capacity 27387K, committed 27416K, reserved 27952K
}
Event: 417,153 GC heap before
{Heap before GC invocations=21 (full 5):
 def new generation   total 52608K, used 52608K [0x8f400000, 0x92d10000, 0x97200000)
  eden space 46784K, 100% used [0x8f400000, 0x921b0000, 0x921b0000)
  from space 5824K, 100% used [0x92760000, 0x92d10000, 0x92d10000)
  to   space 5824K,   0% used [0x921b0000, 0x921b0000, 0x92760000)
 tenured generation   total 116728K, used 114484K [0x97200000, 0x9e3fe000, 0xa6e00000)
   the space 116728K,  98% used [0x97200000, 0x9e1cd358, 0x9e1cd400, 0x9e3fe000)
 Metaspace       used 26294K, capacity 27419K, committed 27544K, reserved 27952K
Event: 417,226 GC heap after
Heap after GC invocations=22 (full 5):
 def new generation   total 52608K, used 5824K [0x8f400000, 0x92d10000, 0x97200000)
  eden space 46784K,   0% used [0x8f400000, 0x8f400000, 0x921b0000)
  from space 5824K, 100% used [0x921b0000, 0x92760000, 0x92760000)
  to   space 5824K,   0% used [0x92760000, 0x92760000, 0x92d10000)
 tenured generation   total 129400K, used 129395K [0x97200000, 0x9f05e000, 0xa6e00000)
   the space 129400K,  99% used [0x97200000, 0x9f05cc80, 0x9f05ce00, 0x9f05e000)
 Metaspace       used 26294K, capacity 27419K, committed 27544K, reserved 27952K
}
Event: 890,763 GC heap before
{Heap before GC invocations=22 (full 5):
 def new generation   total 52608K, used 52608K [0x8f400000, 0x92d10000, 0x97200000)
  eden space 46784K, 100% used [0x8f400000, 0x921b0000, 0x921b0000)
  from space 5824K, 100% used [0x921b0000, 0x92760000, 0x92760000)
  to   space 5824K,   0% used [0x92760000, 0x92760000, 0x92d10000)
 tenured generation   total 129400K, used 129395K [0x97200000, 0x9f05e000, 0xa6e00000)
   the space 129400K,  99% used [0x97200000, 0x9f05cc80, 0x9f05ce00, 0x9f05e000)
 Metaspace       used 26796K, capacity 28044K, committed 28056K, reserved 28976K
Event: 891,055 GC heap after
Heap after GC invocations=23 (full 6):
 def new generation   total 108224K, used 0K [0x8f400000, 0x96960000, 0x97200000)
  eden space 96256K,   0% used [0x8f400000, 0x8f400000, 0x95200000)
  from space 11968K,   0% used [0x95200000, 0x95200000, 0x95db0000)
  to   space 11968K,   0% used [0x95db0000, 0x95db0000, 0x96960000)
 tenured generation   total 240296K, used 144176K [0x97200000, 0xa5caa000, 0xa6e00000)
   the space 240296K,  59% used [0x97200000, 0x9fecc258, 0x9fecc400, 0xa5caa000)
 Metaspace       used 26786K, capacity 28019K, committed 28056K, reserved 28976K
}

Deoptimization events (10 events):
Event: 894,270 Thread 0x88c6b800 Uncommon trap: reason=unstable_if action=reinterpret pc=0xa7a69d40 method=javafx.beans.property.IntegerPropertyBase.markInvalid()V @ 4
Event: 894,317 Thread 0x8e0c3400 Uncommon trap: reason=unstable_if action=reinterpret pc=0xa834c768 method=com.sun.prism.sw.SWGraphics.drawString(Lcom/sun/javafx/scene/text/GlyphList;Lcom/sun/javafx/font/FontStrike;FFLcom/sun/prism/paint/Color;II)V @ 345
Event: 899,104 Thread 0x88c6b800 Uncommon trap: reason=class_check action=maybe_recompile pc=0xa8169fb4 method=sun.nio.cs.ThreadLocalCoders$Cache.forName(Ljava/lang/Object;)Ljava/lang/Object; @ 86
Event: 899,297 Thread 0x88c6b800 Uncommon trap: reason=unstable_if action=reinterpret pc=0xa7bad900 method=javafx.scene.CssStyleHelper.canReuseStyleHelper(Ljavafx/scene/Node;Lcom/sun/javafx/css/StyleMap;)Z @ 64
Event: 899,490 Thread 0x88c6b800 Uncommon trap: reason=class_check action=maybe_recompile pc=0xa7acab40 method=javafx.scene.Node$MiscProperties.getClip()Ljavafx/scene/Node; @ 20
Event: 899,490 Thread 0x88c6b800 Uncommon trap: reason=class_check action=maybe_recompile pc=0xa7eff524 method=javafx.scene.Node$MiscProperties.getClip()Ljavafx/scene/Node; @ 20
Event: 899,621 Thread 0x88c6b800 Uncommon trap: reason=class_check action=maybe_recompile pc=0xa7acab40 method=javafx.scene.Node$MiscProperties.getClip()Ljavafx/scene/Node; @ 20
Event: 903,435 Thread 0x88c6b800 Uncommon trap: reason=class_check action=maybe_recompile pc=0xa7acab40 method=javafx.scene.Node$MiscProperties.getClip()Ljavafx/scene/Node; @ 20
Event: 903,452 Thread 0x88c6b800 Uncommon trap: reason=class_check action=maybe_recompile pc=0xa7cdc4c0 method=javafx.scene.Node$MiscProperties.getClip()Ljavafx/scene/Node; @ 20
Event: 1008,024 Thread 0x88c6b800 Uncommon trap: reason=unstable_if action=reinterpret pc=0xa768465c method=com.sun.javafx.tk.quantum.QuantumToolkit.postPulse()V @ 37

Internal exceptions (10 events):
Event: 8,151 Thread 0x08b91000 Exception <a 'java/lang/ArrayIndexOutOfBoundsException'> (0x8fc81080) thrown at [/build/buildd/openjdk-8-8u45-b14/src/hotspot/src/share/vm/runtime/sharedRuntime.cpp, line 605]
Event: 8,542 Thread 0x08b91000 Exception <a 'java/io/FileNotFoundException'> (0x8f6a2b18) thrown at [/build/buildd/openjdk-8-8u45-b14/src/hotspot/src/share/vm/prims/jni.cpp, line 709]
Event: 11,772 Thread 0x88c6b800 Exception <a 'java/lang/ClassNotFoundException': sun/dc/DuctusRenderingEngine> (0x90088118) thrown at [/build/buildd/openjdk-8-8u45-b14/src/hotspot/src/share/vm/classfile/systemDictionary.cpp, line 210]
Event: 37,202 Thread 0x88c6b800 Implicit null exception at 0xa7efcf7b to 0xa7f000e9
Event: 37,202 Thread 0x88c6b800 Implicit null exception at 0xa7df50b8 to 0xa7dfb4cd
Event: 37,371 Thread 0x88c6b800 Implicit null exception at 0xa75b715f to 0xa75b7925
Event: 37,468 Thread 0x88c6b800 Implicit null exception at 0xa7e1f2ef to 0xa7e20681
Event: 412,135 Thread 0x88c6b800 Implicit null exception at 0xa7507c74 to 0xa7507d50
Event: 935,349 Thread 0x88c6b800 Exception <a 'java/lang/NullPointerException'> (0x8fa640e0) thrown at [/build/buildd/openjdk-8-8u45-b14/src/hotspot/src/share/vm/interpreter/linkResolver.cpp, line 1178]
Event: 935,349 Thread 0x88c6b800 Exception <a 'java/lang/NullPointerException'> (0x8fa640e0) thrown at [/build/buildd/openjdk-8-8u45-b14/src/hotspot/src/share/vm/prims/jvm.cpp, line 1386]

Events (10 events):
Event: 1007,996 Thread 0xb6281000 flushing nmethod 0xa81ef508
Event: 1007,997 Thread 0xb6281000 flushing nmethod 0xa8275fc8
Event: 1007,997 Thread 0xb6281000 flushing nmethod 0xa829cfc8
Event: 1007,997 Thread 0xb6281000 flushing nmethod 0xa82a1108
Event: 1007,997 Thread 0xb6281000 flushing nmethod 0xa82a28c8
Event: 1007,997 Thread 0xb6281000 flushing nmethod 0xa83052c8
Event: 1007,997 Thread 0xb6281000 flushing nmethod 0xa8363d08
Event: 1008,024 Thread 0x88c6b800 Uncommon trap: trap_request=0xffffff65 fr.pc=0xa768465c
Event: 1008,024 Thread 0x88c6b800 DEOPT PACKING pc=0xa768465c sp=0x88b73b40
Event: 1008,024 Thread 0x88c6b800 DEOPT UNPACKING pc=0xa723abd5 sp=0x88b73ad8 mode 2


Dynamic libraries:
08048000-08049000 r-xp 00000000 08:01 1444301    /usr/lib/jvm/java-8-openjdk-i386/jre/bin/java
08049000-0804a000 r--p 00000000 08:01 1444301    /usr/lib/jvm/java-8-openjdk-i386/jre/bin/java
0804a000-0804b000 rw-p 00001000 08:01 1444301    /usr/lib/jvm/java-8-openjdk-i386/jre/bin/java
088dc000-09857000 rw-p 00000000 00:00 0          [heap]
79f9d000-7a70d000 rw-p 00000000 00:00 0 
7a70d000-7a70e000 ---p 00000000 00:00 0 
7a70e000-7af0e000 rw-p 00000000 00:00 0 
7af0e000-7af0f000 ---p 00000000 00:00 0 
7af0f000-7b70f000 rw-p 00000000 00:00 0 
7b70f000-7b710000 ---p 00000000 00:00 0 
7b710000-7bf10000 rw-p 00000000 00:00 0 
7bf10000-7d57b000 r-xp 00000000 08:01 1707393    /usr/lib/i386-linux-gnu/libicudata.so.52.1
7d57b000-7d57c000 r--p 0166a000 08:01 1707393    /usr/lib/i386-linux-gnu/libicudata.so.52.1
7d57c000-7d57d000 rw-p 0166b000 08:01 1707393    /usr/lib/i386-linux-gnu/libicudata.so.52.1
7d57d000-7d57e000 ---p 00000000 00:00 0 
7d57e000-7de7e000 rw-p 00000000 00:00 0          [stack:3961]
7e40e000-7e580000 r-xp 00000000 08:01 1707271    /usr/lib/i386-linux-gnu/libicuuc.so.52.1
7e580000-7e58a000 r--p 00172000 08:01 1707271    /usr/lib/i386-linux-gnu/libicuuc.so.52.1
7e58a000-7e58b000 rw-p 0017c000 08:01 1707271    /usr/lib/i386-linux-gnu/libicuuc.so.52.1
7e58b000-7e58f000 rw-p 00000000 00:00 0 
7e58f000-7e590000 ---p 00000000 00:00 0 
7e590000-7ed90000 rw-p 00000000 00:00 0          [stack:3960]
7f01a000-7f500000 rw-p 00000000 00:00 0 
7f500000-7f5fc000 rw-p 00000000 00:00 0 
7f5fc000-7f600000 ---p 00000000 00:00 0 
7f600000-7f6ea000 rw-p 00000000 00:00 0 
7f6ea000-7f700000 ---p 00000000 00:00 0 
7f700000-7f8df000 rw-p 00000000 00:00 0 
7f8df000-7f900000 ---p 00000000 00:00 0 
7f900000-7fb00000 rw-p 00000000 00:00 0 
7fb00000-7fdf8000 rw-p 00000000 00:00 0 
7fdf8000-7fe00000 ---p 00000000 00:00 0 
7fe00000-7fefd000 rw-p 00000000 00:00 0 
7fefd000-7ff00000 ---p 00000000 00:00 0 
7ff00000-80000000 rw-p 00000000 00:00 0 
80000000-800e9000 rw-p 00000000 00:00 0 
800e9000-80100000 ---p 00000000 00:00 0 
80100000-80180000 rw-p 00000000 00:00 0 
80180000-80200000 ---p 00000000 00:00 0 
80200000-802fe000 rw-p 00000000 00:00 0 
802fe000-80300000 ---p 00000000 00:00 0 
80300000-80400000 rw-p 00000000 00:00 0 
80400000-804fd000 rw-p 00000000 00:00 0 
804fd000-80500000 ---p 00000000 00:00 0 
80500000-805f1000 rw-p 00000000 00:00 0 
805f1000-80600000 ---p 00000000 00:00 0 
80600000-80700000 rw-p 00000000 00:00 0 
80730000-80790000 rw-s 00000000 00:05 16515090   /SYSV00000000 (deleted)
80790000-80f00000 rw-p 00000000 00:00 0 
80f00000-80ffd000 rw-p 00000000 00:00 0 
80ffd000-81000000 ---p 00000000 00:00 0 
81000000-81100000 rw-p 00000000 00:00 0 
81100000-81200000 rw-p 00000000 00:00 0 
81200000-812ff000 rw-p 00000000 00:00 0 
812ff000-81300000 ---p 00000000 00:00 0 
813bb000-813be000 ---p 00000000 00:00 0 
813be000-8140c000 rw-p 00000000 00:00 0          [stack:3688]
8140c000-8140f000 ---p 00000000 00:00 0 
8140f000-8155d000 rw-p 00000000 00:00 0          [stack:3687]
8155d000-815ab000 r-xp 00000000 08:01 1444264    /usr/lib/jvm/java-8-openjdk-i386/jre/lib/i386/libfontmanager.so
815ab000-815ae000 r--p 0004d000 08:01 1444264    /usr/lib/jvm/java-8-openjdk-i386/jre/lib/i386/libfontmanager.so
815ae000-815af000 rw-p 00050000 08:01 1444264    /usr/lib/jvm/java-8-openjdk-i386/jre/lib/i386/libfontmanager.so
815af000-816af000 rw-p 00000000 00:00 0 
816af000-817af000 rw-p 00000000 00:00 0 
817af000-817b2000 ---p 00000000 00:00 0 
817b2000-81900000 rw-p 00000000 00:00 0          [stack:3685]
81900000-819f4000 rw-p 00000000 00:00 0 
819f4000-81a00000 ---p 00000000 00:00 0 
81a45000-81ad4000 r-xp 00000000 08:01 1444269    /usr/lib/jvm/java-8-openjdk-i386/jre/lib/i386/libawt.so
81ad4000-81ad5000 r--p 0008e000 08:01 1444269    /usr/lib/jvm/java-8-openjdk-i386/jre/lib/i386/libawt.so
81ad5000-81adc000 rw-p 0008f000 08:01 1444269    /usr/lib/jvm/java-8-openjdk-i386/jre/lib/i386/libawt.so
81adc000-81c00000 rw-p 00000000 00:00 0 
81c00000-81d00000 rw-p 00000000 00:00 0 
81d00000-81dfb000 rw-p 00000000 00:00 0 
81dfb000-81e00000 ---p 00000000 00:00 0 
81e27000-81e7a000 r-xp 00000000 08:01 1444247    /usr/lib/jvm/java-8-openjdk-i386/jre/lib/i386/libawt_xawt.so
81e7a000-81e7b000 r--p 00052000 08:01 1444247    /usr/lib/jvm/java-8-openjdk-i386/jre/lib/i386/libawt_xawt.so
81e7b000-81e7d000 rw-p 00053000 08:01 1444247    /usr/lib/jvm/java-8-openjdk-i386/jre/lib/i386/libawt_xawt.so
81e7d000-81e7e000 rw-p 00000000 00:00 0 
81e7e000-81e81000 ---p 00000000 00:00 0 
81e81000-81ecf000 rw-p 00000000 00:00 0          [stack:3684]
81ecf000-81ed2000 ---p 00000000 00:00 0 
81ed2000-81f20000 rw-p 00000000 00:00 0          [stack:3686]
81f4a000-81ff4000 r--p 00000000 08:01 657439     /usr/share/fonts/truetype/dejavu/DejaVuSans-Bold.ttf
82000000-82100000 rw-p 00000000 00:00 0 
82100000-821fd000 rw-p 00000000 00:00 0 
821fd000-82200000 ---p 00000000 00:00 0 
82200000-822fb000 rw-p 00000000 00:00 0 
822fb000-82300000 ---p 00000000 00:00 0 
82300000-823f1000 rw-p 00000000 00:00 0 
823f1000-82400000 ---p 00000000 00:00 0 
8243f000-8253f000 rw-p 00000000 00:00 0 
8253f000-82542000 ---p 00000000 00:00 0 
82542000-82690000 rw-p 00000000 00:00 0          [stack:3689]
826df000-82731000 r--p 00000000 08:01 657606     /usr/share/fonts/truetype/ubuntu-font-family/Ubuntu-B.ttf
82731000-82788000 r--p 00000000 08:01 657613     /usr/share/fonts/truetype/ubuntu-font-family/Ubuntu-R.ttf
82788000-82974000 r-xp 00000000 08:01 1704232    /usr/lib/i386-linux-gnu/libxml2.so.2.9.2
82974000-8297a000 r--p 001eb000 08:01 1704232    /usr/lib/i386-linux-gnu/libxml2.so.2.9.2
8297a000-8297b000 rw-p 001f1000 08:01 1704232    /usr/lib/i386-linux-gnu/libxml2.so.2.9.2
8297b000-8297c000 rw-p 00000000 00:00 0 
8297c000-829bc000 r-xp 00000000 08:01 1707058    /usr/lib/i386-linux-gnu/libcroco-0.6.so.3.0.1
829bc000-829be000 r--p 00040000 08:01 1707058    /usr/lib/i386-linux-gnu/libcroco-0.6.so.3.0.1
829be000-829bf000 rw-p 00042000 08:01 1707058    /usr/lib/i386-linux-gnu/libcroco-0.6.so.3.0.1
829bf000-829fd000 r-xp 00000000 08:01 1707739    /usr/lib/i386-linux-gnu/librsvg-2.so.2.40.9
829fd000-829fe000 r--p 0003e000 08:01 1707739    /usr/lib/i386-linux-gnu/librsvg-2.so.2.40.9
829fe000-829ff000 rw-p 0003f000 08:01 1707739    /usr/lib/i386-linux-gnu/librsvg-2.so.2.40.9
82a14000-82a19000 r-xp 00000000 08:01 1713435    /usr/lib/i386-linux-gnu/gdk-pixbuf-2.0/2.10.0/loaders/libpixbufloader-png.so
82a19000-82a1a000 r--p 00004000 08:01 1713435    /usr/lib/i386-linux-gnu/gdk-pixbuf-2.0/2.10.0/loaders/libpixbufloader-png.so
82a1a000-82a1b000 rw-p 00005000 08:01 1713435    /usr/lib/i386-linux-gnu/gdk-pixbuf-2.0/2.10.0/loaders/libpixbufloader-png.so
82a1b000-82a39000 r--s 00000000 08:01 263431     /usr/share/mime/mime.cache
82a39000-82a56000 r--p 00000000 08:01 529600     /usr/share/icons/mate/icon-theme.cache
82a56000-82a5f000 r--p 00000000 08:01 399364     /usr/share/icons/gnome/icon-theme.cache
82a5f000-82a66000 r--p 00000000 08:01 525705     /usr/share/icons/hicolor/icon-theme.cache
82a66000-82a99000 r--p 00000000 08:01 405037     /usr/share/icons/Humanity/icon-theme.cache
82a99000-82aa7000 r--p 00000000 08:01 531839     /usr/share/icons/ubuntu-mono-dark/icon-theme.cache
82aa7000-82ae0000 r-xp 00000000 08:01 1709155    /usr/lib/i386-linux-gnu/gvfs/libgvfscommon.so
82ae0000-82ae3000 r--p 00039000 08:01 1709155    /usr/lib/i386-linux-gnu/gvfs/libgvfscommon.so
82ae3000-82ae4000 rw-p 0003c000 08:01 1709155    /usr/lib/i386-linux-gnu/gvfs/libgvfscommon.so
82ae4000-82b1b000 r-xp 00000000 08:01 1708830    /usr/lib/i386-linux-gnu/gio/modules/libgvfsdbus.so
82b1b000-82b1c000 r--p 00037000 08:01 1708830    /usr/lib/i386-linux-gnu/gio/modules/libgvfsdbus.so
82b1c000-82b1d000 rw-p 00038000 08:01 1708830    /usr/lib/i386-linux-gnu/gio/modules/libgvfsdbus.so
82be3000-82e00000 rw-p 00000000 00:00 0 
82e00000-82f00000 rw-p 00000000 00:00 0 
82f00000-83000000 rw-p 00000000 00:00 0 
83000000-830fd000 rw-p 00000000 00:00 0 
830fd000-83100000 ---p 00000000 00:00 0 
83104000-8310c000 r--p 00000000 08:01 404804     /usr/share/icons/Adwaita/icon-theme.cache
8310c000-8311b000 r--p 00000000 08:01 404813     /usr/share/icons/Ambiant-MATE/icon-theme.cache
8311b000-83146000 r-xp 00000000 08:01 1444248    /usr/lib/jvm/java-8-openjdk-i386/jre/lib/i386/libsunec.so
83146000-83149000 r--p 0002a000 08:01 1444248    /usr/lib/jvm/java-8-openjdk-i386/jre/lib/i386/libsunec.so
83149000-8314a000 rw-p 0002d000 08:01 1444248    /usr/lib/jvm/java-8-openjdk-i386/jre/lib/i386/libsunec.so
8314a000-8324a000 rw-p 00000000 00:00 0 
8324a000-8334a000 rw-p 00000000 00:00 0 
8334a000-83400000 r--p 00000000 08:01 657440     /usr/share/fonts/truetype/dejavu/DejaVuSans.ttf
83400000-834ff000 rw-p 00000000 00:00 0 
834ff000-83500000 ---p 00000000 00:00 0 
83501000-83502000 r-xp 00000000 08:01 1708817    /usr/lib/i386-linux-gnu/gdk-pixbuf-2.0/2.10.0/loaders/libpixbufloader-svg.so
83502000-83503000 r--p 00001000 08:01 1708817    /usr/lib/i386-linux-gnu/gdk-pixbuf-2.0/2.10.0/loaders/libpixbufloader-svg.so
83503000-83504000 rw-p 00002000 08:01 1708817    /usr/lib/i386-linux-gnu/gdk-pixbuf-2.0/2.10.0/loaders/libpixbufloader-svg.so
83504000-83509000 r--p 00000000 08:01 405046     /usr/share/icons/Humanity-Dark/icon-theme.cache
83509000-83524000 r-xp 00000000 08:01 1708829    /usr/lib/i386-linux-gnu/gio/modules/libgioremote-volume-monitor.so
83524000-83526000 r--p 0001b000 08:01 1708829    /usr/lib/i386-linux-gnu/gio/modules/libgioremote-volume-monitor.so
83526000-83527000 rw-p 0001d000 08:01 1708829    /usr/lib/i386-linux-gnu/gio/modules/libgioremote-volume-monitor.so
83527000-8352c000 r--s 002f8000 08:01 1444296    /usr/lib/jvm/java-8-openjdk-i386/jre/lib/charsets.jar
8352c000-8353d000 r-xp 00000000 08:01 1444255    /usr/lib/jvm/java-8-openjdk-i386/jre/lib/i386/libnio.so
8353d000-8353e000 r--p 00010000 08:01 1444255    /usr/lib/jvm/java-8-openjdk-i386/jre/lib/i386/libnio.so
8353e000-8353f000 rw-p 00011000 08:01 1444255    /usr/lib/jvm/java-8-openjdk-i386/jre/lib/i386/libnio.so
8353f000-8354c000 r-xp 00000000 08:01 1447837    /usr/lib/jvm/java-8-openjdk-i386/jre/lib/i386/libdecora_sse.so
8354c000-8354d000 r--p 0000d000 08:01 1447837    /usr/lib/jvm/java-8-openjdk-i386/jre/lib/i386/libdecora_sse.so
8354d000-8354e000 rw-p 0000e000 08:01 1447837    /usr/lib/jvm/java-8-openjdk-i386/jre/lib/i386/libdecora_sse.so
8354e000-83561000 r--s 00345000 08:01 1444235    /usr/lib/jvm/java-8-openjdk-i386/jre/lib/resources.jar
83561000-83564000 ---p 00000000 00:00 0 
83564000-835b2000 rw-p 00000000 00:00 0          [stack:3682]
835b2000-835b3000 ---p 00000000 00:00 0 
835b3000-83db3000 rw-p 00000000 00:00 0          [stack:3681]
83db3000-87db4000 rw-s 00000000 00:12 93793      /dev/shm/pulse-shm-2548557844
87db4000-87dc6000 r-xp 00000000 08:01 1049737    /lib/i386-linux-gnu/libgpg-error.so.0.13.0
87dc6000-87dc7000 r--p 00011000 08:01 1049737    /lib/i386-linux-gnu/libgpg-error.so.0.13.0
87dc7000-87dc8000 rw-p 00012000 08:01 1049737    /lib/i386-linux-gnu/libgpg-error.so.0.13.0
87dc8000-87e44000 r-xp 00000000 08:01 1707892    /usr/lib/i386-linux-gnu/libvorbisenc.so.2.0.10
87e44000-87e56000 r--p 0007b000 08:01 1707892    /usr/lib/i386-linux-gnu/libvorbisenc.so.2.0.10
87e56000-87e57000 rw-p 0008d000 08:01 1707892    /usr/lib/i386-linux-gnu/libvorbisenc.so.2.0.10
87e57000-87eb6000 r-xp 00000000 08:01 1706800    /usr/lib/i386-linux-gnu/libFLAC.so.8.3.0
87eb6000-87eb7000 r--p 0005e000 08:01 1706800    /usr/lib/i386-linux-gnu/libFLAC.so.8.3.0
87eb7000-87eb8000 rw-p 0005f000 08:01 1706800    /usr/lib/i386-linux-gnu/libFLAC.so.8.3.0
87eb8000-87f64000 r-xp 00000000 08:01 1049733    /lib/i386-linux-gnu/libgcrypt.so.20.0.2
87f64000-87f66000 r--p 000ac000 08:01 1049733    /lib/i386-linux-gnu/libgcrypt.so.20.0.2
87f66000-87f69000 rw-p 000ae000 08:01 1049733    /lib/i386-linux-gnu/libgcrypt.so.20.0.2
87f69000-87f8d000 r-xp 00000000 08:01 1049757    /lib/i386-linux-gnu/liblzma.so.5.0.0
87f8d000-87f8e000 r--p 00023000 08:01 1049757    /lib/i386-linux-gnu/liblzma.so.5.0.0
87f8e000-87f8f000 rw-p 00024000 08:01 1049757    /lib/i386-linux-gnu/liblzma.so.5.0.0
87f8f000-87f94000 r-xp 00000000 08:01 1706968    /usr/lib/i386-linux-gnu/libasyncns.so.0.3.1
87f94000-87f95000 r--p 00004000 08:01 1706968    /usr/lib/i386-linux-gnu/libasyncns.so.0.3.1
87f95000-87f96000 rw-p 00005000 08:01 1706968    /usr/lib/i386-linux-gnu/libasyncns.so.0.3.1
87f96000-88008000 r-xp 00000000 08:01 1707784    /usr/lib/i386-linux-gnu/libsndfile.so.1.0.25
88008000-8800a000 r--p 00071000 08:01 1707784    /usr/lib/i386-linux-gnu/libsndfile.so.1.0.25
8800a000-8800b000 rw-p 00073000 08:01 1707784    /usr/lib/i386-linux-gnu/libsndfile.so.1.0.25
8800b000-8800f000 rw-p 00000000 00:00 0 
8800f000-88017000 r-xp 00000000 08:01 1049872    /lib/i386-linux-gnu/libwrap.so.0.7.6
88017000-88018000 r--p 00007000 08:01 1049872    /lib/i386-linux-gnu/libwrap.so.0.7.6
88018000-88019000 rw-p 00008000 08:01 1049872    /lib/i386-linux-gnu/libwrap.so.0.7.6
88019000-88044000 r-xp 00000000 08:01 1053365    /lib/i386-linux-gnu/libsystemd.so.0.6.0
88044000-88045000 r--p 0002a000 08:01 1053365    /lib/i386-linux-gnu/libsystemd.so.0.6.0
88045000-88046000 rw-p 0002b000 08:01 1053365    /lib/i386-linux-gnu/libsystemd.so.0.6.0
88046000-880c9000 r-xp 00000000 08:01 1710075    /usr/lib/i386-linux-gnu/pulseaudio/libpulsecommon-6.0.so
880c9000-880ca000 r--p 00082000 08:01 1710075    /usr/lib/i386-linux-gnu/pulseaudio/libpulsecommon-6.0.so
880ca000-880cb000 rw-p 00083000 08:01 1710075    /usr/lib/i386-linux-gnu/pulseaudio/libpulsecommon-6.0.so
880cb000-880d5000 r-xp 00000000 08:01 1049750    /lib/i386-linux-gnu/libjson-c.so.2.0.0
880d5000-880d6000 r--p 00009000 08:01 1049750    /lib/i386-linux-gnu/libjson-c.so.2.0.0
880d6000-880d7000 rw-p 0000a000 08:01 1049750    /lib/i386-linux-gnu/libjson-c.so.2.0.0
880d7000-8812e000 r-xp 00000000 08:01 1707701    /usr/lib/i386-linux-gnu/libpulse.so.0.18.0
8812e000-8812f000 r--p 00056000 08:01 1707701    /usr/lib/i386-linux-gnu/libpulse.so.0.18.0
8812f000-88130000 rw-p 00057000 08:01 1707701    /usr/lib/i386-linux-gnu/libpulse.so.0.18.0
88130000-88190000 rw-s 00000000 00:05 2129934    /SYSV00000000 (deleted)
88190000-88290000 rw-p 00000000 00:00 0 
88290000-88293000 ---p 00000000 00:00 0 
88293000-882e1000 rw-p 00000000 00:00 0 
882e1000-8832a000 r-xp 00000000 08:01 1707482    /usr/lib/i386-linux-gnu/libjpeg.so.8.0.2
8832a000-8832b000 r--p 00048000 08:01 1707482    /usr/lib/i386-linux-gnu/libjpeg.so.8.0.2
8832b000-8832c000 rw-p 00049000 08:01 1707482    /usr/lib/i386-linux-gnu/libjpeg.so.8.0.2
8832c000-8833c000 rw-p 00000000 00:00 0 
8833c000-8833f000 r--s 00015000 08:01 1444217    /usr/lib/jvm/java-8-openjdk-i386/jre/lib/jce.jar
8833f000-88348000 r-xp 00000000 08:01 1444263    /usr/lib/jvm/java-8-openjdk-i386/jre/lib/i386/libmanagement.so
88348000-88349000 r--p 00008000 08:01 1444263    /usr/lib/jvm/java-8-openjdk-i386/jre/lib/i386/libmanagement.so
88349000-8834a000 rw-p 00009000 08:01 1444263    /usr/lib/jvm/java-8-openjdk-i386/jre/lib/i386/libmanagement.so
8834a000-88351000 r--s 00000000 08:01 1708794    /usr/lib/i386-linux-gnu/gconv/gconv-modules.cache
88351000-88356000 r-xp 00000000 08:01 1049785    /lib/i386-linux-gnu/libnss_dns-2.21.so
88356000-88357000 r--p 00004000 08:01 1049785    /lib/i386-linux-gnu/libnss_dns-2.21.so
88357000-88358000 rw-p 00005000 08:01 1049785    /lib/i386-linux-gnu/libnss_dns-2.21.so
88358000-8835a000 r-xp 00000000 08:01 1049793    /lib/i386-linux-gnu/libnss_mdns4_minimal.so.2
8835a000-8835b000 r--p 00001000 08:01 1049793    /lib/i386-linux-gnu/libnss_mdns4_minimal.so.2
8835b000-8835c000 rw-p 00002000 08:01 1049793    /lib/i386-linux-gnu/libnss_mdns4_minimal.so.2
8835d000-88362000 r--s 00094000 08:01 1444294    /usr/lib/jvm/java-8-openjdk-i386/jre/lib/jsse.jar
88362000-88369000 r-xp 00000000 08:01 1709191    /usr/lib/i386-linux-gnu/libcanberra-0.30/libcanberra-pulse.so
88369000-8836a000 r--p 00006000 08:01 1709191    /usr/lib/i386-linux-gnu/libcanberra-0.30/libcanberra-pulse.so
8836a000-8836b000 rw-p 00007000 08:01 1709191    /usr/lib/i386-linux-gnu/libcanberra-0.30/libcanberra-pulse.so
8836b000-8836f000 r-xp 00000000 08:01 1447839    /usr/lib/jvm/java-8-openjdk-i386/jre/lib/i386/libjavafx_iio.so
8836f000-88370000 r--p 00003000 08:01 1447839    /usr/lib/jvm/java-8-openjdk-i386/jre/lib/i386/libjavafx_iio.so
88370000-88371000 rw-p 00004000 08:01 1447839    /usr/lib/jvm/java-8-openjdk-i386/jre/lib/i386/libjavafx_iio.so
88371000-88532000 rw-p 00000000 00:00 0 
88532000-88548000 r-xp 00000000 08:01 1444259    /usr/lib/jvm/java-8-openjdk-i386/jre/lib/i386/libnet.so
88548000-88549000 r--p 00015000 08:01 1444259    /usr/lib/jvm/java-8-openjdk-i386/jre/lib/i386/libnet.so
88549000-8854a000 rw-p 00016000 08:01 1444259    /usr/lib/jvm/java-8-openjdk-i386/jre/lib/i386/libnet.so
8854a000-8864a000 rw-p 00000000 00:00 0 
8864a000-8874a000 rw-p 00000000 00:00 0 
8874a000-8884a000 rw-p 00000000 00:00 0 
8884a000-88852000 r--s 00000000 08:01 408188     /var/cache/fontconfig/945677eb7aeaf62f1d50efc3fb3ec7d8-le32d4.cache-4
88852000-88856000 r--s 00000000 08:01 408172     /var/cache/fontconfig/2cd17615ca594fa2959ae173292e504c-le32d4.cache-4
88856000-88857000 r--s 00000000 08:01 408169     /var/cache/fontconfig/0d8c3b2ac0904cb8a57a757ad11a4a08-le32d4.cache-4
88857000-8885c000 r--s 00000000 08:01 408192     /var/cache/fontconfig/a755afe4a08bf5b97852ceb7400b47bc-le32d4.cache-4
8885c000-8885d000 r--s 00000000 08:01 408191     /var/cache/fontconfig/a6354e3ac43af67bd8d7b8e43c34e49f-le32d4.cache-4
8885d000-8886d000 r--s 00000000 08:01 408166     /var/cache/fontconfig/04aabc0a78ac019cf9454389977116d2-le32d4.cache-4
8886d000-8886e000 r--s 00000000 08:01 408171     /var/cache/fontconfig/1ac9eb803944fde146138c791f5cc56a-le32d4.cache-4
8886e000-88871000 r--s 00000000 08:01 408175     /var/cache/fontconfig/385c0604a188198f04d133e54aba7fe7-le32d4.cache-4
88871000-88872000 r--s 00000000 08:01 408202     /var/cache/fontconfig/dc05db6664285cc2f12bf69c139ae4c3-le32d4.cache-4
88872000-88874000 r--s 00000000 08:01 408185     /var/cache/fontconfig/767a8244fc0220cfb567a839d0392e0b-le32d4.cache-4
88874000-88875000 r--s 00000000 08:01 409554     /var/cache/fontconfig/4794a0821666d79190d59a36cb4f44b5-le32d4.cache-4
88875000-88885000 r--s 00000000 08:01 408199     /var/cache/fontconfig/d52a8644073d54c13679302ca1180695-le32d4.cache-4
88885000-88985000 rw-p 00000000 00:00 0 
88985000-88988000 ---p 00000000 00:00 0 
88988000-889d6000 rw-p 00000000 00:00 0          [stack:3679]
889d6000-889d9000 ---p 00000000 00:00 0 
889d9000-88b27000 rw-p 00000000 00:00 0          [stack:3678]
88b27000-88b2a000 ---p 00000000 00:00 0 
88b2a000-88b78000 rw-p 00000000 00:00 0          [stack:3677]
88b78000-88b7b000 ---p 00000000 00:00 0 
88b7b000-88bc9000 rw-p 00000000 00:00 0          [stack:3676]
88bc9000-88bfe000 r-xp 00000000 08:01 1709090    /usr/lib/i386-linux-gnu/gtk-2.0/2.10.0/engines/libmurrine.so
88bfe000-88bff000 r--p 00034000 08:01 1709090    /usr/lib/i386-linux-gnu/gtk-2.0/2.10.0/engines/libmurrine.so
88bff000-88c00000 rw-p 00035000 08:01 1709090    /usr/lib/i386-linux-gnu/gtk-2.0/2.10.0/engines/libmurrine.so
88c00000-88d00000 rw-p 00000000 00:00 0 
88d00000-88d04000 r--s 00000000 08:01 408187     /var/cache/fontconfig/8801497958630a81b71ace7c5f9b32a8-le32d4.cache-4
88d04000-88d05000 r--s 00000000 08:01 408195     /var/cache/fontconfig/bab58bb527bb656aaa9f116d68a48d89-le32d4.cache-4
88d05000-88d0a000 r--s 00000000 08:01 408173     /var/cache/fontconfig/3047814df9a2f067bd2d96a2b9c36e5a-le32d4.cache-4
88d0a000-88d0e000 r--s 00000000 08:01 408193     /var/cache/fontconfig/b47c4e1ecd0709278f4910c18777a504-le32d4.cache-4
88d0e000-88d16000 r--s 00000000 08:01 408176     /var/cache/fontconfig/3f7329c5293ffd510edef78f73874cfd-le32d4.cache-4
88d16000-88d1f000 r--s 00000000 08:01 408197     /var/cache/fontconfig/d589a48862398ed80a3d6066f4f56f4c-le32d4.cache-4
88d1f000-88d26000 r-xp 00000000 08:01 1707623    /usr/lib/i386-linux-gnu/libogg.so.0.8.2
88d26000-88d27000 r--p 00006000 08:01 1707623    /usr/lib/i386-linux-gnu/libogg.so.0.8.2
88d27000-88d28000 rw-p 00007000 08:01 1707623    /usr/lib/i386-linux-gnu/libogg.so.0.8.2
88d28000-88d52000 r-xp 00000000 08:01 1707890    /usr/lib/i386-linux-gnu/libvorbis.so.0.4.7
88d52000-88d54000 r--p 00029000 08:01 1707890    /usr/lib/i386-linux-gnu/libvorbis.so.0.4.7
88d54000-88d55000 rw-p 0002b000 08:01 1707890    /usr/lib/i386-linux-gnu/libvorbis.so.0.4.7
88d55000-88d5f000 r-xp 00000000 08:01 1707509    /usr/lib/i386-linux-gnu/libltdl.so.7.3.0
88d5f000-88d60000 r--p 00009000 08:01 1707509    /usr/lib/i386-linux-gnu/libltdl.so.7.3.0
88d60000-88d61000 rw-p 0000a000 08:01 1707509    /usr/lib/i386-linux-gnu/libltdl.so.7.3.0
88d61000-88d78000 r-xp 00000000 08:01 1707822    /usr/lib/i386-linux-gnu/libtdb.so.1.3.4
88d78000-88d7a000 r--p 00016000 08:01 1707822    /usr/lib/i386-linux-gnu/libtdb.so.1.3.4
88d7a000-88d7b000 rw-p 00018000 08:01 1707822    /usr/lib/i386-linux-gnu/libtdb.so.1.3.4
88d7b000-88d84000 r-xp 00000000 08:01 1707894    /usr/lib/i386-linux-gnu/libvorbisfile.so.3.3.6
88d84000-88d85000 r--p 00008000 08:01 1707894    /usr/lib/i386-linux-gnu/libvorbisfile.so.3.3.6
88d85000-88d86000 rw-p 00009000 08:01 1707894    /usr/lib/i386-linux-gnu/libvorbisfile.so.3.3.6
88d86000-88d97000 r-xp 00000000 08:01 1707024    /usr/lib/i386-linux-gnu/libcanberra.so.0.2.5
88d97000-88d98000 r--p 00011000 08:01 1707024    /usr/lib/i386-linux-gnu/libcanberra.so.0.2.5
88d98000-88d99000 rw-p 00012000 08:01 1707024    /usr/lib/i386-linux-gnu/libcanberra.so.0.2.5
88d99000-88ded000 r-xp 00000000 08:01 1049716    /lib/i386-linux-gnu/libdbus-1.so.3.8.9
88ded000-88def000 r--p 00053000 08:01 1049716    /lib/i386-linux-gnu/libdbus-1.so.3.8.9
88def000-88df0000 rw-p 00055000 08:01 1049716    /lib/i386-linux-gnu/libdbus-1.so.3.8.9
88df0000-88e1e000 r-xp 00000000 08:01 1706976    /usr/lib/i386-linux-gnu/libatspi.so.0.0.1
88e1e000-88e21000 r--p 0002e000 08:01 1706976    /usr/lib/i386-linux-gnu/libatspi.so.0.0.1
88e21000-88e22000 rw-p 00031000 08:01 1706976    /usr/lib/i386-linux-gnu/libatspi.so.0.0.1
88e22000-88e53000 r-xp 00000000 08:01 1706972    /usr/lib/i386-linux-gnu/libatk-bridge-2.0.so.0.0.0
88e53000-88e54000 r--p 00030000 08:01 1706972    /usr/lib/i386-linux-gnu/libatk-bridge-2.0.so.0.0.0
88e54000-88e55000 rw-p 00031000 08:01 1706972    /usr/lib/i386-linux-gnu/libatk-bridge-2.0.so.0.0.0
88e55000-88e56000 rw-p 00000000 00:00 0 
88e56000-88e59000 r--s 00000000 08:01 408167     /var/cache/fontconfig/0843ca893a93b5446bad221815920e23-le32d4.cache-4
88e59000-88e5d000 r-xp 00000000 08:01 1447845    /usr/lib/jvm/java-8-openjdk-i386/jre/lib/i386/libjavafx_font_freetype.so
88e5d000-88e5e000 r--p 00004000 08:01 1447845    /usr/lib/jvm/java-8-openjdk-i386/jre/lib/i386/libjavafx_font_freetype.so
88e5e000-88e5f000 rw-p 00005000 08:01 1447845    /usr/lib/jvm/java-8-openjdk-i386/jre/lib/i386/libjavafx_font_freetype.so
88e5f000-88e69000 r-xp 00000000 08:01 1709091    /usr/lib/i386-linux-gnu/gtk-2.0/2.10.0/engines/libpixmap.so
88e69000-88e6a000 r--p 00009000 08:01 1709091    /usr/lib/i386-linux-gnu/gtk-2.0/2.10.0/engines/libpixmap.so
88e6a000-88e6b000 rw-p 0000a000 08:01 1709091    /usr/lib/i386-linux-gnu/gtk-2.0/2.10.0/engines/libpixmap.so
88e6b000-88e73000 r-xp 00000000 08:01 1707218    /usr/lib/i386-linux-gnu/libgailutil.so.18.0.1
88e73000-88e74000 r--p 00007000 08:01 1707218    /usr/lib/i386-linux-gnu/libgailutil.so.18.0.1
88e74000-88e75000 rw-p 00008000 08:01 1707218    /usr/lib/i386-linux-gnu/libgailutil.so.18.0.1
88e75000-88ecf000 r-xp 00000000 08:01 1709112    /usr/lib/i386-linux-gnu/gtk-2.0/modules/libgail.so
88ecf000-88ed0000 r--p 00059000 08:01 1709112    /usr/lib/i386-linux-gnu/gtk-2.0/modules/libgail.so
88ed0000-88ed1000 rw-p 0005a000 08:01 1709112    /usr/lib/i386-linux-gnu/gtk-2.0/modules/libgail.so
88ed1000-88ed8000 r-xp 00000000 08:01 1707077    /usr/lib/i386-linux-gnu/libdatrie.so.1.3.1
88ed8000-88ed9000 r--p 00006000 08:01 1707077    /usr/lib/i386-linux-gnu/libdatrie.so.1.3.1
88ed9000-88eda000 rw-p 00007000 08:01 1707077    /usr/lib/i386-linux-gnu/libdatrie.so.1.3.1
88eda000-88ef5000 r-xp 00000000 08:01 1707300    /usr/lib/i386-linux-gnu/libgraphite2.so.3.0.1
88ef5000-88ef6000 r--p 0001b000 08:01 1707300    /usr/lib/i386-linux-gnu/libgraphite2.so.3.0.1
88ef6000-88ef7000 rw-p 0001c000 08:01 1707300    /usr/lib/i386-linux-gnu/libgraphite2.so.3.0.1
88ef7000-88eff000 r-xp 00000000 08:01 1707828    /usr/lib/i386-linux-gnu/libthai.so.0.2.0
88eff000-88f00000 r--p 00007000 08:01 1707828    /usr/lib/i386-linux-gnu/libthai.so.0.2.0
88f00000-88f01000 rw-p 00008000 08:01 1707828    /usr/lib/i386-linux-gnu/libthai.so.0.2.0
88f01000-88f5d000 r-xp 00000000 08:01 1707422    /usr/lib/i386-linux-gnu/libharfbuzz.so.0.937.0
88f5d000-88f5e000 r--p 0005b000 08:01 1707422    /usr/lib/i386-linux-gnu/libharfbuzz.so.0.937.0
88f5e000-88f5f000 rw-p 0005c000 08:01 1707422    /usr/lib/i386-linux-gnu/libharfbuzz.so.0.937.0
88f5f000-88fcf000 r-xp 00000000 08:01 1049765    /lib/i386-linux-gnu/libpcre.so.3.13.1
88fcf000-88fd0000 r--p 0006f000 08:01 1049765    /lib/i386-linux-gnu/libpcre.so.3.13.1
88fd0000-88fd1000 rw-p 00070000 08:01 1049765    /lib/i386-linux-gnu/libpcre.so.3.13.1
88fd1000-88fe5000 r-xp 00000000 08:01 1049840    /lib/i386-linux-gnu/libresolv-2.21.so
88fe5000-88fe7000 r--p 00013000 08:01 1049840    /lib/i386-linux-gnu/libresolv-2.21.so
88fe7000-88fe8000 rw-p 00015000 08:01 1049840    /lib/i386-linux-gnu/libresolv-2.21.so
88fe8000-88fea000 rw-p 00000000 00:00 0 
88fea000-8900e000 r-xp 00000000 08:01 1049844    /lib/i386-linux-gnu/libselinux.so.1
8900e000-8900f000 r--p 00024000 08:01 1049844    /lib/i386-linux-gnu/libselinux.so.1
8900f000-89010000 rw-p 00025000 08:01 1049844    /lib/i386-linux-gnu/libselinux.so.1
89010000-89011000 rw-p 00000000 00:00 0 
89011000-89019000 r-xp 00000000 08:01 1707978    /usr/lib/i386-linux-gnu/libxcb-render.so.0.0.0
89019000-8901a000 r--p 00008000 08:01 1707978    /usr/lib/i386-linux-gnu/libxcb-render.so.0.0.0
8901a000-8901b000 rw-p 00009000 08:01 1707978    /usr/lib/i386-linux-gnu/libxcb-render.so.0.0.0
8901b000-89045000 r-xp 00000000 08:01 1049735    /lib/i386-linux-gnu/libpng12.so.0.51.0
89045000-89046000 r--p 00029000 08:01 1049735    /lib/i386-linux-gnu/libpng12.so.0.51.0
89046000-89047000 rw-p 0002a000 08:01 1049735    /lib/i386-linux-gnu/libpng12.so.0.51.0
89047000-890f2000 r-xp 00000000 08:01 1704227    /usr/lib/i386-linux-gnu/libfreetype.so.6.11.1
890f2000-890f6000 r--p 000aa000 08:01 1704227    /usr/lib/i386-linux-gnu/libfreetype.so.6.11.1
890f6000-890f7000 rw-p 000ae000 08:01 1704227    /usr/lib/i386-linux-gnu/libfreetype.so.6.11.1
890f7000-891a2000 r-xp 00000000 08:01 1707670    /usr/lib/i386-linux-gnu/libpixman-1.so.0.32.6
891a2000-891a9000 r--p 000aa000 08:01 1707670    /usr/lib/i386-linux-gnu/libpixman-1.so.0.32.6
891a9000-891aa000 rw-p 000b1000 08:01 1707670    /usr/lib/i386-linux-gnu/libpixman-1.so.0.32.6
891aa000-891b3000 r-xp 00000000 08:01 1706891    /usr/lib/i386-linux-gnu/libXcursor.so.1.0.2
891b3000-891b4000 r--p 00008000 08:01 1706891    /usr/lib/i386-linux-gnu/libXcursor.so.1.0.2
891b4000-891b5000 rw-p 00009000 08:01 1706891    /usr/lib/i386-linux-gnu/libXcursor.so.1.0.2
891b5000-891be000 r-xp 00000000 08:01 1706917    /usr/lib/i386-linux-gnu/libXrandr.so.2.2.0
891be000-891bf000 r--p 00008000 08:01 1706917    /usr/lib/i386-linux-gnu/libXrandr.so.2.2.0
891bf000-891c0000 rw-p 00009000 08:01 1706917    /usr/lib/i386-linux-gnu/libXrandr.so.2.2.0
891c0000-891d0000 r-xp 00000000 08:01 1706905    /usr/lib/i386-linux-gnu/libXi.so.6.1.0
891d0000-891d1000 r--p 00010000 08:01 1706905    /usr/lib/i386-linux-gnu/libXi.so.6.1.0
891d1000-891d2000 rw-p 00011000 08:01 1706905    /usr/lib/i386-linux-gnu/libXi.so.6.1.0
891d2000-891dc000 r-xp 00000000 08:01 1706919    /usr/lib/i386-linux-gnu/libXrender.so.1.3.0
891dc000-891dd000 r--p 00009000 08:01 1706919    /usr/lib/i386-linux-gnu/libXrender.so.1.3.0
891dd000-891de000 rw-p 0000a000 08:01 1706919    /usr/lib/i386-linux-gnu/libXrender.so.1.3.0
891de000-8921f000 r-xp 00000000 08:01 1707182    /usr/lib/i386-linux-gnu/libfontconfig.so.1.8.0
8921f000-89220000 r--p 00040000 08:01 1707182    /usr/lib/i386-linux-gnu/libfontconfig.so.1.8.0
89220000-89221000 rw-p 00041000 08:01 1707182    /usr/lib/i386-linux-gnu/libfontconfig.so.1.8.0
89221000-89271000 r-xp 00000000 08:01 1707645    /usr/lib/i386-linux-gnu/libpango-1.0.so.0.3600.8
89271000-89272000 r--p 00050000 08:01 1707645    /usr/lib/i386-linux-gnu/libpango-1.0.so.0.3600.8
89272000-89273000 rw-p 00051000 08:01 1707645    /usr/lib/i386-linux-gnu/libpango-1.0.so.0.3600.8
89273000-89288000 r-xp 00000000 08:01 1707649    /usr/lib/i386-linux-gnu/libpangoft2-1.0.so.0.3600.8
89288000-89289000 r--p 00015000 08:01 1707649    /usr/lib/i386-linux-gnu/libpangoft2-1.0.so.0.3600.8
89289000-8928a000 rw-p 00016000 08:01 1707649    /usr/lib/i386-linux-gnu/libpangoft2-1.0.so.0.3600.8
8928a000-892ae000 r-xp 00000000 08:01 1706970    /usr/lib/i386-linux-gnu/libatk-1.0.so.0.21409.1
892ae000-892b0000 r--p 00023000 08:01 1706970    /usr/lib/i386-linux-gnu/libatk-1.0.so.0.21409.1
892b0000-892b1000 rw-p 00025000 08:01 1706970    /usr/lib/i386-linux-gnu/libatk-1.0.so.0.21409.1
892b1000-892bd000 r-xp 00000000 08:01 1707647    /usr/lib/i386-linux-gnu/libpangocairo-1.0.so.0.3600.8
892bd000-892be000 r--p 0000b000 08:01 1707647    /usr/lib/i386-linux-gnu/libpangocairo-1.0.so.0.3600.8
892be000-892bf000 rw-p 0000c000 08:01 1707647    /usr/lib/i386-linux-gnu/libpangocairo-1.0.so.0.3600.8
892bf000-893e5000 r-xp 00000000 08:01 1049729    /lib/i386-linux-gnu/libglib-2.0.so.0.4400.1
893e5000-893e6000 r--p 00125000 08:01 1049729    /lib/i386-linux-gnu/libglib-2.0.so.0.4400.1
893e6000-893e7000 rw-p 00126000 08:01 1049729    /lib/i386-linux-gnu/libglib-2.0.so.0.4400.1
893e7000-89442000 r-xp 00000000 08:01 1704311    /usr/lib/i386-linux-gnu/libgobject-2.0.so.0.4400.1
89442000-89443000 r--p 0005b000 08:01 1704311    /usr/lib/i386-linux-gnu/libgobject-2.0.so.0.4400.1
89443000-89444000 rw-p 0005c000 08:01 1704311    /usr/lib/i386-linux-gnu/libgobject-2.0.so.0.4400.1
89444000-895fd000 r-xp 00000000 08:01 1704290    /usr/lib/i386-linux-gnu/libgio-2.0.so.0.4400.1
895fd000-89600000 r--p 001b8000 08:01 1704290    /usr/lib/i386-linux-gnu/libgio-2.0.so.0.4400.1
89600000-89602000 rw-p 001bb000 08:01 1704290    /usr/lib/i386-linux-gnu/libgio-2.0.so.0.4400.1
89602000-89603000 rw-p 00000000 00:00 0 
89603000-89746000 r-xp 00000000 08:01 1707014    /usr/lib/i386-linux-gnu/libcairo.so.2.11400.2
89746000-89748000 r--p 00143000 08:01 1707014    /usr/lib/i386-linux-gnu/libcairo.so.2.11400.2
89748000-89749000 rw-p 00145000 08:01 1707014    /usr/lib/i386-linux-gnu/libcairo.so.2.11400.2
89749000-8974a000 rw-p 00000000 00:00 0 
8974a000-89807000 r-xp 00000000 08:01 1707238    /usr/lib/i386-linux-gnu/libgdk-x11-2.0.so.0.2400.27
89807000-89809000 r--p 000bd000 08:01 1707238    /usr/lib/i386-linux-gnu/libgdk-x11-2.0.so.0.2400.27
89809000-8980a000 rw-p 000bf000 08:01 1707238    /usr/lib/i386-linux-gnu/libgdk-x11-2.0.so.0.2400.27
8980a000-89cf8000 r-xp 00000000 08:01 1707398    /usr/lib/i386-linux-gnu/libgtk-x11-2.0.so.0.2400.27
89cf8000-89cfc000 r--p 004ee000 08:01 1707398    /usr/lib/i386-linux-gnu/libgtk-x11-2.0.so.0.2400.27
89cfc000-89cfe000 rw-p 004f2000 08:01 1707398    /usr/lib/i386-linux-gnu/libgtk-x11-2.0.so.0.2400.27
89cfe000-89d00000 rw-p 00000000 00:00 0 
89d00000-89dfb000 rw-p 00000000 00:00 0 
89dfb000-89e00000 ---p 00000000 00:00 0 
89e00000-89e01000 r--s 00000000 08:01 408180     /var/cache/fontconfig/56cf4f4769d0f4abc89a4895d7bd3ae1-le32d4.cache-4
89e01000-89e04000 r--s 00000000 08:01 408182     /var/cache/fontconfig/7ef2298fde41cc6eeb7af42e48b7d293-le32d4.cache-4
89e04000-89e06000 r-xp 00000000 08:01 1707982    /usr/lib/i386-linux-gnu/libxcb-shm.so.0.0.0
89e06000-89e07000 r--p 00001000 08:01 1707982    /usr/lib/i386-linux-gnu/libxcb-shm.so.0.0.0
89e07000-89e08000 rw-p 00002000 08:01 1707982    /usr/lib/i386-linux-gnu/libxcb-shm.so.0.0.0
89e08000-89e0b000 r-xp 00000000 08:01 1704306    /usr/lib/i386-linux-gnu/libgmodule-2.0.so.0.4400.1
89e0b000-89e0c000 r--p 00002000 08:01 1704306    /usr/lib/i386-linux-gnu/libgmodule-2.0.so.0.4400.1
89e0c000-89e0d000 rw-p 00003000 08:01 1704306    /usr/lib/i386-linux-gnu/libgmodule-2.0.so.0.4400.1
89e0d000-89e12000 r-xp 00000000 08:01 1706925    /usr/lib/i386-linux-gnu/libXtst.so.6.1.0
89e12000-89e13000 r--p 00004000 08:01 1706925    /usr/lib/i386-linux-gnu/libXtst.so.6.1.0
89e13000-89e14000 rw-p 00005000 08:01 1706925    /usr/lib/i386-linux-gnu/libXtst.so.6.1.0
89e14000-89e3a000 r-xp 00000000 08:01 1713442    /usr/lib/i386-linux-gnu/libgdk_pixbuf-2.0.so.0.3100.3
89e3a000-89e3b000 r--p 00026000 08:01 1713442    /usr/lib/i386-linux-gnu/libgdk_pixbuf-2.0.so.0.3100.3
89e3b000-89e3c000 rw-p 00027000 08:01 1713442    /usr/lib/i386-linux-gnu/libgdk_pixbuf-2.0.so.0.3100.3
89e3c000-89e3f000 r-xp 00000000 08:01 1447844    /usr/lib/jvm/java-8-openjdk-i386/jre/lib/i386/libjavafx_font.so
89e3f000-89e40000 r--p 00002000 08:01 1447844    /usr/lib/jvm/java-8-openjdk-i386/jre/lib/i386/libjavafx_font.so
89e40000-89e41000 rw-p 00003000 08:01 1447844    /usr/lib/jvm/java-8-openjdk-i386/jre/lib/i386/libjavafx_font.so
89e41000-89e45000 r-xp 00000000 08:01 1707020    /usr/lib/i386-linux-gnu/libcanberra-gtk.so.0.1.9
89e45000-89e46000 r--p 00003000 08:01 1707020    /usr/lib/i386-linux-gnu/libcanberra-gtk.so.0.1.9
89e46000-89e47000 rw-p 00004000 08:01 1707020    /usr/lib/i386-linux-gnu/libcanberra-gtk.so.0.1.9
89e47000-89e4c000 r-xp 00000000 08:01 1709110    /usr/lib/i386-linux-gnu/gtk-2.0/modules/libcanberra-gtk-module.so
89e4c000-89e4d000 r--p 00004000 08:01 1709110    /usr/lib/i386-linux-gnu/gtk-2.0/modules/libcanberra-gtk-module.so
89e4d000-89e4e000 rw-p 00005000 08:01 1709110    /usr/lib/i386-linux-gnu/gtk-2.0/modules/libcanberra-gtk-module.so
89e4e000-89e4f000 r-xp 00000000 08:01 1709109    /usr/lib/i386-linux-gnu/gtk-2.0/modules/libatk-bridge.so
89e4f000-89e50000 r--p 00000000 08:01 1709109    /usr/lib/i386-linux-gnu/gtk-2.0/modules/libatk-bridge.so
89e50000-89e51000 rw-p 00001000 08:01 1709109    /usr/lib/i386-linux-gnu/gtk-2.0/modules/libatk-bridge.so
89e51000-89e75000 r-xp 00000000 08:01 1447843    /usr/lib/jvm/java-8-openjdk-i386/jre/lib/i386/libglass.so
89e75000-89e76000 r--p 00024000 08:01 1447843    /usr/lib/jvm/java-8-openjdk-i386/jre/lib/i386/libglass.so
89e76000-89e77000 rw-p 00025000 08:01 1447843    /usr/lib/jvm/java-8-openjdk-i386/jre/lib/i386/libglass.so
89e77000-89eac000 r-xp 00000000 08:01 1707847    /usr/lib/i386-linux-gnu/libtxc_dxtn_s2tc.so.0.0.0
89eac000-89ead000 r--p 00034000 08:01 1707847    /usr/lib/i386-linux-gnu/libtxc_dxtn_s2tc.so.0.0.0
89ead000-89eae000 rw-p 00035000 08:01 1707847    /usr/lib/i386-linux-gnu/libtxc_dxtn_s2tc.so.0.0.0
89eae000-89eaf000 ---p 00000000 00:00 0 
89eaf000-8a6af000 rw-p 00000000 00:00 0          [stack:3675]
8a6af000-8a6b0000 ---p 00000000 00:00 0 
8a6b0000-8aeb0000 rw-p 00000000 00:00 0          [stack:3674]
8aeb0000-8aed0000 r-xp 00000000 08:01 1049858    /lib/i386-linux-gnu/libtinfo.so.5.9
8aed0000-8aed2000 r--p 0001f000 08:01 1049858    /lib/i386-linux-gnu/libtinfo.so.5.9
8aed2000-8aed3000 rw-p 00021000 08:01 1049858    /lib/i386-linux-gnu/libtinfo.so.5.9
8aed3000-8af07000 r-xp 00000000 08:01 1707138    /usr/lib/i386-linux-gnu/libedit.so.2.0.51
8af07000-8af08000 r--p 00034000 08:01 1707138    /usr/lib/i386-linux-gnu/libedit.so.2.0.51
8af08000-8af09000 rw-p 00035000 08:01 1707138    /usr/lib/i386-linux-gnu/libedit.so.2.0.51
8af09000-8af0b000 rw-p 00000000 00:00 0 
8af0b000-8af12000 r-xp 00000000 08:01 1707174    /usr/lib/i386-linux-gnu/libffi.so.6.0.4
8af12000-8af14000 r--p 00006000 08:01 1707174    /usr/lib/i386-linux-gnu/libffi.so.6.0.4
8af14000-8af15000 rw-p 00008000 08:01 1707174    /usr/lib/i386-linux-gnu/libffi.so.6.0.4
8af15000-8d02d000 r-xp 00000000 08:01 1706809    /usr/lib/i386-linux-gnu/libLLVM-3.6.so.1
8d02d000-8d1a9000 r--p 02117000 08:01 1706809    /usr/lib/i386-linux-gnu/libLLVM-3.6.so.1
8d1a9000-8d1ad000 rw-p 02293000 08:01 1706809    /usr/lib/i386-linux-gnu/libLLVM-3.6.so.1
8d1ad000-8d1b9000 rw-p 00000000 00:00 0 
8d1b9000-8d1d0000 r-xp 00000000 08:01 1707139    /usr/lib/i386-linux-gnu/libelf-0.160.so
8d1d0000-8d1d1000 r--p 00016000 08:01 1707139    /usr/lib/i386-linux-gnu/libelf-0.160.so
8d1d1000-8d1d2000 rw-p 00017000 08:01 1707139    /usr/lib/i386-linux-gnu/libelf-0.160.so
8d1d2000-8d1df000 r-xp 00000000 08:01 1707126    /usr/lib/i386-linux-gnu/libdrm_radeon.so.1.0.1
8d1df000-8d1e0000 r--p 0000c000 08:01 1707126    /usr/lib/i386-linux-gnu/libdrm_radeon.so.1.0.1
8d1e0000-8d1e1000 rw-p 0000d000 08:01 1707126    /usr/lib/i386-linux-gnu/libdrm_radeon.so.1.0.1
8d1e1000-8d1e7000 r-xp 00000000 08:01 1707124    /usr/lib/i386-linux-gnu/libdrm_nouveau.so.2.0.0
8d1e7000-8d1e8000 r--p 00005000 08:01 1707124    /usr/lib/i386-linux-gnu/libdrm_nouveau.so.2.0.0
8d1e8000-8d1e9000 rw-p 00006000 08:01 1707124    /usr/lib/i386-linux-gnu/libdrm_nouveau.so.2.0.0
8d1e9000-8da01000 r-xp 00000000 08:01 1709289    /usr/lib/i386-linux-gnu/dri/swrast_dri.so
8da01000-8da3f000 r--p 00817000 08:01 1709289    /usr/lib/i386-linux-gnu/dri/swrast_dri.so
8da3f000-8da48000 rw-p 00855000 08:01 1709289    /usr/lib/i386-linux-gnu/dri/swrast_dri.so
8da48000-8dc2b000 rw-p 00000000 00:00 0 
8dc2b000-8dc2d000 r-xp 00000000 08:01 1706889    /usr/lib/i386-linux-gnu/libXcomposite.so.1.0.0
8dc2d000-8dc2e000 r--p 00001000 08:01 1706889    /usr/lib/i386-linux-gnu/libXcomposite.so.1.0.0
8dc2e000-8dc2f000 rw-p 00002000 08:01 1706889    /usr/lib/i386-linux-gnu/libXcomposite.so.1.0.0
8dc2f000-8dcd5000 r-xp 00000000 08:01 1717685    /usr/lib/VBoxOGLcrutil.so
8dcd5000-8dcde000 r--p 000a6000 08:01 1717685    /usr/lib/VBoxOGLcrutil.so
8dcde000-8dce0000 rw-p 000af000 08:01 1717685    /usr/lib/VBoxOGLcrutil.so
8dce0000-8dce4000 rw-p 00000000 00:00 0 
8dce4000-8ddd4000 r-xp 00000000 08:01 1717678    /usr/lib/VBoxOGL.so
8ddd4000-8dddf000 r--p 000f0000 08:01 1717678    /usr/lib/VBoxOGL.so
8dddf000-8dde3000 rw-p 000fb000 08:01 1717678    /usr/lib/VBoxOGL.so
8dde3000-8ddea000 rw-p 00000000 00:00 0 
8ddea000-8ddfe000 r-xp 00000000 08:01 1049848    /lib/i386-linux-gnu/libudev.so.1.6.2
8ddfe000-8ddff000 r--p 00013000 08:01 1049848    /lib/i386-linux-gnu/libudev.so.1.6.2
8ddff000-8de00000 rw-p 00014000 08:01 1049848    /lib/i386-linux-gnu/libudev.so.1.6.2
8de00000-8de05000 r-xp 00000000 08:01 1706895    /usr/lib/i386-linux-gnu/libXdmcp.so.6.0.0
8de05000-8de06000 r--p 00004000 08:01 1706895    /usr/lib/i386-linux-gnu/libXdmcp.so.6.0.0
8de06000-8de07000 rw-p 00005000 08:01 1706895    /usr/lib/i386-linux-gnu/libXdmcp.so.6.0.0
8de07000-8deac000 r-xp 00000000 08:01 1708243    /usr/lib/i386-linux-gnu/mesa/libGL.so.1.2.0
8deac000-8deaf000 r--p 000a4000 08:01 1708243    /usr/lib/i386-linux-gnu/mesa/libGL.so.1.2.0
8deaf000-8deb4000 rwxp 000a7000 08:01 1708243    /usr/lib/i386-linux-gnu/mesa/libGL.so.1.2.0
8deb4000-8deb5000 rwxp 00000000 00:00 0 
8deb5000-8dffc000 r-xp 00000000 08:01 1706880    /usr/lib/i386-linux-gnu/libX11.so.6.3.0
8dffc000-8dffd000 r--p 00146000 08:01 1706880    /usr/lib/i386-linux-gnu/libX11.so.6.3.0
8dffd000-8dfff000 rw-p 00147000 08:01 1706880    /usr/lib/i386-linux-gnu/libX11.so.6.3.0
8dfff000-8e000000 rw-p 00000000 00:00 0 
8e000000-8e0fc000 rw-p 00000000 00:00 0 
8e0fc000-8e100000 ---p 00000000 00:00 0 
8e100000-8e102000 r--s 00000000 08:01 408312     /var/cache/fontconfig/e13b20fdb08344e0e664864cc2ede53d-le32d4.cache-4
8e102000-8e104000 r-xp 00000000 08:01 1706884    /usr/lib/i386-linux-gnu/libXau.so.6.0.0
8e104000-8e105000 r--p 00001000 08:01 1706884    /usr/lib/i386-linux-gnu/libXau.so.6.0.0
8e105000-8e106000 rw-p 00002000 08:01 1706884    /usr/lib/i386-linux-gnu/libXau.so.6.0.0
8e106000-8e113000 r-xp 00000000 08:01 1707120    /usr/lib/i386-linux-gnu/libdrm.so.2.4.0
8e113000-8e114000 r--p 0000c000 08:01 1707120    /usr/lib/i386-linux-gnu/libdrm.so.2.4.0
8e114000-8e115000 rw-p 0000d000 08:01 1707120    /usr/lib/i386-linux-gnu/libdrm.so.2.4.0
8e115000-8e119000 r-xp 00000000 08:01 1706935    /usr/lib/i386-linux-gnu/libXxf86vm.so.1.0.0
8e119000-8e11a000 r--p 00004000 08:01 1706935    /usr/lib/i386-linux-gnu/libXxf86vm.so.1.0.0
8e11a000-8e11b000 rw-p 00005000 08:01 1706935    /usr/lib/i386-linux-gnu/libXxf86vm.so.1.0.0
8e11b000-8e131000 r-xp 00000000 08:01 1707970    /usr/lib/i386-linux-gnu/libxcb-glx.so.0.0.0
8e131000-8e132000 r--p 00016000 08:01 1707970    /usr/lib/i386-linux-gnu/libxcb-glx.so.0.0.0
8e132000-8e133000 rw-p 00017000 08:01 1707970    /usr/lib/i386-linux-gnu/libxcb-glx.so.0.0.0
8e133000-8e159000 r-xp 00000000 08:01 1049721    /lib/i386-linux-gnu/libexpat.so.1.6.0
8e159000-8e15b000 r--p 00026000 08:01 1049721    /lib/i386-linux-gnu/libexpat.so.1.6.0
8e15b000-8e15c000 rw-p 00028000 08:01 1049721    /lib/i386-linux-gnu/libexpat.so.1.6.0
8e15c000-8e200000 r--s 009b3000 08:01 1580977    /home/ait-user/repos/JEFather/JEConfig/target/JEConfig-3.0.14.jar (deleted)
8e200000-8e2fe000 rw-p 00000000 00:00 0 
8e2fe000-8e300000 ---p 00000000 00:00 0 
8e300000-8e301000 r--s 00000000 08:01 408194     /var/cache/fontconfig/b9d506c9ac06c20b433354fa67a72993-le32d4.cache-4
8e301000-8e302000 r-xp 00000000 08:01 1708000    /usr/lib/i386-linux-gnu/libxshmfence.so.1.0.0
8e302000-8e303000 r--p 00000000 08:01 1708000    /usr/lib/i386-linux-gnu/libxshmfence.so.1.0.0
8e303000-8e304000 rw-p 00001000 08:01 1708000    /usr/lib/i386-linux-gnu/libxshmfence.so.1.0.0
8e304000-8e309000 r-xp 00000000 08:01 1707984    /usr/lib/i386-linux-gnu/libxcb-sync.so.1.0.0
8e309000-8e30a000 r--p 00004000 08:01 1707984    /usr/lib/i386-linux-gnu/libxcb-sync.so.1.0.0
8e30a000-8e30b000 rw-p 00005000 08:01 1707984    /usr/lib/i386-linux-gnu/libxcb-sync.so.1.0.0
8e30b000-8e30d000 r-xp 00000000 08:01 1707974    /usr/lib/i386-linux-gnu/libxcb-present.so.0.0.0
8e30d000-8e30e000 r--p 00001000 08:01 1707974    /usr/lib/i386-linux-gnu/libxcb-present.so.0.0.0
8e30e000-8e30f000 rw-p 00002000 08:01 1707974    /usr/lib/i386-linux-gnu/libxcb-present.so.0.0.0
8e30f000-8e322000 r-xp 00000000 08:01 1706897    /usr/lib/i386-linux-gnu/libXext.so.6.4.0
8e322000-8e323000 r--p 00012000 08:01 1706897    /usr/lib/i386-linux-gnu/libXext.so.6.4.0
8e323000-8e324000 rw-p 00013000 08:01 1706897    /usr/lib/i386-linux-gnu/libXext.so.6.4.0
8e324000-8e344000 r-xp 00000000 08:01 1707992    /usr/lib/i386-linux-gnu/libxcb.so.1.1.0
8e344000-8e345000 r--p 0001f000 08:01 1707992    /usr/lib/i386-linux-gnu/libxcb.so.1.1.0
8e345000-8e346000 rw-p 00020000 08:01 1707992    /usr/lib/i386-linux-gnu/libxcb.so.1.1.0
8e346000-8e349000 ---p 00000000 00:00 0 
8e349000-8e397000 rw-p 00000000 00:00 0          [stack:3671]
8e397000-8e42c000 r--s 008e8000 08:01 275463     /usr/share/java/openjfx/jre/lib/ext/jfxrt.jar
8e42c000-8e42d000 ---p 00000000 00:00 0 
8e42d000-8e4ad000 rw-p 00000000 00:00 0          [stack:3670]
8e4ad000-8e4b0000 ---p 00000000 00:00 0 
8e4b0000-8e4fe000 rw-p 00000000 00:00 0          [stack:3669]
8e4fe000-8e501000 ---p 00000000 00:00 0 
8e501000-8e57f000 rw-p 00000000 00:00 0          [stack:3668]
8e57f000-8e582000 ---p 00000000 00:00 0 
8e582000-8e600000 rw-p 00000000 00:00 0          [stack:3667]
8e600000-8e800000 r--p 00000000 08:01 1711964    /usr/lib/locale/locale-archive
8e800000-8e821000 rw-p 00000000 00:00 0 
8e821000-8e900000 ---p 00000000 00:00 0 
8e900000-8e902000 r-xp 00000000 08:01 1707968    /usr/lib/i386-linux-gnu/libxcb-dri3.so.0.0.0
8e902000-8e903000 r--p 00001000 08:01 1707968    /usr/lib/i386-linux-gnu/libxcb-dri3.so.0.0.0
8e903000-8e904000 rw-p 00002000 08:01 1707968    /usr/lib/i386-linux-gnu/libxcb-dri3.so.0.0.0
8e904000-8e915000 r-xp 00000000 08:01 1708245    /usr/lib/i386-linux-gnu/libglapi.so.0.0.0
8e915000-8e917000 r--p 00011000 08:01 1708245    /usr/lib/i386-linux-gnu/libglapi.so.0.0.0
8e917000-8e91c000 rwxp 00013000 08:01 1708245    /usr/lib/i386-linux-gnu/libglapi.so.0.0.0
8e91c000-8e91d000 rwxp 00000000 00:00 0 
8e91d000-8e920000 ---p 00000000 00:00 0 
8e920000-8e96e000 rw-p 00000000 00:00 0          [stack:3666]
8e96e000-8e9af000 r--p 00857000 08:01 1711964    /usr/lib/locale/locale-archive
8e9af000-8e9b2000 ---p 00000000 00:00 0 
8e9b2000-8ea00000 rw-p 00000000 00:00 0          [stack:3665]
8ea00000-8eaf5000 rw-p 00000000 00:00 0 
8eaf5000-8eb00000 ---p 00000000 00:00 0 
8eb00000-8eb01000 r--s 00000000 08:01 408179     /var/cache/fontconfig/551ecf3b0e8b0bca0f25c0944f561853-le32d4.cache-4
8eb01000-8eb05000 r-xp 00000000 08:01 1707966    /usr/lib/i386-linux-gnu/libxcb-dri2.so.0.0.0
8eb05000-8eb06000 r--p 00003000 08:01 1707966    /usr/lib/i386-linux-gnu/libxcb-dri2.so.0.0.0
8eb06000-8eb07000 rw-p 00004000 08:01 1707966    /usr/lib/i386-linux-gnu/libxcb-dri2.so.0.0.0
8eb07000-8eb0c000 r-xp 00000000 08:01 1706899    /usr/lib/i386-linux-gnu/libXfixes.so.3.1.0
8eb0c000-8eb0d000 r--p 00004000 08:01 1706899    /usr/lib/i386-linux-gnu/libXfixes.so.3.1.0
8eb0d000-8eb0e000 rw-p 00005000 08:01 1706899    /usr/lib/i386-linux-gnu/libXfixes.so.3.1.0
8eb0e000-8eb10000 r-xp 00000000 08:01 1706907    /usr/lib/i386-linux-gnu/libXinerama.so.1.0.0
8eb10000-8eb11000 r--p 00001000 08:01 1706907    /usr/lib/i386-linux-gnu/libXinerama.so.1.0.0
8eb11000-8eb12000 rw-p 00002000 08:01 1706907    /usr/lib/i386-linux-gnu/libXinerama.so.1.0.0
8eb12000-8eb21000 r-xp 00000000 08:01 1447838    /usr/lib/jvm/java-8-openjdk-i386/jre/lib/i386/libprism_sw.so
8eb21000-8eb22000 r--p 0000e000 08:01 1447838    /usr/lib/jvm/java-8-openjdk-i386/jre/lib/i386/libprism_sw.so
8eb22000-8eb23000 rw-p 0000f000 08:01 1447838    /usr/lib/jvm/java-8-openjdk-i386/jre/lib/i386/libprism_sw.so
8eb23000-8eb2e000 r-xp 00000000 08:01 1447847    /usr/lib/jvm/java-8-openjdk-i386/jre/lib/i386/libprism_es2.so
8eb2e000-8eb2f000 r--p 0000a000 08:01 1447847    /usr/lib/jvm/java-8-openjdk-i386/jre/lib/i386/libprism_es2.so
8eb2f000-8eb30000 rw-p 0000b000 08:01 1447847    /usr/lib/jvm/java-8-openjdk-i386/jre/lib/i386/libprism_es2.so
8eb30000-8eb33000 ---p 00000000 00:00 0 
8eb33000-8eb81000 rw-p 00000000 00:00 0          [stack:3664]
8eb81000-8eb82000 ---p 00000000 00:00 0 
8eb82000-8ec4f000 rw-p 00000000 00:00 0          [stack:3663]
8ec4f000-8ee1c000 r--s 03bd3000 08:01 1444234    /usr/lib/jvm/java-8-openjdk-i386/jre/lib/rt.jar
8ee1c000-8f2bd000 rw-p 00000000 00:00 0 
8f2bd000-8f2c3000 ---p 00000000 00:00 0 
8f2c3000-8f339000 rw-p 00000000 00:00 0 
8f339000-8f342000 ---p 00000000 00:00 0 
8f342000-8f37d000 rw-p 00000000 00:00 0 
8f37d000-8f381000 ---p 00000000 00:00 0 
8f381000-8f3f7000 rw-p 00000000 00:00 0 
8f3f7000-8f3ff000 ---p 00000000 00:00 0 
8f3ff000-96960000 rw-p 00000000 00:00 0 
96960000-97200000 ---p 00000000 00:00 0 
97200000-a5caa000 rw-p 00000000 00:00 0 
a5caa000-a6e00000 ---p 00000000 00:00 0 
a6e00000-a6e01000 r-xp 00000000 08:01 1706878    /usr/lib/i386-linux-gnu/libX11-xcb.so.1.0.0
a6e01000-a6e02000 r--p 00000000 08:01 1706878    /usr/lib/i386-linux-gnu/libX11-xcb.so.1.0.0
a6e02000-a6e03000 rw-p 00001000 08:01 1706878    /usr/lib/i386-linux-gnu/libX11-xcb.so.1.0.0
a6e03000-a6e05000 r-xp 00000000 08:01 1706893    /usr/lib/i386-linux-gnu/libXdamage.so.1.1.0
a6e05000-a6e06000 r--p 00001000 08:01 1706893    /usr/lib/i386-linux-gnu/libXdamage.so.1.1.0
a6e06000-a6e07000 rw-p 00002000 08:01 1706893    /usr/lib/i386-linux-gnu/libXdamage.so.1.1.0
a6e07000-a6e0a000 r--s 00037000 08:01 1444238    /usr/lib/jvm/java-8-openjdk-i386/jre/lib/ext/sunpkcs11.jar
a6e0a000-a6e24000 r--s 001d3000 08:01 1444240    /usr/lib/jvm/java-8-openjdk-i386/jre/lib/ext/nashorn.jar
a6e24000-a6e40000 r--s 00393000 08:01 1444242    /usr/lib/jvm/java-8-openjdk-i386/jre/lib/ext/cldrdata.jar
a6e40000-a6e89000 rw-p 00000000 00:00 0 
a6e89000-a7200000 ---p 00000000 00:00 0 
a7200000-a8420000 rwxp 00000000 00:00 0 
a8420000-b6200000 ---p 00000000 00:00 0 
b6200000-b62ef000 rw-p 00000000 00:00 0 
b62ef000-b6300000 ---p 00000000 00:00 0 
b6300000-b6301000 r--s 00000000 08:01 408168     /var/cache/fontconfig/0c9eb80ebd1c36541ebe2852d3bb0c49-le32d4.cache-4
b6301000-b6303000 r--s 00006000 08:01 274690     /usr/share/java/java-atk-wrapper.jar
b6303000-b630e000 r--s 00116000 08:01 1444245    /usr/lib/jvm/java-8-openjdk-i386/jre/lib/ext/localedata.jar
b630e000-b6310000 r--s 00001000 08:01 1444243    /usr/lib/jvm/java-8-openjdk-i386/jre/lib/ext/dnsns.jar
b6310000-b6311000 r--s 00008000 08:01 1444244    /usr/lib/jvm/java-8-openjdk-i386/jre/lib/ext/sunec.jar
b6311000-b6317000 r--s 0003a000 08:01 1444239    /usr/lib/jvm/java-8-openjdk-i386/jre/lib/ext/sunjce_provider.jar
b6317000-b6323000 r-xp 00000000 08:01 1049787    /lib/i386-linux-gnu/libnss_files-2.21.so
b6323000-b6324000 r--p 0000b000 08:01 1049787    /lib/i386-linux-gnu/libnss_files-2.21.so
b6324000-b6325000 rw-p 0000c000 08:01 1049787    /lib/i386-linux-gnu/libnss_files-2.21.so
b6325000-b6330000 r-xp 00000000 08:01 1049797    /lib/i386-linux-gnu/libnss_nis-2.21.so
b6330000-b6331000 r--p 0000a000 08:01 1049797    /lib/i386-linux-gnu/libnss_nis-2.21.so
b6331000-b6332000 rw-p 0000b000 08:01 1049797    /lib/i386-linux-gnu/libnss_nis-2.21.so
b6332000-b6349000 r-xp 00000000 08:01 1049781    /lib/i386-linux-gnu/libnsl-2.21.so
b6349000-b634a000 r--p 00016000 08:01 1049781    /lib/i386-linux-gnu/libnsl-2.21.so
b634a000-b634b000 rw-p 00017000 08:01 1049781    /lib/i386-linux-gnu/libnsl-2.21.so
b634b000-b634d000 rw-p 00000000 00:00 0 
b634d000-b6355000 r-xp 00000000 08:01 1049783    /lib/i386-linux-gnu/libnss_compat-2.21.so
b6355000-b6356000 r--p 00007000 08:01 1049783    /lib/i386-linux-gnu/libnss_compat-2.21.so
b6356000-b6357000 rw-p 00008000 08:01 1049783    /lib/i386-linux-gnu/libnss_compat-2.21.so
b6357000-b635a000 r--s 0000f000 08:01 1444237    /usr/lib/jvm/java-8-openjdk-i386/jre/lib/ext/icedtea-sound.jar
b635a000-b6362000 r-xp 00000000 08:01 1444284    /usr/lib/jvm/java-8-openjdk-i386/jre/lib/i386/libzip.so
b6362000-b6363000 r--p 00007000 08:01 1444284    /usr/lib/jvm/java-8-openjdk-i386/jre/lib/i386/libzip.so
b6363000-b6364000 rw-p 00008000 08:01 1444284    /usr/lib/jvm/java-8-openjdk-i386/jre/lib/i386/libzip.so
b6364000-b636c000 rw-s 00000000 08:01 1324946    /tmp/hsperfdata_ait-user/3661
b636c000-b6393000 r-xp 00000000 08:01 1444268    /usr/lib/jvm/java-8-openjdk-i386/jre/lib/i386/libjava.so
b6393000-b6394000 r--p 00026000 08:01 1444268    /usr/lib/jvm/java-8-openjdk-i386/jre/lib/i386/libjava.so
b6394000-b6395000 rw-p 00027000 08:01 1444268    /usr/lib/jvm/java-8-openjdk-i386/jre/lib/i386/libjava.so
b6395000-b639c000 r-xp 00000000 08:01 1049842    /lib/i386-linux-gnu/librt-2.21.so
b639c000-b639d000 r--p 00006000 08:01 1049842    /lib/i386-linux-gnu/librt-2.21.so
b639d000-b639e000 rw-p 00007000 08:01 1049842    /lib/i386-linux-gnu/librt-2.21.so
b639e000-b63a1000 ---p 00000000 00:00 0 
b63a1000-b63ef000 rw-p 00000000 00:00 0          [stack:3662]
b63ef000-b640b000 r-xp 00000000 08:01 1053282    /lib/i386-linux-gnu/libgcc_s.so.1
b640b000-b640c000 rw-p 0001b000 08:01 1053282    /lib/i386-linux-gnu/libgcc_s.so.1
b640c000-b6457000 r-xp 00000000 08:01 1049760    /lib/i386-linux-gnu/libm-2.21.so
b6457000-b6458000 r--p 0004a000 08:01 1049760    /lib/i386-linux-gnu/libm-2.21.so
b6458000-b6459000 rw-p 0004b000 08:01 1049760    /lib/i386-linux-gnu/libm-2.21.so
b6459000-b6542000 r-xp 00000000 08:01 1707810    /usr/lib/i386-linux-gnu/libstdc++.so.6.0.20
b6542000-b6546000 r--p 000e9000 08:01 1707810    /usr/lib/i386-linux-gnu/libstdc++.so.6.0.20
b6546000-b6547000 rw-p 000ed000 08:01 1707810    /usr/lib/i386-linux-gnu/libstdc++.so.6.0.20
b6547000-b654e000 rw-p 00000000 00:00 0 
b654e000-b7051000 r-xp 00000000 08:01 1444273    /usr/lib/jvm/java-8-openjdk-i386/jre/lib/i386/server/libjvm.so
b7051000-b709f000 r--p 00b02000 08:01 1444273    /usr/lib/jvm/java-8-openjdk-i386/jre/lib/i386/server/libjvm.so
b709f000-b70b6000 rw-p 00b50000 08:01 1444273    /usr/lib/jvm/java-8-openjdk-i386/jre/lib/i386/server/libjvm.so
b70b6000-b74d7000 rw-p 00000000 00:00 0 
b74d7000-b74f0000 r-xp 00000000 08:01 1049834    /lib/i386-linux-gnu/libpthread-2.21.so
b74f0000-b74f1000 r--p 00018000 08:01 1049834    /lib/i386-linux-gnu/libpthread-2.21.so
b74f1000-b74f2000 rw-p 00019000 08:01 1049834    /lib/i386-linux-gnu/libpthread-2.21.so
b74f2000-b74f4000 rw-p 00000000 00:00 0 
b74f4000-b74f7000 r-xp 00000000 08:01 1049719    /lib/i386-linux-gnu/libdl-2.21.so
b74f7000-b74f8000 r--p 00002000 08:01 1049719    /lib/i386-linux-gnu/libdl-2.21.so
b74f8000-b74f9000 rw-p 00003000 08:01 1049719    /lib/i386-linux-gnu/libdl-2.21.so
b74f9000-b7512000 r-xp 00000000 08:01 1049875    /lib/i386-linux-gnu/libz.so.1.2.8
b7512000-b7513000 r--p 00019000 08:01 1049875    /lib/i386-linux-gnu/libz.so.1.2.8
b7513000-b7514000 rw-p 0001a000 08:01 1049875    /lib/i386-linux-gnu/libz.so.1.2.8
b7514000-b7515000 rw-p 00000000 00:00 0 
b7515000-b76c9000 r-xp 00000000 08:01 1049704    /lib/i386-linux-gnu/libc-2.21.so
b76c9000-b76cc000 r--p 001b3000 08:01 1049704    /lib/i386-linux-gnu/libc-2.21.so
b76cc000-b76ce000 rw-p 001b6000 08:01 1049704    /lib/i386-linux-gnu/libc-2.21.so
b76ce000-b76d0000 rw-p 00000000 00:00 0 
b76d0000-b76d1000 r--s 00010000 08:01 1444241    /usr/lib/jvm/java-8-openjdk-i386/jre/lib/ext/zipfs.jar
b76d1000-b76d2000 r--p 00306000 08:01 1711964    /usr/lib/locale/locale-archive
b76d2000-b76d3000 rw-p 00000000 00:00 0 
b76d3000-b76d4000 r--p 00000000 00:00 0 
b76d4000-b76e2000 r-xp 00000000 08:01 1444267    /usr/lib/jvm/java-8-openjdk-i386/jre/lib/i386/libverify.so
b76e2000-b76e4000 r--p 0000d000 08:01 1444267    /usr/lib/jvm/java-8-openjdk-i386/jre/lib/i386/libverify.so
b76e4000-b76e5000 rw-p 0000f000 08:01 1444267    /usr/lib/jvm/java-8-openjdk-i386/jre/lib/i386/libverify.so
b76e5000-b76f2000 r-xp 00000000 08:01 1444252    /usr/lib/jvm/java-8-openjdk-i386/jre/lib/i386/jli/libjli.so
b76f2000-b76f3000 r--p 0000c000 08:01 1444252    /usr/lib/jvm/java-8-openjdk-i386/jre/lib/i386/jli/libjli.so
b76f3000-b76f4000 rw-p 0000d000 08:01 1444252    /usr/lib/jvm/java-8-openjdk-i386/jre/lib/i386/jli/libjli.so
b76f4000-b76f6000 rw-p 00000000 00:00 0 
b76f6000-b76f8000 r--p 00000000 00:00 0          [vvar]
b76f8000-b76f9000 r-xp 00000000 00:00 0          [vdso]
b76f9000-b771b000 r-xp 00000000 08:01 1049676    /lib/i386-linux-gnu/ld-2.21.so
b771b000-b771c000 r--p 00021000 08:01 1049676    /lib/i386-linux-gnu/ld-2.21.so
b771c000-b771d000 rw-p 00022000 08:01 1049676    /lib/i386-linux-gnu/ld-2.21.so
bfb15000-bfb16000 rwxp 00000000 00:00 0 
bfb48000-bfb69000 rw-p 00000000 00:00 0          [stack]

VM Arguments:
java_command: target/JEConfig-3.0.14.jar --datasource.class=org.jevis.api.sql.JEVisDataSourceSQL --datasource.host=localhost --datasource.port=3306 --datasource.schema=jevis --datasource.username=jevis --datasource.password=jevistest --fxlogin.logo=http://www.ait.ac.at/fileadmin/templates/tpl/images/ait_logo.jpg --fxlogin.css=http://openjevis.org/attachments/download/1268/fxlogin_ait.css --fxlogin.register=http://my-jevis.com
java_class_path (initial): target/JEConfig-3.0.14.jar
Launcher Type: SUN_STANDARD

Environment Variables:
PATH=/usr/local/sbin:/usr/local/bin:/usr/sbin:/usr/bin:/sbin:/bin:/usr/games:/usr/local/games
SHELL=/bin/bash
DISPLAY=:0.0

Signal Handlers:
SIGSEGV: [libjvm.so+0x8f4900], sa_mask[0]=11111111011111111101111111111110, sa_flags=SA_RESTART|SA_SIGINFO
SIGBUS: [libjvm.so+0x8f4900], sa_mask[0]=11111111011111111101111111111110, sa_flags=SA_RESTART|SA_SIGINFO
SIGFPE: [libjvm.so+0x75c6d0], sa_mask[0]=11111111011111111101111111111110, sa_flags=SA_RESTART|SA_SIGINFO
SIGPIPE: SIG_IGN, sa_mask[0]=00000000000010000000000000000000, sa_flags=SA_RESTART
SIGXFSZ: [libjvm.so+0x75c6d0], sa_mask[0]=11111111011111111101111111111110, sa_flags=SA_RESTART|SA_SIGINFO
SIGILL: [libjvm.so+0x75c6d0], sa_mask[0]=11111111011111111101111111111110, sa_flags=SA_RESTART|SA_SIGINFO
SIGUSR1: SIG_DFL, sa_mask[0]=00000000000000000000000000000000, sa_flags=none
SIGUSR2: [libjvm.so+0x75c510], sa_mask[0]=00000000000000000000000000000000, sa_flags=SA_RESTART|SA_SIGINFO
SIGHUP: [libjvm.so+0x75c7a0], sa_mask[0]=11111111011111111101111111111110, sa_flags=SA_RESTART|SA_SIGINFO
SIGINT: SIG_DFL, sa_mask[0]=01000000000000000000000000000000, sa_flags=SA_RESTART
SIGTERM: SIG_DFL, sa_mask[0]=00000000000000100000000000000000, sa_flags=SA_RESTART
SIGQUIT: [libjvm.so+0x75c7a0], sa_mask[0]=11111111011111111101111111111110, sa_flags=SA_RESTART|SA_SIGINFO


---------------  S Y S T E M  ---------------

OS:DISTRIB_ID=Ubuntu
DISTRIB_RELEASE=15.04
DISTRIB_CODENAME=vivid
DISTRIB_DESCRIPTION="Ubuntu 15.04"

uname:Linux 3.19.0-33-generic #38-Ubuntu SMP Fri Nov 6 18:17:18 UTC 2015 i686
libc:glibc 2.21 NPTL 2.21 
rlimit: STACK 8192k, CORE 0k, NPROC 11900, NOFILE 65536, AS infinity
load average:7,57 3,55 1,71

/proc/meminfo:
MemTotal:        1544156 kB
MemFree:           89892 kB
MemAvailable:      51640 kB
Buffers:            3440 kB
Cached:            37704 kB
SwapCached:        77920 kB
Active:           689120 kB
Inactive:         717808 kB
Active(anon):     673216 kB
Inactive(anon):   697984 kB
Active(file):      15904 kB
Inactive(file):    19824 kB
Unevictable:           0 kB
Mlocked:               0 kB
HighTotal:        659400 kB
HighFree:           8748 kB
LowTotal:         884756 kB
LowFree:           81144 kB
SwapTotal:       1570812 kB
SwapFree:        1453028 kB
Dirty:               300 kB
Writeback:             0 kB
AnonPages:       1288292 kB
Mapped:            29100 kB
Shmem:              5168 kB
Slab:              26844 kB
SReclaimable:      15204 kB
SUnreclaim:        11640 kB
KernelStack:        2944 kB
PageTables:         8348 kB
NFS_Unstable:          0 kB
Bounce:                0 kB
WritebackTmp:          0 kB
CommitLimit:     2342888 kB
Committed_AS:    3400860 kB
VmallocTotal:     122880 kB
VmallocUsed:       24192 kB
VmallocChunk:      97428 kB
AnonHugePages:    780288 kB
CmaTotal:              0 kB
CmaFree:               0 kB
HugePages_Total:       0
HugePages_Free:        0
HugePages_Rsvd:        0
HugePages_Surp:        0
Hugepagesize:       2048 kB
DirectMap4k:       36856 kB
DirectMap2M:      876544 kB


CPU:total 2 (2 cores per cpu, 1 threads per core) family 6 model 42 stepping 7, cmov, cx8, fxsr, mmx, sse, sse2, sse3, ssse3, tsc

/proc/cpuinfo:
processor	: 0
vendor_id	: GenuineIntel
cpu family	: 6
model		: 42
model name	: Intel(R) Core(TM) i3-2310M CPU @ 2.10GHz
stepping	: 7
cpu MHz		: 2009.416
cache size	: 6144 KB
physical id	: 0
siblings	: 2
core id		: 0
cpu cores	: 2
apicid		: 0
initial apicid	: 0
fdiv_bug	: no
f00f_bug	: no
coma_bug	: no
fpu		: yes
fpu_exception	: yes
cpuid level	: 5
wp		: yes
flags		: fpu vme de pse tsc msr pae mce cx8 apic sep mtrr pge mca cmov pat pse36 clflush mmx fxsr sse sse2 ht nx rdtscp constant_tsc pni ssse3
bugs		:
bogomips	: 4018.83
clflush size	: 64
cache_alignment	: 64
address sizes	: 36 bits physical, 48 bits virtual
power management:

processor	: 1
vendor_id	: GenuineIntel
cpu family	: 6
model		: 42
model name	: Intel(R) Core(TM) i3-2310M CPU @ 2.10GHz
stepping	: 7
cpu MHz		: 2009.416
cache size	: 6144 KB
physical id	: 0
siblings	: 2
core id		: 1
cpu cores	: 2
apicid		: 1
initial apicid	: 1
fdiv_bug	: no
f00f_bug	: no
coma_bug	: no
fpu		: yes
fpu_exception	: yes
cpuid level	: 5
wp		: yes
flags		: fpu vme de pse tsc msr pae mce cx8 apic sep mtrr pge mca cmov pat pse36 clflush mmx fxsr sse sse2 ht nx rdtscp constant_tsc pni ssse3
bugs		:
bogomips	: 4018.83
clflush size	: 64
cache_alignment	: 64
address sizes	: 36 bits physical, 48 bits virtual
power management:



Memory: 4k page, physical 1544156k(89892k free), swap 1570812k(1453028k free)

vm_info: OpenJDK Server VM (25.45-b02) for linux-x86 JRE (1.8.0_45-internal-b14), built on Apr 20 2015 00:35:55 by "buildd" with gcc 4.9.2

time: Thu Dec 10 12:11:20 2015
elapsed time: 1389 seconds (0d 0h 23m 9s)

