#
# A fatal error has been detected by the Java Runtime Environment:
#
#  SIGSEGV (0xb) at pc=0xb7552bb0, pid=4922, tid=3057638208
#
# JRE version: OpenJDK Runtime Environment (8.0_45-b14) (build 1.8.0_45-internal-b14)
# Java VM: OpenJDK Server VM (25.45-b02 mixed mode linux-x86 )
# Problematic frame:
# C  [libc.so.6+0x2ebb0]
#
# Failed to write core dump. Core dumps have been disabled. To enable core dumping, try "ulimit -c unlimited" before starting Java again
#
# If you would like to submit a bug report, please visit:
#   http://bugreport.java.com/bugreport/crash.jsp
#

---------------  T H R E A D  ---------------

Current thread (0xb6207400):  JavaThread "main" [_thread_blocked, id=4923, stack(0xb63ad000,0xb63fe000)]

siginfo: si_signo: 11 (SIGSEGV), si_code: 2 (SEGV_ACCERR), si_addr: 0x78508ff0

Registers:
EAX=0x8e9a6044, EBX=0xb76db000, ECX=0x78508ff0, EDX=0x00000000
ESP=0xb63fbdc0, EBP=0x8eaa8bb8, ESI=0x00000000, EDI=0xb76db41c
EIP=0xb7552bb0, EFLAGS=0x00210286, CR2=0x78508ff0

Top of Stack: (sp=0xb63fbdc0)
0xb63fbdc0:   b63fbe7c b6205cd0 b6811d7b 00000001
0xb63fbdd0:   b63fbe7c b6205cd0 b7552b79 b76db000
0xb63fbde0:   00000000 b6205f34 b63fbe28 b7552cb1
0xb63fbdf0:   00000000 b76db41c 00000001 00010000
0xb63fbe00:   b6205cdc b7552c96 8dde6000 8dd1c775
0xb63fbe10:   00000000 8f2bb018 8f2bb018 88a15710
0xb63fbe20:   8dd1c759 b6205f50 00000007 b7707bbc
0xb63fbe30:   00000002 00000033 00000000 0000007b 

Instructions: (pc=0xb7552bb0)
0xb7552b90:   24 0c e8 39 06 00 00 8b 2f 85 ed 74 42 8d 76 00
0xb7552ba0:   8b 45 04 89 c2 c1 e2 04 85 c0 8d 4c 15 f8 74 22
0xb7552bb0:   8b 11 83 e8 01 89 45 04 83 fa 03 0f 84 9f 00 00
0xb7552bc0:   00 83 fa 04 74 72 83 fa 02 74 45 83 e9 10 85 c0 

Register to memory mapping:

EAX=0x8e9a6044 is an unknown value
EBX=0xb76db000: <offset 0x1b7000> in /lib/i386-linux-gnu/libc.so.6 at 0xb7524000
ECX=0x78508ff0 is an unknown value
EDX=0x00000000 is an unknown value
ESP=0xb63fbdc0 is pointing into the stack for thread: 0xb6207400
EBP=0x8eaa8bb8 is an unknown value
ESI=0x00000000 is an unknown value
EDI=0xb76db41c: <offset 0x1b741c> in /lib/i386-linux-gnu/libc.so.6 at 0xb7524000


Stack: [0xb63ad000,0xb63fe000],  sp=0xb63fbdc0,  free space=315k
Native frames: (J=compiled Java code, j=interpreted, Vv=VM code, C=native code)
C  [libc.so.6+0x2ebb0]

Java frames: (J=compiled Java code, j=interpreted, Vv=VM code)
j  sun.misc.Unsafe.park(ZJ)V+0
j  java.util.concurrent.locks.LockSupport.park(Ljava/lang/Object;)V+14
j  java.util.concurrent.locks.AbstractQueuedSynchronizer.parkAndCheckInterrupt()Z+1
j  java.util.concurrent.locks.AbstractQueuedSynchronizer.doAcquireSharedInterruptibly(I)V+72
j  java.util.concurrent.locks.AbstractQueuedSynchronizer.acquireSharedInterruptibly(I)V+24
j  java.util.concurrent.CountDownLatch.await()V+5
j  com.sun.javafx.application.LauncherImpl.launchApplication(Ljava/lang/Class;Ljava/lang/Class;[Ljava/lang/String;)V+152
j  com.sun.javafx.application.LauncherImpl.launchApplication(Ljava/lang/Class;[Ljava/lang/String;)V+82
j  javafx.application.Application.launch([Ljava/lang/String;)V+135
j  org.jevis.jeconfig.JEConfig.main([Ljava/lang/String;)V+1
v  ~StubRoutines::call_stub
j  sun.reflect.NativeMethodAccessorImpl.invoke0(Ljava/lang/reflect/Method;Ljava/lang/Object;[Ljava/lang/Object;)Ljava/lang/Object;+0
j  sun.reflect.NativeMethodAccessorImpl.invoke(Ljava/lang/Object;[Ljava/lang/Object;)Ljava/lang/Object;+100
j  sun.reflect.DelegatingMethodAccessorImpl.invoke(Ljava/lang/Object;[Ljava/lang/Object;)Ljava/lang/Object;+6
j  java.lang.reflect.Method.invoke(Ljava/lang/Object;[Ljava/lang/Object;)Ljava/lang/Object;+56
j  com.sun.javafx.application.LauncherImpl.launchApplicationWithArgs(Ljava/lang/String;Ljava/lang/String;[Ljava/lang/String;)V+154
j  com.sun.javafx.application.LauncherImpl.launchApplication(Ljava/lang/String;Ljava/lang/String;[Ljava/lang/String;)V+409
v  ~StubRoutines::call_stub
j  sun.reflect.NativeMethodAccessorImpl.invoke0(Ljava/lang/reflect/Method;Ljava/lang/Object;[Ljava/lang/Object;)Ljava/lang/Object;+0
j  sun.reflect.NativeMethodAccessorImpl.invoke(Ljava/lang/Object;[Ljava/lang/Object;)Ljava/lang/Object;+100
j  sun.reflect.DelegatingMethodAccessorImpl.invoke(Ljava/lang/Object;[Ljava/lang/Object;)Ljava/lang/Object;+6
j  java.lang.reflect.Method.invoke(Ljava/lang/Object;[Ljava/lang/Object;)Ljava/lang/Object;+56
j  sun.launcher.LauncherHelper$FXHelper.main([Ljava/lang/String;)V+52
v  ~StubRoutines::call_stub

---------------  P R O C E S S  ---------------

Java Threads: ( => current thread )
  0x090c4000 JavaThread "Thread-8" daemon [_thread_blocked, id=4950, stack(0x82842000,0x82893000)]
  0x08fe4400 JavaThread "AWT-EventQueue-0" [_thread_blocked, id=4949, stack(0x82c0c000,0x82c5d000)]
  0x08fe3400 JavaThread "AWT-Shutdown" [_thread_blocked, id=4948, stack(0x82c5d000,0x82cae000)]
  0x08fe2800 JavaThread "AWT-XAWT" daemon [_thread_in_native, id=4947, stack(0x83157000,0x831a8000)]
  0x89d34c00 JavaThread "Java2D Disposer" daemon [_thread_blocked, id=4946, stack(0x82893000,0x828e4000)]
  0x82e1f400 JavaThread "Abandoned connection cleanup thread" daemon [_thread_blocked, id=4945, stack(0x8279b000,0x827ec000)]
  0x08e4d800 JavaThread "Prism Font Disposer" daemon [_thread_blocked, id=4943, stack(0x833bb000,0x8340c000)]
  0x88d97800 JavaThread "JavaFX-Launcher" [_thread_blocked, id=4940, stack(0x889ac000,0x889fd000)]
  0x08c7e800 JavaThread "Timer-0" daemon [_thread_blocked, id=4939, stack(0x88afd000,0x88b4e000)]
  0x88d83800 JavaThread "JavaFX Application Thread" [_thread_in_native, id=4938, stack(0x88b4e000,0x88b9f000)]
  0x88d80400 JavaThread "Thread-1" daemon [_thread_blocked, id=4937, stack(0x88b9f000,0x88bf0000)]
  0x8e0dd800 JavaThread "QuantumRenderer-0" daemon [_thread_blocked, id=4932, stack(0x8e346000,0x8e397000)]
  0xb6284400 JavaThread "Service Thread" daemon [_thread_blocked, id=4930, stack(0x8e4ad000,0x8e4fe000)]
  0xb6281000 JavaThread "C1 CompilerThread1" daemon [_thread_blocked, id=4929, stack(0x8e4fe000,0x8e57f000)]
  0xb627f800 JavaThread "C2 CompilerThread0" daemon [_thread_blocked, id=4928, stack(0x8e57f000,0x8e600000)]
  0xb627e000 JavaThread "Signal Dispatcher" daemon [_thread_blocked, id=4927, stack(0x8e91d000,0x8e96e000)]
  0xb6261c00 JavaThread "Finalizer" daemon [_thread_blocked, id=4926, stack(0x8e9af000,0x8ea00000)]
  0xb6260400 JavaThread "Reference Handler" daemon [_thread_blocked, id=4925, stack(0x8eb30000,0x8eb81000)]
=>0xb6207400 JavaThread "main" [_thread_blocked, id=4923, stack(0xb63ad000,0xb63fe000)]

Other Threads:
  0xb625d400 VMThread [stack: 0x8eb81000,0x8ec02000] [id=4924]
  0xb6287800 WatcherThread [stack: 0x8e42c000,0x8e4ad000] [id=4931]

VM state:not at safepoint (normal execution)

VM Mutex/Monitor currently owned by a thread: None

Heap:
 def new generation   total 116160K, used 64992K [0x8f400000, 0x97200000, 0x97200000)
  eden space 103296K,  58% used [0x8f400000, 0x92f6e288, 0x958e0000)
  from space 12864K,  32% used [0x96570000, 0x96979fa0, 0x97200000)
  to   space 12864K,   0% used [0x958e0000, 0x958e0000, 0x96570000)
 tenured generation   total 258048K, used 199066K [0x97200000, 0xa6e00000, 0xa6e00000)
   the space 258048K,  77% used [0x97200000, 0xa3466890, 0xa3466a00, 0xa6e00000)
 Metaspace       used 28582K, capacity 29910K, committed 29976K, reserved 30000K

Card table byte_map: [0x8f342000,0x8f400000] byte_map_base: 0x8eec8000

Polling page: 0xb76e2000

CodeCache: size=245760Kb used=21734Kb max_used=22155Kb free=224025Kb
 bounds [0xa7200000, 0xa87d0000, 0xb6200000]
 total_blobs=8217 nmethods=7738 adapters=391
 compilation: enabled

Compilation events (10 events):
Event: 4006,530 Thread 0xb6281000 10362       2       java.text.Bidi::getRunLimit (9 bytes)
Event: 4006,530 Thread 0xb6281000 nmethod 10362 0xa7850988 code [0xa7850aa0, 0xa7850b8c]
Event: 4006,530 Thread 0xb6281000 10359       3       com.sun.javafx.scene.control.skin.TableCellSkinBase::layoutChildren (25 bytes)
Event: 4006,530 Thread 0xb6281000 nmethod 10359 0xa7fe2208 code [0xa7fe2360, 0xa7fe29f8]
Event: 4006,531 Thread 0xb6281000 10363       1       com.sun.javafx.scene.control.skin.TabPaneSkin$TabHeaderArea::access$1700 (5 bytes)
Event: 4006,531 Thread 0xb6281000 nmethod 10363 0xa86ba108 code [0xa86ba200, 0xa86ba280]
Event: 4006,531 Thread 0xb6281000 10364       1       com.sun.javafx.scene.control.skin.TabPaneSkin$TabHeaderSkin::access$300 (5 bytes)
Event: 4006,531 Thread 0xb6281000 nmethod 10364 0xa7d5f508 code [0xa7d5f600, 0xa7d5f680]
Event: 4006,648 Thread 0xb627f800 10365       4       com.sun.javafx.geom.Path2D::moveTo (166 bytes)
Event: 4006,683 Thread 0xb627f800 nmethod 10365 0xa8370108 code [0xa8370240, 0xa8370850]

GC Heap History (10 events):
Event: 2760,987 GC heap before
{Heap before GC invocations=62 (full 6):
 def new generation   total 116160K, used 116160K [0x8f400000, 0x97200000, 0x97200000)
  eden space 103296K, 100% used [0x8f400000, 0x958e0000, 0x958e0000)
  from space 12864K, 100% used [0x96570000, 0x97200000, 0x97200000)
  to   space 12864K,   0% used [0x958e0000, 0x958e0000, 0x96570000)
 tenured generation   total 258048K, used 235527K [0x97200000, 0xa6e00000, 0xa6e00000)
   the space 258048K,  91% used [0x97200000, 0xa5801c88, 0xa5801e00, 0xa6e00000)
 Metaspace       used 28453K, capacity 29814K, committed 29848K, reserved 30000K
Event: 2761,337 GC heap after
Heap after GC invocations=63 (full 7):
 def new generation   total 116160K, used 0K [0x8f400000, 0x97200000, 0x97200000)
  eden space 103296K,   0% used [0x8f400000, 0x8f400000, 0x958e0000)
  from space 12864K,   0% used [0x96570000, 0x96570000, 0x97200000)
  to   space 12864K,   0% used [0x958e0000, 0x958e0000, 0x96570000)
 tenured generation   total 258048K, used 173391K [0x97200000, 0xa6e00000, 0xa6e00000)
   the space 258048K,  67% used [0x97200000, 0xa1b53cc8, 0xa1b53e00, 0xa6e00000)
 Metaspace       used 28453K, capacity 29814K, committed 29848K, reserved 30000K
}
Event: 2761,709 GC heap before
{Heap before GC invocations=63 (full 7):
 def new generation   total 116160K, used 103296K [0x8f400000, 0x97200000, 0x97200000)
  eden space 103296K, 100% used [0x8f400000, 0x958e0000, 0x958e0000)
  from space 12864K,   0% used [0x96570000, 0x96570000, 0x97200000)
  to   space 12864K,   0% used [0x958e0000, 0x958e0000, 0x96570000)
 tenured generation   total 258048K, used 173391K [0x97200000, 0xa6e00000, 0xa6e00000)
   the space 258048K,  67% used [0x97200000, 0xa1b53cc8, 0xa1b53e00, 0xa6e00000)
 Metaspace       used 28453K, capacity 29814K, committed 29848K, reserved 30000K
Event: 2761,720 GC heap after
Heap after GC invocations=64 (full 7):
 def new generation   total 116160K, used 1842K [0x8f400000, 0x97200000, 0x97200000)
  eden space 103296K,   0% used [0x8f400000, 0x8f400000, 0x958e0000)
  from space 12864K,  14% used [0x958e0000, 0x95aacaa8, 0x96570000)
  to   space 12864K,   0% used [0x96570000, 0x96570000, 0x97200000)
 tenured generation   total 258048K, used 173391K [0x97200000, 0xa6e00000, 0xa6e00000)
   the space 258048K,  67% used [0x97200000, 0xa1b53cc8, 0xa1b53e00, 0xa6e00000)
 Metaspace       used 28453K, capacity 29814K, committed 29848K, reserved 30000K
}
Event: 2764,701 GC heap before
{Heap before GC invocations=64 (full 7):
 def new generation   total 116160K, used 105138K [0x8f400000, 0x97200000, 0x97200000)
  eden space 103296K, 100% used [0x8f400000, 0x958e0000, 0x958e0000)
  from space 12864K,  14% used [0x958e0000, 0x95aacaa8, 0x96570000)
  to   space 12864K,   0% used [0x96570000, 0x96570000, 0x97200000)
 tenured generation   total 258048K, used 173391K [0x97200000, 0xa6e00000, 0xa6e00000)
   the space 258048K,  67% used [0x97200000, 0xa1b53cc8, 0xa1b53e00, 0xa6e00000)
 Metaspace       used 28464K, capacity 29814K, committed 29848K, reserved 30000K
Event: 2764,760 GC heap after
Heap after GC invocations=65 (full 7):
 def new generation   total 116160K, used 12864K [0x8f400000, 0x97200000, 0x97200000)
  eden space 103296K,   0% used [0x8f400000, 0x8f400000, 0x958e0000)
  from space 12864K, 100% used [0x96570000, 0x97200000, 0x97200000)
  to   space 12864K,   0% used [0x958e0000, 0x958e0000, 0x96570000)
 tenured generation   total 258048K, used 186262K [0x97200000, 0xa6e00000, 0xa6e00000)
   the space 258048K,  72% used [0x97200000, 0xa27e58c8, 0xa27e5a00, 0xa6e00000)
 Metaspace       used 28464K, capacity 29814K, committed 29848K, reserved 30000K
}
Event: 2779,666 GC heap before
{Heap before GC invocations=65 (full 7):
 def new generation   total 116160K, used 116142K [0x8f400000, 0x97200000, 0x97200000)
  eden space 103296K,  99% used [0x8f400000, 0x958dbb58, 0x958e0000)
  from space 12864K, 100% used [0x96570000, 0x97200000, 0x97200000)
  to   space 12864K,   0% used [0x958e0000, 0x958e0000, 0x96570000)
 tenured generation   total 258048K, used 186262K [0x97200000, 0xa6e00000, 0xa6e00000)
   the space 258048K,  72% used [0x97200000, 0xa27e58c8, 0xa27e5a00, 0xa6e00000)
 Metaspace       used 28492K, capacity 29846K, committed 29848K, reserved 30000K
Event: 2779,735 GC heap after
Heap after GC invocations=66 (full 7):
 def new generation   total 116160K, used 4334K [0x8f400000, 0x97200000, 0x97200000)
  eden space 103296K,   0% used [0x8f400000, 0x8f400000, 0x958e0000)
  from space 12864K,  33% used [0x958e0000, 0x95d1ba90, 0x96570000)
  to   space 12864K,   0% used [0x96570000, 0x96570000, 0x97200000)
 tenured generation   total 258048K, used 199066K [0x97200000, 0xa6e00000, 0xa6e00000)
   the space 258048K,  77% used [0x97200000, 0xa3466890, 0xa3466a00, 0xa6e00000)
 Metaspace       used 28492K, capacity 29846K, committed 29848K, reserved 30000K
}
Event: 2782,498 GC heap before
{Heap before GC invocations=66 (full 7):
 def new generation   total 116160K, used 107630K [0x8f400000, 0x97200000, 0x97200000)
  eden space 103296K, 100% used [0x8f400000, 0x958e0000, 0x958e0000)
  from space 12864K,  33% used [0x958e0000, 0x95d1ba90, 0x96570000)
  to   space 12864K,   0% used [0x96570000, 0x96570000, 0x97200000)
 tenured generation   total 258048K, used 199066K [0x97200000, 0xa6e00000, 0xa6e00000)
   the space 258048K,  77% used [0x97200000, 0xa3466890, 0xa3466a00, 0xa6e00000)
 Metaspace       used 28492K, capacity 29846K, committed 29848K, reserved 30000K
Event: 2782,507 GC heap after
Heap after GC invocations=67 (full 7):
 def new generation   total 116160K, used 4135K [0x8f400000, 0x97200000, 0x97200000)
  eden space 103296K,   0% used [0x8f400000, 0x8f400000, 0x958e0000)
  from space 12864K,  32% used [0x96570000, 0x96979fa0, 0x97200000)
  to   space 12864K,   0% used [0x958e0000, 0x958e0000, 0x96570000)
 tenured generation   total 258048K, used 199066K [0x97200000, 0xa6e00000, 0xa6e00000)
   the space 258048K,  77% used [0x97200000, 0xa3466890, 0xa3466a00, 0xa6e00000)
 Metaspace       used 28492K, capacity 29846K, committed 29848K, reserved 30000K
}

Deoptimization events (10 events):
Event: 2896,729 Thread 0x88d83800 Uncommon trap: reason=class_check action=maybe_recompile pc=0xa7fb2b3c method=sun.nio.cs.StreamEncoder.writeBytes()V @ 120
Event: 2896,730 Thread 0x88d83800 Uncommon trap: reason=class_check action=maybe_recompile pc=0xa7fb2b3c method=sun.nio.cs.StreamEncoder.writeBytes()V @ 120
Event: 2896,732 Thread 0x88d83800 Uncommon trap: reason=class_check action=maybe_recompile pc=0xa8795334 method=javafx.stage.Window$SceneModel.invalidated()V @ 4
Event: 2896,857 Thread 0x88d83800 Uncommon trap: reason=class_check action=maybe_recompile pc=0xa7cb8830 method=javafx.scene.layout.Region.computeChildPrefAreaHeight(Ljavafx/scene/Node;DLjavafx/geometry/Insets;D)D @ 117
Event: 2896,857 Thread 0x88d83800 Uncommon trap: reason=unstable_if action=reinterpret pc=0xa8555dc4 method=javafx.scene.layout.Region.computeChildMinAreaHeight(Ljavafx/scene/Node;DLjavafx/geometry/Insets;D)D @ 67
Event: 2896,858 Thread 0x88d83800 Uncommon trap: reason=unstable_if action=reinterpret pc=0xa8491cfc method=javafx.scene.layout.Region.computeChildMinAreaHeight(Ljavafx/scene/Node;DLjavafx/geometry/Insets;D)D @ 67
Event: 2896,858 Thread 0x88d83800 Uncommon trap: reason=class_check action=maybe_recompile pc=0xa7cb8830 method=javafx.scene.layout.Region.computeChildPrefAreaHeight(Ljavafx/scene/Node;DLjavafx/geometry/Insets;D)D @ 117
Event: 2896,858 Thread 0x88d83800 Uncommon trap: reason=class_check action=maybe_recompile pc=0xa8386c64 method=javafx.scene.layout.Region.boundedNodeSizeWithBias(Ljavafx/scene/Node;DDZZLcom/sun/javafx/geom/Vec2d;)Lcom/sun/javafx/geom/Vec2d; @ 124
Event: 2896,906 Thread 0x88d83800 Uncommon trap: reason=class_check action=maybe_recompile pc=0xa7cb8830 method=javafx.scene.layout.Region.computeChildPrefAreaHeight(Ljavafx/scene/Node;DLjavafx/geometry/Insets;D)D @ 117
Event: 2896,907 Thread 0x88d83800 Uncommon trap: reason=class_check action=maybe_recompile pc=0xa8386c64 method=javafx.scene.layout.Region.boundedNodeSizeWithBias(Ljavafx/scene/Node;DDZZLcom/sun/javafx/geom/Vec2d;)Lcom/sun/javafx/geom/Vec2d; @ 124

Internal exceptions (10 events):
Event: 755,357 Thread 0x88d83800 Exception <a 'java/lang/NullPointerException'> (0x90e9bd78) thrown at [/build/buildd/openjdk-8-8u45-b14/src/hotspot/src/share/vm/prims/jvm.cpp, line 1386]
Event: 2622,328 Thread 0x88d83800 Implicit null exception at 0xa7d67fe5 to 0xa7d6da69
Event: 2622,328 Thread 0x88d83800 Implicit null exception at 0xa7da2266 to 0xa7da4d31
Event: 2622,328 Thread 0x88d83800 Implicit null exception at 0xa75dcc1f to 0xa75dd4c9
Event: 2673,796 Thread 0x88d83800 Implicit null exception at 0xa73e9cb4 to 0xa73e9d90
Event: 2677,352 Thread 0x88d83800 Implicit null exception at 0xa798833d to 0xa7988835
Event: 2678,057 Thread 0x88d83800 Implicit null exception at 0xa739083f to 0xa7390b5d
Event: 2687,607 Thread 0x88d83800 Implicit null exception at 0xa7cbeef9 to 0xa7cc10c9
Event: 2783,489 Thread 0x88d83800 Implicit null exception at 0xa85727c8 to 0xa85728bb
Event: 2890,464 Thread 0x88d83800 Implicit null exception at 0xa7e5d533 to 0xa7e5e39e

Events (10 events):
Event: 2896,906 Thread 0x88d83800 Uncommon trap: trap_request=0xffffffde fr.pc=0xa7cb8830
Event: 2896,906 Thread 0x88d83800 DEOPT PACKING pc=0xa7cb8830 sp=0x88b9ace0
Event: 2896,906 Thread 0x88d83800 DEOPT UNPACKING pc=0xa723abd5 sp=0x88b9acc0 mode 2
Event: 2896,907 Thread 0x88d83800 Uncommon trap: trap_request=0xffffffde fr.pc=0xa8386c64
Event: 2896,907 Thread 0x88d83800 DEOPT PACKING pc=0xa8386c64 sp=0x88b9ace0
Event: 2896,907 Thread 0x88d83800 DEOPT UNPACKING pc=0xa723abd5 sp=0x88b9ac60 mode 2
Event: 2896,911 Executing VM operation: RevokeBias
Event: 2896,912 Executing VM operation: RevokeBias done
Event: 2896,912 Executing VM operation: RevokeBias
Event: 2896,912 Executing VM operation: RevokeBias done


Dynamic libraries:
08048000-08049000 r-xp 00000000 08:01 1444301    /usr/lib/jvm/java-8-openjdk-i386/jre/bin/java
08049000-0804a000 r--p 00000000 08:01 1444301    /usr/lib/jvm/java-8-openjdk-i386/jre/bin/java
0804a000-0804b000 rw-p 00001000 08:01 1444301    /usr/lib/jvm/java-8-openjdk-i386/jre/bin/java
08c49000-09ade000 rw-p 00000000 00:00 0          [heap]
78508000-78509000 ---p 00000000 00:00 0 
78509000-78d09000 rw-p 00000000 00:00 0 
7950a000-7950b000 ---p 00000000 00:00 0 
7950b000-79d0b000 rw-p 00000000 00:00 0 
7ad0d000-7ad0e000 ---p 00000000 00:00 0 
7ad0e000-7b50e000 rw-p 00000000 00:00 0 
7c6ef000-7c6f0000 ---p 00000000 00:00 0 
7c6f0000-7d512000 rw-p 00000000 00:00 0 
7d512000-7eb7d000 r-xp 00000000 08:01 1707393    /usr/lib/i386-linux-gnu/libicudata.so.52.1
7eb7d000-7eb7e000 r--p 0166a000 08:01 1707393    /usr/lib/i386-linux-gnu/libicudata.so.52.1
7eb7e000-7eb7f000 rw-p 0166b000 08:01 1707393    /usr/lib/i386-linux-gnu/libicudata.so.52.1
7eb7f000-7ecf1000 r-xp 00000000 08:01 1707271    /usr/lib/i386-linux-gnu/libicuuc.so.52.1
7ecf1000-7ecfb000 r--p 00172000 08:01 1707271    /usr/lib/i386-linux-gnu/libicuuc.so.52.1
7ecfb000-7ecfc000 rw-p 0017c000 08:01 1707271    /usr/lib/i386-linux-gnu/libicuuc.so.52.1
7ecfc000-7ed00000 rw-p 00000000 00:00 0 
7ed00000-7eeec000 r-xp 00000000 08:01 1704232    /usr/lib/i386-linux-gnu/libxml2.so.2.9.2
7eeec000-7eef2000 r--p 001eb000 08:01 1704232    /usr/lib/i386-linux-gnu/libxml2.so.2.9.2
7eef2000-7eef3000 rw-p 001f1000 08:01 1704232    /usr/lib/i386-linux-gnu/libxml2.so.2.9.2
7eef3000-7eef4000 rw-p 00000000 00:00 0 
7eef4000-7eef5000 ---p 00000000 00:00 0 
7eef5000-7f6f5000 rw-p 00000000 00:00 0          [stack:4953]
7f6f5000-7f6f6000 ---p 00000000 00:00 0 
7f6f6000-7fef6000 rw-p 00000000 00:00 0          [stack:4952]
80000000-80100000 rw-p 00000000 00:00 0 
80100000-8014e000 rw-p 00000000 00:00 0 
8014e000-80200000 ---p 00000000 00:00 0 
80200000-803fa000 rw-p 00000000 00:00 0 
803fa000-80400000 ---p 00000000 00:00 0 
80400000-804d3000 rw-p 00000000 00:00 0 
804d3000-80500000 ---p 00000000 00:00 0 
80500000-805ee000 rw-p 00000000 00:00 0 
805ee000-80600000 ---p 00000000 00:00 0 
80600000-80700000 rw-p 00000000 00:00 0 
80700000-80900000 rw-p 00000000 00:00 0 
80900000-809f9000 rw-p 00000000 00:00 0 
809f9000-80a00000 ---p 00000000 00:00 0 
80a00000-80aff000 rw-p 00000000 00:00 0 
80aff000-80b00000 ---p 00000000 00:00 0 
80b00000-80bfd000 rw-p 00000000 00:00 0 
80bfd000-80c00000 ---p 00000000 00:00 0 
80c00000-80ce8000 rw-p 00000000 00:00 0 
80ce8000-80d00000 ---p 00000000 00:00 0 
80d00000-80e00000 rw-p 00000000 00:00 0 
80e00000-80f00000 rw-p 00000000 00:00 0 
80fa0000-81000000 rw-s 00000000 00:05 324468753  /SYSV00000000 (deleted)
81000000-810dd000 rw-p 00000000 00:00 0 
810dd000-81100000 ---p 00000000 00:00 0 
81100000-811ff000 rw-p 00000000 00:00 0 
811ff000-81200000 ---p 00000000 00:00 0 
81200000-812f1000 rw-p 00000000 00:00 0 
812f1000-81300000 ---p 00000000 00:00 0 
81300000-813f1000 rw-p 00000000 00:00 0 
813f1000-81400000 ---p 00000000 00:00 0 
81400000-814ea000 rw-p 00000000 00:00 0 
814ea000-81500000 ---p 00000000 00:00 0 
81542000-815ec000 r--p 00000000 08:01 657439     /usr/share/fonts/truetype/dejavu/DejaVuSans-Bold.ttf
815f9000-816af000 r--p 00000000 08:01 657440     /usr/share/fonts/truetype/dejavu/DejaVuSans.ttf
816af000-81701000 r--p 00000000 08:01 657606     /usr/share/fonts/truetype/ubuntu-font-family/Ubuntu-B.ttf
81701000-81801000 rw-p 00000000 00:00 0 
8184f000-818a6000 r--p 00000000 08:01 657613     /usr/share/fonts/truetype/ubuntu-font-family/Ubuntu-R.ttf
818a6000-818e6000 r-xp 00000000 08:01 1707058    /usr/lib/i386-linux-gnu/libcroco-0.6.so.3.0.1
818e6000-818e8000 r--p 00040000 08:01 1707058    /usr/lib/i386-linux-gnu/libcroco-0.6.so.3.0.1
818e8000-818e9000 rw-p 00042000 08:01 1707058    /usr/lib/i386-linux-gnu/libcroco-0.6.so.3.0.1
818e9000-81927000 r-xp 00000000 08:01 1707739    /usr/lib/i386-linux-gnu/librsvg-2.so.2.40.9
81927000-81928000 r--p 0003e000 08:01 1707739    /usr/lib/i386-linux-gnu/librsvg-2.so.2.40.9
81928000-81929000 rw-p 0003f000 08:01 1707739    /usr/lib/i386-linux-gnu/librsvg-2.so.2.40.9
8193e000-81943000 r-xp 00000000 08:01 1713435    /usr/lib/i386-linux-gnu/gdk-pixbuf-2.0/2.10.0/loaders/libpixbufloader-png.so
81943000-81944000 r--p 00004000 08:01 1713435    /usr/lib/i386-linux-gnu/gdk-pixbuf-2.0/2.10.0/loaders/libpixbufloader-png.so
81944000-81945000 rw-p 00005000 08:01 1713435    /usr/lib/i386-linux-gnu/gdk-pixbuf-2.0/2.10.0/loaders/libpixbufloader-png.so
81945000-81963000 r--s 00000000 08:01 263431     /usr/share/mime/mime.cache
81963000-81980000 r--p 00000000 08:01 529600     /usr/share/icons/mate/icon-theme.cache
819ae000-81a00000 r--p 00000000 08:01 657442     /usr/share/fonts/truetype/dejavu/DejaVuSansMono.ttf
81a00000-81afb000 rw-p 00000000 00:00 0 
81afb000-81b00000 ---p 00000000 00:00 0 
81b00000-81c00000 rw-p 00000000 00:00 0 
81c00000-81d00000 rw-p 00000000 00:00 0 
81d00000-81e00000 rw-p 00000000 00:00 0 
81e00000-81efa000 rw-p 00000000 00:00 0 
81efa000-81f00000 ---p 00000000 00:00 0 
81f00000-82000000 rw-p 00000000 00:00 0 
82000000-82100000 rw-p 00000000 00:00 0 
82100000-82200000 rw-p 00000000 00:00 0 
82200000-82300000 rw-p 00000000 00:00 0 
82300000-823f9000 rw-p 00000000 00:00 0 
823f9000-82400000 ---p 00000000 00:00 0 
82400000-82500000 rw-p 00000000 00:00 0 
82500000-82600000 rw-p 00000000 00:00 0 
82600000-826fb000 rw-p 00000000 00:00 0 
826fb000-82700000 ---p 00000000 00:00 0 
82701000-82702000 r-xp 00000000 08:01 1708817    /usr/lib/i386-linux-gnu/gdk-pixbuf-2.0/2.10.0/loaders/libpixbufloader-svg.so
82702000-82703000 r--p 00001000 08:01 1708817    /usr/lib/i386-linux-gnu/gdk-pixbuf-2.0/2.10.0/loaders/libpixbufloader-svg.so
82703000-82704000 rw-p 00002000 08:01 1708817    /usr/lib/i386-linux-gnu/gdk-pixbuf-2.0/2.10.0/loaders/libpixbufloader-svg.so
82704000-8270d000 r--p 00000000 08:01 399364     /usr/share/icons/gnome/icon-theme.cache
8270d000-82740000 r--p 00000000 08:01 405037     /usr/share/icons/Humanity/icon-theme.cache
82740000-8275b000 r-xp 00000000 08:01 1708829    /usr/lib/i386-linux-gnu/gio/modules/libgioremote-volume-monitor.so
8275b000-8275d000 r--p 0001b000 08:01 1708829    /usr/lib/i386-linux-gnu/gio/modules/libgioremote-volume-monitor.so
8275d000-8275e000 rw-p 0001d000 08:01 1708829    /usr/lib/i386-linux-gnu/gio/modules/libgioremote-volume-monitor.so
8275e000-82797000 r-xp 00000000 08:01 1709155    /usr/lib/i386-linux-gnu/gvfs/libgvfscommon.so
82797000-8279a000 r--p 00039000 08:01 1709155    /usr/lib/i386-linux-gnu/gvfs/libgvfscommon.so
8279a000-8279b000 rw-p 0003c000 08:01 1709155    /usr/lib/i386-linux-gnu/gvfs/libgvfscommon.so
8279b000-8279e000 ---p 00000000 00:00 0 
8279e000-827ec000 rw-p 00000000 00:00 0          [stack:4945]
827ec000-827f3000 r--p 00000000 08:01 525705     /usr/share/icons/hicolor/icon-theme.cache
827f3000-827fb000 r--p 00000000 08:01 404804     /usr/share/icons/Adwaita/icon-theme.cache
827fb000-82809000 r--p 00000000 08:01 531839     /usr/share/icons/ubuntu-mono-dark/icon-theme.cache
82809000-82840000 r-xp 00000000 08:01 1708830    /usr/lib/i386-linux-gnu/gio/modules/libgvfsdbus.so
82840000-82841000 r--p 00037000 08:01 1708830    /usr/lib/i386-linux-gnu/gio/modules/libgvfsdbus.so
82841000-82842000 rw-p 00038000 08:01 1708830    /usr/lib/i386-linux-gnu/gio/modules/libgvfsdbus.so
82842000-82845000 ---p 00000000 00:00 0 
82845000-82893000 rw-p 00000000 00:00 0          [stack:4950]
82893000-82896000 ---p 00000000 00:00 0 
82896000-828e4000 rw-p 00000000 00:00 0          [stack:4946]
828e4000-82937000 r-xp 00000000 08:01 1444247    /usr/lib/jvm/java-8-openjdk-i386/jre/lib/i386/libawt_xawt.so
82937000-82938000 r--p 00052000 08:01 1444247    /usr/lib/jvm/java-8-openjdk-i386/jre/lib/i386/libawt_xawt.so
82938000-8293a000 rw-p 00053000 08:01 1444247    /usr/lib/jvm/java-8-openjdk-i386/jre/lib/i386/libawt_xawt.so
8293a000-8293b000 rw-p 00000000 00:00 0 
8293b000-829ca000 r-xp 00000000 08:01 1444269    /usr/lib/jvm/java-8-openjdk-i386/jre/lib/i386/libawt.so
829ca000-829cb000 r--p 0008e000 08:01 1444269    /usr/lib/jvm/java-8-openjdk-i386/jre/lib/i386/libawt.so
829cb000-829d2000 rw-p 0008f000 08:01 1444269    /usr/lib/jvm/java-8-openjdk-i386/jre/lib/i386/libawt.so
829d2000-82af6000 rw-p 00000000 00:00 0 
82af8000-82afd000 r--p 00000000 08:01 405046     /usr/share/icons/Humanity-Dark/icon-theme.cache
82afd000-82b0c000 r--p 00000000 08:01 404813     /usr/share/icons/Ambiant-MATE/icon-theme.cache
82b0c000-82c0c000 rw-p 00000000 00:00 0 
82c0c000-82c0f000 ---p 00000000 00:00 0 
82c0f000-82c5d000 rw-p 00000000 00:00 0          [stack:4949]
82c5d000-82c60000 ---p 00000000 00:00 0 
82c60000-82dae000 rw-p 00000000 00:00 0          [stack:4948]
82dae000-82dfc000 r-xp 00000000 08:01 1444264    /usr/lib/jvm/java-8-openjdk-i386/jre/lib/i386/libfontmanager.so
82dfc000-82dff000 r--p 0004d000 08:01 1444264    /usr/lib/jvm/java-8-openjdk-i386/jre/lib/i386/libfontmanager.so
82dff000-82e00000 rw-p 00050000 08:01 1444264    /usr/lib/jvm/java-8-openjdk-i386/jre/lib/i386/libfontmanager.so
82e00000-82efc000 rw-p 00000000 00:00 0 
82efc000-82f00000 ---p 00000000 00:00 0 
82f00000-83000000 rw-p 00000000 00:00 0 
83000000-830fc000 rw-p 00000000 00:00 0 
830fc000-83100000 ---p 00000000 00:00 0 
83101000-83106000 r--s 002f8000 08:01 1444296    /usr/lib/jvm/java-8-openjdk-i386/jre/lib/charsets.jar
83106000-83131000 r-xp 00000000 08:01 1444248    /usr/lib/jvm/java-8-openjdk-i386/jre/lib/i386/libsunec.so
83131000-83134000 r--p 0002a000 08:01 1444248    /usr/lib/jvm/java-8-openjdk-i386/jre/lib/i386/libsunec.so
83134000-83135000 rw-p 0002d000 08:01 1444248    /usr/lib/jvm/java-8-openjdk-i386/jre/lib/i386/libsunec.so
83135000-83146000 r-xp 00000000 08:01 1444255    /usr/lib/jvm/java-8-openjdk-i386/jre/lib/i386/libnio.so
83146000-83147000 r--p 00010000 08:01 1444255    /usr/lib/jvm/java-8-openjdk-i386/jre/lib/i386/libnio.so
83147000-83148000 rw-p 00011000 08:01 1444255    /usr/lib/jvm/java-8-openjdk-i386/jre/lib/i386/libnio.so
83148000-83155000 r-xp 00000000 08:01 1447837    /usr/lib/jvm/java-8-openjdk-i386/jre/lib/i386/libdecora_sse.so
83155000-83156000 r--p 0000d000 08:01 1447837    /usr/lib/jvm/java-8-openjdk-i386/jre/lib/i386/libdecora_sse.so
83156000-83157000 rw-p 0000e000 08:01 1447837    /usr/lib/jvm/java-8-openjdk-i386/jre/lib/i386/libdecora_sse.so
83157000-8315a000 ---p 00000000 00:00 0 
8315a000-832a8000 rw-p 00000000 00:00 0          [stack:4947]
832a8000-832bb000 r--s 00345000 08:01 1444235    /usr/lib/jvm/java-8-openjdk-i386/jre/lib/resources.jar
832bb000-833bb000 rw-p 00000000 00:00 0 
833bb000-833be000 ---p 00000000 00:00 0 
833be000-8340c000 rw-p 00000000 00:00 0          [stack:4943]
8340c000-834c2000 r--p 00000000 08:01 657440     /usr/share/fonts/truetype/dejavu/DejaVuSans.ttf
834c2000-834c3000 ---p 00000000 00:00 0 
834c3000-83cc3000 rw-p 00000000 00:00 0          [stack:4942]
83cc3000-87cc4000 rw-s 00000000 00:12 1366066    /dev/shm/pulse-shm-3407170532
87cc4000-87cd6000 r-xp 00000000 08:01 1049737    /lib/i386-linux-gnu/libgpg-error.so.0.13.0
87cd6000-87cd7000 r--p 00011000 08:01 1049737    /lib/i386-linux-gnu/libgpg-error.so.0.13.0
87cd7000-87cd8000 rw-p 00012000 08:01 1049737    /lib/i386-linux-gnu/libgpg-error.so.0.13.0
87cd8000-87d54000 r-xp 00000000 08:01 1707892    /usr/lib/i386-linux-gnu/libvorbisenc.so.2.0.10
87d54000-87d66000 r--p 0007b000 08:01 1707892    /usr/lib/i386-linux-gnu/libvorbisenc.so.2.0.10
87d66000-87d67000 rw-p 0008d000 08:01 1707892    /usr/lib/i386-linux-gnu/libvorbisenc.so.2.0.10
87d67000-87dc6000 r-xp 00000000 08:01 1706800    /usr/lib/i386-linux-gnu/libFLAC.so.8.3.0
87dc6000-87dc7000 r--p 0005e000 08:01 1706800    /usr/lib/i386-linux-gnu/libFLAC.so.8.3.0
87dc7000-87dc8000 rw-p 0005f000 08:01 1706800    /usr/lib/i386-linux-gnu/libFLAC.so.8.3.0
87dc8000-87e74000 r-xp 00000000 08:01 1049733    /lib/i386-linux-gnu/libgcrypt.so.20.0.2
87e74000-87e76000 r--p 000ac000 08:01 1049733    /lib/i386-linux-gnu/libgcrypt.so.20.0.2
87e76000-87e79000 rw-p 000ae000 08:01 1049733    /lib/i386-linux-gnu/libgcrypt.so.20.0.2
87e79000-87e9d000 r-xp 00000000 08:01 1049757    /lib/i386-linux-gnu/liblzma.so.5.0.0
87e9d000-87e9e000 r--p 00023000 08:01 1049757    /lib/i386-linux-gnu/liblzma.so.5.0.0
87e9e000-87e9f000 rw-p 00024000 08:01 1049757    /lib/i386-linux-gnu/liblzma.so.5.0.0
87e9f000-87f11000 r-xp 00000000 08:01 1707784    /usr/lib/i386-linux-gnu/libsndfile.so.1.0.25
87f11000-87f13000 r--p 00071000 08:01 1707784    /usr/lib/i386-linux-gnu/libsndfile.so.1.0.25
87f13000-87f14000 rw-p 00073000 08:01 1707784    /usr/lib/i386-linux-gnu/libsndfile.so.1.0.25
87f14000-87f18000 rw-p 00000000 00:00 0 
87f18000-87f20000 r-xp 00000000 08:01 1049872    /lib/i386-linux-gnu/libwrap.so.0.7.6
87f20000-87f21000 r--p 00007000 08:01 1049872    /lib/i386-linux-gnu/libwrap.so.0.7.6
87f21000-87f22000 rw-p 00008000 08:01 1049872    /lib/i386-linux-gnu/libwrap.so.0.7.6
87f22000-87fa5000 r-xp 00000000 08:01 1710075    /usr/lib/i386-linux-gnu/pulseaudio/libpulsecommon-6.0.so
87fa5000-87fa6000 r--p 00082000 08:01 1710075    /usr/lib/i386-linux-gnu/pulseaudio/libpulsecommon-6.0.so
87fa6000-87fa7000 rw-p 00083000 08:01 1710075    /usr/lib/i386-linux-gnu/pulseaudio/libpulsecommon-6.0.so
87fa7000-87ffe000 r-xp 00000000 08:01 1707701    /usr/lib/i386-linux-gnu/libpulse.so.0.18.0
87ffe000-87fff000 r--p 00056000 08:01 1707701    /usr/lib/i386-linux-gnu/libpulse.so.0.18.0
87fff000-88000000 rw-p 00057000 08:01 1707701    /usr/lib/i386-linux-gnu/libpulse.so.0.18.0
88000000-88100000 rw-p 00000000 00:00 0 
88100000-881fc000 rw-p 00000000 00:00 0 
881fc000-88200000 ---p 00000000 00:00 0 
88200000-88205000 r-xp 00000000 08:01 1706968    /usr/lib/i386-linux-gnu/libasyncns.so.0.3.1
88205000-88206000 r--p 00004000 08:01 1706968    /usr/lib/i386-linux-gnu/libasyncns.so.0.3.1
88206000-88207000 rw-p 00005000 08:01 1706968    /usr/lib/i386-linux-gnu/libasyncns.so.0.3.1
88207000-88232000 r-xp 00000000 08:01 1053365    /lib/i386-linux-gnu/libsystemd.so.0.6.0
88232000-88233000 r--p 0002a000 08:01 1053365    /lib/i386-linux-gnu/libsystemd.so.0.6.0
88233000-88234000 rw-p 0002b000 08:01 1053365    /lib/i386-linux-gnu/libsystemd.so.0.6.0
88234000-8823e000 r-xp 00000000 08:01 1049750    /lib/i386-linux-gnu/libjson-c.so.2.0.0
8823e000-8823f000 r--p 00009000 08:01 1049750    /lib/i386-linux-gnu/libjson-c.so.2.0.0
8823f000-88240000 rw-p 0000a000 08:01 1049750    /lib/i386-linux-gnu/libjson-c.so.2.0.0
88240000-882a0000 rw-s 00000000 00:05 315817999  /SYSV00000000 (deleted)
882f1000-8833a000 r-xp 00000000 08:01 1707482    /usr/lib/i386-linux-gnu/libjpeg.so.8.0.2
8833a000-8833b000 r--p 00048000 08:01 1707482    /usr/lib/i386-linux-gnu/libjpeg.so.8.0.2
8833b000-8833c000 rw-p 00049000 08:01 1707482    /usr/lib/i386-linux-gnu/libjpeg.so.8.0.2
8833c000-8834c000 rw-p 00000000 00:00 0 
8834c000-8834f000 r--s 00015000 08:01 1444217    /usr/lib/jvm/java-8-openjdk-i386/jre/lib/jce.jar
8834f000-88358000 r-xp 00000000 08:01 1444263    /usr/lib/jvm/java-8-openjdk-i386/jre/lib/i386/libmanagement.so
88358000-88359000 r--p 00008000 08:01 1444263    /usr/lib/jvm/java-8-openjdk-i386/jre/lib/i386/libmanagement.so
88359000-8835a000 rw-p 00009000 08:01 1444263    /usr/lib/jvm/java-8-openjdk-i386/jre/lib/i386/libmanagement.so
8835a000-88361000 r--s 00000000 08:01 1708794    /usr/lib/i386-linux-gnu/gconv/gconv-modules.cache
88361000-88366000 r-xp 00000000 08:01 1049785    /lib/i386-linux-gnu/libnss_dns-2.21.so
88366000-88367000 r--p 00004000 08:01 1049785    /lib/i386-linux-gnu/libnss_dns-2.21.so
88367000-88368000 rw-p 00005000 08:01 1049785    /lib/i386-linux-gnu/libnss_dns-2.21.so
88368000-8836a000 r-xp 00000000 08:01 1049793    /lib/i386-linux-gnu/libnss_mdns4_minimal.so.2
8836a000-8836b000 r--p 00001000 08:01 1049793    /lib/i386-linux-gnu/libnss_mdns4_minimal.so.2
8836b000-8836c000 rw-p 00002000 08:01 1049793    /lib/i386-linux-gnu/libnss_mdns4_minimal.so.2
8836c000-8836d000 rw-p 00000000 00:00 0 
8836d000-88372000 r--s 00094000 08:01 1444294    /usr/lib/jvm/java-8-openjdk-i386/jre/lib/jsse.jar
88372000-88379000 r-xp 00000000 08:01 1709191    /usr/lib/i386-linux-gnu/libcanberra-0.30/libcanberra-pulse.so
88379000-8837a000 r--p 00006000 08:01 1709191    /usr/lib/i386-linux-gnu/libcanberra-0.30/libcanberra-pulse.so
8837a000-8837b000 rw-p 00007000 08:01 1709191    /usr/lib/i386-linux-gnu/libcanberra-0.30/libcanberra-pulse.so
8837b000-8837f000 r-xp 00000000 08:01 1447839    /usr/lib/jvm/java-8-openjdk-i386/jre/lib/i386/libjavafx_iio.so
8837f000-88380000 r--p 00003000 08:01 1447839    /usr/lib/jvm/java-8-openjdk-i386/jre/lib/i386/libjavafx_iio.so
88380000-88381000 rw-p 00004000 08:01 1447839    /usr/lib/jvm/java-8-openjdk-i386/jre/lib/i386/libjavafx_iio.so
88381000-88542000 rw-p 00000000 00:00 0 
88542000-88558000 r-xp 00000000 08:01 1444259    /usr/lib/jvm/java-8-openjdk-i386/jre/lib/i386/libnet.so
88558000-88559000 r--p 00015000 08:01 1444259    /usr/lib/jvm/java-8-openjdk-i386/jre/lib/i386/libnet.so
88559000-8855a000 rw-p 00016000 08:01 1444259    /usr/lib/jvm/java-8-openjdk-i386/jre/lib/i386/libnet.so
8855a000-8865a000 rw-p 00000000 00:00 0 
8865a000-8875a000 rw-p 00000000 00:00 0 
8875a000-8885a000 rw-p 00000000 00:00 0 
8885a000-88862000 r--s 00000000 08:01 408188     /var/cache/fontconfig/945677eb7aeaf62f1d50efc3fb3ec7d8-le32d4.cache-4
88862000-88866000 r--s 00000000 08:01 408172     /var/cache/fontconfig/2cd17615ca594fa2959ae173292e504c-le32d4.cache-4
88866000-88867000 r--s 00000000 08:01 408169     /var/cache/fontconfig/0d8c3b2ac0904cb8a57a757ad11a4a08-le32d4.cache-4
88867000-8886c000 r--s 00000000 08:01 408192     /var/cache/fontconfig/a755afe4a08bf5b97852ceb7400b47bc-le32d4.cache-4
8886c000-8886d000 r--s 00000000 08:01 408191     /var/cache/fontconfig/a6354e3ac43af67bd8d7b8e43c34e49f-le32d4.cache-4
8886d000-8887d000 r--s 00000000 08:01 408166     /var/cache/fontconfig/04aabc0a78ac019cf9454389977116d2-le32d4.cache-4
8887d000-8887e000 r--s 00000000 08:01 408171     /var/cache/fontconfig/1ac9eb803944fde146138c791f5cc56a-le32d4.cache-4
8887e000-88882000 r--s 00000000 08:01 408187     /var/cache/fontconfig/8801497958630a81b71ace7c5f9b32a8-le32d4.cache-4
88882000-88887000 r--s 00000000 08:01 408173     /var/cache/fontconfig/3047814df9a2f067bd2d96a2b9c36e5a-le32d4.cache-4
88887000-8888b000 r--s 00000000 08:01 408193     /var/cache/fontconfig/b47c4e1ecd0709278f4910c18777a504-le32d4.cache-4
8888b000-8889b000 r--s 00000000 08:01 408199     /var/cache/fontconfig/d52a8644073d54c13679302ca1180695-le32d4.cache-4
8889b000-888a3000 r--s 00000000 08:01 408176     /var/cache/fontconfig/3f7329c5293ffd510edef78f73874cfd-le32d4.cache-4
888a3000-888ac000 r--s 00000000 08:01 408197     /var/cache/fontconfig/d589a48862398ed80a3d6066f4f56f4c-le32d4.cache-4
888ac000-889ac000 rw-p 00000000 00:00 0 
889ac000-889af000 ---p 00000000 00:00 0 
889af000-88afd000 rw-p 00000000 00:00 0          [stack:4940]
88afd000-88b00000 ---p 00000000 00:00 0 
88b00000-88b4e000 rw-p 00000000 00:00 0          [stack:4939]
88b4e000-88b51000 ---p 00000000 00:00 0 
88b51000-88b9f000 rw-p 00000000 00:00 0          [stack:4938]
88b9f000-88ba2000 ---p 00000000 00:00 0 
88ba2000-88bf0000 rw-p 00000000 00:00 0          [stack:4937]
88bf0000-88c25000 r-xp 00000000 08:01 1709090    /usr/lib/i386-linux-gnu/gtk-2.0/2.10.0/engines/libmurrine.so
88c25000-88c26000 r--p 00034000 08:01 1709090    /usr/lib/i386-linux-gnu/gtk-2.0/2.10.0/engines/libmurrine.so
88c26000-88c27000 rw-p 00035000 08:01 1709090    /usr/lib/i386-linux-gnu/gtk-2.0/2.10.0/engines/libmurrine.so
88c27000-88c2e000 r-xp 00000000 08:01 1707623    /usr/lib/i386-linux-gnu/libogg.so.0.8.2
88c2e000-88c2f000 r--p 00006000 08:01 1707623    /usr/lib/i386-linux-gnu/libogg.so.0.8.2
88c2f000-88c30000 rw-p 00007000 08:01 1707623    /usr/lib/i386-linux-gnu/libogg.so.0.8.2
88c30000-88c5a000 r-xp 00000000 08:01 1707890    /usr/lib/i386-linux-gnu/libvorbis.so.0.4.7
88c5a000-88c5c000 r--p 00029000 08:01 1707890    /usr/lib/i386-linux-gnu/libvorbis.so.0.4.7
88c5c000-88c5d000 rw-p 0002b000 08:01 1707890    /usr/lib/i386-linux-gnu/libvorbis.so.0.4.7
88c5d000-88c74000 r-xp 00000000 08:01 1707822    /usr/lib/i386-linux-gnu/libtdb.so.1.3.4
88c74000-88c76000 r--p 00016000 08:01 1707822    /usr/lib/i386-linux-gnu/libtdb.so.1.3.4
88c76000-88c77000 rw-p 00018000 08:01 1707822    /usr/lib/i386-linux-gnu/libtdb.so.1.3.4
88c77000-88ccb000 r-xp 00000000 08:01 1049716    /lib/i386-linux-gnu/libdbus-1.so.3.8.9
88ccb000-88ccd000 r--p 00053000 08:01 1049716    /lib/i386-linux-gnu/libdbus-1.so.3.8.9
88ccd000-88cce000 rw-p 00055000 08:01 1049716    /lib/i386-linux-gnu/libdbus-1.so.3.8.9
88cce000-88cfc000 r-xp 00000000 08:01 1706976    /usr/lib/i386-linux-gnu/libatspi.so.0.0.1
88cfc000-88cff000 r--p 0002e000 08:01 1706976    /usr/lib/i386-linux-gnu/libatspi.so.0.0.1
88cff000-88d00000 rw-p 00031000 08:01 1706976    /usr/lib/i386-linux-gnu/libatspi.so.0.0.1
88d00000-88e00000 rw-p 00000000 00:00 0 
88e00000-88e03000 r--s 00000000 08:01 408175     /var/cache/fontconfig/385c0604a188198f04d133e54aba7fe7-le32d4.cache-4
88e03000-88e06000 r--s 00000000 08:01 408167     /var/cache/fontconfig/0843ca893a93b5446bad221815920e23-le32d4.cache-4
88e06000-88e10000 r-xp 00000000 08:01 1707509    /usr/lib/i386-linux-gnu/libltdl.so.7.3.0
88e10000-88e11000 r--p 00009000 08:01 1707509    /usr/lib/i386-linux-gnu/libltdl.so.7.3.0
88e11000-88e12000 rw-p 0000a000 08:01 1707509    /usr/lib/i386-linux-gnu/libltdl.so.7.3.0
88e12000-88e1b000 r-xp 00000000 08:01 1707894    /usr/lib/i386-linux-gnu/libvorbisfile.so.3.3.6
88e1b000-88e1c000 r--p 00008000 08:01 1707894    /usr/lib/i386-linux-gnu/libvorbisfile.so.3.3.6
88e1c000-88e1d000 rw-p 00009000 08:01 1707894    /usr/lib/i386-linux-gnu/libvorbisfile.so.3.3.6
88e1d000-88e2e000 r-xp 00000000 08:01 1707024    /usr/lib/i386-linux-gnu/libcanberra.so.0.2.5
88e2e000-88e2f000 r--p 00011000 08:01 1707024    /usr/lib/i386-linux-gnu/libcanberra.so.0.2.5
88e2f000-88e30000 rw-p 00012000 08:01 1707024    /usr/lib/i386-linux-gnu/libcanberra.so.0.2.5
88e30000-88e61000 r-xp 00000000 08:01 1706972    /usr/lib/i386-linux-gnu/libatk-bridge-2.0.so.0.0.0
88e61000-88e62000 r--p 00030000 08:01 1706972    /usr/lib/i386-linux-gnu/libatk-bridge-2.0.so.0.0.0
88e62000-88e63000 rw-p 00031000 08:01 1706972    /usr/lib/i386-linux-gnu/libatk-bridge-2.0.so.0.0.0
88e63000-88e64000 rw-p 00000000 00:00 0 
88e64000-88e67000 r--s 00000000 08:01 408182     /var/cache/fontconfig/7ef2298fde41cc6eeb7af42e48b7d293-le32d4.cache-4
88e67000-88e6b000 r-xp 00000000 08:01 1447845    /usr/lib/jvm/java-8-openjdk-i386/jre/lib/i386/libjavafx_font_freetype.so
88e6b000-88e6c000 r--p 00004000 08:01 1447845    /usr/lib/jvm/java-8-openjdk-i386/jre/lib/i386/libjavafx_font_freetype.so
88e6c000-88e6d000 rw-p 00005000 08:01 1447845    /usr/lib/jvm/java-8-openjdk-i386/jre/lib/i386/libjavafx_font_freetype.so
88e6d000-88e77000 r-xp 00000000 08:01 1709091    /usr/lib/i386-linux-gnu/gtk-2.0/2.10.0/engines/libpixmap.so
88e77000-88e78000 r--p 00009000 08:01 1709091    /usr/lib/i386-linux-gnu/gtk-2.0/2.10.0/engines/libpixmap.so
88e78000-88e79000 rw-p 0000a000 08:01 1709091    /usr/lib/i386-linux-gnu/gtk-2.0/2.10.0/engines/libpixmap.so
88e79000-88e81000 r-xp 00000000 08:01 1707218    /usr/lib/i386-linux-gnu/libgailutil.so.18.0.1
88e81000-88e82000 r--p 00007000 08:01 1707218    /usr/lib/i386-linux-gnu/libgailutil.so.18.0.1
88e82000-88e83000 rw-p 00008000 08:01 1707218    /usr/lib/i386-linux-gnu/libgailutil.so.18.0.1
88e83000-88edd000 r-xp 00000000 08:01 1709112    /usr/lib/i386-linux-gnu/gtk-2.0/modules/libgail.so
88edd000-88ede000 r--p 00059000 08:01 1709112    /usr/lib/i386-linux-gnu/gtk-2.0/modules/libgail.so
88ede000-88edf000 rw-p 0005a000 08:01 1709112    /usr/lib/i386-linux-gnu/gtk-2.0/modules/libgail.so
88edf000-88ee6000 r-xp 00000000 08:01 1707077    /usr/lib/i386-linux-gnu/libdatrie.so.1.3.1
88ee6000-88ee7000 r--p 00006000 08:01 1707077    /usr/lib/i386-linux-gnu/libdatrie.so.1.3.1
88ee7000-88ee8000 rw-p 00007000 08:01 1707077    /usr/lib/i386-linux-gnu/libdatrie.so.1.3.1
88ee8000-88f03000 r-xp 00000000 08:01 1707300    /usr/lib/i386-linux-gnu/libgraphite2.so.3.0.1
88f03000-88f04000 r--p 0001b000 08:01 1707300    /usr/lib/i386-linux-gnu/libgraphite2.so.3.0.1
88f04000-88f05000 rw-p 0001c000 08:01 1707300    /usr/lib/i386-linux-gnu/libgraphite2.so.3.0.1
88f05000-88f0d000 r-xp 00000000 08:01 1707828    /usr/lib/i386-linux-gnu/libthai.so.0.2.0
88f0d000-88f0e000 r--p 00007000 08:01 1707828    /usr/lib/i386-linux-gnu/libthai.so.0.2.0
88f0e000-88f0f000 rw-p 00008000 08:01 1707828    /usr/lib/i386-linux-gnu/libthai.so.0.2.0
88f0f000-88f6b000 r-xp 00000000 08:01 1707422    /usr/lib/i386-linux-gnu/libharfbuzz.so.0.937.0
88f6b000-88f6c000 r--p 0005b000 08:01 1707422    /usr/lib/i386-linux-gnu/libharfbuzz.so.0.937.0
88f6c000-88f6d000 rw-p 0005c000 08:01 1707422    /usr/lib/i386-linux-gnu/libharfbuzz.so.0.937.0
88f6d000-88fdd000 r-xp 00000000 08:01 1049765    /lib/i386-linux-gnu/libpcre.so.3.13.1
88fdd000-88fde000 r--p 0006f000 08:01 1049765    /lib/i386-linux-gnu/libpcre.so.3.13.1
88fde000-88fdf000 rw-p 00070000 08:01 1049765    /lib/i386-linux-gnu/libpcre.so.3.13.1
88fdf000-88ff3000 r-xp 00000000 08:01 1049840    /lib/i386-linux-gnu/libresolv-2.21.so
88ff3000-88ff5000 r--p 00013000 08:01 1049840    /lib/i386-linux-gnu/libresolv-2.21.so
88ff5000-88ff6000 rw-p 00015000 08:01 1049840    /lib/i386-linux-gnu/libresolv-2.21.so
88ff6000-88ff8000 rw-p 00000000 00:00 0 
88ff8000-8901c000 r-xp 00000000 08:01 1049844    /lib/i386-linux-gnu/libselinux.so.1
8901c000-8901d000 r--p 00024000 08:01 1049844    /lib/i386-linux-gnu/libselinux.so.1
8901d000-8901e000 rw-p 00025000 08:01 1049844    /lib/i386-linux-gnu/libselinux.so.1
8901e000-8901f000 rw-p 00000000 00:00 0 
8901f000-89027000 r-xp 00000000 08:01 1707978    /usr/lib/i386-linux-gnu/libxcb-render.so.0.0.0
89027000-89028000 r--p 00008000 08:01 1707978    /usr/lib/i386-linux-gnu/libxcb-render.so.0.0.0
89028000-89029000 rw-p 00009000 08:01 1707978    /usr/lib/i386-linux-gnu/libxcb-render.so.0.0.0
89029000-89053000 r-xp 00000000 08:01 1049735    /lib/i386-linux-gnu/libpng12.so.0.51.0
89053000-89054000 r--p 00029000 08:01 1049735    /lib/i386-linux-gnu/libpng12.so.0.51.0
89054000-89055000 rw-p 0002a000 08:01 1049735    /lib/i386-linux-gnu/libpng12.so.0.51.0
89055000-89100000 r-xp 00000000 08:01 1704227    /usr/lib/i386-linux-gnu/libfreetype.so.6.11.1
89100000-89104000 r--p 000aa000 08:01 1704227    /usr/lib/i386-linux-gnu/libfreetype.so.6.11.1
89104000-89105000 rw-p 000ae000 08:01 1704227    /usr/lib/i386-linux-gnu/libfreetype.so.6.11.1
89105000-891b0000 r-xp 00000000 08:01 1707670    /usr/lib/i386-linux-gnu/libpixman-1.so.0.32.6
891b0000-891b7000 r--p 000aa000 08:01 1707670    /usr/lib/i386-linux-gnu/libpixman-1.so.0.32.6
891b7000-891b8000 rw-p 000b1000 08:01 1707670    /usr/lib/i386-linux-gnu/libpixman-1.so.0.32.6
891b8000-891c1000 r-xp 00000000 08:01 1706891    /usr/lib/i386-linux-gnu/libXcursor.so.1.0.2
891c1000-891c2000 r--p 00008000 08:01 1706891    /usr/lib/i386-linux-gnu/libXcursor.so.1.0.2
891c2000-891c3000 rw-p 00009000 08:01 1706891    /usr/lib/i386-linux-gnu/libXcursor.so.1.0.2
891c3000-891cc000 r-xp 00000000 08:01 1706917    /usr/lib/i386-linux-gnu/libXrandr.so.2.2.0
891cc000-891cd000 r--p 00008000 08:01 1706917    /usr/lib/i386-linux-gnu/libXrandr.so.2.2.0
891cd000-891ce000 rw-p 00009000 08:01 1706917    /usr/lib/i386-linux-gnu/libXrandr.so.2.2.0
891ce000-891de000 r-xp 00000000 08:01 1706905    /usr/lib/i386-linux-gnu/libXi.so.6.1.0
891de000-891df000 r--p 00010000 08:01 1706905    /usr/lib/i386-linux-gnu/libXi.so.6.1.0
891df000-891e0000 rw-p 00011000 08:01 1706905    /usr/lib/i386-linux-gnu/libXi.so.6.1.0
891e0000-891ea000 r-xp 00000000 08:01 1706919    /usr/lib/i386-linux-gnu/libXrender.so.1.3.0
891ea000-891eb000 r--p 00009000 08:01 1706919    /usr/lib/i386-linux-gnu/libXrender.so.1.3.0
891eb000-891ec000 rw-p 0000a000 08:01 1706919    /usr/lib/i386-linux-gnu/libXrender.so.1.3.0
891ec000-8922d000 r-xp 00000000 08:01 1707182    /usr/lib/i386-linux-gnu/libfontconfig.so.1.8.0
8922d000-8922e000 r--p 00040000 08:01 1707182    /usr/lib/i386-linux-gnu/libfontconfig.so.1.8.0
8922e000-8922f000 rw-p 00041000 08:01 1707182    /usr/lib/i386-linux-gnu/libfontconfig.so.1.8.0
8922f000-8927f000 r-xp 00000000 08:01 1707645    /usr/lib/i386-linux-gnu/libpango-1.0.so.0.3600.8
8927f000-89280000 r--p 00050000 08:01 1707645    /usr/lib/i386-linux-gnu/libpango-1.0.so.0.3600.8
89280000-89281000 rw-p 00051000 08:01 1707645    /usr/lib/i386-linux-gnu/libpango-1.0.so.0.3600.8
89281000-89296000 r-xp 00000000 08:01 1707649    /usr/lib/i386-linux-gnu/libpangoft2-1.0.so.0.3600.8
89296000-89297000 r--p 00015000 08:01 1707649    /usr/lib/i386-linux-gnu/libpangoft2-1.0.so.0.3600.8
89297000-89298000 rw-p 00016000 08:01 1707649    /usr/lib/i386-linux-gnu/libpangoft2-1.0.so.0.3600.8
89298000-892bc000 r-xp 00000000 08:01 1706970    /usr/lib/i386-linux-gnu/libatk-1.0.so.0.21409.1
892bc000-892be000 r--p 00023000 08:01 1706970    /usr/lib/i386-linux-gnu/libatk-1.0.so.0.21409.1
892be000-892bf000 rw-p 00025000 08:01 1706970    /usr/lib/i386-linux-gnu/libatk-1.0.so.0.21409.1
892bf000-893e5000 r-xp 00000000 08:01 1049729    /lib/i386-linux-gnu/libglib-2.0.so.0.4400.1
893e5000-893e6000 r--p 00125000 08:01 1049729    /lib/i386-linux-gnu/libglib-2.0.so.0.4400.1
893e6000-893e7000 rw-p 00126000 08:01 1049729    /lib/i386-linux-gnu/libglib-2.0.so.0.4400.1
893e7000-89442000 r-xp 00000000 08:01 1704311    /usr/lib/i386-linux-gnu/libgobject-2.0.so.0.4400.1
89442000-89443000 r--p 0005b000 08:01 1704311    /usr/lib/i386-linux-gnu/libgobject-2.0.so.0.4400.1
89443000-89444000 rw-p 0005c000 08:01 1704311    /usr/lib/i386-linux-gnu/libgobject-2.0.so.0.4400.1
89444000-895fd000 r-xp 00000000 08:01 1704290    /usr/lib/i386-linux-gnu/libgio-2.0.so.0.4400.1
895fd000-89600000 r--p 001b8000 08:01 1704290    /usr/lib/i386-linux-gnu/libgio-2.0.so.0.4400.1
89600000-89602000 rw-p 001bb000 08:01 1704290    /usr/lib/i386-linux-gnu/libgio-2.0.so.0.4400.1
89602000-89603000 rw-p 00000000 00:00 0 
89603000-89746000 r-xp 00000000 08:01 1707014    /usr/lib/i386-linux-gnu/libcairo.so.2.11400.2
89746000-89748000 r--p 00143000 08:01 1707014    /usr/lib/i386-linux-gnu/libcairo.so.2.11400.2
89748000-89749000 rw-p 00145000 08:01 1707014    /usr/lib/i386-linux-gnu/libcairo.so.2.11400.2
89749000-8974a000 rw-p 00000000 00:00 0 
8974a000-89807000 r-xp 00000000 08:01 1707238    /usr/lib/i386-linux-gnu/libgdk-x11-2.0.so.0.2400.27
89807000-89809000 r--p 000bd000 08:01 1707238    /usr/lib/i386-linux-gnu/libgdk-x11-2.0.so.0.2400.27
89809000-8980a000 rw-p 000bf000 08:01 1707238    /usr/lib/i386-linux-gnu/libgdk-x11-2.0.so.0.2400.27
8980a000-89cf8000 r-xp 00000000 08:01 1707398    /usr/lib/i386-linux-gnu/libgtk-x11-2.0.so.0.2400.27
89cf8000-89cfc000 r--p 004ee000 08:01 1707398    /usr/lib/i386-linux-gnu/libgtk-x11-2.0.so.0.2400.27
89cfc000-89cfe000 rw-p 004f2000 08:01 1707398    /usr/lib/i386-linux-gnu/libgtk-x11-2.0.so.0.2400.27
89cfe000-89d00000 rw-p 00000000 00:00 0 
89d00000-89dff000 rw-p 00000000 00:00 0 
89dff000-89e00000 ---p 00000000 00:00 0 
89e00000-89e01000 r--s 00000000 08:01 408202     /var/cache/fontconfig/dc05db6664285cc2f12bf69c139ae4c3-le32d4.cache-4
89e01000-89e03000 r-xp 00000000 08:01 1707982    /usr/lib/i386-linux-gnu/libxcb-shm.so.0.0.0
89e03000-89e04000 r--p 00001000 08:01 1707982    /usr/lib/i386-linux-gnu/libxcb-shm.so.0.0.0
89e04000-89e05000 rw-p 00002000 08:01 1707982    /usr/lib/i386-linux-gnu/libxcb-shm.so.0.0.0
89e05000-89e11000 r-xp 00000000 08:01 1707647    /usr/lib/i386-linux-gnu/libpangocairo-1.0.so.0.3600.8
89e11000-89e12000 r--p 0000b000 08:01 1707647    /usr/lib/i386-linux-gnu/libpangocairo-1.0.so.0.3600.8
89e12000-89e13000 rw-p 0000c000 08:01 1707647    /usr/lib/i386-linux-gnu/libpangocairo-1.0.so.0.3600.8
89e13000-89e16000 r-xp 00000000 08:01 1704306    /usr/lib/i386-linux-gnu/libgmodule-2.0.so.0.4400.1
89e16000-89e17000 r--p 00002000 08:01 1704306    /usr/lib/i386-linux-gnu/libgmodule-2.0.so.0.4400.1
89e17000-89e18000 rw-p 00003000 08:01 1704306    /usr/lib/i386-linux-gnu/libgmodule-2.0.so.0.4400.1
89e18000-89e1d000 r-xp 00000000 08:01 1706925    /usr/lib/i386-linux-gnu/libXtst.so.6.1.0
89e1d000-89e1e000 r--p 00004000 08:01 1706925    /usr/lib/i386-linux-gnu/libXtst.so.6.1.0
89e1e000-89e1f000 rw-p 00005000 08:01 1706925    /usr/lib/i386-linux-gnu/libXtst.so.6.1.0
89e1f000-89e45000 r-xp 00000000 08:01 1713442    /usr/lib/i386-linux-gnu/libgdk_pixbuf-2.0.so.0.3100.3
89e45000-89e46000 r--p 00026000 08:01 1713442    /usr/lib/i386-linux-gnu/libgdk_pixbuf-2.0.so.0.3100.3
89e46000-89e47000 rw-p 00027000 08:01 1713442    /usr/lib/i386-linux-gnu/libgdk_pixbuf-2.0.so.0.3100.3
89e47000-89e4a000 r-xp 00000000 08:01 1447844    /usr/lib/jvm/java-8-openjdk-i386/jre/lib/i386/libjavafx_font.so
89e4a000-89e4b000 r--p 00002000 08:01 1447844    /usr/lib/jvm/java-8-openjdk-i386/jre/lib/i386/libjavafx_font.so
89e4b000-89e4c000 rw-p 00003000 08:01 1447844    /usr/lib/jvm/java-8-openjdk-i386/jre/lib/i386/libjavafx_font.so
89e4c000-89e50000 r-xp 00000000 08:01 1707020    /usr/lib/i386-linux-gnu/libcanberra-gtk.so.0.1.9
89e50000-89e51000 r--p 00003000 08:01 1707020    /usr/lib/i386-linux-gnu/libcanberra-gtk.so.0.1.9
89e51000-89e52000 rw-p 00004000 08:01 1707020    /usr/lib/i386-linux-gnu/libcanberra-gtk.so.0.1.9
89e52000-89e57000 r-xp 00000000 08:01 1709110    /usr/lib/i386-linux-gnu/gtk-2.0/modules/libcanberra-gtk-module.so
89e57000-89e58000 r--p 00004000 08:01 1709110    /usr/lib/i386-linux-gnu/gtk-2.0/modules/libcanberra-gtk-module.so
89e58000-89e59000 rw-p 00005000 08:01 1709110    /usr/lib/i386-linux-gnu/gtk-2.0/modules/libcanberra-gtk-module.so
89e59000-89e5a000 r-xp 00000000 08:01 1709109    /usr/lib/i386-linux-gnu/gtk-2.0/modules/libatk-bridge.so
89e5a000-89e5b000 r--p 00000000 08:01 1709109    /usr/lib/i386-linux-gnu/gtk-2.0/modules/libatk-bridge.so
89e5b000-89e5c000 rw-p 00001000 08:01 1709109    /usr/lib/i386-linux-gnu/gtk-2.0/modules/libatk-bridge.so
89e5c000-89e80000 r-xp 00000000 08:01 1447843    /usr/lib/jvm/java-8-openjdk-i386/jre/lib/i386/libglass.so
89e80000-89e81000 r--p 00024000 08:01 1447843    /usr/lib/jvm/java-8-openjdk-i386/jre/lib/i386/libglass.so
89e81000-89e82000 rw-p 00025000 08:01 1447843    /usr/lib/jvm/java-8-openjdk-i386/jre/lib/i386/libglass.so
89e82000-89eb7000 r-xp 00000000 08:01 1707847    /usr/lib/i386-linux-gnu/libtxc_dxtn_s2tc.so.0.0.0
89eb7000-89eb8000 r--p 00034000 08:01 1707847    /usr/lib/i386-linux-gnu/libtxc_dxtn_s2tc.so.0.0.0
89eb8000-89eb9000 rw-p 00035000 08:01 1707847    /usr/lib/i386-linux-gnu/libtxc_dxtn_s2tc.so.0.0.0
89eb9000-89eba000 ---p 00000000 00:00 0 
89eba000-8a6ba000 rw-p 00000000 00:00 0          [stack:4936]
8a6ba000-8a6bb000 ---p 00000000 00:00 0 
8a6bb000-8aebb000 rw-p 00000000 00:00 0          [stack:4935]
8aebb000-8aedb000 r-xp 00000000 08:01 1049858    /lib/i386-linux-gnu/libtinfo.so.5.9
8aedb000-8aedd000 r--p 0001f000 08:01 1049858    /lib/i386-linux-gnu/libtinfo.so.5.9
8aedd000-8aede000 rw-p 00021000 08:01 1049858    /lib/i386-linux-gnu/libtinfo.so.5.9
8aede000-8af12000 r-xp 00000000 08:01 1707138    /usr/lib/i386-linux-gnu/libedit.so.2.0.51
8af12000-8af13000 r--p 00034000 08:01 1707138    /usr/lib/i386-linux-gnu/libedit.so.2.0.51
8af13000-8af14000 rw-p 00035000 08:01 1707138    /usr/lib/i386-linux-gnu/libedit.so.2.0.51
8af14000-8af16000 rw-p 00000000 00:00 0 
8af16000-8af1d000 r-xp 00000000 08:01 1707174    /usr/lib/i386-linux-gnu/libffi.so.6.0.4
8af1d000-8af1f000 r--p 00006000 08:01 1707174    /usr/lib/i386-linux-gnu/libffi.so.6.0.4
8af1f000-8af20000 rw-p 00008000 08:01 1707174    /usr/lib/i386-linux-gnu/libffi.so.6.0.4
8af20000-8d038000 r-xp 00000000 08:01 1706809    /usr/lib/i386-linux-gnu/libLLVM-3.6.so.1
8d038000-8d1b4000 r--p 02117000 08:01 1706809    /usr/lib/i386-linux-gnu/libLLVM-3.6.so.1
8d1b4000-8d1b8000 rw-p 02293000 08:01 1706809    /usr/lib/i386-linux-gnu/libLLVM-3.6.so.1
8d1b8000-8d1c4000 rw-p 00000000 00:00 0 
8d1c4000-8d1db000 r-xp 00000000 08:01 1707139    /usr/lib/i386-linux-gnu/libelf-0.160.so
8d1db000-8d1dc000 r--p 00016000 08:01 1707139    /usr/lib/i386-linux-gnu/libelf-0.160.so
8d1dc000-8d1dd000 rw-p 00017000 08:01 1707139    /usr/lib/i386-linux-gnu/libelf-0.160.so
8d1dd000-8d1ea000 r-xp 00000000 08:01 1707126    /usr/lib/i386-linux-gnu/libdrm_radeon.so.1.0.1
8d1ea000-8d1eb000 r--p 0000c000 08:01 1707126    /usr/lib/i386-linux-gnu/libdrm_radeon.so.1.0.1
8d1eb000-8d1ec000 rw-p 0000d000 08:01 1707126    /usr/lib/i386-linux-gnu/libdrm_radeon.so.1.0.1
8d1ec000-8d1f2000 r-xp 00000000 08:01 1707124    /usr/lib/i386-linux-gnu/libdrm_nouveau.so.2.0.0
8d1f2000-8d1f3000 r--p 00005000 08:01 1707124    /usr/lib/i386-linux-gnu/libdrm_nouveau.so.2.0.0
8d1f3000-8d1f4000 rw-p 00006000 08:01 1707124    /usr/lib/i386-linux-gnu/libdrm_nouveau.so.2.0.0
8d1f4000-8da0c000 r-xp 00000000 08:01 1709289    /usr/lib/i386-linux-gnu/dri/swrast_dri.so
8da0c000-8da4a000 r--p 00817000 08:01 1709289    /usr/lib/i386-linux-gnu/dri/swrast_dri.so
8da4a000-8da53000 rw-p 00855000 08:01 1709289    /usr/lib/i386-linux-gnu/dri/swrast_dri.so
8da53000-8dc36000 rw-p 00000000 00:00 0 
8dc36000-8dcdc000 r-xp 00000000 08:01 1717685    /usr/lib/VBoxOGLcrutil.so
8dcdc000-8dce5000 r--p 000a6000 08:01 1717685    /usr/lib/VBoxOGLcrutil.so
8dce5000-8dce7000 rw-p 000af000 08:01 1717685    /usr/lib/VBoxOGLcrutil.so
8dce7000-8dceb000 rw-p 00000000 00:00 0 
8dceb000-8dddb000 r-xp 00000000 08:01 1717678    /usr/lib/VBoxOGL.so
8dddb000-8dde6000 r--p 000f0000 08:01 1717678    /usr/lib/VBoxOGL.so
8dde6000-8ddea000 rw-p 000fb000 08:01 1717678    /usr/lib/VBoxOGL.so
8ddea000-8ddf1000 rw-p 00000000 00:00 0 
8ddf1000-8de05000 r-xp 00000000 08:01 1049848    /lib/i386-linux-gnu/libudev.so.1.6.2
8de05000-8de06000 r--p 00013000 08:01 1049848    /lib/i386-linux-gnu/libudev.so.1.6.2
8de06000-8de07000 rw-p 00014000 08:01 1049848    /lib/i386-linux-gnu/libudev.so.1.6.2
8de07000-8deac000 r-xp 00000000 08:01 1708243    /usr/lib/i386-linux-gnu/mesa/libGL.so.1.2.0
8deac000-8deaf000 r--p 000a4000 08:01 1708243    /usr/lib/i386-linux-gnu/mesa/libGL.so.1.2.0
8deaf000-8deb4000 rwxp 000a7000 08:01 1708243    /usr/lib/i386-linux-gnu/mesa/libGL.so.1.2.0
8deb4000-8deb5000 rwxp 00000000 00:00 0 
8deb5000-8dffc000 r-xp 00000000 08:01 1706880    /usr/lib/i386-linux-gnu/libX11.so.6.3.0
8dffc000-8dffd000 r--p 00146000 08:01 1706880    /usr/lib/i386-linux-gnu/libX11.so.6.3.0
8dffd000-8dfff000 rw-p 00147000 08:01 1706880    /usr/lib/i386-linux-gnu/libX11.so.6.3.0
8dfff000-8e000000 rw-p 00000000 00:00 0 
8e000000-8e100000 rw-p 00000000 00:00 0 
8e100000-8e102000 r--s 00000000 08:01 408185     /var/cache/fontconfig/767a8244fc0220cfb567a839d0392e0b-le32d4.cache-4
8e102000-8e104000 r-xp 00000000 08:01 1706889    /usr/lib/i386-linux-gnu/libXcomposite.so.1.0.0
8e104000-8e105000 r--p 00001000 08:01 1706889    /usr/lib/i386-linux-gnu/libXcomposite.so.1.0.0
8e105000-8e106000 rw-p 00002000 08:01 1706889    /usr/lib/i386-linux-gnu/libXcomposite.so.1.0.0
8e106000-8e10b000 r-xp 00000000 08:01 1706895    /usr/lib/i386-linux-gnu/libXdmcp.so.6.0.0
8e10b000-8e10c000 r--p 00004000 08:01 1706895    /usr/lib/i386-linux-gnu/libXdmcp.so.6.0.0
8e10c000-8e10d000 rw-p 00005000 08:01 1706895    /usr/lib/i386-linux-gnu/libXdmcp.so.6.0.0
8e10d000-8e10f000 r-xp 00000000 08:01 1706884    /usr/lib/i386-linux-gnu/libXau.so.6.0.0
8e10f000-8e110000 r--p 00001000 08:01 1706884    /usr/lib/i386-linux-gnu/libXau.so.6.0.0
8e110000-8e111000 rw-p 00002000 08:01 1706884    /usr/lib/i386-linux-gnu/libXau.so.6.0.0
8e111000-8e11e000 r-xp 00000000 08:01 1707120    /usr/lib/i386-linux-gnu/libdrm.so.2.4.0
8e11e000-8e11f000 r--p 0000c000 08:01 1707120    /usr/lib/i386-linux-gnu/libdrm.so.2.4.0
8e11f000-8e120000 rw-p 0000d000 08:01 1707120    /usr/lib/i386-linux-gnu/libdrm.so.2.4.0
8e120000-8e124000 r-xp 00000000 08:01 1706935    /usr/lib/i386-linux-gnu/libXxf86vm.so.1.0.0
8e124000-8e125000 r--p 00004000 08:01 1706935    /usr/lib/i386-linux-gnu/libXxf86vm.so.1.0.0
8e125000-8e126000 rw-p 00005000 08:01 1706935    /usr/lib/i386-linux-gnu/libXxf86vm.so.1.0.0
8e126000-8e127000 r-xp 00000000 08:01 1708000    /usr/lib/i386-linux-gnu/libxshmfence.so.1.0.0
8e127000-8e128000 r--p 00000000 08:01 1708000    /usr/lib/i386-linux-gnu/libxshmfence.so.1.0.0
8e128000-8e129000 rw-p 00001000 08:01 1708000    /usr/lib/i386-linux-gnu/libxshmfence.so.1.0.0
8e129000-8e12e000 r-xp 00000000 08:01 1707984    /usr/lib/i386-linux-gnu/libxcb-sync.so.1.0.0
8e12e000-8e12f000 r--p 00004000 08:01 1707984    /usr/lib/i386-linux-gnu/libxcb-sync.so.1.0.0
8e12f000-8e130000 rw-p 00005000 08:01 1707984    /usr/lib/i386-linux-gnu/libxcb-sync.so.1.0.0
8e130000-8e132000 r-xp 00000000 08:01 1707974    /usr/lib/i386-linux-gnu/libxcb-present.so.0.0.0
8e132000-8e133000 r--p 00001000 08:01 1707974    /usr/lib/i386-linux-gnu/libxcb-present.so.0.0.0
8e133000-8e134000 rw-p 00002000 08:01 1707974    /usr/lib/i386-linux-gnu/libxcb-present.so.0.0.0
8e134000-8e15a000 r-xp 00000000 08:01 1049721    /lib/i386-linux-gnu/libexpat.so.1.6.0
8e15a000-8e15c000 r--p 00026000 08:01 1049721    /lib/i386-linux-gnu/libexpat.so.1.6.0
8e15c000-8e15d000 rw-p 00028000 08:01 1049721    /lib/i386-linux-gnu/libexpat.so.1.6.0
8e15d000-8e200000 r--s 009b4000 08:01 1580976    /home/ait-user/repos/JEFather/JEConfig/target/JEConfig-3.0.14.jar
8e200000-8e300000 rw-p 00000000 00:00 0 
8e300000-8e301000 r--s 00000000 08:01 409554     /var/cache/fontconfig/4794a0821666d79190d59a36cb4f44b5-le32d4.cache-4
8e301000-8e302000 r--s 00000000 08:01 408195     /var/cache/fontconfig/bab58bb527bb656aaa9f116d68a48d89-le32d4.cache-4
8e302000-8e304000 r-xp 00000000 08:01 1707968    /usr/lib/i386-linux-gnu/libxcb-dri3.so.0.0.0
8e304000-8e305000 r--p 00001000 08:01 1707968    /usr/lib/i386-linux-gnu/libxcb-dri3.so.0.0.0
8e305000-8e306000 rw-p 00002000 08:01 1707968    /usr/lib/i386-linux-gnu/libxcb-dri3.so.0.0.0
8e306000-8e30a000 r-xp 00000000 08:01 1707966    /usr/lib/i386-linux-gnu/libxcb-dri2.so.0.0.0
8e30a000-8e30b000 r--p 00003000 08:01 1707966    /usr/lib/i386-linux-gnu/libxcb-dri2.so.0.0.0
8e30b000-8e30c000 rw-p 00004000 08:01 1707966    /usr/lib/i386-linux-gnu/libxcb-dri2.so.0.0.0
8e30c000-8e322000 r-xp 00000000 08:01 1707970    /usr/lib/i386-linux-gnu/libxcb-glx.so.0.0.0
8e322000-8e323000 r--p 00016000 08:01 1707970    /usr/lib/i386-linux-gnu/libxcb-glx.so.0.0.0
8e323000-8e324000 rw-p 00017000 08:01 1707970    /usr/lib/i386-linux-gnu/libxcb-glx.so.0.0.0
8e324000-8e344000 r-xp 00000000 08:01 1707992    /usr/lib/i386-linux-gnu/libxcb.so.1.1.0
8e344000-8e345000 r--p 0001f000 08:01 1707992    /usr/lib/i386-linux-gnu/libxcb.so.1.1.0
8e345000-8e346000 rw-p 00020000 08:01 1707992    /usr/lib/i386-linux-gnu/libxcb.so.1.1.0
8e346000-8e349000 ---p 00000000 00:00 0 
8e349000-8e397000 rw-p 00000000 00:00 0          [stack:4932]
8e397000-8e42c000 r--s 008e8000 08:01 275463     /usr/share/java/openjfx/jre/lib/ext/jfxrt.jar
8e42c000-8e42d000 ---p 00000000 00:00 0 
8e42d000-8e4ad000 rw-p 00000000 00:00 0          [stack:4931]
8e4ad000-8e4b0000 ---p 00000000 00:00 0 
8e4b0000-8e4fe000 rw-p 00000000 00:00 0          [stack:4930]
8e4fe000-8e501000 ---p 00000000 00:00 0 
8e501000-8e57f000 rw-p 00000000 00:00 0          [stack:4929]
8e57f000-8e582000 ---p 00000000 00:00 0 
8e582000-8e600000 rw-p 00000000 00:00 0          [stack:4928]
8e600000-8e800000 r--p 00000000 08:01 1711964    /usr/lib/locale/locale-archive
8e800000-8e821000 rw-p 00000000 00:00 0 
8e821000-8e900000 ---p 00000000 00:00 0 
8e900000-8e901000 r--s 00000000 08:01 408180     /var/cache/fontconfig/56cf4f4769d0f4abc89a4895d7bd3ae1-le32d4.cache-4
8e901000-8e906000 r-xp 00000000 08:01 1706899    /usr/lib/i386-linux-gnu/libXfixes.so.3.1.0
8e906000-8e907000 r--p 00004000 08:01 1706899    /usr/lib/i386-linux-gnu/libXfixes.so.3.1.0
8e907000-8e908000 rw-p 00005000 08:01 1706899    /usr/lib/i386-linux-gnu/libXfixes.so.3.1.0
8e908000-8e91b000 r-xp 00000000 08:01 1706897    /usr/lib/i386-linux-gnu/libXext.so.6.4.0
8e91b000-8e91c000 r--p 00012000 08:01 1706897    /usr/lib/i386-linux-gnu/libXext.so.6.4.0
8e91c000-8e91d000 rw-p 00013000 08:01 1706897    /usr/lib/i386-linux-gnu/libXext.so.6.4.0
8e91d000-8e920000 ---p 00000000 00:00 0 
8e920000-8e96e000 rw-p 00000000 00:00 0          [stack:4927]
8e96e000-8e9af000 r--p 00857000 08:01 1711964    /usr/lib/locale/locale-archive
8e9af000-8e9b2000 ---p 00000000 00:00 0 
8e9b2000-8ea00000 rw-p 00000000 00:00 0          [stack:4926]
8ea00000-8eafb000 rw-p 00000000 00:00 0 
8eafb000-8eb00000 ---p 00000000 00:00 0 
8eb00000-8eb01000 r--s 00000000 08:01 408194     /var/cache/fontconfig/b9d506c9ac06c20b433354fa67a72993-le32d4.cache-4
8eb01000-8eb02000 r--s 00000000 08:01 408179     /var/cache/fontconfig/551ecf3b0e8b0bca0f25c0944f561853-le32d4.cache-4
8eb02000-8eb13000 r-xp 00000000 08:01 1708245    /usr/lib/i386-linux-gnu/libglapi.so.0.0.0
8eb13000-8eb15000 r--p 00011000 08:01 1708245    /usr/lib/i386-linux-gnu/libglapi.so.0.0.0
8eb15000-8eb1a000 rwxp 00013000 08:01 1708245    /usr/lib/i386-linux-gnu/libglapi.so.0.0.0
8eb1a000-8eb1b000 rwxp 00000000 00:00 0 
8eb1b000-8eb1d000 r-xp 00000000 08:01 1706907    /usr/lib/i386-linux-gnu/libXinerama.so.1.0.0
8eb1d000-8eb1e000 r--p 00001000 08:01 1706907    /usr/lib/i386-linux-gnu/libXinerama.so.1.0.0
8eb1e000-8eb1f000 rw-p 00002000 08:01 1706907    /usr/lib/i386-linux-gnu/libXinerama.so.1.0.0
8eb1f000-8eb2e000 r-xp 00000000 08:01 1447838    /usr/lib/jvm/java-8-openjdk-i386/jre/lib/i386/libprism_sw.so
8eb2e000-8eb2f000 r--p 0000e000 08:01 1447838    /usr/lib/jvm/java-8-openjdk-i386/jre/lib/i386/libprism_sw.so
8eb2f000-8eb30000 rw-p 0000f000 08:01 1447838    /usr/lib/jvm/java-8-openjdk-i386/jre/lib/i386/libprism_sw.so
8eb30000-8eb33000 ---p 00000000 00:00 0 
8eb33000-8eb81000 rw-p 00000000 00:00 0          [stack:4925]
8eb81000-8eb82000 ---p 00000000 00:00 0 
8eb82000-8ec4f000 rw-p 00000000 00:00 0          [stack:4924]
8ec4f000-8ee1c000 r--s 03bd3000 08:01 1444234    /usr/lib/jvm/java-8-openjdk-i386/jre/lib/rt.jar
8ee1c000-8f2bd000 rw-p 00000000 00:00 0 
8f2bd000-8f2c3000 ---p 00000000 00:00 0 
8f2c3000-8f342000 rw-p 00000000 00:00 0 
8f342000-8f381000 rw-p 00000000 00:00 0 
8f381000-8f3ff000 rw-p 00000000 00:00 0 
8f3ff000-97200000 rw-p 00000000 00:00 0 
97200000-a6e00000 rw-p 00000000 00:00 0 
a6e00000-a6e02000 r--s 00000000 08:01 408312     /var/cache/fontconfig/e13b20fdb08344e0e664864cc2ede53d-le32d4.cache-4
a6e02000-a6e03000 r-xp 00000000 08:01 1706878    /usr/lib/i386-linux-gnu/libX11-xcb.so.1.0.0
a6e03000-a6e04000 r--p 00000000 08:01 1706878    /usr/lib/i386-linux-gnu/libX11-xcb.so.1.0.0
a6e04000-a6e05000 rw-p 00001000 08:01 1706878    /usr/lib/i386-linux-gnu/libX11-xcb.so.1.0.0
a6e05000-a6e07000 r-xp 00000000 08:01 1706893    /usr/lib/i386-linux-gnu/libXdamage.so.1.1.0
a6e07000-a6e08000 r--p 00001000 08:01 1706893    /usr/lib/i386-linux-gnu/libXdamage.so.1.1.0
a6e08000-a6e09000 rw-p 00002000 08:01 1706893    /usr/lib/i386-linux-gnu/libXdamage.so.1.1.0
a6e09000-a6e14000 r-xp 00000000 08:01 1447847    /usr/lib/jvm/java-8-openjdk-i386/jre/lib/i386/libprism_es2.so
a6e14000-a6e15000 r--p 0000a000 08:01 1447847    /usr/lib/jvm/java-8-openjdk-i386/jre/lib/i386/libprism_es2.so
a6e15000-a6e16000 rw-p 0000b000 08:01 1447847    /usr/lib/jvm/java-8-openjdk-i386/jre/lib/i386/libprism_es2.so
a6e16000-a6e19000 r--s 00037000 08:01 1444238    /usr/lib/jvm/java-8-openjdk-i386/jre/lib/ext/sunpkcs11.jar
a6e19000-a6e33000 r--s 001d3000 08:01 1444240    /usr/lib/jvm/java-8-openjdk-i386/jre/lib/ext/nashorn.jar
a6e33000-a6e35000 r--s 00006000 08:01 274690     /usr/share/java/java-atk-wrapper.jar
a6e35000-a6e40000 r--s 00116000 08:01 1444245    /usr/lib/jvm/java-8-openjdk-i386/jre/lib/ext/localedata.jar
a6e40000-a6e98000 rw-p 00000000 00:00 0 
a6e98000-a7200000 ---p 00000000 00:00 0 
a7200000-a87d0000 rwxp 00000000 00:00 0 
a87d0000-b6200000 ---p 00000000 00:00 0 
b6200000-b62ef000 rw-p 00000000 00:00 0 
b62ef000-b6300000 ---p 00000000 00:00 0 
b6300000-b6301000 r--s 00000000 08:01 408168     /var/cache/fontconfig/0c9eb80ebd1c36541ebe2852d3bb0c49-le32d4.cache-4
b6301000-b6303000 r--s 00001000 08:01 1444243    /usr/lib/jvm/java-8-openjdk-i386/jre/lib/ext/dnsns.jar
b6303000-b631f000 r--s 00393000 08:01 1444242    /usr/lib/jvm/java-8-openjdk-i386/jre/lib/ext/cldrdata.jar
b631f000-b6320000 r--s 00008000 08:01 1444244    /usr/lib/jvm/java-8-openjdk-i386/jre/lib/ext/sunec.jar
b6320000-b6326000 r--s 0003a000 08:01 1444239    /usr/lib/jvm/java-8-openjdk-i386/jre/lib/ext/sunjce_provider.jar
b6326000-b6332000 r-xp 00000000 08:01 1049787    /lib/i386-linux-gnu/libnss_files-2.21.so
b6332000-b6333000 r--p 0000b000 08:01 1049787    /lib/i386-linux-gnu/libnss_files-2.21.so
b6333000-b6334000 rw-p 0000c000 08:01 1049787    /lib/i386-linux-gnu/libnss_files-2.21.so
b6334000-b633f000 r-xp 00000000 08:01 1049797    /lib/i386-linux-gnu/libnss_nis-2.21.so
b633f000-b6340000 r--p 0000a000 08:01 1049797    /lib/i386-linux-gnu/libnss_nis-2.21.so
b6340000-b6341000 rw-p 0000b000 08:01 1049797    /lib/i386-linux-gnu/libnss_nis-2.21.so
b6341000-b6358000 r-xp 00000000 08:01 1049781    /lib/i386-linux-gnu/libnsl-2.21.so
b6358000-b6359000 r--p 00016000 08:01 1049781    /lib/i386-linux-gnu/libnsl-2.21.so
b6359000-b635a000 rw-p 00017000 08:01 1049781    /lib/i386-linux-gnu/libnsl-2.21.so
b635a000-b635c000 rw-p 00000000 00:00 0 
b635c000-b6364000 r-xp 00000000 08:01 1049783    /lib/i386-linux-gnu/libnss_compat-2.21.so
b6364000-b6365000 r--p 00007000 08:01 1049783    /lib/i386-linux-gnu/libnss_compat-2.21.so
b6365000-b6366000 rw-p 00008000 08:01 1049783    /lib/i386-linux-gnu/libnss_compat-2.21.so
b6366000-b6369000 r--s 0000f000 08:01 1444237    /usr/lib/jvm/java-8-openjdk-i386/jre/lib/ext/icedtea-sound.jar
b6369000-b6371000 r-xp 00000000 08:01 1444284    /usr/lib/jvm/java-8-openjdk-i386/jre/lib/i386/libzip.so
b6371000-b6372000 r--p 00007000 08:01 1444284    /usr/lib/jvm/java-8-openjdk-i386/jre/lib/i386/libzip.so
b6372000-b6373000 rw-p 00008000 08:01 1444284    /usr/lib/jvm/java-8-openjdk-i386/jre/lib/i386/libzip.so
b6373000-b637b000 rw-s 00000000 08:01 1318784    /tmp/hsperfdata_ait-user/4922
b637b000-b63a2000 r-xp 00000000 08:01 1444268    /usr/lib/jvm/java-8-openjdk-i386/jre/lib/i386/libjava.so
b63a2000-b63a3000 r--p 00026000 08:01 1444268    /usr/lib/jvm/java-8-openjdk-i386/jre/lib/i386/libjava.so
b63a3000-b63a4000 rw-p 00027000 08:01 1444268    /usr/lib/jvm/java-8-openjdk-i386/jre/lib/i386/libjava.so
b63a4000-b63ab000 r-xp 00000000 08:01 1049842    /lib/i386-linux-gnu/librt-2.21.so
b63ab000-b63ac000 r--p 00006000 08:01 1049842    /lib/i386-linux-gnu/librt-2.21.so
b63ac000-b63ad000 rw-p 00007000 08:01 1049842    /lib/i386-linux-gnu/librt-2.21.so
b63ad000-b63b0000 ---p 00000000 00:00 0 
b63b0000-b63fe000 rw-p 00000000 00:00 0          [stack:4923]
b63fe000-b641a000 r-xp 00000000 08:01 1053282    /lib/i386-linux-gnu/libgcc_s.so.1
b641a000-b641b000 rw-p 0001b000 08:01 1053282    /lib/i386-linux-gnu/libgcc_s.so.1
b641b000-b6466000 r-xp 00000000 08:01 1049760    /lib/i386-linux-gnu/libm-2.21.so
b6466000-b6467000 r--p 0004a000 08:01 1049760    /lib/i386-linux-gnu/libm-2.21.so
b6467000-b6468000 rw-p 0004b000 08:01 1049760    /lib/i386-linux-gnu/libm-2.21.so
b6468000-b6551000 r-xp 00000000 08:01 1707810    /usr/lib/i386-linux-gnu/libstdc++.so.6.0.20
b6551000-b6555000 r--p 000e9000 08:01 1707810    /usr/lib/i386-linux-gnu/libstdc++.so.6.0.20
b6555000-b6556000 rw-p 000ed000 08:01 1707810    /usr/lib/i386-linux-gnu/libstdc++.so.6.0.20
b6556000-b655d000 rw-p 00000000 00:00 0 
b655d000-b7060000 r-xp 00000000 08:01 1444273    /usr/lib/jvm/java-8-openjdk-i386/jre/lib/i386/server/libjvm.so
b7060000-b70ae000 r--p 00b02000 08:01 1444273    /usr/lib/jvm/java-8-openjdk-i386/jre/lib/i386/server/libjvm.so
b70ae000-b70c5000 rw-p 00b50000 08:01 1444273    /usr/lib/jvm/java-8-openjdk-i386/jre/lib/i386/server/libjvm.so
b70c5000-b74e6000 rw-p 00000000 00:00 0 
b74e6000-b74ff000 r-xp 00000000 08:01 1049834    /lib/i386-linux-gnu/libpthread-2.21.so
b74ff000-b7500000 r--p 00018000 08:01 1049834    /lib/i386-linux-gnu/libpthread-2.21.so
b7500000-b7501000 rw-p 00019000 08:01 1049834    /lib/i386-linux-gnu/libpthread-2.21.so
b7501000-b7503000 rw-p 00000000 00:00 0 
b7503000-b7506000 r-xp 00000000 08:01 1049719    /lib/i386-linux-gnu/libdl-2.21.so
b7506000-b7507000 r--p 00002000 08:01 1049719    /lib/i386-linux-gnu/libdl-2.21.so
b7507000-b7508000 rw-p 00003000 08:01 1049719    /lib/i386-linux-gnu/libdl-2.21.so
b7508000-b7521000 r-xp 00000000 08:01 1049875    /lib/i386-linux-gnu/libz.so.1.2.8
b7521000-b7522000 r--p 00019000 08:01 1049875    /lib/i386-linux-gnu/libz.so.1.2.8
b7522000-b7523000 rw-p 0001a000 08:01 1049875    /lib/i386-linux-gnu/libz.so.1.2.8
b7523000-b7524000 rw-p 00000000 00:00 0 
b7524000-b76d8000 r-xp 00000000 08:01 1049704    /lib/i386-linux-gnu/libc-2.21.so
b76d8000-b76db000 r--p 001b3000 08:01 1049704    /lib/i386-linux-gnu/libc-2.21.so
b76db000-b76dd000 rw-p 001b6000 08:01 1049704    /lib/i386-linux-gnu/libc-2.21.so
b76dd000-b76df000 rw-p 00000000 00:00 0 
b76df000-b76e0000 r--s 00010000 08:01 1444241    /usr/lib/jvm/java-8-openjdk-i386/jre/lib/ext/zipfs.jar
b76e0000-b76e1000 r--p 00306000 08:01 1711964    /usr/lib/locale/locale-archive
b76e1000-b76e2000 rw-p 00000000 00:00 0 
b76e2000-b76e3000 r--p 00000000 00:00 0 
b76e3000-b76f1000 r-xp 00000000 08:01 1444267    /usr/lib/jvm/java-8-openjdk-i386/jre/lib/i386/libverify.so
b76f1000-b76f3000 r--p 0000d000 08:01 1444267    /usr/lib/jvm/java-8-openjdk-i386/jre/lib/i386/libverify.so
b76f3000-b76f4000 rw-p 0000f000 08:01 1444267    /usr/lib/jvm/java-8-openjdk-i386/jre/lib/i386/libverify.so
b76f4000-b7701000 r-xp 00000000 08:01 1444252    /usr/lib/jvm/java-8-openjdk-i386/jre/lib/i386/jli/libjli.so
b7701000-b7702000 r--p 0000c000 08:01 1444252    /usr/lib/jvm/java-8-openjdk-i386/jre/lib/i386/jli/libjli.so
b7702000-b7703000 rw-p 0000d000 08:01 1444252    /usr/lib/jvm/java-8-openjdk-i386/jre/lib/i386/jli/libjli.so
b7703000-b7705000 rw-p 00000000 00:00 0 
b7705000-b7707000 r--p 00000000 00:00 0          [vvar]
b7707000-b7708000 r-xp 00000000 00:00 0          [vdso]
b7708000-b772a000 r-xp 00000000 08:01 1049676    /lib/i386-linux-gnu/ld-2.21.so
b772a000-b772b000 r--p 00021000 08:01 1049676    /lib/i386-linux-gnu/ld-2.21.so
b772b000-b772c000 rw-p 00022000 08:01 1049676    /lib/i386-linux-gnu/ld-2.21.so
bf81b000-bf81c000 rwxp 00000000 00:00 0 
bf84e000-bf86f000 rw-p 00000000 00:00 0          [stack]

VM Arguments:
java_command: target/JEConfig-3.0.14.jar --datasource.class=org.jevis.api.sql.JEVisDataSourceSQL --datasource.host=localhost --datasource.port=3306 --datasource.schema=jevis --datasource.username=jevis --datasource.password=jevistest --fxlogin.logo=http://www.ait.ac.at/fileadmin/templates/tpl/images/ait_logo.jpg --fxlogin.css=http://openjevis.org/attachments/download/1268/fxlogin_ait.css --fxlogin.register=http://my-jevis.com
java_class_path (initial): target/JEConfig-3.0.14.jar
Launcher Type: SUN_STANDARD

Environment Variables:
PATH=/usr/local/sbin:/usr/local/bin:/usr/sbin:/usr/bin:/sbin:/bin:/usr/games:/usr/local/games
SHELL=/bin/bash
DISPLAY=:0.0

Signal Handlers:
SIGSEGV: [libjvm.so+0x8f4900], sa_mask[0]=11111111011111111101111111111110, sa_flags=SA_RESTART|SA_SIGINFO
SIGBUS: [libjvm.so+0x8f4900], sa_mask[0]=11111111011111111101111111111110, sa_flags=SA_RESTART|SA_SIGINFO
SIGFPE: [libjvm.so+0x75c6d0], sa_mask[0]=11111111011111111101111111111110, sa_flags=SA_RESTART|SA_SIGINFO
SIGPIPE: SIG_IGN, sa_mask[0]=00000000000010000000000000000000, sa_flags=SA_RESTART
SIGXFSZ: [libjvm.so+0x75c6d0], sa_mask[0]=11111111011111111101111111111110, sa_flags=SA_RESTART|SA_SIGINFO
SIGILL: [libjvm.so+0x75c6d0], sa_mask[0]=11111111011111111101111111111110, sa_flags=SA_RESTART|SA_SIGINFO
SIGUSR1: SIG_DFL, sa_mask[0]=00000000000000000000000000000000, sa_flags=none
SIGUSR2: [libjvm.so+0x75c510], sa_mask[0]=00000000000000000000000000000000, sa_flags=SA_RESTART|SA_SIGINFO
SIGHUP: [libjvm.so+0x75c7a0], sa_mask[0]=11111111011111111101111111111110, sa_flags=SA_RESTART|SA_SIGINFO
SIGINT: [vboxvideo_dri.so+0x31750], sa_mask[0]=01000000000000000000000000000000, sa_flags=SA_RESTART
SIGTERM: [vboxvideo_dri.so+0x31750], sa_mask[0]=00000000000000100000000000000000, sa_flags=SA_RESTART
SIGQUIT: [libjvm.so+0x75c7a0], sa_mask[0]=11111111011111111101111111111110, sa_flags=SA_RESTART|SA_SIGINFO


---------------  S Y S T E M  ---------------

OS:DISTRIB_ID=Ubuntu
DISTRIB_RELEASE=15.04
DISTRIB_CODENAME=vivid
DISTRIB_DESCRIPTION="Ubuntu 15.04"

uname:Linux 3.19.0-33-generic #38-Ubuntu SMP Fri Nov 6 18:17:18 UTC 2015 i686
libc:glibc 2.21 NPTL 2.21 
rlimit: STACK 8192k, CORE 0k, NPROC 11900, NOFILE 65536, AS infinity
load average:0,16 0,13 0,21

/proc/meminfo:
MemTotal:        1544156 kB
MemFree:           96644 kB
MemAvailable:      73892 kB
Buffers:            1608 kB
Cached:            74828 kB
SwapCached:          656 kB
Active:           666856 kB
Inactive:         728480 kB
Active(anon):     630836 kB
Inactive(anon):   699352 kB
Active(file):      36020 kB
Inactive(file):    29128 kB
Unevictable:           0 kB
Mlocked:               0 kB
HighTotal:        659400 kB
HighFree:          11688 kB
LowTotal:         884756 kB
LowFree:           84956 kB
SwapTotal:       1570812 kB
SwapFree:        1543952 kB
Dirty:               164 kB
Writeback:           100 kB
AnonPages:       1318836 kB
Mapped:            53380 kB
Shmem:             10936 kB
Slab:              28224 kB
SReclaimable:      16780 kB
SUnreclaim:        11444 kB
KernelStack:        2728 kB
PageTables:         8076 kB
NFS_Unstable:          0 kB
Bounce:                0 kB
WritebackTmp:          0 kB
CommitLimit:     2342888 kB
Committed_AS:    3203504 kB
VmallocTotal:     122880 kB
VmallocUsed:       24192 kB
VmallocChunk:      97300 kB
AnonHugePages:    925696 kB
CmaTotal:              0 kB
CmaFree:               0 kB
HugePages_Total:       0
HugePages_Free:        0
HugePages_Rsvd:        0
HugePages_Surp:        0
Hugepagesize:       2048 kB
DirectMap4k:       36856 kB
DirectMap2M:      876544 kB


CPU:total 2 (2 cores per cpu, 1 threads per core) family 6 model 42 stepping 7, cmov, cx8, fxsr, mmx, sse, sse2, sse3, ssse3, tsc

/proc/cpuinfo:
processor	: 0
vendor_id	: GenuineIntel
cpu family	: 6
model		: 42
model name	: Intel(R) Core(TM) i3-2310M CPU @ 2.10GHz
stepping	: 7
cpu MHz		: 2016.880
cache size	: 6144 KB
physical id	: 0
siblings	: 2
core id		: 0
cpu cores	: 2
apicid		: 0
initial apicid	: 0
fdiv_bug	: no
f00f_bug	: no
coma_bug	: no
fpu		: yes
fpu_exception	: yes
cpuid level	: 5
wp		: yes
flags		: fpu vme de pse tsc msr pae mce cx8 apic sep mtrr pge mca cmov pat pse36 clflush mmx fxsr sse sse2 ht nx rdtscp constant_tsc pni ssse3
bugs		:
bogomips	: 4033.76
clflush size	: 64
cache_alignment	: 64
address sizes	: 36 bits physical, 48 bits virtual
power management:

processor	: 1
vendor_id	: GenuineIntel
cpu family	: 6
model		: 42
model name	: Intel(R) Core(TM) i3-2310M CPU @ 2.10GHz
stepping	: 7
cpu MHz		: 2016.880
cache size	: 6144 KB
physical id	: 0
siblings	: 2
core id		: 1
cpu cores	: 2
apicid		: 1
initial apicid	: 1
fdiv_bug	: no
f00f_bug	: no
coma_bug	: no
fpu		: yes
fpu_exception	: yes
cpuid level	: 5
wp		: yes
flags		: fpu vme de pse tsc msr pae mce cx8 apic sep mtrr pge mca cmov pat pse36 clflush mmx fxsr sse sse2 ht nx rdtscp constant_tsc pni ssse3
bugs		:
bogomips	: 4033.76
clflush size	: 64
cache_alignment	: 64
address sizes	: 36 bits physical, 48 bits virtual
power management:



Memory: 4k page, physical 1544156k(99092k free), swap 1570812k(1543772k free)

vm_info: OpenJDK Server VM (25.45-b02) for linux-x86 JRE (1.8.0_45-internal-b14), built on Apr 20 2015 00:35:55 by "buildd" with gcc 4.9.2

time: Tue Dec 29 21:43:59 2015
elapsed time: 4020 seconds (0d 1h 7m 0s)

