#
# A fatal error has been detected by the Java Runtime Environment:
#
#  SIGSEGV (0xb) at pc=0xb7599bb0, pid=4477, tid=3075651328
#
# JRE version: OpenJDK Runtime Environment (8.0_45-b14) (build 1.8.0_45-internal-b14)
# Java VM: OpenJDK Server VM (25.45-b02 mixed mode linux-x86 )
# Problematic frame:
# C  [libc.so.6+0x2ebb0]
#
# Failed to write core dump. Core dumps have been disabled. To enable core dumping, try "ulimit -c unlimited" before starting Java again
#
# If you would like to submit a bug report, please visit:
#   http://bugreport.java.com/bugreport/crash.jsp
#

---------------  T H R E A D  ---------------

Current thread is native thread

siginfo: si_signo: 11 (SIGSEGV), si_code: 1 (SEGV_MAPERR), si_addr: 0x78aa98b0

Registers:
EAX=0x8ea00040, EBX=0xb7722000, ECX=0x78aa98b0, EDX=0xea000400
ESP=0xbfc9f080, EBP=0x8eaa94b8, ESI=0x00000000, EDI=0xb772241c
EIP=0xb7599bb0, EFLAGS=0x00010282, CR2=0x78aa98b0

Top of Stack: (sp=0xbfc9f080)
0xbfc9f080:   000149c0 81002080 0c000000 00000001
0xbfc9f090:   092429c0 24208011 b7599b79 b7722000
0xbfc9f0a0:   00000000 b7547000 bfc9f0e8 b7599cb1
0xbfc9f0b0:   00000000 b772241c 00000001 00000018
0xbfc9f0c0:   00000019 b7599c96 8de33000 8dd69775
0xbfc9f0d0:   00000000 0000001f 00000022 00000024
0xbfc9f0e0:   8dd69759 b6444ba8 b6444b40 b774ebbc
0xbfc9f0f0:   00000002 00000033 00000000 0000007b 

Instructions: (pc=0xb7599bb0)
0xb7599b90:   24 0c e8 39 06 00 00 8b 2f 85 ed 74 42 8d 76 00
0xb7599ba0:   8b 45 04 89 c2 c1 e2 04 85 c0 8d 4c 15 f8 74 22
0xb7599bb0:   8b 11 83 e8 01 89 45 04 83 fa 03 0f 84 9f 00 00
0xb7599bc0:   00 83 fa 04 74 72 83 fa 02 74 45 83 e9 10 85 c0 

Register to memory mapping:

EAX=0x8ea00040 is an unknown value
EBX=0xb7722000: <offset 0x1b7000> in /lib/i386-linux-gnu/libc.so.6 at 0xb756b000
ECX=0x78aa98b0 is an unknown value
EDX=0xea000400 is an unknown value
ESP=0xbfc9f080 is an unknown value
EBP=0x8eaa94b8 is an unknown value
ESI=0x00000000 is an unknown value
EDI=0xb772241c: <offset 0x1b741c> in /lib/i386-linux-gnu/libc.so.6 at 0xb756b000


Stack: [0xbfc56000,0xbfca6000],  sp=0xbfc9f080,  free space=292k
Native frames: (J=compiled Java code, j=interpreted, Vv=VM code, C=native code)
C  [libc.so.6+0x2ebb0]
C  0x8ea00040


---------------  P R O C E S S  ---------------

VM state:not at safepoint (normal execution)

VM Mutex/Monitor currently owned by a thread: None

Heap:
 def new generation   total 54528K, used 19411K [0x8f400000, 0x92f20000, 0x97200000)
  eden space 48512K,  40% used [0x8f400000, 0x906f4ee8, 0x92360000)
  from space 6016K,   0% used [0x92360000, 0x92360000, 0x92940000)
  to   space 6016K,   0% used [0x92940000, 0x92940000, 0x92f20000)
 tenured generation   total 120944K, used 72565K [0x97200000, 0x9e81c000, 0xa6e00000)
   the space 120944K,  59% used [0x97200000, 0x9b8dd7c0, 0x9b8dd800, 0x9e81c000)
 Metaspace       used 25379K, capacity 26449K, committed 26520K, reserved 26928K

Card table byte_map: [0x8f342000,0x8f400000] byte_map_base: 0x8eec8000

Polling page: 0xb7729000

CodeCache: size=245760Kb used=14710Kb max_used=14878Kb free=231049Kb
 bounds [0xa7200000, 0xa80a0000, 0xb6200000]
 total_blobs=6167 nmethods=5692 adapters=388
 compilation: enabled

Compilation events (10 events):
Event: 377,867 Thread 0xb6281000 6530       3       com.sun.prism.sw.SWGraphics::paintRoundRect (61 bytes)
Event: 377,868 Thread 0xb6281000 nmethod 6530 0xa73ce3c8 code [0xa73ce520, 0xa73ce8d8]
Event: 378,463 Thread 0xb627f800 6531       4       javafx.scene.Node::processCSS (104 bytes)
Event: 378,522 Thread 0xb627f800 nmethod 6531 0xa74eae88 code [0xa74eafe0, 0xa74eb350]
Event: 378,552 Thread 0xb627f800 6532       4       com.sun.javafx.sg.prism.NGRegion::renderBackgroundRectanglesDirectly (358 bytes)
Event: 378,683 Thread 0xb627f800 nmethod 6532 0xa80910c8 code [0xa80915c0, 0xa8093c6c]
Event: 378,699 Thread 0xb627f800 6533       4       com.sun.openpisces.TransformingPathConsumer2D$FilterSet::getConsumer (352 bytes)
Event: 378,708 Thread 0xb627f800 nmethod 6533 0xa7609348 code [0xa76094a0, 0xa76098b0]
Event: 378,709 Thread 0xb627f800 6534       4       com.sun.javafx.sg.prism.NGRegion::renderBackgroundRectangle (1155 bytes)
Event: 378,843 Thread 0xb627f800 nmethod 6534 0xa8099108 code [0xa8099520, 0xa809b918]

GC Heap History (10 events):
Event: 18,283 GC heap before
{Heap before GC invocations=14 (full 3):
 def new generation   total 17216K, used 16161K [0x8f400000, 0x906a0000, 0x97200000)
  eden space 15360K, 100% used [0x8f400000, 0x90300000, 0x90300000)
  from space 1856K,  43% used [0x90300000, 0x903c84e8, 0x904d0000)
  to   space 1856K,   0% used [0x904d0000, 0x904d0000, 0x906a0000)
 tenured generation   total 38000K, used 36941K [0x97200000, 0x9971c000, 0xa6e00000)
   the space 38000K,  97% used [0x97200000, 0x99613748, 0x99613800, 0x9971c000)
 Metaspace       used 22693K, capacity 23523K, committed 23576K, reserved 23856K
Event: 18,420 GC heap after
Heap after GC invocations=15 (full 4):
 def new generation   total 28608K, used 0K [0x8f400000, 0x91300000, 0x97200000)
  eden space 25472K,   0% used [0x8f400000, 0x8f400000, 0x90ce0000)
  from space 3136K,   0% used [0x90ce0000, 0x90ce0000, 0x90ff0000)
  to   space 3136K,   0% used [0x90ff0000, 0x90ff0000, 0x91300000)
 tenured generation   total 63400K, used 38038K [0x97200000, 0x9afea000, 0xa6e00000)
   the space 63400K,  59% used [0x97200000, 0x99725a78, 0x99725c00, 0x9afea000)
 Metaspace       used 22693K, capacity 23523K, committed 23576K, reserved 23856K
}
Event: 184,127 GC heap before
{Heap before GC invocations=15 (full 4):
 def new generation   total 28608K, used 23442K [0x8f400000, 0x91300000, 0x97200000)
  eden space 25472K,  92% used [0x8f400000, 0x90ae4990, 0x90ce0000)
  from space 3136K,   0% used [0x90ce0000, 0x90ce0000, 0x90ff0000)
  to   space 3136K,   0% used [0x90ff0000, 0x90ff0000, 0x91300000)
 tenured generation   total 63400K, used 38038K [0x97200000, 0x9afea000, 0xa6e00000)
   the space 63400K,  59% used [0x97200000, 0x99725a78, 0x99725c00, 0x9afea000)
 Metaspace       used 23447K, capacity 24328K, committed 24344K, reserved 24880K
Event: 184,153 GC heap after
Heap after GC invocations=16 (full 4):
 def new generation   total 28608K, used 3136K [0x8f400000, 0x91300000, 0x97200000)
  eden space 25472K,   0% used [0x8f400000, 0x8f400000, 0x90ce0000)
  from space 3136K, 100% used [0x90ff0000, 0x91300000, 0x91300000)
  to   space 3136K,   0% used [0x90ce0000, 0x90ce0000, 0x90ff0000)
 tenured generation   total 63400K, used 41173K [0x97200000, 0x9afea000, 0xa6e00000)
   the space 63400K,  64% used [0x97200000, 0x99a35758, 0x99a35800, 0x9afea000)
 Metaspace       used 23447K, capacity 24328K, committed 24344K, reserved 24880K
}
Event: 186,882 GC heap before
{Heap before GC invocations=16 (full 4):
 def new generation   total 28608K, used 25633K [0x8f400000, 0x91300000, 0x97200000)
  eden space 25472K,  88% used [0x8f400000, 0x909f8440, 0x90ce0000)
  from space 3136K, 100% used [0x90ff0000, 0x91300000, 0x91300000)
  to   space 3136K,   0% used [0x90ce0000, 0x90ce0000, 0x90ff0000)
 tenured generation   total 63400K, used 41173K [0x97200000, 0x9afea000, 0xa6e00000)
   the space 63400K,  64% used [0x97200000, 0x99a35758, 0x99a35800, 0x9afea000)
 Metaspace       used 23588K, capacity 24490K, committed 24600K, reserved 24880K
Event: 186,904 GC heap after
Heap after GC invocations=17 (full 4):
 def new generation   total 28608K, used 1036K [0x8f400000, 0x91300000, 0x97200000)
  eden space 25472K,   0% used [0x8f400000, 0x8f400000, 0x90ce0000)
  from space 3136K,  33% used [0x90ce0000, 0x90de3120, 0x90ff0000)
  to   space 3136K,   0% used [0x90ff0000, 0x90ff0000, 0x91300000)
 tenured generation   total 63400K, used 55605K [0x97200000, 0x9afea000, 0xa6e00000)
   the space 63400K,  87% used [0x97200000, 0x9a84d470, 0x9a84d600, 0x9afea000)
 Metaspace       used 23588K, capacity 24490K, committed 24600K, reserved 24880K
}
Event: 188,956 GC heap before
{Heap before GC invocations=17 (full 4):
 def new generation   total 28608K, used 26508K [0x8f400000, 0x91300000, 0x97200000)
  eden space 25472K, 100% used [0x8f400000, 0x90ce0000, 0x90ce0000)
  from space 3136K,  33% used [0x90ce0000, 0x90de3120, 0x90ff0000)
  to   space 3136K,   0% used [0x90ff0000, 0x90ff0000, 0x91300000)
 tenured generation   total 63400K, used 55605K [0x97200000, 0x9afea000, 0xa6e00000)
   the space 63400K,  87% used [0x97200000, 0x9a84d470, 0x9a84d600, 0x9afea000)
 Metaspace       used 23954K, capacity 24863K, committed 24984K, reserved 25904K
Event: 188,978 GC heap after
Heap after GC invocations=18 (full 4):
 def new generation   total 28608K, used 3136K [0x8f400000, 0x91300000, 0x97200000)
  eden space 25472K,   0% used [0x8f400000, 0x8f400000, 0x90ce0000)
  from space 3136K, 100% used [0x90ff0000, 0x91300000, 0x91300000)
  to   space 3136K,   0% used [0x90ce0000, 0x90ce0000, 0x90ff0000)
 tenured generation   total 63400K, used 63195K [0x97200000, 0x9afea000, 0xa6e00000)
   the space 63400K,  99% used [0x97200000, 0x9afb6e28, 0x9afb7000, 0x9afea000)
 Metaspace       used 23954K, capacity 24863K, committed 24984K, reserved 25904K
}
Event: 218,224 GC heap before
{Heap before GC invocations=18 (full 4):
 def new generation   total 28608K, used 28608K [0x8f400000, 0x91300000, 0x97200000)
  eden space 25472K, 100% used [0x8f400000, 0x90ce0000, 0x90ce0000)
  from space 3136K, 100% used [0x90ff0000, 0x91300000, 0x91300000)
  to   space 3136K,   0% used [0x90ce0000, 0x90ce0000, 0x90ff0000)
 tenured generation   total 63400K, used 63195K [0x97200000, 0x9afea000, 0xa6e00000)
   the space 63400K,  99% used [0x97200000, 0x9afb6e28, 0x9afb7000, 0x9afea000)
 Metaspace       used 24594K, capacity 25621K, committed 25624K, reserved 25904K
Event: 218,391 GC heap after
Heap after GC invocations=19 (full 5):
 def new generation   total 54528K, used 1716K [0x8f400000, 0x92f20000, 0x97200000)
  eden space 48512K,   3% used [0x8f400000, 0x8f5ad060, 0x92360000)
  from space 6016K,   0% used [0x92360000, 0x92360000, 0x92940000)
  to   space 6016K,   0% used [0x92940000, 0x92940000, 0x92f20000)
 tenured generation   total 120944K, used 72565K [0x97200000, 0x9e81c000, 0xa6e00000)
   the space 120944K,  59% used [0x97200000, 0x9b8dd7c0, 0x9b8dd800, 0x9e81c000)
 Metaspace       used 24594K, capacity 25621K, committed 25624K, reserved 25904K
}

Deoptimization events (10 events):
Event: 218,035 Thread 0x8e0e1400 Uncommon trap: reason=speculate_class_check action=maybe_recompile pc=0xa7ea6750 method=com.sun.javafx.sg.prism.NGNode.getOpaqueRegion()Lcom/sun/javafx/geom/RectBounds; @ 56
Event: 218,053 Thread 0x8e0e1400 Uncommon trap: reason=speculate_class_check action=maybe_recompile pc=0xa7ea6750 method=com.sun.javafx.sg.prism.NGNode.getOpaqueRegion()Lcom/sun/javafx/geom/RectBounds; @ 56
Event: 219,658 Thread 0x88e85c00 Uncommon trap: reason=bimorphic action=maybe_recompile pc=0xa7e614bc method=javafx.scene.Node.getLocalBounds(Lcom/sun/javafx/geom/BaseBounds;Lcom/sun/javafx/geom/transform/BaseTransform;)Lcom/sun/javafx/geom/BaseBounds; @ 42
Event: 219,673 Thread 0x88e85c00 Uncommon trap: reason=bimorphic action=maybe_recompile pc=0xa7e614bc method=javafx.scene.Node.getLocalBounds(Lcom/sun/javafx/geom/BaseBounds;Lcom/sun/javafx/geom/transform/BaseTransform;)Lcom/sun/javafx/geom/BaseBounds; @ 42
Event: 219,700 Thread 0x88e85c00 Uncommon trap: reason=bimorphic action=maybe_recompile pc=0xa7e614bc method=javafx.scene.Node.getLocalBounds(Lcom/sun/javafx/geom/BaseBounds;Lcom/sun/javafx/geom/transform/BaseTransform;)Lcom/sun/javafx/geom/BaseBounds; @ 42
Event: 219,716 Thread 0x88e85c00 Uncommon trap: reason=bimorphic action=maybe_recompile pc=0xa7e614bc method=javafx.scene.Node.getLocalBounds(Lcom/sun/javafx/geom/BaseBounds;Lcom/sun/javafx/geom/transform/BaseTransform;)Lcom/sun/javafx/geom/BaseBounds; @ 42
Event: 219,733 Thread 0x88e85c00 Uncommon trap: reason=bimorphic action=maybe_recompile pc=0xa7f31848 method=javafx.scene.Node.getLocalBounds(Lcom/sun/javafx/geom/BaseBounds;Lcom/sun/javafx/geom/transform/BaseTransform;)Lcom/sun/javafx/geom/BaseBounds; @ 42
Event: 222,254 Thread 0x88e85c00 Uncommon trap: reason=unstable_if action=reinterpret pc=0xa753c864 method=com.sun.javafx.css.StyleManager$RefList.remove(Ljava/lang/Object;)V @ 39
Event: 223,352 Thread 0x88e85c00 Uncommon trap: reason=unstable_if action=reinterpret pc=0xa7bb5238 method=javafx.scene.layout.Region.prefHeight(D)D @ 10
Event: 223,359 Thread 0x88e85c00 Uncommon trap: reason=unstable_if action=reinterpret pc=0xa790e50c method=com.sun.javafx.geom.Path2D.needRoom(ZI)V @ 46

Internal exceptions (10 events):
Event: 218,736 Thread 0x0a4fcc00 Exception <a 'java/lang/NullPointerException'> (0x8f719828) thrown at [/build/buildd/openjdk-8-8u45-b14/src/hotspot/src/share/vm/interpreter/linkResolver.cpp, line 1280]
Event: 218,953 Thread 0x0a4fcc00 Exception <a 'java/lang/NullPointerException'> (0x8f71feb0) thrown at [/build/buildd/openjdk-8-8u45-b14/src/hotspot/src/share/vm/interpreter/linkResolver.cpp, line 1280]
Event: 219,240 Thread 0x0a4fcc00 Exception <a 'java/lang/NullPointerException'> (0x8f726910) thrown at [/build/buildd/openjdk-8-8u45-b14/src/hotspot/src/share/vm/interpreter/linkResolver.cpp, line 1280]
Event: 219,443 Thread 0x0a4fcc00 Exception <a 'java/lang/NullPointerException'> (0x8f72d870) thrown at [/build/buildd/openjdk-8-8u45-b14/src/hotspot/src/share/vm/interpreter/linkResolver.cpp, line 1280]
Event: 219,634 Thread 0x0a4fcc00 Exception <a 'java/lang/NullPointerException'> (0x8f734cc0) thrown at [/build/buildd/openjdk-8-8u45-b14/src/hotspot/src/share/vm/interpreter/linkResolver.cpp, line 1280]
Event: 219,845 Thread 0x0a4fcc00 Exception <a 'java/lang/NullPointerException'> (0x8f777878) thrown at [/build/buildd/openjdk-8-8u45-b14/src/hotspot/src/share/vm/interpreter/linkResolver.cpp, line 1280]
Event: 220,083 Thread 0x0a4fcc00 Exception <a 'java/lang/NullPointerException'> (0x8f77f598) thrown at [/build/buildd/openjdk-8-8u45-b14/src/hotspot/src/share/vm/interpreter/linkResolver.cpp, line 1280]
Event: 220,282 Thread 0x0a4fcc00 Exception <a 'java/lang/NullPointerException'> (0x8f787780) thrown at [/build/buildd/openjdk-8-8u45-b14/src/hotspot/src/share/vm/interpreter/linkResolver.cpp, line 1280]
Event: 220,471 Thread 0x0a4fcc00 Exception <a 'java/lang/NullPointerException'> (0x8f7cb150) thrown at [/build/buildd/openjdk-8-8u45-b14/src/hotspot/src/share/vm/interpreter/linkResolver.cpp, line 1280]
Event: 222,160 Thread 0x0a4fcc00 Exception <a 'java/lang/NullPointerException'> (0x8fb6e7c0) thrown at [/build/buildd/openjdk-8-8u45-b14/src/hotspot/src/share/vm/interpreter/linkResolver.cpp, line 1280]

Events (10 events):
Event: 378,708 Thread 0xb627f800 flushing nmethod 0xa7968748
Event: 378,708 Thread 0xb627f800 flushing nmethod 0xa79689c8
Event: 378,708 Thread 0xb627f800 flushing nmethod 0xa7981188
Event: 378,708 Thread 0xb627f800 flushing nmethod 0xa7986508
Event: 378,708 Thread 0xb627f800 flushing nmethod 0xa7988208
Event: 378,708 Thread 0xb627f800 flushing nmethod 0xa7993888
Event: 378,843 Thread 0xb627f800 flushing nmethod 0xa79c2588
Event: 378,843 Thread 0xb627f800 flushing nmethod 0xa79f4b08
Event: 378,844 Thread 0xb627f800 flushing nmethod 0xa7a19148
Event: 378,844 Thread 0xb627f800 flushing nmethod 0xa7a195c8


Dynamic libraries:
08048000-08049000 r-xp 00000000 08:01 1444301    /usr/lib/jvm/java-8-openjdk-i386/jre/bin/java
08049000-0804a000 r--p 00000000 08:01 1444301    /usr/lib/jvm/java-8-openjdk-i386/jre/bin/java
0804a000-0804b000 rw-p 00001000 08:01 1444301    /usr/lib/jvm/java-8-openjdk-i386/jre/bin/java
09b34000-0a5cb000 rw-p 00000000 00:00 0          [heap]
7968d000-7968e000 ---p 00000000 00:00 0 
7968e000-79e8e000 rw-p 00000000 00:00 0 
79e8e000-79e8f000 ---p 00000000 00:00 0 
79e8f000-7a68f000 rw-p 00000000 00:00 0 
7a720000-7ae90000 rw-p 00000000 00:00 0 
7ae90000-7ae91000 ---p 00000000 00:00 0 
7ae91000-7b691000 rw-p 00000000 00:00 0 
7be92000-7be93000 ---p 00000000 00:00 0 
7be93000-7c693000 rw-p 00000000 00:00 0 
7c693000-7dcfe000 r-xp 00000000 08:01 1707393    /usr/lib/i386-linux-gnu/libicudata.so.52.1
7dcfe000-7dcff000 r--p 0166a000 08:01 1707393    /usr/lib/i386-linux-gnu/libicudata.so.52.1
7dcff000-7dd00000 rw-p 0166b000 08:01 1707393    /usr/lib/i386-linux-gnu/libicudata.so.52.1
7dd00000-7de00000 rw-p 00000000 00:00 0 
7de00000-7defa000 rw-p 00000000 00:00 0 
7defa000-7df00000 ---p 00000000 00:00 0 
7e37e000-7e47e000 rw-p 00000000 00:00 0 
7e47e000-7e4d1000 r-xp 00000000 08:01 1444247    /usr/lib/jvm/java-8-openjdk-i386/jre/lib/i386/libawt_xawt.so
7e4d1000-7e4d2000 r--p 00052000 08:01 1444247    /usr/lib/jvm/java-8-openjdk-i386/jre/lib/i386/libawt_xawt.so
7e4d2000-7e4d4000 rw-p 00053000 08:01 1444247    /usr/lib/jvm/java-8-openjdk-i386/jre/lib/i386/libawt_xawt.so
7e4d4000-7e4d5000 rw-p 00000000 00:00 0 
7e4d5000-7e564000 r-xp 00000000 08:01 1444269    /usr/lib/jvm/java-8-openjdk-i386/jre/lib/i386/libawt.so
7e564000-7e565000 r--p 0008e000 08:01 1444269    /usr/lib/jvm/java-8-openjdk-i386/jre/lib/i386/libawt.so
7e565000-7e56c000 rw-p 0008f000 08:01 1444269    /usr/lib/jvm/java-8-openjdk-i386/jre/lib/i386/libawt.so
7e56c000-7e590000 rw-p 00000000 00:00 0 
7ea89000-7ebfb000 r-xp 00000000 08:01 1707271    /usr/lib/i386-linux-gnu/libicuuc.so.52.1
7ebfb000-7ec05000 r--p 00172000 08:01 1707271    /usr/lib/i386-linux-gnu/libicuuc.so.52.1
7ec05000-7ec06000 rw-p 0017c000 08:01 1707271    /usr/lib/i386-linux-gnu/libicuuc.so.52.1
7ec06000-7ec0a000 rw-p 00000000 00:00 0 
7ec0a000-7edf6000 r-xp 00000000 08:01 1704232    /usr/lib/i386-linux-gnu/libxml2.so.2.9.2
7edf6000-7edfc000 r--p 001eb000 08:01 1704232    /usr/lib/i386-linux-gnu/libxml2.so.2.9.2
7edfc000-7edfd000 rw-p 001f1000 08:01 1704232    /usr/lib/i386-linux-gnu/libxml2.so.2.9.2
7edfd000-7edfe000 rw-p 00000000 00:00 0 
7edfe000-7edff000 ---p 00000000 00:00 0 
7edff000-7f5ff000 rw-p 00000000 00:00 0          [stack:4539]
7f5ff000-7f600000 ---p 00000000 00:00 0 
7f600000-7fe00000 rw-p 00000000 00:00 0          [stack:4538]
7fe00000-7fef5000 rw-p 00000000 00:00 0 
7fef5000-7ff00000 ---p 00000000 00:00 0 
7ff00000-7fffb000 rw-p 00000000 00:00 0 
7fffb000-80000000 ---p 00000000 00:00 0 
80000000-80100000 rw-p 00000000 00:00 0 
8014a000-80200000 r--p 00000000 08:01 657440     /usr/share/fonts/truetype/dejavu/DejaVuSans.ttf
80200000-80300000 rw-p 00000000 00:00 0 
80300000-803f0000 rw-p 00000000 00:00 0 
803f0000-80400000 ---p 00000000 00:00 0 
80446000-80566000 rw-p 00000000 00:00 0 
807b0000-80f20000 rw-p 00000000 00:00 0 
80f20000-80f80000 rw-s 00000000 00:05 142868499  /SYSV00000000 (deleted)
81000000-81029000 rw-p 00000000 00:00 0 
81029000-81100000 ---p 00000000 00:00 0 
81114000-811b4000 rw-p 00000000 00:00 0 
811b4000-81214000 ---p 00000000 00:00 0 
81214000-81266000 r--p 00000000 08:01 657606     /usr/share/fonts/truetype/ubuntu-font-family/Ubuntu-B.ttf
81266000-812bd000 r--p 00000000 08:01 657613     /usr/share/fonts/truetype/ubuntu-font-family/Ubuntu-R.ttf
812bd000-812fd000 r-xp 00000000 08:01 1707058    /usr/lib/i386-linux-gnu/libcroco-0.6.so.3.0.1
812fd000-812ff000 r--p 00040000 08:01 1707058    /usr/lib/i386-linux-gnu/libcroco-0.6.so.3.0.1
812ff000-81300000 rw-p 00042000 08:01 1707058    /usr/lib/i386-linux-gnu/libcroco-0.6.so.3.0.1
81300000-813fa000 rw-p 00000000 00:00 0 
813fa000-81400000 ---p 00000000 00:00 0 
81400000-814f9000 rw-p 00000000 00:00 0 
814f9000-81500000 ---p 00000000 00:00 0 
81500000-815fe000 rw-p 00000000 00:00 0 
815fe000-81600000 ---p 00000000 00:00 0 
81600000-816ea000 rw-p 00000000 00:00 0 
816ea000-81700000 ---p 00000000 00:00 0 
81700000-817fb000 rw-p 00000000 00:00 0 
817fb000-81800000 ---p 00000000 00:00 0 
81800000-818f9000 rw-p 00000000 00:00 0 
818f9000-81900000 ---p 00000000 00:00 0 
81900000-819f5000 rw-p 00000000 00:00 0 
819f5000-81a00000 ---p 00000000 00:00 0 
81a00000-81b00000 rw-p 00000000 00:00 0 
81b00000-81bfb000 rw-p 00000000 00:00 0 
81bfb000-81c00000 ---p 00000000 00:00 0 
81c18000-81c56000 r-xp 00000000 08:01 1707739    /usr/lib/i386-linux-gnu/librsvg-2.so.2.40.9
81c56000-81c57000 r--p 0003e000 08:01 1707739    /usr/lib/i386-linux-gnu/librsvg-2.so.2.40.9
81c57000-81c58000 rw-p 0003f000 08:01 1707739    /usr/lib/i386-linux-gnu/librsvg-2.so.2.40.9
81c6d000-81c6e000 r-xp 00000000 08:01 1708817    /usr/lib/i386-linux-gnu/gdk-pixbuf-2.0/2.10.0/loaders/libpixbufloader-svg.so
81c6e000-81c6f000 r--p 00001000 08:01 1708817    /usr/lib/i386-linux-gnu/gdk-pixbuf-2.0/2.10.0/loaders/libpixbufloader-svg.so
81c6f000-81c70000 rw-p 00002000 08:01 1708817    /usr/lib/i386-linux-gnu/gdk-pixbuf-2.0/2.10.0/loaders/libpixbufloader-svg.so
81c70000-81c75000 r-xp 00000000 08:01 1713435    /usr/lib/i386-linux-gnu/gdk-pixbuf-2.0/2.10.0/loaders/libpixbufloader-png.so
81c75000-81c76000 r--p 00004000 08:01 1713435    /usr/lib/i386-linux-gnu/gdk-pixbuf-2.0/2.10.0/loaders/libpixbufloader-png.so
81c76000-81c77000 rw-p 00005000 08:01 1713435    /usr/lib/i386-linux-gnu/gdk-pixbuf-2.0/2.10.0/loaders/libpixbufloader-png.so
81c77000-81c95000 r--s 00000000 08:01 263431     /usr/share/mime/mime.cache
81c95000-81cb2000 r--p 00000000 08:01 529600     /usr/share/icons/mate/icon-theme.cache
81cb2000-81cbb000 r--p 00000000 08:01 399364     /usr/share/icons/gnome/icon-theme.cache
81cbb000-81dbb000 rw-p 00000000 00:00 0 
81dbb000-81dbe000 ---p 00000000 00:00 0 
81dbe000-81f0c000 rw-p 00000000 00:00 0          [stack:4505]
81f0c000-81f0f000 ---p 00000000 00:00 0 
81f0f000-81f5d000 rw-p 00000000 00:00 0          [stack:4504]
81f5d000-81f60000 ---p 00000000 00:00 0 
81f60000-820ae000 rw-p 00000000 00:00 0          [stack:4503]
820ae000-820fc000 r-xp 00000000 08:01 1444264    /usr/lib/jvm/java-8-openjdk-i386/jre/lib/i386/libfontmanager.so
820fc000-820ff000 r--p 0004d000 08:01 1444264    /usr/lib/jvm/java-8-openjdk-i386/jre/lib/i386/libfontmanager.so
820ff000-82100000 rw-p 00050000 08:01 1444264    /usr/lib/jvm/java-8-openjdk-i386/jre/lib/i386/libfontmanager.so
82100000-82200000 rw-p 00000000 00:00 0 
82200000-82300000 rw-p 00000000 00:00 0 
82300000-82400000 rw-p 00000000 00:00 0 
82400000-824fa000 rw-p 00000000 00:00 0 
824fa000-82500000 ---p 00000000 00:00 0 
82501000-82508000 r--p 00000000 08:01 525705     /usr/share/icons/hicolor/icon-theme.cache
82508000-82510000 r--p 00000000 08:01 404804     /usr/share/icons/Adwaita/icon-theme.cache
82510000-8253b000 r-xp 00000000 08:01 1444248    /usr/lib/jvm/java-8-openjdk-i386/jre/lib/i386/libsunec.so
8253b000-8253e000 r--p 0002a000 08:01 1444248    /usr/lib/jvm/java-8-openjdk-i386/jre/lib/i386/libsunec.so
8253e000-8253f000 rw-p 0002d000 08:01 1444248    /usr/lib/jvm/java-8-openjdk-i386/jre/lib/i386/libsunec.so
8253f000-82542000 ---p 00000000 00:00 0 
82542000-82690000 rw-p 00000000 00:00 0          [stack:4501]
82690000-826c3000 r--p 00000000 08:01 405037     /usr/share/icons/Humanity/icon-theme.cache
826c3000-826fc000 r-xp 00000000 08:01 1709155    /usr/lib/i386-linux-gnu/gvfs/libgvfscommon.so
826fc000-826ff000 r--p 00039000 08:01 1709155    /usr/lib/i386-linux-gnu/gvfs/libgvfscommon.so
826ff000-82700000 rw-p 0003c000 08:01 1709155    /usr/lib/i386-linux-gnu/gvfs/libgvfscommon.so
82700000-827e3000 rw-p 00000000 00:00 0 
827e3000-82800000 ---p 00000000 00:00 0 
82800000-8280e000 r--p 00000000 08:01 531839     /usr/share/icons/ubuntu-mono-dark/icon-theme.cache
8280e000-8281d000 r--p 00000000 08:01 404813     /usr/share/icons/Ambiant-MATE/icon-theme.cache
8281d000-82854000 r-xp 00000000 08:01 1708830    /usr/lib/i386-linux-gnu/gio/modules/libgvfsdbus.so
82854000-82855000 r--p 00037000 08:01 1708830    /usr/lib/i386-linux-gnu/gio/modules/libgvfsdbus.so
82855000-82856000 rw-p 00038000 08:01 1708830    /usr/lib/i386-linux-gnu/gio/modules/libgvfsdbus.so
82856000-82900000 r--p 00000000 08:01 657439     /usr/share/fonts/truetype/dejavu/DejaVuSans-Bold.ttf
82900000-829f9000 rw-p 00000000 00:00 0 
829f9000-82a00000 ---p 00000000 00:00 0 
82a00000-82aed000 rw-p 00000000 00:00 0 
82aed000-82b00000 ---p 00000000 00:00 0 
82b00000-82bfd000 rw-p 00000000 00:00 0 
82bfd000-82c00000 ---p 00000000 00:00 0 
82c00000-82cf1000 rw-p 00000000 00:00 0 
82cf1000-82d00000 ---p 00000000 00:00 0 
82d00000-82e00000 rw-p 00000000 00:00 0 
82e00000-82f00000 rw-p 00000000 00:00 0 
82f00000-82ff4000 rw-p 00000000 00:00 0 
82ff4000-83000000 ---p 00000000 00:00 0 
83000000-83100000 rw-p 00000000 00:00 0 
83100000-831ff000 rw-p 00000000 00:00 0 
831ff000-83200000 ---p 00000000 00:00 0 
83202000-83207000 r--p 00000000 08:01 405046     /usr/share/icons/Humanity-Dark/icon-theme.cache
83207000-83222000 r-xp 00000000 08:01 1708829    /usr/lib/i386-linux-gnu/gio/modules/libgioremote-volume-monitor.so
83222000-83224000 r--p 0001b000 08:01 1708829    /usr/lib/i386-linux-gnu/gio/modules/libgioremote-volume-monitor.so
83224000-83225000 rw-p 0001d000 08:01 1708829    /usr/lib/i386-linux-gnu/gio/modules/libgioremote-volume-monitor.so
83225000-8322a000 r--s 002f8000 08:01 1444296    /usr/lib/jvm/java-8-openjdk-i386/jre/lib/charsets.jar
8322a000-8323b000 r-xp 00000000 08:01 1444255    /usr/lib/jvm/java-8-openjdk-i386/jre/lib/i386/libnio.so
8323b000-8323c000 r--p 00010000 08:01 1444255    /usr/lib/jvm/java-8-openjdk-i386/jre/lib/i386/libnio.so
8323c000-8323d000 rw-p 00011000 08:01 1444255    /usr/lib/jvm/java-8-openjdk-i386/jre/lib/i386/libnio.so
8323d000-83240000 ---p 00000000 00:00 0 
83240000-8328e000 rw-p 00000000 00:00 0          [stack:4500]
8328e000-8329b000 r-xp 00000000 08:01 1447837    /usr/lib/jvm/java-8-openjdk-i386/jre/lib/i386/libdecora_sse.so
8329b000-8329c000 r--p 0000d000 08:01 1447837    /usr/lib/jvm/java-8-openjdk-i386/jre/lib/i386/libdecora_sse.so
8329c000-8329d000 rw-p 0000e000 08:01 1447837    /usr/lib/jvm/java-8-openjdk-i386/jre/lib/i386/libdecora_sse.so
8329d000-832a0000 ---p 00000000 00:00 0 
832a0000-833ee000 rw-p 00000000 00:00 0          [stack:4502]
833ee000-83401000 r--s 00345000 08:01 1444235    /usr/lib/jvm/java-8-openjdk-i386/jre/lib/resources.jar
83401000-83501000 rw-p 00000000 00:00 0 
83501000-83504000 ---p 00000000 00:00 0 
83504000-83552000 rw-p 00000000 00:00 0          [stack:4498]
83552000-83608000 r--p 00000000 08:01 657440     /usr/share/fonts/truetype/dejavu/DejaVuSans.ttf
83608000-83609000 ---p 00000000 00:00 0 
83609000-83e09000 rw-p 00000000 00:00 0          [stack:4497]
83e09000-87e0a000 rw-s 00000000 00:12 119991     /dev/shm/pulse-shm-1989217184
87e0a000-87e1c000 r-xp 00000000 08:01 1049737    /lib/i386-linux-gnu/libgpg-error.so.0.13.0
87e1c000-87e1d000 r--p 00011000 08:01 1049737    /lib/i386-linux-gnu/libgpg-error.so.0.13.0
87e1d000-87e1e000 rw-p 00012000 08:01 1049737    /lib/i386-linux-gnu/libgpg-error.so.0.13.0
87e1e000-87e9a000 r-xp 00000000 08:01 1707892    /usr/lib/i386-linux-gnu/libvorbisenc.so.2.0.10
87e9a000-87eac000 r--p 0007b000 08:01 1707892    /usr/lib/i386-linux-gnu/libvorbisenc.so.2.0.10
87eac000-87ead000 rw-p 0008d000 08:01 1707892    /usr/lib/i386-linux-gnu/libvorbisenc.so.2.0.10
87ead000-87f0c000 r-xp 00000000 08:01 1706800    /usr/lib/i386-linux-gnu/libFLAC.so.8.3.0
87f0c000-87f0d000 r--p 0005e000 08:01 1706800    /usr/lib/i386-linux-gnu/libFLAC.so.8.3.0
87f0d000-87f0e000 rw-p 0005f000 08:01 1706800    /usr/lib/i386-linux-gnu/libFLAC.so.8.3.0
87f0e000-87fba000 r-xp 00000000 08:01 1049733    /lib/i386-linux-gnu/libgcrypt.so.20.0.2
87fba000-87fbc000 r--p 000ac000 08:01 1049733    /lib/i386-linux-gnu/libgcrypt.so.20.0.2
87fbc000-87fbf000 rw-p 000ae000 08:01 1049733    /lib/i386-linux-gnu/libgcrypt.so.20.0.2
87fbf000-87fe3000 r-xp 00000000 08:01 1049757    /lib/i386-linux-gnu/liblzma.so.5.0.0
87fe3000-87fe4000 r--p 00023000 08:01 1049757    /lib/i386-linux-gnu/liblzma.so.5.0.0
87fe4000-87fe5000 rw-p 00024000 08:01 1049757    /lib/i386-linux-gnu/liblzma.so.5.0.0
87fe5000-87fea000 r-xp 00000000 08:01 1706968    /usr/lib/i386-linux-gnu/libasyncns.so.0.3.1
87fea000-87feb000 r--p 00004000 08:01 1706968    /usr/lib/i386-linux-gnu/libasyncns.so.0.3.1
87feb000-87fec000 rw-p 00005000 08:01 1706968    /usr/lib/i386-linux-gnu/libasyncns.so.0.3.1
87fec000-8805e000 r-xp 00000000 08:01 1707784    /usr/lib/i386-linux-gnu/libsndfile.so.1.0.25
8805e000-88060000 r--p 00071000 08:01 1707784    /usr/lib/i386-linux-gnu/libsndfile.so.1.0.25
88060000-88061000 rw-p 00073000 08:01 1707784    /usr/lib/i386-linux-gnu/libsndfile.so.1.0.25
88061000-88065000 rw-p 00000000 00:00 0 
88065000-8806d000 r-xp 00000000 08:01 1049872    /lib/i386-linux-gnu/libwrap.so.0.7.6
8806d000-8806e000 r--p 00007000 08:01 1049872    /lib/i386-linux-gnu/libwrap.so.0.7.6
8806e000-8806f000 rw-p 00008000 08:01 1049872    /lib/i386-linux-gnu/libwrap.so.0.7.6
8806f000-8809a000 r-xp 00000000 08:01 1053365    /lib/i386-linux-gnu/libsystemd.so.0.6.0
8809a000-8809b000 r--p 0002a000 08:01 1053365    /lib/i386-linux-gnu/libsystemd.so.0.6.0
8809b000-8809c000 rw-p 0002b000 08:01 1053365    /lib/i386-linux-gnu/libsystemd.so.0.6.0
8809c000-8811f000 r-xp 00000000 08:01 1710075    /usr/lib/i386-linux-gnu/pulseaudio/libpulsecommon-6.0.so
8811f000-88120000 r--p 00082000 08:01 1710075    /usr/lib/i386-linux-gnu/pulseaudio/libpulsecommon-6.0.so
88120000-88121000 rw-p 00083000 08:01 1710075    /usr/lib/i386-linux-gnu/pulseaudio/libpulsecommon-6.0.so
88121000-8812b000 r-xp 00000000 08:01 1049750    /lib/i386-linux-gnu/libjson-c.so.2.0.0
8812b000-8812c000 r--p 00009000 08:01 1049750    /lib/i386-linux-gnu/libjson-c.so.2.0.0
8812c000-8812d000 rw-p 0000a000 08:01 1049750    /lib/i386-linux-gnu/libjson-c.so.2.0.0
8812d000-88184000 r-xp 00000000 08:01 1707701    /usr/lib/i386-linux-gnu/libpulse.so.0.18.0
88184000-88185000 r--p 00056000 08:01 1707701    /usr/lib/i386-linux-gnu/libpulse.so.0.18.0
88185000-88186000 rw-p 00057000 08:01 1707701    /usr/lib/i386-linux-gnu/libpulse.so.0.18.0
88186000-881e6000 rw-s 00000000 00:05 132284433  /SYSV00000000 (deleted)
881e6000-882e6000 rw-p 00000000 00:00 0 
882e6000-882e9000 ---p 00000000 00:00 0 
882e9000-88337000 rw-p 00000000 00:00 0 
88337000-88380000 r-xp 00000000 08:01 1707482    /usr/lib/i386-linux-gnu/libjpeg.so.8.0.2
88380000-88381000 r--p 00048000 08:01 1707482    /usr/lib/i386-linux-gnu/libjpeg.so.8.0.2
88381000-88382000 rw-p 00049000 08:01 1707482    /usr/lib/i386-linux-gnu/libjpeg.so.8.0.2
88382000-88392000 rw-p 00000000 00:00 0 
88392000-88395000 r--s 00015000 08:01 1444217    /usr/lib/jvm/java-8-openjdk-i386/jre/lib/jce.jar
88395000-8839e000 r-xp 00000000 08:01 1444263    /usr/lib/jvm/java-8-openjdk-i386/jre/lib/i386/libmanagement.so
8839e000-8839f000 r--p 00008000 08:01 1444263    /usr/lib/jvm/java-8-openjdk-i386/jre/lib/i386/libmanagement.so
8839f000-883a0000 rw-p 00009000 08:01 1444263    /usr/lib/jvm/java-8-openjdk-i386/jre/lib/i386/libmanagement.so
883a0000-883a7000 r--s 00000000 08:01 1708794    /usr/lib/i386-linux-gnu/gconv/gconv-modules.cache
883a7000-883ac000 r-xp 00000000 08:01 1049785    /lib/i386-linux-gnu/libnss_dns-2.21.so
883ac000-883ad000 r--p 00004000 08:01 1049785    /lib/i386-linux-gnu/libnss_dns-2.21.so
883ad000-883ae000 rw-p 00005000 08:01 1049785    /lib/i386-linux-gnu/libnss_dns-2.21.so
883ae000-883b0000 r-xp 00000000 08:01 1049793    /lib/i386-linux-gnu/libnss_mdns4_minimal.so.2
883b0000-883b1000 r--p 00001000 08:01 1049793    /lib/i386-linux-gnu/libnss_mdns4_minimal.so.2
883b1000-883b2000 rw-p 00002000 08:01 1049793    /lib/i386-linux-gnu/libnss_mdns4_minimal.so.2
883b2000-883b7000 r--s 00094000 08:01 1444294    /usr/lib/jvm/java-8-openjdk-i386/jre/lib/jsse.jar
883b7000-883b8000 rw-p 00000000 00:00 0 
883b8000-883bf000 r-xp 00000000 08:01 1709191    /usr/lib/i386-linux-gnu/libcanberra-0.30/libcanberra-pulse.so
883bf000-883c0000 r--p 00006000 08:01 1709191    /usr/lib/i386-linux-gnu/libcanberra-0.30/libcanberra-pulse.so
883c0000-883c1000 rw-p 00007000 08:01 1709191    /usr/lib/i386-linux-gnu/libcanberra-0.30/libcanberra-pulse.so
883c1000-883c5000 r-xp 00000000 08:01 1447839    /usr/lib/jvm/java-8-openjdk-i386/jre/lib/i386/libjavafx_iio.so
883c5000-883c6000 r--p 00003000 08:01 1447839    /usr/lib/jvm/java-8-openjdk-i386/jre/lib/i386/libjavafx_iio.so
883c6000-883c7000 rw-p 00004000 08:01 1447839    /usr/lib/jvm/java-8-openjdk-i386/jre/lib/i386/libjavafx_iio.so
883c7000-88588000 rw-p 00000000 00:00 0 
88588000-8859e000 r-xp 00000000 08:01 1444259    /usr/lib/jvm/java-8-openjdk-i386/jre/lib/i386/libnet.so
8859e000-8859f000 r--p 00015000 08:01 1444259    /usr/lib/jvm/java-8-openjdk-i386/jre/lib/i386/libnet.so
8859f000-885a0000 rw-p 00016000 08:01 1444259    /usr/lib/jvm/java-8-openjdk-i386/jre/lib/i386/libnet.so
885a0000-886a0000 rw-p 00000000 00:00 0 
886a0000-887a0000 rw-p 00000000 00:00 0 
887a0000-888a0000 rw-p 00000000 00:00 0 
888a0000-888a8000 r--s 00000000 08:01 408188     /var/cache/fontconfig/945677eb7aeaf62f1d50efc3fb3ec7d8-le32d4.cache-4
888a8000-888ac000 r--s 00000000 08:01 408172     /var/cache/fontconfig/2cd17615ca594fa2959ae173292e504c-le32d4.cache-4
888ac000-888ad000 r--s 00000000 08:01 408169     /var/cache/fontconfig/0d8c3b2ac0904cb8a57a757ad11a4a08-le32d4.cache-4
888ad000-888b2000 r--s 00000000 08:01 408192     /var/cache/fontconfig/a755afe4a08bf5b97852ceb7400b47bc-le32d4.cache-4
888b2000-888b3000 r--s 00000000 08:01 408191     /var/cache/fontconfig/a6354e3ac43af67bd8d7b8e43c34e49f-le32d4.cache-4
888b3000-888c3000 r--s 00000000 08:01 408166     /var/cache/fontconfig/04aabc0a78ac019cf9454389977116d2-le32d4.cache-4
888c3000-888c4000 r--s 00000000 08:01 408171     /var/cache/fontconfig/1ac9eb803944fde146138c791f5cc56a-le32d4.cache-4
888c4000-888c7000 r--s 00000000 08:01 408175     /var/cache/fontconfig/385c0604a188198f04d133e54aba7fe7-le32d4.cache-4
888c7000-888c8000 r--s 00000000 08:01 408202     /var/cache/fontconfig/dc05db6664285cc2f12bf69c139ae4c3-le32d4.cache-4
888c8000-888ca000 r--s 00000000 08:01 408185     /var/cache/fontconfig/767a8244fc0220cfb567a839d0392e0b-le32d4.cache-4
888ca000-888cb000 r--s 00000000 08:01 409554     /var/cache/fontconfig/4794a0821666d79190d59a36cb4f44b5-le32d4.cache-4
888cb000-888cf000 r--s 00000000 08:01 408187     /var/cache/fontconfig/8801497958630a81b71ace7c5f9b32a8-le32d4.cache-4
888cf000-888d0000 r--s 00000000 08:01 408195     /var/cache/fontconfig/bab58bb527bb656aaa9f116d68a48d89-le32d4.cache-4
888d0000-888d5000 r--s 00000000 08:01 408173     /var/cache/fontconfig/3047814df9a2f067bd2d96a2b9c36e5a-le32d4.cache-4
888d5000-888d6000 r--s 00000000 08:01 408180     /var/cache/fontconfig/56cf4f4769d0f4abc89a4895d7bd3ae1-le32d4.cache-4
888d6000-888da000 r--s 00000000 08:01 408193     /var/cache/fontconfig/b47c4e1ecd0709278f4910c18777a504-le32d4.cache-4
888da000-888ea000 r--s 00000000 08:01 408199     /var/cache/fontconfig/d52a8644073d54c13679302ca1180695-le32d4.cache-4
888ea000-888f2000 r--s 00000000 08:01 408176     /var/cache/fontconfig/3f7329c5293ffd510edef78f73874cfd-le32d4.cache-4
888f2000-888fb000 r--s 00000000 08:01 408197     /var/cache/fontconfig/d589a48862398ed80a3d6066f4f56f4c-le32d4.cache-4
888fb000-889fb000 rw-p 00000000 00:00 0 
889fb000-889fe000 ---p 00000000 00:00 0 
889fe000-88a4c000 rw-p 00000000 00:00 0          [stack:4495]
88a4c000-88a4f000 ---p 00000000 00:00 0 
88a4f000-88b9d000 rw-p 00000000 00:00 0          [stack:4494]
88b9d000-88ba0000 ---p 00000000 00:00 0 
88ba0000-88bee000 rw-p 00000000 00:00 0          [stack:4493]
88bee000-88bf1000 ---p 00000000 00:00 0 
88bf1000-88c3f000 rw-p 00000000 00:00 0          [stack:4492]
88c3f000-88c74000 r-xp 00000000 08:01 1709090    /usr/lib/i386-linux-gnu/gtk-2.0/2.10.0/engines/libmurrine.so
88c74000-88c75000 r--p 00034000 08:01 1709090    /usr/lib/i386-linux-gnu/gtk-2.0/2.10.0/engines/libmurrine.so
88c75000-88c76000 rw-p 00035000 08:01 1709090    /usr/lib/i386-linux-gnu/gtk-2.0/2.10.0/engines/libmurrine.so
88c76000-88ca0000 r-xp 00000000 08:01 1707890    /usr/lib/i386-linux-gnu/libvorbis.so.0.4.7
88ca0000-88ca2000 r--p 00029000 08:01 1707890    /usr/lib/i386-linux-gnu/libvorbis.so.0.4.7
88ca2000-88ca3000 rw-p 0002b000 08:01 1707890    /usr/lib/i386-linux-gnu/libvorbis.so.0.4.7
88ca3000-88cad000 r-xp 00000000 08:01 1707509    /usr/lib/i386-linux-gnu/libltdl.so.7.3.0
88cad000-88cae000 r--p 00009000 08:01 1707509    /usr/lib/i386-linux-gnu/libltdl.so.7.3.0
88cae000-88caf000 rw-p 0000a000 08:01 1707509    /usr/lib/i386-linux-gnu/libltdl.so.7.3.0
88caf000-88cc6000 r-xp 00000000 08:01 1707822    /usr/lib/i386-linux-gnu/libtdb.so.1.3.4
88cc6000-88cc8000 r--p 00016000 08:01 1707822    /usr/lib/i386-linux-gnu/libtdb.so.1.3.4
88cc8000-88cc9000 rw-p 00018000 08:01 1707822    /usr/lib/i386-linux-gnu/libtdb.so.1.3.4
88cc9000-88cd2000 r-xp 00000000 08:01 1707894    /usr/lib/i386-linux-gnu/libvorbisfile.so.3.3.6
88cd2000-88cd3000 r--p 00008000 08:01 1707894    /usr/lib/i386-linux-gnu/libvorbisfile.so.3.3.6
88cd3000-88cd4000 rw-p 00009000 08:01 1707894    /usr/lib/i386-linux-gnu/libvorbisfile.so.3.3.6
88cd4000-88ce5000 r-xp 00000000 08:01 1707024    /usr/lib/i386-linux-gnu/libcanberra.so.0.2.5
88ce5000-88ce6000 r--p 00011000 08:01 1707024    /usr/lib/i386-linux-gnu/libcanberra.so.0.2.5
88ce6000-88ce7000 rw-p 00012000 08:01 1707024    /usr/lib/i386-linux-gnu/libcanberra.so.0.2.5
88ce7000-88d3b000 r-xp 00000000 08:01 1049716    /lib/i386-linux-gnu/libdbus-1.so.3.8.9
88d3b000-88d3d000 r--p 00053000 08:01 1049716    /lib/i386-linux-gnu/libdbus-1.so.3.8.9
88d3d000-88d3e000 rw-p 00055000 08:01 1049716    /lib/i386-linux-gnu/libdbus-1.so.3.8.9
88d3e000-88d6c000 r-xp 00000000 08:01 1706976    /usr/lib/i386-linux-gnu/libatspi.so.0.0.1
88d6c000-88d6f000 r--p 0002e000 08:01 1706976    /usr/lib/i386-linux-gnu/libatspi.so.0.0.1
88d6f000-88d70000 rw-p 00031000 08:01 1706976    /usr/lib/i386-linux-gnu/libatspi.so.0.0.1
88d70000-88da1000 r-xp 00000000 08:01 1706972    /usr/lib/i386-linux-gnu/libatk-bridge-2.0.so.0.0.0
88da1000-88da2000 r--p 00030000 08:01 1706972    /usr/lib/i386-linux-gnu/libatk-bridge-2.0.so.0.0.0
88da2000-88da3000 rw-p 00031000 08:01 1706972    /usr/lib/i386-linux-gnu/libatk-bridge-2.0.so.0.0.0
88da3000-88da4000 rw-p 00000000 00:00 0 
88da4000-88dfe000 r-xp 00000000 08:01 1709112    /usr/lib/i386-linux-gnu/gtk-2.0/modules/libgail.so
88dfe000-88dff000 r--p 00059000 08:01 1709112    /usr/lib/i386-linux-gnu/gtk-2.0/modules/libgail.so
88dff000-88e00000 rw-p 0005a000 08:01 1709112    /usr/lib/i386-linux-gnu/gtk-2.0/modules/libgail.so
88e00000-88ef9000 rw-p 00000000 00:00 0 
88ef9000-88f00000 ---p 00000000 00:00 0 
88f00000-88f01000 r--s 00000000 08:01 408194     /var/cache/fontconfig/b9d506c9ac06c20b433354fa67a72993-le32d4.cache-4
88f01000-88f08000 r-xp 00000000 08:01 1707623    /usr/lib/i386-linux-gnu/libogg.so.0.8.2
88f08000-88f09000 r--p 00006000 08:01 1707623    /usr/lib/i386-linux-gnu/libogg.so.0.8.2
88f09000-88f0a000 rw-p 00007000 08:01 1707623    /usr/lib/i386-linux-gnu/libogg.so.0.8.2
88f0a000-88f0d000 r--s 00000000 08:01 408167     /var/cache/fontconfig/0843ca893a93b5446bad221815920e23-le32d4.cache-4
88f0d000-88f11000 r-xp 00000000 08:01 1447845    /usr/lib/jvm/java-8-openjdk-i386/jre/lib/i386/libjavafx_font_freetype.so
88f11000-88f12000 r--p 00004000 08:01 1447845    /usr/lib/jvm/java-8-openjdk-i386/jre/lib/i386/libjavafx_font_freetype.so
88f12000-88f13000 rw-p 00005000 08:01 1447845    /usr/lib/jvm/java-8-openjdk-i386/jre/lib/i386/libjavafx_font_freetype.so
88f13000-88f1d000 r-xp 00000000 08:01 1709091    /usr/lib/i386-linux-gnu/gtk-2.0/2.10.0/engines/libpixmap.so
88f1d000-88f1e000 r--p 00009000 08:01 1709091    /usr/lib/i386-linux-gnu/gtk-2.0/2.10.0/engines/libpixmap.so
88f1e000-88f1f000 rw-p 0000a000 08:01 1709091    /usr/lib/i386-linux-gnu/gtk-2.0/2.10.0/engines/libpixmap.so
88f1f000-88f27000 r-xp 00000000 08:01 1707218    /usr/lib/i386-linux-gnu/libgailutil.so.18.0.1
88f27000-88f28000 r--p 00007000 08:01 1707218    /usr/lib/i386-linux-gnu/libgailutil.so.18.0.1
88f28000-88f29000 rw-p 00008000 08:01 1707218    /usr/lib/i386-linux-gnu/libgailutil.so.18.0.1
88f29000-88f30000 r-xp 00000000 08:01 1707077    /usr/lib/i386-linux-gnu/libdatrie.so.1.3.1
88f30000-88f31000 r--p 00006000 08:01 1707077    /usr/lib/i386-linux-gnu/libdatrie.so.1.3.1
88f31000-88f32000 rw-p 00007000 08:01 1707077    /usr/lib/i386-linux-gnu/libdatrie.so.1.3.1
88f32000-88f4d000 r-xp 00000000 08:01 1707300    /usr/lib/i386-linux-gnu/libgraphite2.so.3.0.1
88f4d000-88f4e000 r--p 0001b000 08:01 1707300    /usr/lib/i386-linux-gnu/libgraphite2.so.3.0.1
88f4e000-88f4f000 rw-p 0001c000 08:01 1707300    /usr/lib/i386-linux-gnu/libgraphite2.so.3.0.1
88f4f000-88f57000 r-xp 00000000 08:01 1707828    /usr/lib/i386-linux-gnu/libthai.so.0.2.0
88f57000-88f58000 r--p 00007000 08:01 1707828    /usr/lib/i386-linux-gnu/libthai.so.0.2.0
88f58000-88f59000 rw-p 00008000 08:01 1707828    /usr/lib/i386-linux-gnu/libthai.so.0.2.0
88f59000-88fb5000 r-xp 00000000 08:01 1707422    /usr/lib/i386-linux-gnu/libharfbuzz.so.0.937.0
88fb5000-88fb6000 r--p 0005b000 08:01 1707422    /usr/lib/i386-linux-gnu/libharfbuzz.so.0.937.0
88fb6000-88fb7000 rw-p 0005c000 08:01 1707422    /usr/lib/i386-linux-gnu/libharfbuzz.so.0.937.0
88fb7000-89027000 r-xp 00000000 08:01 1049765    /lib/i386-linux-gnu/libpcre.so.3.13.1
89027000-89028000 r--p 0006f000 08:01 1049765    /lib/i386-linux-gnu/libpcre.so.3.13.1
89028000-89029000 rw-p 00070000 08:01 1049765    /lib/i386-linux-gnu/libpcre.so.3.13.1
89029000-8903d000 r-xp 00000000 08:01 1049840    /lib/i386-linux-gnu/libresolv-2.21.so
8903d000-8903f000 r--p 00013000 08:01 1049840    /lib/i386-linux-gnu/libresolv-2.21.so
8903f000-89040000 rw-p 00015000 08:01 1049840    /lib/i386-linux-gnu/libresolv-2.21.so
89040000-89042000 rw-p 00000000 00:00 0 
89042000-89066000 r-xp 00000000 08:01 1049844    /lib/i386-linux-gnu/libselinux.so.1
89066000-89067000 r--p 00024000 08:01 1049844    /lib/i386-linux-gnu/libselinux.so.1
89067000-89068000 rw-p 00025000 08:01 1049844    /lib/i386-linux-gnu/libselinux.so.1
89068000-89069000 rw-p 00000000 00:00 0 
89069000-89071000 r-xp 00000000 08:01 1707978    /usr/lib/i386-linux-gnu/libxcb-render.so.0.0.0
89071000-89072000 r--p 00008000 08:01 1707978    /usr/lib/i386-linux-gnu/libxcb-render.so.0.0.0
89072000-89073000 rw-p 00009000 08:01 1707978    /usr/lib/i386-linux-gnu/libxcb-render.so.0.0.0
89073000-8909d000 r-xp 00000000 08:01 1049735    /lib/i386-linux-gnu/libpng12.so.0.51.0
8909d000-8909e000 r--p 00029000 08:01 1049735    /lib/i386-linux-gnu/libpng12.so.0.51.0
8909e000-8909f000 rw-p 0002a000 08:01 1049735    /lib/i386-linux-gnu/libpng12.so.0.51.0
8909f000-8914a000 r-xp 00000000 08:01 1704227    /usr/lib/i386-linux-gnu/libfreetype.so.6.11.1
8914a000-8914e000 r--p 000aa000 08:01 1704227    /usr/lib/i386-linux-gnu/libfreetype.so.6.11.1
8914e000-8914f000 rw-p 000ae000 08:01 1704227    /usr/lib/i386-linux-gnu/libfreetype.so.6.11.1
8914f000-891fa000 r-xp 00000000 08:01 1707670    /usr/lib/i386-linux-gnu/libpixman-1.so.0.32.6
891fa000-89201000 r--p 000aa000 08:01 1707670    /usr/lib/i386-linux-gnu/libpixman-1.so.0.32.6
89201000-89202000 rw-p 000b1000 08:01 1707670    /usr/lib/i386-linux-gnu/libpixman-1.so.0.32.6
89202000-8920b000 r-xp 00000000 08:01 1706891    /usr/lib/i386-linux-gnu/libXcursor.so.1.0.2
8920b000-8920c000 r--p 00008000 08:01 1706891    /usr/lib/i386-linux-gnu/libXcursor.so.1.0.2
8920c000-8920d000 rw-p 00009000 08:01 1706891    /usr/lib/i386-linux-gnu/libXcursor.so.1.0.2
8920d000-89216000 r-xp 00000000 08:01 1706917    /usr/lib/i386-linux-gnu/libXrandr.so.2.2.0
89216000-89217000 r--p 00008000 08:01 1706917    /usr/lib/i386-linux-gnu/libXrandr.so.2.2.0
89217000-89218000 rw-p 00009000 08:01 1706917    /usr/lib/i386-linux-gnu/libXrandr.so.2.2.0
89218000-89228000 r-xp 00000000 08:01 1706905    /usr/lib/i386-linux-gnu/libXi.so.6.1.0
89228000-89229000 r--p 00010000 08:01 1706905    /usr/lib/i386-linux-gnu/libXi.so.6.1.0
89229000-8922a000 rw-p 00011000 08:01 1706905    /usr/lib/i386-linux-gnu/libXi.so.6.1.0
8922a000-89234000 r-xp 00000000 08:01 1706919    /usr/lib/i386-linux-gnu/libXrender.so.1.3.0
89234000-89235000 r--p 00009000 08:01 1706919    /usr/lib/i386-linux-gnu/libXrender.so.1.3.0
89235000-89236000 rw-p 0000a000 08:01 1706919    /usr/lib/i386-linux-gnu/libXrender.so.1.3.0
89236000-89277000 r-xp 00000000 08:01 1707182    /usr/lib/i386-linux-gnu/libfontconfig.so.1.8.0
89277000-89278000 r--p 00040000 08:01 1707182    /usr/lib/i386-linux-gnu/libfontconfig.so.1.8.0
89278000-89279000 rw-p 00041000 08:01 1707182    /usr/lib/i386-linux-gnu/libfontconfig.so.1.8.0
89279000-892c9000 r-xp 00000000 08:01 1707645    /usr/lib/i386-linux-gnu/libpango-1.0.so.0.3600.8
892c9000-892ca000 r--p 00050000 08:01 1707645    /usr/lib/i386-linux-gnu/libpango-1.0.so.0.3600.8
892ca000-892cb000 rw-p 00051000 08:01 1707645    /usr/lib/i386-linux-gnu/libpango-1.0.so.0.3600.8
892cb000-892e0000 r-xp 00000000 08:01 1707649    /usr/lib/i386-linux-gnu/libpangoft2-1.0.so.0.3600.8
892e0000-892e1000 r--p 00015000 08:01 1707649    /usr/lib/i386-linux-gnu/libpangoft2-1.0.so.0.3600.8
892e1000-892e2000 rw-p 00016000 08:01 1707649    /usr/lib/i386-linux-gnu/libpangoft2-1.0.so.0.3600.8
892e2000-89306000 r-xp 00000000 08:01 1706970    /usr/lib/i386-linux-gnu/libatk-1.0.so.0.21409.1
89306000-89308000 r--p 00023000 08:01 1706970    /usr/lib/i386-linux-gnu/libatk-1.0.so.0.21409.1
89308000-89309000 rw-p 00025000 08:01 1706970    /usr/lib/i386-linux-gnu/libatk-1.0.so.0.21409.1
89309000-89315000 r-xp 00000000 08:01 1707647    /usr/lib/i386-linux-gnu/libpangocairo-1.0.so.0.3600.8
89315000-89316000 r--p 0000b000 08:01 1707647    /usr/lib/i386-linux-gnu/libpangocairo-1.0.so.0.3600.8
89316000-89317000 rw-p 0000c000 08:01 1707647    /usr/lib/i386-linux-gnu/libpangocairo-1.0.so.0.3600.8
89317000-8931a000 r-xp 00000000 08:01 1704306    /usr/lib/i386-linux-gnu/libgmodule-2.0.so.0.4400.1
8931a000-8931b000 r--p 00002000 08:01 1704306    /usr/lib/i386-linux-gnu/libgmodule-2.0.so.0.4400.1
8931b000-8931c000 rw-p 00003000 08:01 1704306    /usr/lib/i386-linux-gnu/libgmodule-2.0.so.0.4400.1
8931c000-89442000 r-xp 00000000 08:01 1049729    /lib/i386-linux-gnu/libglib-2.0.so.0.4400.1
89442000-89443000 r--p 00125000 08:01 1049729    /lib/i386-linux-gnu/libglib-2.0.so.0.4400.1
89443000-89444000 rw-p 00126000 08:01 1049729    /lib/i386-linux-gnu/libglib-2.0.so.0.4400.1
89444000-895fd000 r-xp 00000000 08:01 1704290    /usr/lib/i386-linux-gnu/libgio-2.0.so.0.4400.1
895fd000-89600000 r--p 001b8000 08:01 1704290    /usr/lib/i386-linux-gnu/libgio-2.0.so.0.4400.1
89600000-89602000 rw-p 001bb000 08:01 1704290    /usr/lib/i386-linux-gnu/libgio-2.0.so.0.4400.1
89602000-89603000 rw-p 00000000 00:00 0 
89603000-89746000 r-xp 00000000 08:01 1707014    /usr/lib/i386-linux-gnu/libcairo.so.2.11400.2
89746000-89748000 r--p 00143000 08:01 1707014    /usr/lib/i386-linux-gnu/libcairo.so.2.11400.2
89748000-89749000 rw-p 00145000 08:01 1707014    /usr/lib/i386-linux-gnu/libcairo.so.2.11400.2
89749000-8974a000 rw-p 00000000 00:00 0 
8974a000-89807000 r-xp 00000000 08:01 1707238    /usr/lib/i386-linux-gnu/libgdk-x11-2.0.so.0.2400.27
89807000-89809000 r--p 000bd000 08:01 1707238    /usr/lib/i386-linux-gnu/libgdk-x11-2.0.so.0.2400.27
89809000-8980a000 rw-p 000bf000 08:01 1707238    /usr/lib/i386-linux-gnu/libgdk-x11-2.0.so.0.2400.27
8980a000-89cf8000 r-xp 00000000 08:01 1707398    /usr/lib/i386-linux-gnu/libgtk-x11-2.0.so.0.2400.27
89cf8000-89cfc000 r--p 004ee000 08:01 1707398    /usr/lib/i386-linux-gnu/libgtk-x11-2.0.so.0.2400.27
89cfc000-89cfe000 rw-p 004f2000 08:01 1707398    /usr/lib/i386-linux-gnu/libgtk-x11-2.0.so.0.2400.27
89cfe000-89d00000 rw-p 00000000 00:00 0 
89d00000-89de4000 rw-p 00000000 00:00 0 
89de4000-89e00000 ---p 00000000 00:00 0 
89e00000-89e02000 r-xp 00000000 08:01 1707982    /usr/lib/i386-linux-gnu/libxcb-shm.so.0.0.0
89e02000-89e03000 r--p 00001000 08:01 1707982    /usr/lib/i386-linux-gnu/libxcb-shm.so.0.0.0
89e03000-89e04000 rw-p 00002000 08:01 1707982    /usr/lib/i386-linux-gnu/libxcb-shm.so.0.0.0
89e04000-89e09000 r-xp 00000000 08:01 1706925    /usr/lib/i386-linux-gnu/libXtst.so.6.1.0
89e09000-89e0a000 r--p 00004000 08:01 1706925    /usr/lib/i386-linux-gnu/libXtst.so.6.1.0
89e0a000-89e0b000 rw-p 00005000 08:01 1706925    /usr/lib/i386-linux-gnu/libXtst.so.6.1.0
89e0b000-89e66000 r-xp 00000000 08:01 1704311    /usr/lib/i386-linux-gnu/libgobject-2.0.so.0.4400.1
89e66000-89e67000 r--p 0005b000 08:01 1704311    /usr/lib/i386-linux-gnu/libgobject-2.0.so.0.4400.1
89e67000-89e68000 rw-p 0005c000 08:01 1704311    /usr/lib/i386-linux-gnu/libgobject-2.0.so.0.4400.1
89e68000-89e8e000 r-xp 00000000 08:01 1713442    /usr/lib/i386-linux-gnu/libgdk_pixbuf-2.0.so.0.3100.3
89e8e000-89e8f000 r--p 00026000 08:01 1713442    /usr/lib/i386-linux-gnu/libgdk_pixbuf-2.0.so.0.3100.3
89e8f000-89e90000 rw-p 00027000 08:01 1713442    /usr/lib/i386-linux-gnu/libgdk_pixbuf-2.0.so.0.3100.3
89e90000-89e93000 r--s 00000000 08:01 408182     /var/cache/fontconfig/7ef2298fde41cc6eeb7af42e48b7d293-le32d4.cache-4
89e93000-89e96000 r-xp 00000000 08:01 1447844    /usr/lib/jvm/java-8-openjdk-i386/jre/lib/i386/libjavafx_font.so
89e96000-89e97000 r--p 00002000 08:01 1447844    /usr/lib/jvm/java-8-openjdk-i386/jre/lib/i386/libjavafx_font.so
89e97000-89e98000 rw-p 00003000 08:01 1447844    /usr/lib/jvm/java-8-openjdk-i386/jre/lib/i386/libjavafx_font.so
89e98000-89e9c000 r-xp 00000000 08:01 1707020    /usr/lib/i386-linux-gnu/libcanberra-gtk.so.0.1.9
89e9c000-89e9d000 r--p 00003000 08:01 1707020    /usr/lib/i386-linux-gnu/libcanberra-gtk.so.0.1.9
89e9d000-89e9e000 rw-p 00004000 08:01 1707020    /usr/lib/i386-linux-gnu/libcanberra-gtk.so.0.1.9
89e9e000-89ea3000 r-xp 00000000 08:01 1709110    /usr/lib/i386-linux-gnu/gtk-2.0/modules/libcanberra-gtk-module.so
89ea3000-89ea4000 r--p 00004000 08:01 1709110    /usr/lib/i386-linux-gnu/gtk-2.0/modules/libcanberra-gtk-module.so
89ea4000-89ea5000 rw-p 00005000 08:01 1709110    /usr/lib/i386-linux-gnu/gtk-2.0/modules/libcanberra-gtk-module.so
89ea5000-89ec9000 r-xp 00000000 08:01 1447843    /usr/lib/jvm/java-8-openjdk-i386/jre/lib/i386/libglass.so
89ec9000-89eca000 r--p 00024000 08:01 1447843    /usr/lib/jvm/java-8-openjdk-i386/jre/lib/i386/libglass.so
89eca000-89ecb000 rw-p 00025000 08:01 1447843    /usr/lib/jvm/java-8-openjdk-i386/jre/lib/i386/libglass.so
89ecb000-89f00000 r-xp 00000000 08:01 1707847    /usr/lib/i386-linux-gnu/libtxc_dxtn_s2tc.so.0.0.0
89f00000-89f01000 r--p 00034000 08:01 1707847    /usr/lib/i386-linux-gnu/libtxc_dxtn_s2tc.so.0.0.0
89f01000-89f02000 rw-p 00035000 08:01 1707847    /usr/lib/i386-linux-gnu/libtxc_dxtn_s2tc.so.0.0.0
89f02000-89f03000 ---p 00000000 00:00 0 
89f03000-8a703000 rw-p 00000000 00:00 0          [stack:4491]
8a703000-8a704000 ---p 00000000 00:00 0 
8a704000-8af04000 rw-p 00000000 00:00 0          [stack:4490]
8af04000-8af24000 r-xp 00000000 08:01 1049858    /lib/i386-linux-gnu/libtinfo.so.5.9
8af24000-8af26000 r--p 0001f000 08:01 1049858    /lib/i386-linux-gnu/libtinfo.so.5.9
8af26000-8af27000 rw-p 00021000 08:01 1049858    /lib/i386-linux-gnu/libtinfo.so.5.9
8af27000-8af5b000 r-xp 00000000 08:01 1707138    /usr/lib/i386-linux-gnu/libedit.so.2.0.51
8af5b000-8af5c000 r--p 00034000 08:01 1707138    /usr/lib/i386-linux-gnu/libedit.so.2.0.51
8af5c000-8af5d000 rw-p 00035000 08:01 1707138    /usr/lib/i386-linux-gnu/libedit.so.2.0.51
8af5d000-8af5f000 rw-p 00000000 00:00 0 
8af5f000-8af66000 r-xp 00000000 08:01 1707174    /usr/lib/i386-linux-gnu/libffi.so.6.0.4
8af66000-8af68000 r--p 00006000 08:01 1707174    /usr/lib/i386-linux-gnu/libffi.so.6.0.4
8af68000-8af69000 rw-p 00008000 08:01 1707174    /usr/lib/i386-linux-gnu/libffi.so.6.0.4
8af69000-8d081000 r-xp 00000000 08:01 1706809    /usr/lib/i386-linux-gnu/libLLVM-3.6.so.1
8d081000-8d1fd000 r--p 02117000 08:01 1706809    /usr/lib/i386-linux-gnu/libLLVM-3.6.so.1
8d1fd000-8d201000 rw-p 02293000 08:01 1706809    /usr/lib/i386-linux-gnu/libLLVM-3.6.so.1
8d201000-8d20d000 rw-p 00000000 00:00 0 
8d20d000-8d224000 r-xp 00000000 08:01 1707139    /usr/lib/i386-linux-gnu/libelf-0.160.so
8d224000-8d225000 r--p 00016000 08:01 1707139    /usr/lib/i386-linux-gnu/libelf-0.160.so
8d225000-8d226000 rw-p 00017000 08:01 1707139    /usr/lib/i386-linux-gnu/libelf-0.160.so
8d226000-8d233000 r-xp 00000000 08:01 1707126    /usr/lib/i386-linux-gnu/libdrm_radeon.so.1.0.1
8d233000-8d234000 r--p 0000c000 08:01 1707126    /usr/lib/i386-linux-gnu/libdrm_radeon.so.1.0.1
8d234000-8d235000 rw-p 0000d000 08:01 1707126    /usr/lib/i386-linux-gnu/libdrm_radeon.so.1.0.1
8d235000-8d23b000 r-xp 00000000 08:01 1707124    /usr/lib/i386-linux-gnu/libdrm_nouveau.so.2.0.0
8d23b000-8d23c000 r--p 00005000 08:01 1707124    /usr/lib/i386-linux-gnu/libdrm_nouveau.so.2.0.0
8d23c000-8d23d000 rw-p 00006000 08:01 1707124    /usr/lib/i386-linux-gnu/libdrm_nouveau.so.2.0.0
8d23d000-8da55000 r-xp 00000000 08:01 1709289    /usr/lib/i386-linux-gnu/dri/swrast_dri.so
8da55000-8da93000 r--p 00817000 08:01 1709289    /usr/lib/i386-linux-gnu/dri/swrast_dri.so
8da93000-8da9c000 rw-p 00855000 08:01 1709289    /usr/lib/i386-linux-gnu/dri/swrast_dri.so
8da9c000-8dc7f000 rw-p 00000000 00:00 0 
8dc7f000-8dc81000 r-xp 00000000 08:01 1706889    /usr/lib/i386-linux-gnu/libXcomposite.so.1.0.0
8dc81000-8dc82000 r--p 00001000 08:01 1706889    /usr/lib/i386-linux-gnu/libXcomposite.so.1.0.0
8dc82000-8dc83000 rw-p 00002000 08:01 1706889    /usr/lib/i386-linux-gnu/libXcomposite.so.1.0.0
8dc83000-8dd29000 r-xp 00000000 08:01 1717685    /usr/lib/VBoxOGLcrutil.so
8dd29000-8dd32000 r--p 000a6000 08:01 1717685    /usr/lib/VBoxOGLcrutil.so
8dd32000-8dd34000 rw-p 000af000 08:01 1717685    /usr/lib/VBoxOGLcrutil.so
8dd34000-8dd38000 rw-p 00000000 00:00 0 
8dd38000-8de28000 r-xp 00000000 08:01 1717678    /usr/lib/VBoxOGL.so
8de28000-8de33000 r--p 000f0000 08:01 1717678    /usr/lib/VBoxOGL.so
8de33000-8de37000 rw-p 000fb000 08:01 1717678    /usr/lib/VBoxOGL.so
8de37000-8de3e000 rw-p 00000000 00:00 0 
8de3e000-8de52000 r-xp 00000000 08:01 1049848    /lib/i386-linux-gnu/libudev.so.1.6.2
8de52000-8de53000 r--p 00013000 08:01 1049848    /lib/i386-linux-gnu/libudev.so.1.6.2
8de53000-8de54000 rw-p 00014000 08:01 1049848    /lib/i386-linux-gnu/libudev.so.1.6.2
8de54000-8de59000 r-xp 00000000 08:01 1706895    /usr/lib/i386-linux-gnu/libXdmcp.so.6.0.0
8de59000-8de5a000 r--p 00004000 08:01 1706895    /usr/lib/i386-linux-gnu/libXdmcp.so.6.0.0
8de5a000-8de5b000 rw-p 00005000 08:01 1706895    /usr/lib/i386-linux-gnu/libXdmcp.so.6.0.0
8de5b000-8de5d000 r-xp 00000000 08:01 1706884    /usr/lib/i386-linux-gnu/libXau.so.6.0.0
8de5d000-8de5e000 r--p 00001000 08:01 1706884    /usr/lib/i386-linux-gnu/libXau.so.6.0.0
8de5e000-8de5f000 rw-p 00002000 08:01 1706884    /usr/lib/i386-linux-gnu/libXau.so.6.0.0
8de5f000-8de6c000 r-xp 00000000 08:01 1707120    /usr/lib/i386-linux-gnu/libdrm.so.2.4.0
8de6c000-8de6d000 r--p 0000c000 08:01 1707120    /usr/lib/i386-linux-gnu/libdrm.so.2.4.0
8de6d000-8de6e000 rw-p 0000d000 08:01 1707120    /usr/lib/i386-linux-gnu/libdrm.so.2.4.0
8de6e000-8de72000 r-xp 00000000 08:01 1706935    /usr/lib/i386-linux-gnu/libXxf86vm.so.1.0.0
8de72000-8de73000 r--p 00004000 08:01 1706935    /usr/lib/i386-linux-gnu/libXxf86vm.so.1.0.0
8de73000-8de74000 rw-p 00005000 08:01 1706935    /usr/lib/i386-linux-gnu/libXxf86vm.so.1.0.0
8de74000-8de8a000 r-xp 00000000 08:01 1707970    /usr/lib/i386-linux-gnu/libxcb-glx.so.0.0.0
8de8a000-8de8b000 r--p 00016000 08:01 1707970    /usr/lib/i386-linux-gnu/libxcb-glx.so.0.0.0
8de8b000-8de8c000 rw-p 00017000 08:01 1707970    /usr/lib/i386-linux-gnu/libxcb-glx.so.0.0.0
8de8c000-8deb2000 r-xp 00000000 08:01 1049721    /lib/i386-linux-gnu/libexpat.so.1.6.0
8deb2000-8deb4000 r--p 00026000 08:01 1049721    /lib/i386-linux-gnu/libexpat.so.1.6.0
8deb4000-8deb5000 rw-p 00028000 08:01 1049721    /lib/i386-linux-gnu/libexpat.so.1.6.0
8deb5000-8dffc000 r-xp 00000000 08:01 1706880    /usr/lib/i386-linux-gnu/libX11.so.6.3.0
8dffc000-8dffd000 r--p 00146000 08:01 1706880    /usr/lib/i386-linux-gnu/libX11.so.6.3.0
8dffd000-8dfff000 rw-p 00147000 08:01 1706880    /usr/lib/i386-linux-gnu/libX11.so.6.3.0
8dfff000-8e000000 rw-p 00000000 00:00 0 
8e000000-8e100000 rw-p 00000000 00:00 0 
8e100000-8e101000 r--s 00000000 08:01 408179     /var/cache/fontconfig/551ecf3b0e8b0bca0f25c0944f561853-le32d4.cache-4
8e101000-8e1a6000 r-xp 00000000 08:01 1708243    /usr/lib/i386-linux-gnu/mesa/libGL.so.1.2.0
8e1a6000-8e1a9000 r--p 000a4000 08:01 1708243    /usr/lib/i386-linux-gnu/mesa/libGL.so.1.2.0
8e1a9000-8e1ae000 rwxp 000a7000 08:01 1708243    /usr/lib/i386-linux-gnu/mesa/libGL.so.1.2.0
8e1ae000-8e1af000 rwxp 00000000 00:00 0 
8e1af000-8e1b2000 ---p 00000000 00:00 0 
8e1b2000-8e200000 rw-p 00000000 00:00 0          [stack:4487]
8e200000-8e300000 rw-p 00000000 00:00 0 
8e300000-8e301000 r-xp 00000000 08:01 1709109    /usr/lib/i386-linux-gnu/gtk-2.0/modules/libatk-bridge.so
8e301000-8e302000 r--p 00000000 08:01 1709109    /usr/lib/i386-linux-gnu/gtk-2.0/modules/libatk-bridge.so
8e302000-8e303000 rw-p 00001000 08:01 1709109    /usr/lib/i386-linux-gnu/gtk-2.0/modules/libatk-bridge.so
8e303000-8e304000 r-xp 00000000 08:01 1708000    /usr/lib/i386-linux-gnu/libxshmfence.so.1.0.0
8e304000-8e305000 r--p 00000000 08:01 1708000    /usr/lib/i386-linux-gnu/libxshmfence.so.1.0.0
8e305000-8e306000 rw-p 00001000 08:01 1708000    /usr/lib/i386-linux-gnu/libxshmfence.so.1.0.0
8e306000-8e30b000 r-xp 00000000 08:01 1707984    /usr/lib/i386-linux-gnu/libxcb-sync.so.1.0.0
8e30b000-8e30c000 r--p 00004000 08:01 1707984    /usr/lib/i386-linux-gnu/libxcb-sync.so.1.0.0
8e30c000-8e30d000 rw-p 00005000 08:01 1707984    /usr/lib/i386-linux-gnu/libxcb-sync.so.1.0.0
8e30d000-8e320000 r-xp 00000000 08:01 1706897    /usr/lib/i386-linux-gnu/libXext.so.6.4.0
8e320000-8e321000 r--p 00012000 08:01 1706897    /usr/lib/i386-linux-gnu/libXext.so.6.4.0
8e321000-8e322000 rw-p 00013000 08:01 1706897    /usr/lib/i386-linux-gnu/libXext.so.6.4.0
8e322000-8e342000 r-xp 00000000 08:01 1707992    /usr/lib/i386-linux-gnu/libxcb.so.1.1.0
8e342000-8e343000 r--p 0001f000 08:01 1707992    /usr/lib/i386-linux-gnu/libxcb.so.1.1.0
8e343000-8e344000 rw-p 00020000 08:01 1707992    /usr/lib/i386-linux-gnu/libxcb.so.1.1.0
8e344000-8e3e8000 r--s 009b3000 08:01 1580970    /home/ait-user/repos/JEFather/JEConfig/target/JEConfig-3.0.14.jar
8e3e8000-8e47d000 r--s 008e8000 08:01 275463     /usr/share/java/openjfx/jre/lib/ext/jfxrt.jar
8e47d000-8e47e000 ---p 00000000 00:00 0 
8e47e000-8e4fe000 rw-p 00000000 00:00 0          [stack:4486]
8e4fe000-8e501000 ---p 00000000 00:00 0 
8e501000-8e57f000 rw-p 00000000 00:00 0          [stack:4484]
8e57f000-8e582000 ---p 00000000 00:00 0 
8e582000-8e600000 rw-p 00000000 00:00 0          [stack:4483]
8e600000-8e800000 r--p 00000000 08:01 1711964    /usr/lib/locale/locale-archive
8e800000-8e821000 rw-p 00000000 00:00 0 
8e821000-8e900000 ---p 00000000 00:00 0 
8e900000-8e902000 r-xp 00000000 08:01 1707974    /usr/lib/i386-linux-gnu/libxcb-present.so.0.0.0
8e902000-8e903000 r--p 00001000 08:01 1707974    /usr/lib/i386-linux-gnu/libxcb-present.so.0.0.0
8e903000-8e904000 rw-p 00002000 08:01 1707974    /usr/lib/i386-linux-gnu/libxcb-present.so.0.0.0
8e904000-8e915000 r-xp 00000000 08:01 1708245    /usr/lib/i386-linux-gnu/libglapi.so.0.0.0
8e915000-8e917000 r--p 00011000 08:01 1708245    /usr/lib/i386-linux-gnu/libglapi.so.0.0.0
8e917000-8e91c000 rwxp 00013000 08:01 1708245    /usr/lib/i386-linux-gnu/libglapi.so.0.0.0
8e91c000-8e91d000 rwxp 00000000 00:00 0 
8e91d000-8e920000 ---p 00000000 00:00 0 
8e920000-8e96e000 rw-p 00000000 00:00 0          [stack:4485]
8e96e000-8e971000 ---p 00000000 00:00 0 
8e971000-8e9bf000 rw-p 00000000 00:00 0          [stack:4482]
8e9bf000-8ea00000 r--p 00857000 08:01 1711964    /usr/lib/locale/locale-archive
8ea00000-8eafb000 rw-p 00000000 00:00 0 
8eafb000-8eb00000 ---p 00000000 00:00 0 
8eb00000-8eb01000 r--s 00000000 08:01 408168     /var/cache/fontconfig/0c9eb80ebd1c36541ebe2852d3bb0c49-le32d4.cache-4
8eb01000-8eb03000 r-xp 00000000 08:01 1707968    /usr/lib/i386-linux-gnu/libxcb-dri3.so.0.0.0
8eb03000-8eb04000 r--p 00001000 08:01 1707968    /usr/lib/i386-linux-gnu/libxcb-dri3.so.0.0.0
8eb04000-8eb05000 rw-p 00002000 08:01 1707968    /usr/lib/i386-linux-gnu/libxcb-dri3.so.0.0.0
8eb05000-8eb09000 r-xp 00000000 08:01 1707966    /usr/lib/i386-linux-gnu/libxcb-dri2.so.0.0.0
8eb09000-8eb0a000 r--p 00003000 08:01 1707966    /usr/lib/i386-linux-gnu/libxcb-dri2.so.0.0.0
8eb0a000-8eb0b000 rw-p 00004000 08:01 1707966    /usr/lib/i386-linux-gnu/libxcb-dri2.so.0.0.0
8eb0b000-8eb0d000 r-xp 00000000 08:01 1706907    /usr/lib/i386-linux-gnu/libXinerama.so.1.0.0
8eb0d000-8eb0e000 r--p 00001000 08:01 1706907    /usr/lib/i386-linux-gnu/libXinerama.so.1.0.0
8eb0e000-8eb0f000 rw-p 00002000 08:01 1706907    /usr/lib/i386-linux-gnu/libXinerama.so.1.0.0
8eb0f000-8eb1e000 r-xp 00000000 08:01 1447838    /usr/lib/jvm/java-8-openjdk-i386/jre/lib/i386/libprism_sw.so
8eb1e000-8eb1f000 r--p 0000e000 08:01 1447838    /usr/lib/jvm/java-8-openjdk-i386/jre/lib/i386/libprism_sw.so
8eb1f000-8eb20000 rw-p 0000f000 08:01 1447838    /usr/lib/jvm/java-8-openjdk-i386/jre/lib/i386/libprism_sw.so
8eb20000-8eb3a000 r--s 001d3000 08:01 1444240    /usr/lib/jvm/java-8-openjdk-i386/jre/lib/ext/nashorn.jar
8eb3a000-8eb3d000 ---p 00000000 00:00 0 
8eb3d000-8eb8b000 rw-p 00000000 00:00 0          [stack:4481]
8eb8b000-8eb8e000 ---p 00000000 00:00 0 
8eb8e000-8ebdc000 rw-p 00000000 00:00 0          [stack:4480]
8ebdc000-8ebdd000 ---p 00000000 00:00 0 
8ebdd000-8ecaa000 rw-p 00000000 00:00 0          [stack:4479]
8ecaa000-8ee77000 r--s 03bd3000 08:01 1444234    /usr/lib/jvm/java-8-openjdk-i386/jre/lib/rt.jar
8ee77000-8f2bd000 rw-p 00000000 00:00 0 
8f2bd000-8f2c3000 ---p 00000000 00:00 0 
8f2c3000-8f2ff000 rw-p 00000000 00:00 0 
8f2ff000-8f342000 ---p 00000000 00:00 0 
8f342000-8f360000 rw-p 00000000 00:00 0 
8f360000-8f381000 ---p 00000000 00:00 0 
8f381000-8f3bd000 rw-p 00000000 00:00 0 
8f3bd000-8f3ff000 ---p 00000000 00:00 0 
8f3ff000-92f20000 rw-p 00000000 00:00 0 
92f20000-97200000 ---p 00000000 00:00 0 
97200000-9e81c000 rw-p 00000000 00:00 0 
9e81c000-a6e00000 ---p 00000000 00:00 0 
a6e00000-a6e02000 r--s 00000000 08:01 408312     /var/cache/fontconfig/e13b20fdb08344e0e664864cc2ede53d-le32d4.cache-4
a6e02000-a6e03000 r-xp 00000000 08:01 1706878    /usr/lib/i386-linux-gnu/libX11-xcb.so.1.0.0
a6e03000-a6e04000 r--p 00000000 08:01 1706878    /usr/lib/i386-linux-gnu/libX11-xcb.so.1.0.0
a6e04000-a6e05000 rw-p 00001000 08:01 1706878    /usr/lib/i386-linux-gnu/libX11-xcb.so.1.0.0
a6e05000-a6e0a000 r-xp 00000000 08:01 1706899    /usr/lib/i386-linux-gnu/libXfixes.so.3.1.0
a6e0a000-a6e0b000 r--p 00004000 08:01 1706899    /usr/lib/i386-linux-gnu/libXfixes.so.3.1.0
a6e0b000-a6e0c000 rw-p 00005000 08:01 1706899    /usr/lib/i386-linux-gnu/libXfixes.so.3.1.0
a6e0c000-a6e17000 r-xp 00000000 08:01 1447847    /usr/lib/jvm/java-8-openjdk-i386/jre/lib/i386/libprism_es2.so
a6e17000-a6e18000 r--p 0000a000 08:01 1447847    /usr/lib/jvm/java-8-openjdk-i386/jre/lib/i386/libprism_es2.so
a6e18000-a6e19000 rw-p 0000b000 08:01 1447847    /usr/lib/jvm/java-8-openjdk-i386/jre/lib/i386/libprism_es2.so
a6e19000-a6e24000 r--s 00116000 08:01 1444245    /usr/lib/jvm/java-8-openjdk-i386/jre/lib/ext/localedata.jar
a6e24000-a6e40000 r--s 00393000 08:01 1444242    /usr/lib/jvm/java-8-openjdk-i386/jre/lib/ext/cldrdata.jar
a6e40000-a6e7b000 rw-p 00000000 00:00 0 
a6e7b000-a7200000 ---p 00000000 00:00 0 
a7200000-a80a0000 rwxp 00000000 00:00 0 
a80a0000-b6200000 ---p 00000000 00:00 0 
b6200000-b62ef000 rw-p 00000000 00:00 0 
b62ef000-b6300000 ---p 00000000 00:00 0 
b6300000-b6302000 r-xp 00000000 08:01 1706893    /usr/lib/i386-linux-gnu/libXdamage.so.1.1.0
b6302000-b6303000 r--p 00001000 08:01 1706893    /usr/lib/i386-linux-gnu/libXdamage.so.1.1.0
b6303000-b6304000 rw-p 00002000 08:01 1706893    /usr/lib/i386-linux-gnu/libXdamage.so.1.1.0
b6304000-b6307000 r--s 00037000 08:01 1444238    /usr/lib/jvm/java-8-openjdk-i386/jre/lib/ext/sunpkcs11.jar
b6307000-b6309000 r--s 00006000 08:01 274690     /usr/share/java/java-atk-wrapper.jar
b6309000-b630b000 r--s 00001000 08:01 1444243    /usr/lib/jvm/java-8-openjdk-i386/jre/lib/ext/dnsns.jar
b630b000-b630c000 r--s 00008000 08:01 1444244    /usr/lib/jvm/java-8-openjdk-i386/jre/lib/ext/sunec.jar
b630c000-b6312000 r--s 0003a000 08:01 1444239    /usr/lib/jvm/java-8-openjdk-i386/jre/lib/ext/sunjce_provider.jar
b6312000-b636d000 rw-p 00000000 00:00 0 
b636d000-b6379000 r-xp 00000000 08:01 1049787    /lib/i386-linux-gnu/libnss_files-2.21.so
b6379000-b637a000 r--p 0000b000 08:01 1049787    /lib/i386-linux-gnu/libnss_files-2.21.so
b637a000-b637b000 rw-p 0000c000 08:01 1049787    /lib/i386-linux-gnu/libnss_files-2.21.so
b637b000-b6386000 r-xp 00000000 08:01 1049797    /lib/i386-linux-gnu/libnss_nis-2.21.so
b6386000-b6387000 r--p 0000a000 08:01 1049797    /lib/i386-linux-gnu/libnss_nis-2.21.so
b6387000-b6388000 rw-p 0000b000 08:01 1049797    /lib/i386-linux-gnu/libnss_nis-2.21.so
b6388000-b639f000 r-xp 00000000 08:01 1049781    /lib/i386-linux-gnu/libnsl-2.21.so
b639f000-b63a0000 r--p 00016000 08:01 1049781    /lib/i386-linux-gnu/libnsl-2.21.so
b63a0000-b63a1000 rw-p 00017000 08:01 1049781    /lib/i386-linux-gnu/libnsl-2.21.so
b63a1000-b63a3000 rw-p 00000000 00:00 0 
b63a3000-b63ab000 r-xp 00000000 08:01 1049783    /lib/i386-linux-gnu/libnss_compat-2.21.so
b63ab000-b63ac000 r--p 00007000 08:01 1049783    /lib/i386-linux-gnu/libnss_compat-2.21.so
b63ac000-b63ad000 rw-p 00008000 08:01 1049783    /lib/i386-linux-gnu/libnss_compat-2.21.so
b63ad000-b63b0000 r--s 0000f000 08:01 1444237    /usr/lib/jvm/java-8-openjdk-i386/jre/lib/ext/icedtea-sound.jar
b63b0000-b63b8000 r-xp 00000000 08:01 1444284    /usr/lib/jvm/java-8-openjdk-i386/jre/lib/i386/libzip.so
b63b8000-b63b9000 r--p 00007000 08:01 1444284    /usr/lib/jvm/java-8-openjdk-i386/jre/lib/i386/libzip.so
b63b9000-b63ba000 rw-p 00008000 08:01 1444284    /usr/lib/jvm/java-8-openjdk-i386/jre/lib/i386/libzip.so
b63ba000-b63c2000 rw-s 00000000 08:01 1324946    /tmp/hsperfdata_ait-user/4477
b63c2000-b63e9000 r-xp 00000000 08:01 1444268    /usr/lib/jvm/java-8-openjdk-i386/jre/lib/i386/libjava.so
b63e9000-b63ea000 r--p 00026000 08:01 1444268    /usr/lib/jvm/java-8-openjdk-i386/jre/lib/i386/libjava.so
b63ea000-b63eb000 rw-p 00027000 08:01 1444268    /usr/lib/jvm/java-8-openjdk-i386/jre/lib/i386/libjava.so
b63eb000-b63f2000 r-xp 00000000 08:01 1049842    /lib/i386-linux-gnu/librt-2.21.so
b63f2000-b63f3000 r--p 00006000 08:01 1049842    /lib/i386-linux-gnu/librt-2.21.so
b63f3000-b63f4000 rw-p 00007000 08:01 1049842    /lib/i386-linux-gnu/librt-2.21.so
b63f4000-b63f7000 ---p 00000000 00:00 0 
b63f7000-b6445000 rw-p 00000000 00:00 0          [stack:4478]
b6445000-b6461000 r-xp 00000000 08:01 1053282    /lib/i386-linux-gnu/libgcc_s.so.1
b6461000-b6462000 rw-p 0001b000 08:01 1053282    /lib/i386-linux-gnu/libgcc_s.so.1
b6462000-b64ad000 r-xp 00000000 08:01 1049760    /lib/i386-linux-gnu/libm-2.21.so
b64ad000-b64ae000 r--p 0004a000 08:01 1049760    /lib/i386-linux-gnu/libm-2.21.so
b64ae000-b64af000 rw-p 0004b000 08:01 1049760    /lib/i386-linux-gnu/libm-2.21.so
b64af000-b6598000 r-xp 00000000 08:01 1707810    /usr/lib/i386-linux-gnu/libstdc++.so.6.0.20
b6598000-b659c000 r--p 000e9000 08:01 1707810    /usr/lib/i386-linux-gnu/libstdc++.so.6.0.20
b659c000-b659d000 rw-p 000ed000 08:01 1707810    /usr/lib/i386-linux-gnu/libstdc++.so.6.0.20
b659d000-b65a4000 rw-p 00000000 00:00 0 
b65a4000-b70a7000 r-xp 00000000 08:01 1444273    /usr/lib/jvm/java-8-openjdk-i386/jre/lib/i386/server/libjvm.so
b70a7000-b70f5000 r--p 00b02000 08:01 1444273    /usr/lib/jvm/java-8-openjdk-i386/jre/lib/i386/server/libjvm.so
b70f5000-b710c000 rw-p 00b50000 08:01 1444273    /usr/lib/jvm/java-8-openjdk-i386/jre/lib/i386/server/libjvm.so
b710c000-b752d000 rw-p 00000000 00:00 0 
b752d000-b7546000 r-xp 00000000 08:01 1049834    /lib/i386-linux-gnu/libpthread-2.21.so
b7546000-b7547000 r--p 00018000 08:01 1049834    /lib/i386-linux-gnu/libpthread-2.21.so
b7547000-b7548000 rw-p 00019000 08:01 1049834    /lib/i386-linux-gnu/libpthread-2.21.so
b7548000-b754a000 rw-p 00000000 00:00 0 
b754a000-b754d000 r-xp 00000000 08:01 1049719    /lib/i386-linux-gnu/libdl-2.21.so
b754d000-b754e000 r--p 00002000 08:01 1049719    /lib/i386-linux-gnu/libdl-2.21.so
b754e000-b754f000 rw-p 00003000 08:01 1049719    /lib/i386-linux-gnu/libdl-2.21.so
b754f000-b7568000 r-xp 00000000 08:01 1049875    /lib/i386-linux-gnu/libz.so.1.2.8
b7568000-b7569000 r--p 00019000 08:01 1049875    /lib/i386-linux-gnu/libz.so.1.2.8
b7569000-b756a000 rw-p 0001a000 08:01 1049875    /lib/i386-linux-gnu/libz.so.1.2.8
b756a000-b756b000 rw-p 00000000 00:00 0 
b756b000-b771f000 r-xp 00000000 08:01 1049704    /lib/i386-linux-gnu/libc-2.21.so
b771f000-b7722000 r--p 001b3000 08:01 1049704    /lib/i386-linux-gnu/libc-2.21.so
b7722000-b7724000 rw-p 001b6000 08:01 1049704    /lib/i386-linux-gnu/libc-2.21.so
b7724000-b7726000 rw-p 00000000 00:00 0 
b7726000-b7727000 r--s 00010000 08:01 1444241    /usr/lib/jvm/java-8-openjdk-i386/jre/lib/ext/zipfs.jar
b7727000-b7728000 r--p 00306000 08:01 1711964    /usr/lib/locale/locale-archive
b7728000-b7729000 rw-p 00000000 00:00 0 
b7729000-b772a000 r--p 00000000 00:00 0 
b772a000-b7738000 r-xp 00000000 08:01 1444267    /usr/lib/jvm/java-8-openjdk-i386/jre/lib/i386/libverify.so
b7738000-b773a000 r--p 0000d000 08:01 1444267    /usr/lib/jvm/java-8-openjdk-i386/jre/lib/i386/libverify.so
b773a000-b773b000 rw-p 0000f000 08:01 1444267    /usr/lib/jvm/java-8-openjdk-i386/jre/lib/i386/libverify.so
b773b000-b7748000 r-xp 00000000 08:01 1444252    /usr/lib/jvm/java-8-openjdk-i386/jre/lib/i386/jli/libjli.so
b7748000-b7749000 r--p 0000c000 08:01 1444252    /usr/lib/jvm/java-8-openjdk-i386/jre/lib/i386/jli/libjli.so
b7749000-b774a000 rw-p 0000d000 08:01 1444252    /usr/lib/jvm/java-8-openjdk-i386/jre/lib/i386/jli/libjli.so
b774a000-b774c000 rw-p 00000000 00:00 0 
b774c000-b774e000 r--p 00000000 00:00 0          [vvar]
b774e000-b774f000 r-xp 00000000 00:00 0          [vdso]
b774f000-b7771000 r-xp 00000000 08:01 1049676    /lib/i386-linux-gnu/ld-2.21.so
b7771000-b7772000 r--p 00021000 08:01 1049676    /lib/i386-linux-gnu/ld-2.21.so
b7772000-b7773000 rw-p 00022000 08:01 1049676    /lib/i386-linux-gnu/ld-2.21.so
bfc52000-bfc53000 rwxp 00000000 00:00 0 
bfc85000-bfca6000 rw-p 00000000 00:00 0          [stack]

VM Arguments:
java_command: target/JEConfig-3.0.14.jar --datasource.class=org.jevis.api.sql.JEVisDataSourceSQL --datasource.host=localhost --datasource.port=3306 --datasource.schema=jevis --datasource.username=jevis --datasource.password=jevistest --fxlogin.logo=http://www.ait.ac.at/fileadmin/templates/tpl/images/ait_logo.jpg --fxlogin.css=http://openjevis.org/attachments/download/1268/fxlogin_ait.css --fxlogin.register=http://my-jevis.com
java_class_path (initial): target/JEConfig-3.0.14.jar
Launcher Type: SUN_STANDARD

Environment Variables:
PATH=/usr/local/sbin:/usr/local/bin:/usr/sbin:/usr/bin:/sbin:/bin:/usr/games:/usr/local/games
SHELL=/bin/bash
DISPLAY=:0.0

Signal Handlers:
SIGSEGV: [libjvm.so+0x8f4900], sa_mask[0]=11111111011111111101111111111110, sa_flags=SA_RESTART|SA_SIGINFO
SIGBUS: [libjvm.so+0x8f4900], sa_mask[0]=11111111011111111101111111111110, sa_flags=SA_RESTART|SA_SIGINFO
SIGFPE: [libjvm.so+0x75c6d0], sa_mask[0]=11111111011111111101111111111110, sa_flags=SA_RESTART|SA_SIGINFO
SIGPIPE: SIG_IGN, sa_mask[0]=00000000000010000000000000000000, sa_flags=SA_RESTART
SIGXFSZ: [libjvm.so+0x75c6d0], sa_mask[0]=11111111011111111101111111111110, sa_flags=SA_RESTART|SA_SIGINFO
SIGILL: [libjvm.so+0x75c6d0], sa_mask[0]=11111111011111111101111111111110, sa_flags=SA_RESTART|SA_SIGINFO
SIGUSR1: SIG_DFL, sa_mask[0]=00000000000000000000000000000000, sa_flags=none
SIGUSR2: [libjvm.so+0x75c510], sa_mask[0]=00000000000000000000000000000000, sa_flags=SA_RESTART|SA_SIGINFO
SIGHUP: [libjvm.so+0x75c7a0], sa_mask[0]=11111111011111111101111111111110, sa_flags=SA_RESTART|SA_SIGINFO
SIGINT: SIG_DFL, sa_mask[0]=01000000000000000000000000000000, sa_flags=SA_RESTART
SIGTERM: SIG_DFL, sa_mask[0]=00000000000000100000000000000000, sa_flags=SA_RESTART
SIGQUIT: [libjvm.so+0x75c7a0], sa_mask[0]=11111111011111111101111111111110, sa_flags=SA_RESTART|SA_SIGINFO


---------------  S Y S T E M  ---------------

OS: