#
# A fatal error has been detected by the Java Runtime Environment:
#
#  SIGSEGV (0xb) at pc=0xb75c2bb0, pid=3280, tid=3075819264
#
# JRE version: OpenJDK Runtime Environment (8.0_45-b14) (build 1.8.0_45-internal-b14)
# Java VM: OpenJDK Server VM (25.45-b02 mixed mode linux-x86 )
# Problematic frame:
# C  [libc.so.6+0x2ebb0]
#
# Failed to write core dump. Core dumps have been disabled. To enable core dumping, try "ulimit -c unlimited" before starting Java again
#
# If you would like to submit a bug report, please visit:
#   http://bugreport.java.com/bugreport/crash.jsp
#

---------------  T H R E A D  ---------------

Current thread is native thread

siginfo: si_signo: 11 (SIGSEGV), si_code: 1 (SEGV_MAPERR), si_addr: 0x7a599430

Registers:
EAX=0x8eb9f988, EBX=0xb774b000, ECX=0x7a599430, EDX=0xeb9f9880
ESP=0xbfa18e80, EBP=0x8eb9fbb8, ESI=0x00000000, EDI=0xb774b41c
EIP=0xb75c2bb0, EFLAGS=0x00010286, CR2=0x7a599430

Top of Stack: (sp=0xbfa18e80)
0xbfa18e80:   3124c214 7100856c 442074f3 00000001
0xbfa18e90:   000149c0 81002080 b75c2b79 b774b000
0xbfa18ea0:   00000000 b7570000 bfa18ee8 b75c2cb1
0xbfa18eb0:   00000000 b774b41c 00000001 45970101
0xbfa18ec0:   8cc8c225 b75c2c96 8de5d000 8dd93775
0xbfa18ed0:   00000000 00000000 0000001b 00000000
0xbfa18ee0:   8dd93759 b646dba8 b646db40 b7777bbc
0xbfa18ef0:   00000002 00000033 00000000 0000007b 

Instructions: (pc=0xb75c2bb0)
0xb75c2b90:   24 0c e8 39 06 00 00 8b 2f 85 ed 74 42 8d 76 00
0xb75c2ba0:   8b 45 04 89 c2 c1 e2 04 85 c0 8d 4c 15 f8 74 22
0xb75c2bb0:   8b 11 83 e8 01 89 45 04 83 fa 03 0f 84 9f 00 00
0xb75c2bc0:   00 83 fa 04 74 72 83 fa 02 74 45 83 e9 10 85 c0 

Register to memory mapping:

EAX=0x8eb9f988 is an unknown value
EBX=0xb774b000: <offset 0x1b7000> in /lib/i386-linux-gnu/libc.so.6 at 0xb7594000
ECX=0x7a599430 is an unknown value
EDX=0xeb9f9880 is an unknown value
ESP=0xbfa18e80 is an unknown value
EBP=0x8eb9fbb8 is an unknown value
ESI=0x00000000 is an unknown value
EDI=0xb774b41c: <offset 0x1b741c> in /lib/i386-linux-gnu/libc.so.6 at 0xb7594000


Stack: [0xbf9d0000,0xbfa20000],  sp=0xbfa18e80,  free space=291k
Native frames: (J=compiled Java code, j=interpreted, Vv=VM code, C=native code)
C  [libc.so.6+0x2ebb0]
C  0x8eb9eaf0


---------------  P R O C E S S  ---------------

VM state:not at safepoint (normal execution)

VM Mutex/Monitor currently owned by a thread: None

Heap:
 def new generation   total 55744K, used 38652K [0x8f400000, 0x93070000, 0x97200000)
  eden space 49600K,  65% used [0x8f400000, 0x913bf2f8, 0x92470000)
  from space 6144K, 100% used [0x92470000, 0x92a70000, 0x92a70000)
  to   space 6144K,   0% used [0x92a70000, 0x92a70000, 0x93070000)
 tenured generation   total 123652K, used 98140K [0x97200000, 0x9eac1000, 0xa6e00000)
   the space 123652K,  79% used [0x97200000, 0x9d1d7378, 0x9d1d7400, 0x9eac1000)
 Metaspace       used 25566K, capacity 26573K, committed 26648K, reserved 26928K

Card table byte_map: [0xa6e0e000,0xa6ecc000] byte_map_base: 0xa6994000

Polling page: 0xb7752000

CodeCache: size=245760Kb used=17805Kb max_used=17933Kb free=227954Kb
 bounds [0xa728c000, 0xa8424000, 0xb628c000]
 total_blobs=6907 nmethods=6436 adapters=385
 compilation: enabled

Compilation events (10 events):
Event: 427,047 Thread 0xb6381000 7710       3       javafx.scene.shape.Rectangle::setHeight (9 bytes)
Event: 427,047 Thread 0xb6381000 nmethod 7710 0xa8411188 code [0xa84112a0, 0xa841140c]
Event: 454,373 Thread 0xb6381000 7711       3       com.sun.javafx.scene.control.skin.ToolBarSkin::computePrefHeight (186 bytes)
Event: 454,384 Thread 0xb6381000 nmethod 7711 0xa841bf88 code [0xa841c2e0, 0xa841df8c]
Event: 454,386 Thread 0xb6381000 7712       3       com.sun.javafx.sg.prism.NGImageView::renderContent (248 bytes)
Event: 454,392 Thread 0xb6381000 nmethod 7712 0xa764dec8 code [0xa764e100, 0xa764ee8c]
Event: 464,368 Thread 0xb637f800 7713       4       java.util.AbstractList::equals (117 bytes)
Event: 464,401 Thread 0xb637f800 nmethod 7713 0xa77e58c8 code [0xa77e5aa0, 0xa77e619c]
Event: 479,389 Thread 0xb637f800 7714       4       java.util.concurrent.locks.AbstractQueuedSynchronizer::transferForSignal (45 bytes)
Event: 479,393 Thread 0xb637f800 nmethod 7714 0xa73e5f88 code [0xa73e60a0, 0xa73e62fc]

GC Heap History (10 events):
Event: 38,460 GC heap before
{Heap before GC invocations=16 (full 4):
 def new generation   total 28736K, used 27792K [0x8f400000, 0x91320000, 0x97200000)
  eden space 25600K,  96% used [0x8f400000, 0x90c143b0, 0x90d00000)
  from space 3136K, 100% used [0x91010000, 0x91320000, 0x91320000)
  to   space 3136K,   0% used [0x90d00000, 0x90d00000, 0x91010000)
 tenured generation   total 63636K, used 40933K [0x97200000, 0x9b025000, 0xa6e00000)
   the space 63636K,  64% used [0x97200000, 0x999f9600, 0x999f9600, 0x9b025000)
 Metaspace       used 24055K, capacity 24996K, committed 25112K, reserved 25904K
Event: 38,483 GC heap after
Heap after GC invocations=17 (full 4):
 def new generation   total 28736K, used 3136K [0x8f400000, 0x91320000, 0x97200000)
  eden space 25600K,   0% used [0x8f400000, 0x8f400000, 0x90d00000)
  from space 3136K, 100% used [0x90d00000, 0x91010000, 0x91010000)
  to   space 3136K,   0% used [0x91010000, 0x91010000, 0x91320000)
 tenured generation   total 63636K, used 48508K [0x97200000, 0x9b025000, 0xa6e00000)
   the space 63636K,  76% used [0x97200000, 0x9a15f0c0, 0x9a15f200, 0x9b025000)
 Metaspace       used 24055K, capacity 24996K, committed 25112K, reserved 25904K
}
Event: 41,932 GC heap before
{Heap before GC invocations=17 (full 4):
 def new generation   total 28736K, used 28645K [0x8f400000, 0x91320000, 0x97200000)
  eden space 25600K,  99% used [0x8f400000, 0x90ce9428, 0x90d00000)
  from space 3136K, 100% used [0x90d00000, 0x91010000, 0x91010000)
  to   space 3136K,   0% used [0x91010000, 0x91010000, 0x91320000)
 tenured generation   total 63636K, used 48508K [0x97200000, 0x9b025000, 0xa6e00000)
   the space 63636K,  76% used [0x97200000, 0x9a15f0c0, 0x9a15f200, 0x9b025000)
 Metaspace       used 24199K, capacity 25126K, committed 25240K, reserved 25904K
Event: 41,955 GC heap after
Heap after GC invocations=18 (full 4):
 def new generation   total 28736K, used 2001K [0x8f400000, 0x91320000, 0x97200000)
  eden space 25600K,   0% used [0x8f400000, 0x8f400000, 0x90d00000)
  from space 3136K,  63% used [0x91010000, 0x912047a8, 0x91320000)
  to   space 3136K,   0% used [0x90d00000, 0x90d00000, 0x91010000)
 tenured generation   total 63636K, used 62477K [0x97200000, 0x9b025000, 0xa6e00000)
   the space 63636K,  98% used [0x97200000, 0x9af03590, 0x9af03600, 0x9b025000)
 Metaspace       used 24199K, capacity 25126K, committed 25240K, reserved 25904K
}
Event: 46,262 GC heap before
{Heap before GC invocations=18 (full 4):
 def new generation   total 28736K, used 27046K [0x8f400000, 0x91320000, 0x97200000)
  eden space 25600K,  97% used [0x8f400000, 0x90c75418, 0x90d00000)
  from space 3136K,  63% used [0x91010000, 0x912047a8, 0x91320000)
  to   space 3136K,   0% used [0x90d00000, 0x90d00000, 0x91010000)
 tenured generation   total 63636K, used 62477K [0x97200000, 0x9b025000, 0xa6e00000)
   the space 63636K,  98% used [0x97200000, 0x9af03590, 0x9af03600, 0x9b025000)
 Metaspace       used 24454K, capacity 25415K, committed 25496K, reserved 25904K
Event: 46,384 GC heap after
Heap after GC invocations=19 (full 5):
 def new generation   total 55744K, used 0K [0x8f400000, 0x93070000, 0x97200000)
  eden space 49600K,   0% used [0x8f400000, 0x8f400000, 0x92470000)
  from space 6144K,   0% used [0x92470000, 0x92470000, 0x92a70000)
  to   space 6144K,   0% used [0x92a70000, 0x92a70000, 0x93070000)
 tenured generation   total 123652K, used 74189K [0x97200000, 0x9eac1000, 0xa6e00000)
   the space 123652K,  59% used [0x97200000, 0x9ba73570, 0x9ba73600, 0x9eac1000)
 Metaspace       used 24454K, capacity 25415K, committed 25496K, reserved 25904K
}
Event: 95,536 GC heap before
{Heap before GC invocations=19 (full 5):
 def new generation   total 55744K, used 49600K [0x8f400000, 0x93070000, 0x97200000)
  eden space 49600K, 100% used [0x8f400000, 0x92470000, 0x92470000)
  from space 6144K,   0% used [0x92470000, 0x92470000, 0x92a70000)
  to   space 6144K,   0% used [0x92a70000, 0x92a70000, 0x93070000)
 tenured generation   total 123652K, used 74189K [0x97200000, 0x9eac1000, 0xa6e00000)
   the space 123652K,  59% used [0x97200000, 0x9ba73570, 0x9ba73600, 0x9eac1000)
 Metaspace       used 25386K, capacity 26408K, committed 26520K, reserved 26928K
Event: 95,569 GC heap after
Heap after GC invocations=20 (full 5):
 def new generation   total 55744K, used 6144K [0x8f400000, 0x93070000, 0x97200000)
  eden space 49600K,   0% used [0x8f400000, 0x8f400000, 0x92470000)
  from space 6144K, 100% used [0x92a70000, 0x93070000, 0x93070000)
  to   space 6144K,   0% used [0x92470000, 0x92470000, 0x92a70000)
 tenured generation   total 123652K, used 85288K [0x97200000, 0x9eac1000, 0xa6e00000)
   the space 123652K,  68% used [0x97200000, 0x9c54a068, 0x9c54a200, 0x9eac1000)
 Metaspace       used 25386K, capacity 26408K, committed 26520K, reserved 26928K
}
Event: 390,884 GC heap before
{Heap before GC invocations=20 (full 5):
 def new generation   total 55744K, used 54977K [0x8f400000, 0x93070000, 0x97200000)
  eden space 49600K,  98% used [0x8f400000, 0x923b0760, 0x92470000)
  from space 6144K, 100% used [0x92a70000, 0x93070000, 0x93070000)
  to   space 6144K,   0% used [0x92470000, 0x92470000, 0x92a70000)
 tenured generation   total 123652K, used 85288K [0x97200000, 0x9eac1000, 0xa6e00000)
   the space 123652K,  68% used [0x97200000, 0x9c54a068, 0x9c54a200, 0x9eac1000)
 Metaspace       used 25525K, capacity 26541K, committed 26648K, reserved 26928K
Event: 390,917 GC heap after
Heap after GC invocations=21 (full 5):
 def new generation   total 55744K, used 6144K [0x8f400000, 0x93070000, 0x97200000)
  eden space 49600K,   0% used [0x8f400000, 0x8f400000, 0x92470000)
  from space 6144K, 100% used [0x92470000, 0x92a70000, 0x92a70000)
  to   space 6144K,   0% used [0x92a70000, 0x92a70000, 0x93070000)
 tenured generation   total 123652K, used 98140K [0x97200000, 0x9eac1000, 0xa6e00000)
   the space 123652K,  79% used [0x97200000, 0x9d1d7378, 0x9d1d7400, 0x9eac1000)
 Metaspace       used 25525K, capacity 26541K, committed 26648K, reserved 26928K
}

Deoptimization events (10 events):
Event: 72,860 Thread 0x88e84c00 Uncommon trap: reason=unstable_if action=reinterpret pc=0xa784e8a0 method=java.lang.CharacterDataLatin1.digit(II)I @ 82
Event: 119,779 Thread 0x88e84c00 Uncommon trap: reason=predicate action=maybe_recompile pc=0xa82dda58 method=java.util.AbstractCollection.toArray([Ljava/lang/Object;)[Ljava/lang/Object; @ 49
Event: 119,931 Thread 0x88e84c00 Uncommon trap: reason=array_check action=maybe_recompile pc=0xa7665700 method=java.util.AbstractCollection.toArray([Ljava/lang/Object;)[Ljava/lang/Object; @ 119
Event: 119,931 Thread 0x88e84c00 Uncommon trap: reason=array_check action=maybe_recompile pc=0xa7665700 method=java.util.AbstractCollection.toArray([Ljava/lang/Object;)[Ljava/lang/Object; @ 119
Event: 119,931 Thread 0x88e84c00 Uncommon trap: reason=array_check action=maybe_recompile pc=0xa7665700 method=java.util.AbstractCollection.toArray([Ljava/lang/Object;)[Ljava/lang/Object; @ 119
Event: 119,931 Thread 0x88e84c00 Uncommon trap: reason=array_check action=maybe_recompile pc=0xa7665700 method=java.util.AbstractCollection.toArray([Ljava/lang/Object;)[Ljava/lang/Object; @ 119
Event: 394,142 Thread 0x88e84c00 Uncommon trap: reason=unstable_if action=reinterpret pc=0xa826e748 method=com.sun.javafx.geom.RoundRectangle2D.contains(FF)Z @ 54
Event: 408,822 Thread 0x88e84c00 Uncommon trap: reason=unstable_if action=reinterpret pc=0xa7ff7460 method=com.sun.javafx.css.StyleManager$CacheContainer.getStyleMap(I)Lcom/sun/javafx/css/StyleMap; @ 22
Event: 408,822 Thread 0x88e84c00 Uncommon trap: reason=unstable_if action=reinterpret pc=0xa7af1fc4 method=com.sun.javafx.css.StyleManager$CacheContainer.getStyleMap(I)Lcom/sun/javafx/css/StyleMap; @ 22
Event: 422,226 Thread 0x88e84c00 Uncommon trap: reason=predicate action=maybe_recompile pc=0xa83f86fc method=java.util.TimSort.binarySort([Ljava/lang/Object;IIILjava/util/Comparator;)V @ 37

Internal exceptions (10 events):
Event: 73,381 Thread 0x88e84c00 Exception <a 'java/lang/NullPointerException'> (0x913f56c8) thrown at [/build/buildd/openjdk-8-8u45-b14/src/hotspot/src/share/vm/interpreter/linkResolver.cpp, line 1280]
Event: 73,500 Thread 0x88e84c00 Exception <a 'java/lang/NullPointerException'> (0x913fc750) thrown at [/build/buildd/openjdk-8-8u45-b14/src/hotspot/src/share/vm/interpreter/linkResolver.cpp, line 1280]
Event: 73,620 Thread 0x88e84c00 Exception <a 'java/lang/NullPointerException'> (0x91403c98) thrown at [/build/buildd/openjdk-8-8u45-b14/src/hotspot/src/share/vm/interpreter/linkResolver.cpp, line 1280]
Event: 73,740 Thread 0x88e84c00 Exception <a 'java/lang/NullPointerException'> (0x9140b7f8) thrown at [/build/buildd/openjdk-8-8u45-b14/src/hotspot/src/share/vm/interpreter/linkResolver.cpp, line 1280]
Event: 73,860 Thread 0x88e84c00 Exception <a 'java/lang/NullPointerException'> (0x914136a0) thrown at [/build/buildd/openjdk-8-8u45-b14/src/hotspot/src/share/vm/interpreter/linkResolver.cpp, line 1280]
Event: 73,990 Thread 0x88e84c00 Exception <a 'java/lang/NullPointerException'> (0x9141b990) thrown at [/build/buildd/openjdk-8-8u45-b14/src/hotspot/src/share/vm/interpreter/linkResolver.cpp, line 1280]
Event: 74,113 Thread 0x88e84c00 Exception <a 'java/lang/NullPointerException'> (0x91424178) thrown at [/build/buildd/openjdk-8-8u45-b14/src/hotspot/src/share/vm/interpreter/linkResolver.cpp, line 1280]
Event: 74,233 Thread 0x88e84c00 Exception <a 'java/lang/NullPointerException'> (0x9142cf98) thrown at [/build/buildd/openjdk-8-8u45-b14/src/hotspot/src/share/vm/interpreter/linkResolver.cpp, line 1280]
Event: 75,211 Thread 0x88e84c00 Exception <a 'java/lang/NullPointerException'> (0x9177dfa8) thrown at [/build/buildd/openjdk-8-8u45-b14/src/hotspot/src/share/vm/interpreter/linkResolver.cpp, line 1280]
Event: 77,999 Thread 0x88e84c00 Exception <a 'java/lang/NullPointerException'> (0x91951d50) thrown at [/build/buildd/openjdk-8-8u45-b14/src/hotspot/src/share/vm/interpreter/linkResolver.cpp, line 1280]

Events (10 events):
Event: 479,393 Thread 0xb637f800 flushing nmethod 0xa798ab48
Event: 479,393 Thread 0xb637f800 flushing nmethod 0xa7a09f48
Event: 479,393 Thread 0xb637f800 flushing nmethod 0xa7a0a308
Event: 479,393 Thread 0xb637f800 flushing nmethod 0xa7a3bec8
Event: 479,393 Thread 0xb637f800 flushing nmethod 0xa7a3db48
Event: 479,393 Thread 0xb637f800 flushing nmethod 0xa7a401c8
Event: 479,393 Thread 0xb637f800 flushing nmethod 0xa7a4a248
Event: 479,393 Thread 0xb637f800 flushing nmethod 0xa7a4c448
Event: 479,393 Thread 0xb637f800 flushing nmethod 0xa7a4d948
Event: 479,393 Thread 0xb637f800 flushing nmethod 0xa7a4e148


Dynamic libraries:
08048000-08049000 r-xp 00000000 08:01 1444301    /usr/lib/jvm/java-8-openjdk-i386/jre/bin/java
08049000-0804a000 r--p 00000000 08:01 1444301    /usr/lib/jvm/java-8-openjdk-i386/jre/bin/java
0804a000-0804b000 rw-p 00001000 08:01 1444301    /usr/lib/jvm/java-8-openjdk-i386/jre/bin/java
09eb3000-0a9d7000 rw-p 00000000 00:00 0          [heap]
7e045000-7e145000 rw-p 00000000 00:00 0 
7e145000-7e1d4000 r-xp 00000000 08:01 1444269    /usr/lib/jvm/java-8-openjdk-i386/jre/lib/i386/libawt.so
7e1d4000-7e1d5000 r--p 0008e000 08:01 1444269    /usr/lib/jvm/java-8-openjdk-i386/jre/lib/i386/libawt.so
7e1d5000-7e1dc000 rw-p 0008f000 08:01 1444269    /usr/lib/jvm/java-8-openjdk-i386/jre/lib/i386/libawt.so
7e1dc000-7e200000 rw-p 00000000 00:00 0 
7f290000-7fa00000 rw-p 00000000 00:00 0 
7fa00000-7fb9d000 rw-p 00000000 00:00 0 
7fb9d000-7fc00000 ---p 00000000 00:00 0 
7fc00000-7fe00000 rw-p 00000000 00:00 0 
7fe00000-80000000 rw-p 00000000 00:00 0 
80000000-80100000 rw-p 00000000 00:00 0 
80200000-802fe000 rw-p 00000000 00:00 0 
802fe000-80300000 ---p 00000000 00:00 0 
80300000-803fd000 rw-p 00000000 00:00 0 
803fd000-80400000 ---p 00000000 00:00 0 
80400000-804e1000 rw-p 00000000 00:00 0 
804e1000-80500000 ---p 00000000 00:00 0 
80900000-809a2000 rw-p 00000000 00:00 0 
809a2000-80a00000 ---p 00000000 00:00 0 
80a00000-80ac0000 rw-p 00000000 00:00 0 
80ac0000-80b00000 ---p 00000000 00:00 0 
80b00000-80bf9000 rw-p 00000000 00:00 0 
80bf9000-80c00000 ---p 00000000 00:00 0 
80cee000-8145e000 rw-p 00000000 00:00 0 
8145e000-81461000 ---p 00000000 00:00 0 
81461000-814af000 rw-p 00000000 00:00 0          [stack:3307]
814af000-814b2000 ---p 00000000 00:00 0 
814b2000-81600000 rw-p 00000000 00:00 0          [stack:3306]
81600000-81700000 rw-p 00000000 00:00 0 
81700000-817ef000 rw-p 00000000 00:00 0 
817ef000-81800000 ---p 00000000 00:00 0 
81800000-81900000 rw-p 00000000 00:00 0 
81900000-819f6000 rw-p 00000000 00:00 0 
819f6000-81a00000 ---p 00000000 00:00 0 
81a0f000-81a5d000 r-xp 00000000 08:01 1444264    /usr/lib/jvm/java-8-openjdk-i386/jre/lib/i386/libfontmanager.so
81a5d000-81a60000 r--p 0004d000 08:01 1444264    /usr/lib/jvm/java-8-openjdk-i386/jre/lib/i386/libfontmanager.so
81a60000-81a61000 rw-p 00050000 08:01 1444264    /usr/lib/jvm/java-8-openjdk-i386/jre/lib/i386/libfontmanager.so
81b00000-81bf9000 rw-p 00000000 00:00 0 
81bf9000-81c00000 ---p 00000000 00:00 0 
81c00000-81cf2000 rw-p 00000000 00:00 0 
81cf2000-81d00000 ---p 00000000 00:00 0 
81d00000-81dfe000 rw-p 00000000 00:00 0 
81dfe000-81e00000 ---p 00000000 00:00 0 
81e80000-81f80000 rw-p 00000000 00:00 0 
81f80000-82080000 rw-p 00000000 00:00 0 
82080000-82083000 ---p 00000000 00:00 0 
82083000-821d1000 rw-p 00000000 00:00 0          [stack:3308]
821d1000-821fc000 r-xp 00000000 08:01 1444248    /usr/lib/jvm/java-8-openjdk-i386/jre/lib/i386/libsunec.so
821fc000-821ff000 r--p 0002a000 08:01 1444248    /usr/lib/jvm/java-8-openjdk-i386/jre/lib/i386/libsunec.so
821ff000-82200000 rw-p 0002d000 08:01 1444248    /usr/lib/jvm/java-8-openjdk-i386/jre/lib/i386/libsunec.so
82200000-82300000 rw-p 00000000 00:00 0 
82300000-823fb000 rw-p 00000000 00:00 0 
823fb000-82400000 ---p 00000000 00:00 0 
82407000-8240a000 ---p 00000000 00:00 0 
8240a000-82458000 rw-p 00000000 00:00 0          [stack:3304]
82458000-824ab000 r-xp 00000000 08:01 1444247    /usr/lib/jvm/java-8-openjdk-i386/jre/lib/i386/libawt_xawt.so
824ab000-824ac000 r--p 00052000 08:01 1444247    /usr/lib/jvm/java-8-openjdk-i386/jre/lib/i386/libawt_xawt.so
824ac000-824ae000 rw-p 00053000 08:01 1444247    /usr/lib/jvm/java-8-openjdk-i386/jre/lib/i386/libawt_xawt.so
824ae000-825af000 rw-p 00000000 00:00 0 
825af000-826af000 rw-p 00000000 00:00 0 
826af000-826b2000 ---p 00000000 00:00 0 
826b2000-82700000 rw-p 00000000 00:00 0          [stack:3303]
82700000-827f9000 rw-p 00000000 00:00 0 
827f9000-82800000 ---p 00000000 00:00 0 
8282c000-8283d000 r-xp 00000000 08:01 1444255    /usr/lib/jvm/java-8-openjdk-i386/jre/lib/i386/libnio.so
8283d000-8283e000 r--p 00010000 08:01 1444255    /usr/lib/jvm/java-8-openjdk-i386/jre/lib/i386/libnio.so
8283e000-8283f000 rw-p 00011000 08:01 1444255    /usr/lib/jvm/java-8-openjdk-i386/jre/lib/i386/libnio.so
8283f000-82842000 ---p 00000000 00:00 0 
82842000-82890000 rw-p 00000000 00:00 0          [stack:3305]
82900000-82a00000 rw-p 00000000 00:00 0 
82a00000-82af9000 rw-p 00000000 00:00 0 
82af9000-82b00000 ---p 00000000 00:00 0 
82b00000-82bf1000 rw-p 00000000 00:00 0 
82bf1000-82c00000 ---p 00000000 00:00 0 
82c00000-82cf7000 rw-p 00000000 00:00 0 
82cf7000-82d00000 ---p 00000000 00:00 0 
82d56000-82e00000 r--p 00000000 08:01 657439     /usr/share/fonts/truetype/dejavu/DejaVuSans-Bold.ttf
82e00000-82efe000 rw-p 00000000 00:00 0 
82efe000-82f00000 ---p 00000000 00:00 0 
82f00000-83000000 rw-p 00000000 00:00 0 
83000000-830fe000 rw-p 00000000 00:00 0 
830fe000-83100000 ---p 00000000 00:00 0 
83100000-83200000 rw-p 00000000 00:00 0 
83200000-832fe000 rw-p 00000000 00:00 0 
832fe000-83300000 ---p 00000000 00:00 0 
83304000-83309000 r--s 002f8000 08:01 1444296    /usr/lib/jvm/java-8-openjdk-i386/jre/lib/charsets.jar
83309000-83316000 r-xp 00000000 08:01 1447837    /usr/lib/jvm/java-8-openjdk-i386/jre/lib/i386/libdecora_sse.so
83316000-83317000 r--p 0000d000 08:01 1447837    /usr/lib/jvm/java-8-openjdk-i386/jre/lib/i386/libdecora_sse.so
83317000-83318000 rw-p 0000e000 08:01 1447837    /usr/lib/jvm/java-8-openjdk-i386/jre/lib/i386/libdecora_sse.so
83318000-83418000 rw-p 00000000 00:00 0 
83418000-8342b000 r--s 00345000 08:01 1444235    /usr/lib/jvm/java-8-openjdk-i386/jre/lib/resources.jar
8342b000-8352b000 rw-p 00000000 00:00 0 
8352b000-8352e000 ---p 00000000 00:00 0 
8352e000-8357c000 rw-p 00000000 00:00 0          [stack:3301]
8357c000-83632000 r--p 00000000 08:01 657440     /usr/share/fonts/truetype/dejavu/DejaVuSans.ttf
83632000-83633000 ---p 00000000 00:00 0 
83633000-83e33000 rw-p 00000000 00:00 0          [stack:3300]
83e33000-87e34000 rw-s 00000000 00:12 113436     /dev/shm/pulse-shm-2542636023
87e34000-87e46000 r-xp 00000000 08:01 1049737    /lib/i386-linux-gnu/libgpg-error.so.0.13.0
87e46000-87e47000 r--p 00011000 08:01 1049737    /lib/i386-linux-gnu/libgpg-error.so.0.13.0
87e47000-87e48000 rw-p 00012000 08:01 1049737    /lib/i386-linux-gnu/libgpg-error.so.0.13.0
87e48000-87ec4000 r-xp 00000000 08:01 1707892    /usr/lib/i386-linux-gnu/libvorbisenc.so.2.0.10
87ec4000-87ed6000 r--p 0007b000 08:01 1707892    /usr/lib/i386-linux-gnu/libvorbisenc.so.2.0.10
87ed6000-87ed7000 rw-p 0008d000 08:01 1707892    /usr/lib/i386-linux-gnu/libvorbisenc.so.2.0.10
87ed7000-87f36000 r-xp 00000000 08:01 1706800    /usr/lib/i386-linux-gnu/libFLAC.so.8.3.0
87f36000-87f37000 r--p 0005e000 08:01 1706800    /usr/lib/i386-linux-gnu/libFLAC.so.8.3.0
87f37000-87f38000 rw-p 0005f000 08:01 1706800    /usr/lib/i386-linux-gnu/libFLAC.so.8.3.0
87f38000-87fe4000 r-xp 00000000 08:01 1049733    /lib/i386-linux-gnu/libgcrypt.so.20.0.2
87fe4000-87fe6000 r--p 000ac000 08:01 1049733    /lib/i386-linux-gnu/libgcrypt.so.20.0.2
87fe6000-87fe9000 rw-p 000ae000 08:01 1049733    /lib/i386-linux-gnu/libgcrypt.so.20.0.2
87fe9000-8800d000 r-xp 00000000 08:01 1049757    /lib/i386-linux-gnu/liblzma.so.5.0.0
8800d000-8800e000 r--p 00023000 08:01 1049757    /lib/i386-linux-gnu/liblzma.so.5.0.0
8800e000-8800f000 rw-p 00024000 08:01 1049757    /lib/i386-linux-gnu/liblzma.so.5.0.0
8800f000-88014000 r-xp 00000000 08:01 1706968    /usr/lib/i386-linux-gnu/libasyncns.so.0.3.1
88014000-88015000 r--p 00004000 08:01 1706968    /usr/lib/i386-linux-gnu/libasyncns.so.0.3.1
88015000-88016000 rw-p 00005000 08:01 1706968    /usr/lib/i386-linux-gnu/libasyncns.so.0.3.1
88016000-88088000 r-xp 00000000 08:01 1707784    /usr/lib/i386-linux-gnu/libsndfile.so.1.0.25
88088000-8808a000 r--p 00071000 08:01 1707784    /usr/lib/i386-linux-gnu/libsndfile.so.1.0.25
8808a000-8808b000 rw-p 00073000 08:01 1707784    /usr/lib/i386-linux-gnu/libsndfile.so.1.0.25
8808b000-8808f000 rw-p 00000000 00:00 0 
8808f000-88097000 r-xp 00000000 08:01 1049872    /lib/i386-linux-gnu/libwrap.so.0.7.6
88097000-88098000 r--p 00007000 08:01 1049872    /lib/i386-linux-gnu/libwrap.so.0.7.6
88098000-88099000 rw-p 00008000 08:01 1049872    /lib/i386-linux-gnu/libwrap.so.0.7.6
88099000-880c4000 r-xp 00000000 08:01 1053365    /lib/i386-linux-gnu/libsystemd.so.0.6.0
880c4000-880c5000 r--p 0002a000 08:01 1053365    /lib/i386-linux-gnu/libsystemd.so.0.6.0
880c5000-880c6000 rw-p 0002b000 08:01 1053365    /lib/i386-linux-gnu/libsystemd.so.0.6.0
880c6000-88149000 r-xp 00000000 08:01 1710075    /usr/lib/i386-linux-gnu/pulseaudio/libpulsecommon-6.0.so
88149000-8814a000 r--p 00082000 08:01 1710075    /usr/lib/i386-linux-gnu/pulseaudio/libpulsecommon-6.0.so
8814a000-8814b000 rw-p 00083000 08:01 1710075    /usr/lib/i386-linux-gnu/pulseaudio/libpulsecommon-6.0.so
8814b000-88155000 r-xp 00000000 08:01 1049750    /lib/i386-linux-gnu/libjson-c.so.2.0.0
88155000-88156000 r--p 00009000 08:01 1049750    /lib/i386-linux-gnu/libjson-c.so.2.0.0
88156000-88157000 rw-p 0000a000 08:01 1049750    /lib/i386-linux-gnu/libjson-c.so.2.0.0
88157000-881ae000 r-xp 00000000 08:01 1707701    /usr/lib/i386-linux-gnu/libpulse.so.0.18.0
881ae000-881af000 r--p 00056000 08:01 1707701    /usr/lib/i386-linux-gnu/libpulse.so.0.18.0
881af000-881b0000 rw-p 00057000 08:01 1707701    /usr/lib/i386-linux-gnu/libpulse.so.0.18.0
881b0000-88210000 rw-s 00000000 00:05 167641101  /SYSV00000000 (deleted)
88210000-88310000 rw-p 00000000 00:00 0 
88310000-88313000 ---p 00000000 00:00 0 
88313000-88361000 rw-p 00000000 00:00 0 
88361000-883aa000 r-xp 00000000 08:01 1707482    /usr/lib/i386-linux-gnu/libjpeg.so.8.0.2
883aa000-883ab000 r--p 00048000 08:01 1707482    /usr/lib/i386-linux-gnu/libjpeg.so.8.0.2
883ab000-883ac000 rw-p 00049000 08:01 1707482    /usr/lib/i386-linux-gnu/libjpeg.so.8.0.2
883ac000-883bc000 rw-p 00000000 00:00 0 
883bc000-883bf000 r--s 00015000 08:01 1444217    /usr/lib/jvm/java-8-openjdk-i386/jre/lib/jce.jar
883bf000-883c8000 r-xp 00000000 08:01 1444263    /usr/lib/jvm/java-8-openjdk-i386/jre/lib/i386/libmanagement.so
883c8000-883c9000 r--p 00008000 08:01 1444263    /usr/lib/jvm/java-8-openjdk-i386/jre/lib/i386/libmanagement.so
883c9000-883ca000 rw-p 00009000 08:01 1444263    /usr/lib/jvm/java-8-openjdk-i386/jre/lib/i386/libmanagement.so
883ca000-883d1000 r--s 00000000 08:01 1708794    /usr/lib/i386-linux-gnu/gconv/gconv-modules.cache
883d1000-883d6000 r-xp 00000000 08:01 1049785    /lib/i386-linux-gnu/libnss_dns-2.21.so
883d6000-883d7000 r--p 00004000 08:01 1049785    /lib/i386-linux-gnu/libnss_dns-2.21.so
883d7000-883d8000 rw-p 00005000 08:01 1049785    /lib/i386-linux-gnu/libnss_dns-2.21.so
883d8000-883da000 r-xp 00000000 08:01 1049793    /lib/i386-linux-gnu/libnss_mdns4_minimal.so.2
883da000-883db000 r--p 00001000 08:01 1049793    /lib/i386-linux-gnu/libnss_mdns4_minimal.so.2
883db000-883dc000 rw-p 00002000 08:01 1049793    /lib/i386-linux-gnu/libnss_mdns4_minimal.so.2
883dc000-883dd000 rw-p 00000000 00:00 0 
883dd000-883e2000 r--s 00094000 08:01 1444294    /usr/lib/jvm/java-8-openjdk-i386/jre/lib/jsse.jar
883e2000-883e9000 r-xp 00000000 08:01 1709191    /usr/lib/i386-linux-gnu/libcanberra-0.30/libcanberra-pulse.so
883e9000-883ea000 r--p 00006000 08:01 1709191    /usr/lib/i386-linux-gnu/libcanberra-0.30/libcanberra-pulse.so
883ea000-883eb000 rw-p 00007000 08:01 1709191    /usr/lib/i386-linux-gnu/libcanberra-0.30/libcanberra-pulse.so
883eb000-883ef000 r-xp 00000000 08:01 1447839    /usr/lib/jvm/java-8-openjdk-i386/jre/lib/i386/libjavafx_iio.so
883ef000-883f0000 r--p 00003000 08:01 1447839    /usr/lib/jvm/java-8-openjdk-i386/jre/lib/i386/libjavafx_iio.so
883f0000-883f1000 rw-p 00004000 08:01 1447839    /usr/lib/jvm/java-8-openjdk-i386/jre/lib/i386/libjavafx_iio.so
883f1000-885b2000 rw-p 00000000 00:00 0 
885b2000-885c8000 r-xp 00000000 08:01 1444259    /usr/lib/jvm/java-8-openjdk-i386/jre/lib/i386/libnet.so
885c8000-885c9000 r--p 00015000 08:01 1444259    /usr/lib/jvm/java-8-openjdk-i386/jre/lib/i386/libnet.so
885c9000-885ca000 rw-p 00016000 08:01 1444259    /usr/lib/jvm/java-8-openjdk-i386/jre/lib/i386/libnet.so
885ca000-886ca000 rw-p 00000000 00:00 0 
886ca000-887ca000 rw-p 00000000 00:00 0 
887ca000-888ca000 rw-p 00000000 00:00 0 
888ca000-888d2000 r--s 00000000 08:01 408188     /var/cache/fontconfig/945677eb7aeaf62f1d50efc3fb3ec7d8-le32d4.cache-4
888d2000-888d6000 r--s 00000000 08:01 408172     /var/cache/fontconfig/2cd17615ca594fa2959ae173292e504c-le32d4.cache-4
888d6000-888d7000 r--s 00000000 08:01 408169     /var/cache/fontconfig/0d8c3b2ac0904cb8a57a757ad11a4a08-le32d4.cache-4
888d7000-888dc000 r--s 00000000 08:01 408192     /var/cache/fontconfig/a755afe4a08bf5b97852ceb7400b47bc-le32d4.cache-4
888dc000-888dd000 r--s 00000000 08:01 408191     /var/cache/fontconfig/a6354e3ac43af67bd8d7b8e43c34e49f-le32d4.cache-4
888dd000-888ed000 r--s 00000000 08:01 408166     /var/cache/fontconfig/04aabc0a78ac019cf9454389977116d2-le32d4.cache-4
888ed000-888ee000 r--s 00000000 08:01 408171     /var/cache/fontconfig/1ac9eb803944fde146138c791f5cc56a-le32d4.cache-4
888ee000-888f1000 r--s 00000000 08:01 408175     /var/cache/fontconfig/385c0604a188198f04d133e54aba7fe7-le32d4.cache-4
888f1000-888f2000 r--s 00000000 08:01 408202     /var/cache/fontconfig/dc05db6664285cc2f12bf69c139ae4c3-le32d4.cache-4
888f2000-888f4000 r--s 00000000 08:01 408185     /var/cache/fontconfig/767a8244fc0220cfb567a839d0392e0b-le32d4.cache-4
888f4000-888f5000 r--s 00000000 08:01 408177     /var/cache/fontconfig/4794a0821666d79190d59a36cb4f44b5-le32d4.cache-4
888f5000-888f9000 r--s 00000000 08:01 408187     /var/cache/fontconfig/8801497958630a81b71ace7c5f9b32a8-le32d4.cache-4
888f9000-888fa000 r--s 00000000 08:01 408195     /var/cache/fontconfig/bab58bb527bb656aaa9f116d68a48d89-le32d4.cache-4
888fa000-888ff000 r--s 00000000 08:01 408173     /var/cache/fontconfig/3047814df9a2f067bd2d96a2b9c36e5a-le32d4.cache-4
888ff000-88900000 r--s 00000000 08:01 408180     /var/cache/fontconfig/56cf4f4769d0f4abc89a4895d7bd3ae1-le32d4.cache-4
88900000-88901000 r--s 00000000 08:01 408194     /var/cache/fontconfig/b9d506c9ac06c20b433354fa67a72993-le32d4.cache-4
88901000-88905000 r--s 00000000 08:01 408193     /var/cache/fontconfig/b47c4e1ecd0709278f4910c18777a504-le32d4.cache-4
88905000-88915000 r--s 00000000 08:01 408199     /var/cache/fontconfig/d52a8644073d54c13679302ca1180695-le32d4.cache-4
88915000-8891d000 r--s 00000000 08:01 408176     /var/cache/fontconfig/3f7329c5293ffd510edef78f73874cfd-le32d4.cache-4
8891d000-88926000 r--s 00000000 08:01 408197     /var/cache/fontconfig/d589a48862398ed80a3d6066f4f56f4c-le32d4.cache-4
88926000-88a26000 rw-p 00000000 00:00 0 
88a26000-88a29000 ---p 00000000 00:00 0 
88a29000-88b77000 rw-p 00000000 00:00 0          [stack:3298]
88b77000-88b7a000 ---p 00000000 00:00 0 
88b7a000-88bc8000 rw-p 00000000 00:00 0          [stack:3297]
88bc8000-88bcb000 ---p 00000000 00:00 0 
88bcb000-88c19000 rw-p 00000000 00:00 0          [stack:3296]
88c19000-88c1c000 ---p 00000000 00:00 0 
88c1c000-88c6a000 rw-p 00000000 00:00 0          [stack:3295]
88c6a000-88c9f000 r-xp 00000000 08:01 1709090    /usr/lib/i386-linux-gnu/gtk-2.0/2.10.0/engines/libmurrine.so
88c9f000-88ca0000 r--p 00034000 08:01 1709090    /usr/lib/i386-linux-gnu/gtk-2.0/2.10.0/engines/libmurrine.so
88ca0000-88ca1000 rw-p 00035000 08:01 1709090    /usr/lib/i386-linux-gnu/gtk-2.0/2.10.0/engines/libmurrine.so
88ca1000-88ca8000 r-xp 00000000 08:01 1707623    /usr/lib/i386-linux-gnu/libogg.so.0.8.2
88ca8000-88ca9000 r--p 00006000 08:01 1707623    /usr/lib/i386-linux-gnu/libogg.so.0.8.2
88ca9000-88caa000 rw-p 00007000 08:01 1707623    /usr/lib/i386-linux-gnu/libogg.so.0.8.2
88caa000-88cd4000 r-xp 00000000 08:01 1707890    /usr/lib/i386-linux-gnu/libvorbis.so.0.4.7
88cd4000-88cd6000 r--p 00029000 08:01 1707890    /usr/lib/i386-linux-gnu/libvorbis.so.0.4.7
88cd6000-88cd7000 rw-p 0002b000 08:01 1707890    /usr/lib/i386-linux-gnu/libvorbis.so.0.4.7
88cd7000-88ce1000 r-xp 00000000 08:01 1707509    /usr/lib/i386-linux-gnu/libltdl.so.7.3.0
88ce1000-88ce2000 r--p 00009000 08:01 1707509    /usr/lib/i386-linux-gnu/libltdl.so.7.3.0
88ce2000-88ce3000 rw-p 0000a000 08:01 1707509    /usr/lib/i386-linux-gnu/libltdl.so.7.3.0
88ce3000-88cfa000 r-xp 00000000 08:01 1707822    /usr/lib/i386-linux-gnu/libtdb.so.1.3.4
88cfa000-88cfc000 r--p 00016000 08:01 1707822    /usr/lib/i386-linux-gnu/libtdb.so.1.3.4
88cfc000-88cfd000 rw-p 00018000 08:01 1707822    /usr/lib/i386-linux-gnu/libtdb.so.1.3.4
88cfd000-88d06000 r-xp 00000000 08:01 1707894    /usr/lib/i386-linux-gnu/libvorbisfile.so.3.3.6
88d06000-88d07000 r--p 00008000 08:01 1707894    /usr/lib/i386-linux-gnu/libvorbisfile.so.3.3.6
88d07000-88d08000 rw-p 00009000 08:01 1707894    /usr/lib/i386-linux-gnu/libvorbisfile.so.3.3.6
88d08000-88d19000 r-xp 00000000 08:01 1707024    /usr/lib/i386-linux-gnu/libcanberra.so.0.2.5
88d19000-88d1a000 r--p 00011000 08:01 1707024    /usr/lib/i386-linux-gnu/libcanberra.so.0.2.5
88d1a000-88d1b000 rw-p 00012000 08:01 1707024    /usr/lib/i386-linux-gnu/libcanberra.so.0.2.5
88d1b000-88d6f000 r-xp 00000000 08:01 1049716    /lib/i386-linux-gnu/libdbus-1.so.3.8.9
88d6f000-88d71000 r--p 00053000 08:01 1049716    /lib/i386-linux-gnu/libdbus-1.so.3.8.9
88d71000-88d72000 rw-p 00055000 08:01 1049716    /lib/i386-linux-gnu/libdbus-1.so.3.8.9
88d72000-88da0000 r-xp 00000000 08:01 1706976    /usr/lib/i386-linux-gnu/libatspi.so.0.0.1
88da0000-88da3000 r--p 0002e000 08:01 1706976    /usr/lib/i386-linux-gnu/libatspi.so.0.0.1
88da3000-88da4000 rw-p 00031000 08:01 1706976    /usr/lib/i386-linux-gnu/libatspi.so.0.0.1
88da4000-88dfe000 r-xp 00000000 08:01 1709112    /usr/lib/i386-linux-gnu/gtk-2.0/modules/libgail.so
88dfe000-88dff000 r--p 00059000 08:01 1709112    /usr/lib/i386-linux-gnu/gtk-2.0/modules/libgail.so
88dff000-88e00000 rw-p 0005a000 08:01 1709112    /usr/lib/i386-linux-gnu/gtk-2.0/modules/libgail.so
88e00000-88efa000 rw-p 00000000 00:00 0 
88efa000-88f00000 ---p 00000000 00:00 0 
88f00000-88f03000 r--s 00000000 08:01 408167     /var/cache/fontconfig/0843ca893a93b5446bad221815920e23-le32d4.cache-4
88f03000-88f07000 r-xp 00000000 08:01 1447845    /usr/lib/jvm/java-8-openjdk-i386/jre/lib/i386/libjavafx_font_freetype.so
88f07000-88f08000 r--p 00004000 08:01 1447845    /usr/lib/jvm/java-8-openjdk-i386/jre/lib/i386/libjavafx_font_freetype.so
88f08000-88f09000 rw-p 00005000 08:01 1447845    /usr/lib/jvm/java-8-openjdk-i386/jre/lib/i386/libjavafx_font_freetype.so
88f09000-88f13000 r-xp 00000000 08:01 1709091    /usr/lib/i386-linux-gnu/gtk-2.0/2.10.0/engines/libpixmap.so
88f13000-88f14000 r--p 00009000 08:01 1709091    /usr/lib/i386-linux-gnu/gtk-2.0/2.10.0/engines/libpixmap.so
88f14000-88f15000 rw-p 0000a000 08:01 1709091    /usr/lib/i386-linux-gnu/gtk-2.0/2.10.0/engines/libpixmap.so
88f15000-88f46000 r-xp 00000000 08:01 1706972    /usr/lib/i386-linux-gnu/libatk-bridge-2.0.so.0.0.0
88f46000-88f47000 r--p 00030000 08:01 1706972    /usr/lib/i386-linux-gnu/libatk-bridge-2.0.so.0.0.0
88f47000-88f48000 rw-p 00031000 08:01 1706972    /usr/lib/i386-linux-gnu/libatk-bridge-2.0.so.0.0.0
88f48000-88f49000 rw-p 00000000 00:00 0 
88f49000-88f51000 r-xp 00000000 08:01 1707218    /usr/lib/i386-linux-gnu/libgailutil.so.18.0.1
88f51000-88f52000 r--p 00007000 08:01 1707218    /usr/lib/i386-linux-gnu/libgailutil.so.18.0.1
88f52000-88f53000 rw-p 00008000 08:01 1707218    /usr/lib/i386-linux-gnu/libgailutil.so.18.0.1
88f53000-88f5a000 r-xp 00000000 08:01 1707077    /usr/lib/i386-linux-gnu/libdatrie.so.1.3.1
88f5a000-88f5b000 r--p 00006000 08:01 1707077    /usr/lib/i386-linux-gnu/libdatrie.so.1.3.1
88f5b000-88f5c000 rw-p 00007000 08:01 1707077    /usr/lib/i386-linux-gnu/libdatrie.so.1.3.1
88f5c000-88f77000 r-xp 00000000 08:01 1707300    /usr/lib/i386-linux-gnu/libgraphite2.so.3.0.1
88f77000-88f78000 r--p 0001b000 08:01 1707300    /usr/lib/i386-linux-gnu/libgraphite2.so.3.0.1
88f78000-88f79000 rw-p 0001c000 08:01 1707300    /usr/lib/i386-linux-gnu/libgraphite2.so.3.0.1
88f79000-88f81000 r-xp 00000000 08:01 1707828    /usr/lib/i386-linux-gnu/libthai.so.0.2.0
88f81000-88f82000 r--p 00007000 08:01 1707828    /usr/lib/i386-linux-gnu/libthai.so.0.2.0
88f82000-88f83000 rw-p 00008000 08:01 1707828    /usr/lib/i386-linux-gnu/libthai.so.0.2.0
88f83000-88fdf000 r-xp 00000000 08:01 1707422    /usr/lib/i386-linux-gnu/libharfbuzz.so.0.937.0
88fdf000-88fe0000 r--p 0005b000 08:01 1707422    /usr/lib/i386-linux-gnu/libharfbuzz.so.0.937.0
88fe0000-88fe1000 rw-p 0005c000 08:01 1707422    /usr/lib/i386-linux-gnu/libharfbuzz.so.0.937.0
88fe1000-89051000 r-xp 00000000 08:01 1049765    /lib/i386-linux-gnu/libpcre.so.3.13.1
89051000-89052000 r--p 0006f000 08:01 1049765    /lib/i386-linux-gnu/libpcre.so.3.13.1
89052000-89053000 rw-p 00070000 08:01 1049765    /lib/i386-linux-gnu/libpcre.so.3.13.1
89053000-89067000 r-xp 00000000 08:01 1049840    /lib/i386-linux-gnu/libresolv-2.21.so
89067000-89069000 r--p 00013000 08:01 1049840    /lib/i386-linux-gnu/libresolv-2.21.so
89069000-8906a000 rw-p 00015000 08:01 1049840    /lib/i386-linux-gnu/libresolv-2.21.so
8906a000-8906c000 rw-p 00000000 00:00 0 
8906c000-89090000 r-xp 00000000 08:01 1049844    /lib/i386-linux-gnu/libselinux.so.1
89090000-89091000 r--p 00024000 08:01 1049844    /lib/i386-linux-gnu/libselinux.so.1
89091000-89092000 rw-p 00025000 08:01 1049844    /lib/i386-linux-gnu/libselinux.so.1
89092000-89093000 rw-p 00000000 00:00 0 
89093000-8909b000 r-xp 00000000 08:01 1707978    /usr/lib/i386-linux-gnu/libxcb-render.so.0.0.0
8909b000-8909c000 r--p 00008000 08:01 1707978    /usr/lib/i386-linux-gnu/libxcb-render.so.0.0.0
8909c000-8909d000 rw-p 00009000 08:01 1707978    /usr/lib/i386-linux-gnu/libxcb-render.so.0.0.0
8909d000-890c7000 r-xp 00000000 08:01 1049829    /lib/i386-linux-gnu/libpng12.so.0.51.0
890c7000-890c8000 r--p 00029000 08:01 1049829    /lib/i386-linux-gnu/libpng12.so.0.51.0
890c8000-890c9000 rw-p 0002a000 08:01 1049829    /lib/i386-linux-gnu/libpng12.so.0.51.0
890c9000-89174000 r-xp 00000000 08:01 1704227    /usr/lib/i386-linux-gnu/libfreetype.so.6.11.1
89174000-89178000 r--p 000aa000 08:01 1704227    /usr/lib/i386-linux-gnu/libfreetype.so.6.11.1
89178000-89179000 rw-p 000ae000 08:01 1704227    /usr/lib/i386-linux-gnu/libfreetype.so.6.11.1
89179000-89224000 r-xp 00000000 08:01 1707670    /usr/lib/i386-linux-gnu/libpixman-1.so.0.32.6
89224000-8922b000 r--p 000aa000 08:01 1707670    /usr/lib/i386-linux-gnu/libpixman-1.so.0.32.6
8922b000-8922c000 rw-p 000b1000 08:01 1707670    /usr/lib/i386-linux-gnu/libpixman-1.so.0.32.6
8922c000-89235000 r-xp 00000000 08:01 1706891    /usr/lib/i386-linux-gnu/libXcursor.so.1.0.2
89235000-89236000 r--p 00008000 08:01 1706891    /usr/lib/i386-linux-gnu/libXcursor.so.1.0.2
89236000-89237000 rw-p 00009000 08:01 1706891    /usr/lib/i386-linux-gnu/libXcursor.so.1.0.2
89237000-89240000 r-xp 00000000 08:01 1706917    /usr/lib/i386-linux-gnu/libXrandr.so.2.2.0
89240000-89241000 r--p 00008000 08:01 1706917    /usr/lib/i386-linux-gnu/libXrandr.so.2.2.0
89241000-89242000 rw-p 00009000 08:01 1706917    /usr/lib/i386-linux-gnu/libXrandr.so.2.2.0
89242000-89252000 r-xp 00000000 08:01 1706905    /usr/lib/i386-linux-gnu/libXi.so.6.1.0
89252000-89253000 r--p 00010000 08:01 1706905    /usr/lib/i386-linux-gnu/libXi.so.6.1.0
89253000-89254000 rw-p 00011000 08:01 1706905    /usr/lib/i386-linux-gnu/libXi.so.6.1.0
89254000-8925e000 r-xp 00000000 08:01 1706919    /usr/lib/i386-linux-gnu/libXrender.so.1.3.0
8925e000-8925f000 r--p 00009000 08:01 1706919    /usr/lib/i386-linux-gnu/libXrender.so.1.3.0
8925f000-89260000 rw-p 0000a000 08:01 1706919    /usr/lib/i386-linux-gnu/libXrender.so.1.3.0
89260000-892a1000 r-xp 00000000 08:01 1707182    /usr/lib/i386-linux-gnu/libfontconfig.so.1.8.0
892a1000-892a2000 r--p 00040000 08:01 1707182    /usr/lib/i386-linux-gnu/libfontconfig.so.1.8.0
892a2000-892a3000 rw-p 00041000 08:01 1707182    /usr/lib/i386-linux-gnu/libfontconfig.so.1.8.0
892a3000-892f3000 r-xp 00000000 08:01 1707645    /usr/lib/i386-linux-gnu/libpango-1.0.so.0.3600.8
892f3000-892f4000 r--p 00050000 08:01 1707645    /usr/lib/i386-linux-gnu/libpango-1.0.so.0.3600.8
892f4000-892f5000 rw-p 00051000 08:01 1707645    /usr/lib/i386-linux-gnu/libpango-1.0.so.0.3600.8
892f5000-89319000 r-xp 00000000 08:01 1706970    /usr/lib/i386-linux-gnu/libatk-1.0.so.0.21409.1
89319000-8931b000 r--p 00023000 08:01 1706970    /usr/lib/i386-linux-gnu/libatk-1.0.so.0.21409.1
8931b000-8931c000 rw-p 00025000 08:01 1706970    /usr/lib/i386-linux-gnu/libatk-1.0.so.0.21409.1
8931c000-89442000 r-xp 00000000 08:01 1049729    /lib/i386-linux-gnu/libglib-2.0.so.0.4400.1
89442000-89443000 r--p 00125000 08:01 1049729    /lib/i386-linux-gnu/libglib-2.0.so.0.4400.1
89443000-89444000 rw-p 00126000 08:01 1049729    /lib/i386-linux-gnu/libglib-2.0.so.0.4400.1
89444000-895fd000 r-xp 00000000 08:01 1704290    /usr/lib/i386-linux-gnu/libgio-2.0.so.0.4400.1
895fd000-89600000 r--p 001b8000 08:01 1704290    /usr/lib/i386-linux-gnu/libgio-2.0.so.0.4400.1
89600000-89602000 rw-p 001bb000 08:01 1704290    /usr/lib/i386-linux-gnu/libgio-2.0.so.0.4400.1
89602000-89603000 rw-p 00000000 00:00 0 
89603000-89746000 r-xp 00000000 08:01 1707014    /usr/lib/i386-linux-gnu/libcairo.so.2.11400.2
89746000-89748000 r--p 00143000 08:01 1707014    /usr/lib/i386-linux-gnu/libcairo.so.2.11400.2
89748000-89749000 rw-p 00145000 08:01 1707014    /usr/lib/i386-linux-gnu/libcairo.so.2.11400.2
89749000-8974a000 rw-p 00000000 00:00 0 
8974a000-89807000 r-xp 00000000 08:01 1707238    /usr/lib/i386-linux-gnu/libgdk-x11-2.0.so.0.2400.27
89807000-89809000 r--p 000bd000 08:01 1707238    /usr/lib/i386-linux-gnu/libgdk-x11-2.0.so.0.2400.27
89809000-8980a000 rw-p 000bf000 08:01 1707238    /usr/lib/i386-linux-gnu/libgdk-x11-2.0.so.0.2400.27
8980a000-89cf8000 r-xp 00000000 08:01 1707398    /usr/lib/i386-linux-gnu/libgtk-x11-2.0.so.0.2400.27
89cf8000-89cfc000 r--p 004ee000 08:01 1707398    /usr/lib/i386-linux-gnu/libgtk-x11-2.0.so.0.2400.27
89cfc000-89cfe000 rw-p 004f2000 08:01 1707398    /usr/lib/i386-linux-gnu/libgtk-x11-2.0.so.0.2400.27
89cfe000-89d00000 rw-p 00000000 00:00 0 
89d00000-89dff000 rw-p 00000000 00:00 0 
89dff000-89e00000 ---p 00000000 00:00 0 
89e00000-89e02000 r-xp 00000000 08:01 1707982    /usr/lib/i386-linux-gnu/libxcb-shm.so.0.0.0
89e02000-89e03000 r--p 00001000 08:01 1707982    /usr/lib/i386-linux-gnu/libxcb-shm.so.0.0.0
89e03000-89e04000 rw-p 00002000 08:01 1707982    /usr/lib/i386-linux-gnu/libxcb-shm.so.0.0.0
89e04000-89e19000 r-xp 00000000 08:01 1707649    /usr/lib/i386-linux-gnu/libpangoft2-1.0.so.0.3600.8
89e19000-89e1a000 r--p 00015000 08:01 1707649    /usr/lib/i386-linux-gnu/libpangoft2-1.0.so.0.3600.8
89e1a000-89e1b000 rw-p 00016000 08:01 1707649    /usr/lib/i386-linux-gnu/libpangoft2-1.0.so.0.3600.8
89e1b000-89e27000 r-xp 00000000 08:01 1707647    /usr/lib/i386-linux-gnu/libpangocairo-1.0.so.0.3600.8
89e27000-89e28000 r--p 0000b000 08:01 1707647    /usr/lib/i386-linux-gnu/libpangocairo-1.0.so.0.3600.8
89e28000-89e29000 rw-p 0000c000 08:01 1707647    /usr/lib/i386-linux-gnu/libpangocairo-1.0.so.0.3600.8
89e29000-89e2c000 r-xp 00000000 08:01 1704306    /usr/lib/i386-linux-gnu/libgmodule-2.0.so.0.4400.1
89e2c000-89e2d000 r--p 00002000 08:01 1704306    /usr/lib/i386-linux-gnu/libgmodule-2.0.so.0.4400.1
89e2d000-89e2e000 rw-p 00003000 08:01 1704306    /usr/lib/i386-linux-gnu/libgmodule-2.0.so.0.4400.1
89e2e000-89e33000 r-xp 00000000 08:01 1706925    /usr/lib/i386-linux-gnu/libXtst.so.6.1.0
89e33000-89e34000 r--p 00004000 08:01 1706925    /usr/lib/i386-linux-gnu/libXtst.so.6.1.0
89e34000-89e35000 rw-p 00005000 08:01 1706925    /usr/lib/i386-linux-gnu/libXtst.so.6.1.0
89e35000-89e90000 r-xp 00000000 08:01 1704311    /usr/lib/i386-linux-gnu/libgobject-2.0.so.0.4400.1
89e90000-89e91000 r--p 0005b000 08:01 1704311    /usr/lib/i386-linux-gnu/libgobject-2.0.so.0.4400.1
89e91000-89e92000 rw-p 0005c000 08:01 1704311    /usr/lib/i386-linux-gnu/libgobject-2.0.so.0.4400.1
89e92000-89eb8000 r-xp 00000000 08:01 1713442    /usr/lib/i386-linux-gnu/libgdk_pixbuf-2.0.so.0.3100.3
89eb8000-89eb9000 r--p 00026000 08:01 1713442    /usr/lib/i386-linux-gnu/libgdk_pixbuf-2.0.so.0.3100.3
89eb9000-89eba000 rw-p 00027000 08:01 1713442    /usr/lib/i386-linux-gnu/libgdk_pixbuf-2.0.so.0.3100.3
89eba000-89ebd000 r--s 00000000 08:01 408181     /var/cache/fontconfig/7ef2298fde41cc6eeb7af42e48b7d293-le32d4.cache-4
89ebd000-89ec0000 r-xp 00000000 08:01 1447844    /usr/lib/jvm/java-8-openjdk-i386/jre/lib/i386/libjavafx_font.so
89ec0000-89ec1000 r--p 00002000 08:01 1447844    /usr/lib/jvm/java-8-openjdk-i386/jre/lib/i386/libjavafx_font.so
89ec1000-89ec2000 rw-p 00003000 08:01 1447844    /usr/lib/jvm/java-8-openjdk-i386/jre/lib/i386/libjavafx_font.so
89ec2000-89ec6000 r-xp 00000000 08:01 1707020    /usr/lib/i386-linux-gnu/libcanberra-gtk.so.0.1.9
89ec6000-89ec7000 r--p 00003000 08:01 1707020    /usr/lib/i386-linux-gnu/libcanberra-gtk.so.0.1.9
89ec7000-89ec8000 rw-p 00004000 08:01 1707020    /usr/lib/i386-linux-gnu/libcanberra-gtk.so.0.1.9
89ec8000-89ecd000 r-xp 00000000 08:01 1709110    /usr/lib/i386-linux-gnu/gtk-2.0/modules/libcanberra-gtk-module.so
89ecd000-89ece000 r--p 00004000 08:01 1709110    /usr/lib/i386-linux-gnu/gtk-2.0/modules/libcanberra-gtk-module.so
89ece000-89ecf000 rw-p 00005000 08:01 1709110    /usr/lib/i386-linux-gnu/gtk-2.0/modules/libcanberra-gtk-module.so
89ecf000-89ef3000 r-xp 00000000 08:01 1447843    /usr/lib/jvm/java-8-openjdk-i386/jre/lib/i386/libglass.so
89ef3000-89ef4000 r--p 00024000 08:01 1447843    /usr/lib/jvm/java-8-openjdk-i386/jre/lib/i386/libglass.so
89ef4000-89ef5000 rw-p 00025000 08:01 1447843    /usr/lib/jvm/java-8-openjdk-i386/jre/lib/i386/libglass.so
89ef5000-89f2a000 r-xp 00000000 08:01 1707847    /usr/lib/i386-linux-gnu/libtxc_dxtn_s2tc.so.0.0.0
89f2a000-89f2b000 r--p 00034000 08:01 1707847    /usr/lib/i386-linux-gnu/libtxc_dxtn_s2tc.so.0.0.0
89f2b000-89f2c000 rw-p 00035000 08:01 1707847    /usr/lib/i386-linux-gnu/libtxc_dxtn_s2tc.so.0.0.0
89f2c000-89f2d000 ---p 00000000 00:00 0 
89f2d000-8a72d000 rw-p 00000000 00:00 0          [stack:3294]
8a72d000-8a72e000 ---p 00000000 00:00 0 
8a72e000-8af2e000 rw-p 00000000 00:00 0          [stack:3293]
8af2e000-8af4e000 r-xp 00000000 08:01 1049858    /lib/i386-linux-gnu/libtinfo.so.5.9
8af4e000-8af50000 r--p 0001f000 08:01 1049858    /lib/i386-linux-gnu/libtinfo.so.5.9
8af50000-8af51000 rw-p 00021000 08:01 1049858    /lib/i386-linux-gnu/libtinfo.so.5.9
8af51000-8af85000 r-xp 00000000 08:01 1707138    /usr/lib/i386-linux-gnu/libedit.so.2.0.51
8af85000-8af86000 r--p 00034000 08:01 1707138    /usr/lib/i386-linux-gnu/libedit.so.2.0.51
8af86000-8af87000 rw-p 00035000 08:01 1707138    /usr/lib/i386-linux-gnu/libedit.so.2.0.51
8af87000-8af89000 rw-p 00000000 00:00 0 
8af89000-8af90000 r-xp 00000000 08:01 1707174    /usr/lib/i386-linux-gnu/libffi.so.6.0.4
8af90000-8af92000 r--p 00006000 08:01 1707174    /usr/lib/i386-linux-gnu/libffi.so.6.0.4
8af92000-8af93000 rw-p 00008000 08:01 1707174    /usr/lib/i386-linux-gnu/libffi.so.6.0.4
8af93000-8d0ab000 r-xp 00000000 08:01 1706809    /usr/lib/i386-linux-gnu/libLLVM-3.6.so.1
8d0ab000-8d227000 r--p 02117000 08:01 1706809    /usr/lib/i386-linux-gnu/libLLVM-3.6.so.1
8d227000-8d22b000 rw-p 02293000 08:01 1706809    /usr/lib/i386-linux-gnu/libLLVM-3.6.so.1
8d22b000-8d237000 rw-p 00000000 00:00 0 
8d237000-8d24e000 r-xp 00000000 08:01 1707139    /usr/lib/i386-linux-gnu/libelf-0.160.so
8d24e000-8d24f000 r--p 00016000 08:01 1707139    /usr/lib/i386-linux-gnu/libelf-0.160.so
8d24f000-8d250000 rw-p 00017000 08:01 1707139    /usr/lib/i386-linux-gnu/libelf-0.160.so
8d250000-8d25d000 r-xp 00000000 08:01 1707126    /usr/lib/i386-linux-gnu/libdrm_radeon.so.1.0.1
8d25d000-8d25e000 r--p 0000c000 08:01 1707126    /usr/lib/i386-linux-gnu/libdrm_radeon.so.1.0.1
8d25e000-8d25f000 rw-p 0000d000 08:01 1707126    /usr/lib/i386-linux-gnu/libdrm_radeon.so.1.0.1
8d25f000-8d265000 r-xp 00000000 08:01 1707124    /usr/lib/i386-linux-gnu/libdrm_nouveau.so.2.0.0
8d265000-8d266000 r--p 00005000 08:01 1707124    /usr/lib/i386-linux-gnu/libdrm_nouveau.so.2.0.0
8d266000-8d267000 rw-p 00006000 08:01 1707124    /usr/lib/i386-linux-gnu/libdrm_nouveau.so.2.0.0
8d267000-8da7f000 r-xp 00000000 08:01 1709289    /usr/lib/i386-linux-gnu/dri/swrast_dri.so
8da7f000-8dabd000 r--p 00817000 08:01 1709289    /usr/lib/i386-linux-gnu/dri/swrast_dri.so
8dabd000-8dac6000 rw-p 00855000 08:01 1709289    /usr/lib/i386-linux-gnu/dri/swrast_dri.so
8dac6000-8dca9000 rw-p 00000000 00:00 0 
8dca9000-8dcab000 r-xp 00000000 08:01 1706889    /usr/lib/i386-linux-gnu/libXcomposite.so.1.0.0
8dcab000-8dcac000 r--p 00001000 08:01 1706889    /usr/lib/i386-linux-gnu/libXcomposite.so.1.0.0
8dcac000-8dcad000 rw-p 00002000 08:01 1706889    /usr/lib/i386-linux-gnu/libXcomposite.so.1.0.0
8dcad000-8dd53000 r-xp 00000000 08:01 1717685    /usr/lib/VBoxOGLcrutil.so
8dd53000-8dd5c000 r--p 000a6000 08:01 1717685    /usr/lib/VBoxOGLcrutil.so
8dd5c000-8dd5e000 rw-p 000af000 08:01 1717685    /usr/lib/VBoxOGLcrutil.so
8dd5e000-8dd62000 rw-p 00000000 00:00 0 
8dd62000-8de52000 r-xp 00000000 08:01 1717678    /usr/lib/VBoxOGL.so
8de52000-8de5d000 r--p 000f0000 08:01 1717678    /usr/lib/VBoxOGL.so
8de5d000-8de61000 rw-p 000fb000 08:01 1717678    /usr/lib/VBoxOGL.so
8de61000-8de68000 rw-p 00000000 00:00 0 
8de68000-8de7c000 r-xp 00000000 08:01 1049848    /lib/i386-linux-gnu/libudev.so.1.6.2
8de7c000-8de7d000 r--p 00013000 08:01 1049848    /lib/i386-linux-gnu/libudev.so.1.6.2
8de7d000-8de7e000 rw-p 00014000 08:01 1049848    /lib/i386-linux-gnu/libudev.so.1.6.2
8de7e000-8de83000 r-xp 00000000 08:01 1706895    /usr/lib/i386-linux-gnu/libXdmcp.so.6.0.0
8de83000-8de84000 r--p 00004000 08:01 1706895    /usr/lib/i386-linux-gnu/libXdmcp.so.6.0.0
8de84000-8de85000 rw-p 00005000 08:01 1706895    /usr/lib/i386-linux-gnu/libXdmcp.so.6.0.0
8de85000-8de87000 r-xp 00000000 08:01 1706884    /usr/lib/i386-linux-gnu/libXau.so.6.0.0
8de87000-8de88000 r--p 00001000 08:01 1706884    /usr/lib/i386-linux-gnu/libXau.so.6.0.0
8de88000-8de89000 rw-p 00002000 08:01 1706884    /usr/lib/i386-linux-gnu/libXau.so.6.0.0
8de89000-8de96000 r-xp 00000000 08:01 1707120    /usr/lib/i386-linux-gnu/libdrm.so.2.4.0
8de96000-8de97000 r--p 0000c000 08:01 1707120    /usr/lib/i386-linux-gnu/libdrm.so.2.4.0
8de97000-8de98000 rw-p 0000d000 08:01 1707120    /usr/lib/i386-linux-gnu/libdrm.so.2.4.0
8de98000-8deae000 r-xp 00000000 08:01 1707970    /usr/lib/i386-linux-gnu/libxcb-glx.so.0.0.0
8deae000-8deaf000 r--p 00016000 08:01 1707970    /usr/lib/i386-linux-gnu/libxcb-glx.so.0.0.0
8deaf000-8deb0000 rw-p 00017000 08:01 1707970    /usr/lib/i386-linux-gnu/libxcb-glx.so.0.0.0
8deb0000-8dec3000 r-xp 00000000 08:01 1706897    /usr/lib/i386-linux-gnu/libXext.so.6.4.0
8dec3000-8dec4000 r--p 00012000 08:01 1706897    /usr/lib/i386-linux-gnu/libXext.so.6.4.0
8dec4000-8dec5000 rw-p 00013000 08:01 1706897    /usr/lib/i386-linux-gnu/libXext.so.6.4.0
8dec5000-8ded6000 r-xp 00000000 08:01 1708245    /usr/lib/i386-linux-gnu/libglapi.so.0.0.0
8ded6000-8ded8000 r--p 00011000 08:01 1708245    /usr/lib/i386-linux-gnu/libglapi.so.0.0.0
8ded8000-8dedd000 rwxp 00013000 08:01 1708245    /usr/lib/i386-linux-gnu/libglapi.so.0.0.0
8dedd000-8dede000 rwxp 00000000 00:00 0 
8dede000-8df04000 r-xp 00000000 08:01 1049721    /lib/i386-linux-gnu/libexpat.so.1.6.0
8df04000-8df06000 r--p 00026000 08:01 1049721    /lib/i386-linux-gnu/libexpat.so.1.6.0
8df06000-8df07000 rw-p 00028000 08:01 1049721    /lib/i386-linux-gnu/libexpat.so.1.6.0
8df07000-8dfac000 r-xp 00000000 08:01 1708243    /usr/lib/i386-linux-gnu/mesa/libGL.so.1.2.0
8dfac000-8dfaf000 r--p 000a4000 08:01 1708243    /usr/lib/i386-linux-gnu/mesa/libGL.so.1.2.0
8dfaf000-8dfb4000 rwxp 000a7000 08:01 1708243    /usr/lib/i386-linux-gnu/mesa/libGL.so.1.2.0
8dfb4000-8dfb5000 rwxp 00000000 00:00 0 
8dfb5000-8e0fc000 r-xp 00000000 08:01 1706880    /usr/lib/i386-linux-gnu/libX11.so.6.3.0
8e0fc000-8e0fd000 r--p 00146000 08:01 1706880    /usr/lib/i386-linux-gnu/libX11.so.6.3.0
8e0fd000-8e0ff000 rw-p 00147000 08:01 1706880    /usr/lib/i386-linux-gnu/libX11.so.6.3.0
8e0ff000-8e100000 rw-p 00000000 00:00 0 
8e100000-8e200000 rw-p 00000000 00:00 0 
8e200000-8e201000 r-xp 00000000 08:01 1709109    /usr/lib/i386-linux-gnu/gtk-2.0/modules/libatk-bridge.so
8e201000-8e202000 r--p 00000000 08:01 1709109    /usr/lib/i386-linux-gnu/gtk-2.0/modules/libatk-bridge.so
8e202000-8e203000 rw-p 00001000 08:01 1709109    /usr/lib/i386-linux-gnu/gtk-2.0/modules/libatk-bridge.so
8e203000-8e207000 r-xp 00000000 08:01 1706935    /usr/lib/i386-linux-gnu/libXxf86vm.so.1.0.0
8e207000-8e208000 r--p 00004000 08:01 1706935    /usr/lib/i386-linux-gnu/libXxf86vm.so.1.0.0
8e208000-8e209000 rw-p 00005000 08:01 1706935    /usr/lib/i386-linux-gnu/libXxf86vm.so.1.0.0
8e209000-8e20a000 r-xp 00000000 08:01 1708000    /usr/lib/i386-linux-gnu/libxshmfence.so.1.0.0
8e20a000-8e20b000 r--p 00000000 08:01 1708000    /usr/lib/i386-linux-gnu/libxshmfence.so.1.0.0
8e20b000-8e20c000 rw-p 00001000 08:01 1708000    /usr/lib/i386-linux-gnu/libxshmfence.so.1.0.0
8e20c000-8e20f000 ---p 00000000 00:00 0 
8e20f000-8e25d000 rw-p 00000000 00:00 0          [stack:3290]
8e25d000-8e300000 r--s 009b2000 08:01 1580951    /home/ait-user/repos/JEFather/JEConfig/target/JEConfig-3.0.14.jar
8e300000-8e400000 rw-p 00000000 00:00 0 
8e400000-8e405000 r-xp 00000000 08:01 1707984    /usr/lib/i386-linux-gnu/libxcb-sync.so.1.0.0
8e405000-8e406000 r--p 00004000 08:01 1707984    /usr/lib/i386-linux-gnu/libxcb-sync.so.1.0.0
8e406000-8e407000 rw-p 00005000 08:01 1707984    /usr/lib/i386-linux-gnu/libxcb-sync.so.1.0.0
8e407000-8e409000 r-xp 00000000 08:01 1707974    /usr/lib/i386-linux-gnu/libxcb-present.so.0.0.0
8e409000-8e40a000 r--p 00001000 08:01 1707974    /usr/lib/i386-linux-gnu/libxcb-present.so.0.0.0
8e40a000-8e40b000 rw-p 00002000 08:01 1707974    /usr/lib/i386-linux-gnu/libxcb-present.so.0.0.0
8e40b000-8e40d000 r-xp 00000000 08:01 1707968    /usr/lib/i386-linux-gnu/libxcb-dri3.so.0.0.0
8e40d000-8e40e000 r--p 00001000 08:01 1707968    /usr/lib/i386-linux-gnu/libxcb-dri3.so.0.0.0
8e40e000-8e40f000 rw-p 00002000 08:01 1707968    /usr/lib/i386-linux-gnu/libxcb-dri3.so.0.0.0
8e40f000-8e42f000 r-xp 00000000 08:01 1707992    /usr/lib/i386-linux-gnu/libxcb.so.1.1.0
8e42f000-8e430000 r--p 0001f000 08:01 1707992    /usr/lib/i386-linux-gnu/libxcb.so.1.1.0
8e430000-8e431000 rw-p 00020000 08:01 1707992    /usr/lib/i386-linux-gnu/libxcb.so.1.1.0
8e431000-8e433000 r-xp 00000000 08:01 1706907    /usr/lib/i386-linux-gnu/libXinerama.so.1.0.0
8e433000-8e434000 r--p 00001000 08:01 1706907    /usr/lib/i386-linux-gnu/libXinerama.so.1.0.0
8e434000-8e435000 rw-p 00002000 08:01 1706907    /usr/lib/i386-linux-gnu/libXinerama.so.1.0.0
8e435000-8e444000 r-xp 00000000 08:01 1447838    /usr/lib/jvm/java-8-openjdk-i386/jre/lib/i386/libprism_sw.so
8e444000-8e445000 r--p 0000e000 08:01 1447838    /usr/lib/jvm/java-8-openjdk-i386/jre/lib/i386/libprism_sw.so
8e445000-8e446000 rw-p 0000f000 08:01 1447838    /usr/lib/jvm/java-8-openjdk-i386/jre/lib/i386/libprism_sw.so
8e446000-8e4db000 r--s 008e8000 08:01 275463     /usr/share/java/openjfx/jre/lib/ext/jfxrt.jar
8e4db000-8e4dc000 ---p 00000000 00:00 0 
8e4dc000-8e55c000 rw-p 00000000 00:00 0          [stack:3289]
8e55c000-8e55f000 ---p 00000000 00:00 0 
8e55f000-8e5ad000 rw-p 00000000 00:00 0          [stack:3288]
8e5ad000-8e5b0000 ---p 00000000 00:00 0 
8e5b0000-8e62e000 rw-p 00000000 00:00 0          [stack:3287]
8e62e000-8e631000 ---p 00000000 00:00 0 
8e631000-8e6af000 rw-p 00000000 00:00 0          [stack:3286]
8e6af000-8e6b2000 ---p 00000000 00:00 0 
8e6b2000-8e700000 rw-p 00000000 00:00 0          [stack:3285]
8e700000-8e900000 r--p 00000000 08:01 1711964    /usr/lib/locale/locale-archive
8e900000-8e921000 rw-p 00000000 00:00 0 
8e921000-8ea00000 ---p 00000000 00:00 0 
8ea00000-8ea04000 r-xp 00000000 08:01 1707966    /usr/lib/i386-linux-gnu/libxcb-dri2.so.0.0.0
8ea04000-8ea05000 r--p 00003000 08:01 1707966    /usr/lib/i386-linux-gnu/libxcb-dri2.so.0.0.0
8ea05000-8ea06000 rw-p 00004000 08:01 1707966    /usr/lib/i386-linux-gnu/libxcb-dri2.so.0.0.0
8ea06000-8ea07000 r-xp 00000000 08:01 1706878    /usr/lib/i386-linux-gnu/libX11-xcb.so.1.0.0
8ea07000-8ea08000 r--p 00000000 08:01 1706878    /usr/lib/i386-linux-gnu/libX11-xcb.so.1.0.0
8ea08000-8ea09000 rw-p 00001000 08:01 1706878    /usr/lib/i386-linux-gnu/libX11-xcb.so.1.0.0
8ea09000-8ea0e000 r-xp 00000000 08:01 1706899    /usr/lib/i386-linux-gnu/libXfixes.so.3.1.0
8ea0e000-8ea0f000 r--p 00004000 08:01 1706899    /usr/lib/i386-linux-gnu/libXfixes.so.3.1.0
8ea0f000-8ea10000 rw-p 00005000 08:01 1706899    /usr/lib/i386-linux-gnu/libXfixes.so.3.1.0
8ea10000-8ea1b000 r-xp 00000000 08:01 1447847    /usr/lib/jvm/java-8-openjdk-i386/jre/lib/i386/libprism_es2.so
8ea1b000-8ea1c000 r--p 0000a000 08:01 1447847    /usr/lib/jvm/java-8-openjdk-i386/jre/lib/i386/libprism_es2.so
8ea1c000-8ea1d000 rw-p 0000b000 08:01 1447847    /usr/lib/jvm/java-8-openjdk-i386/jre/lib/i386/libprism_es2.so
8ea1d000-8ea5e000 r--p 00857000 08:01 1711964    /usr/lib/locale/locale-archive
8ea5e000-8ea61000 ---p 00000000 00:00 0 
8ea61000-8eaaf000 rw-p 00000000 00:00 0          [stack:3284]
8eaaf000-8eab2000 ---p 00000000 00:00 0 
8eab2000-8eb00000 rw-p 00000000 00:00 0          [stack:3283]
8eb00000-8ebf2000 rw-p 00000000 00:00 0 
8ebf2000-8ec00000 ---p 00000000 00:00 0 
8ec00000-8ec02000 r--s 00000000 08:01 408312     /var/cache/fontconfig/e13b20fdb08344e0e664864cc2ede53d-le32d4.cache-4
8ec02000-8ec04000 r-xp 00000000 08:01 1706893    /usr/lib/i386-linux-gnu/libXdamage.so.1.1.0
8ec04000-8ec05000 r--p 00001000 08:01 1706893    /usr/lib/i386-linux-gnu/libXdamage.so.1.1.0
8ec05000-8ec06000 rw-p 00002000 08:01 1706893    /usr/lib/i386-linux-gnu/libXdamage.so.1.1.0
8ec06000-8ec09000 r--s 00037000 08:01 1444238    /usr/lib/jvm/java-8-openjdk-i386/jre/lib/ext/sunpkcs11.jar
8ec09000-8ec23000 r--s 001d3000 08:01 1444240    /usr/lib/jvm/java-8-openjdk-i386/jre/lib/ext/nashorn.jar
8ec23000-8ec3f000 r--s 00393000 08:01 1444242    /usr/lib/jvm/java-8-openjdk-i386/jre/lib/ext/cldrdata.jar
8ec3f000-8ec40000 ---p 00000000 00:00 0 
8ec40000-8ed0d000 rw-p 00000000 00:00 0          [stack:3282]
8ed0d000-8eeda000 r--s 03bd3000 08:01 1444234    /usr/lib/jvm/java-8-openjdk-i386/jre/lib/rt.jar
8eeda000-8f37b000 rw-p 00000000 00:00 0 
8f37b000-8f381000 ---p 00000000 00:00 0 
8f381000-8f3be000 rw-p 00000000 00:00 0 
8f3be000-8f400000 ---p 00000000 00:00 0 
8f400000-93070000 rw-p 00000000 00:00 0 
93070000-97200000 ---p 00000000 00:00 0 
97200000-9eac1000 rw-p 00000000 00:00 0 
9eac1000-a6e00000 ---p 00000000 00:00 0 
a6e00000-a6e01000 r--s 00000000 08:01 408179     /var/cache/fontconfig/551ecf3b0e8b0bca0f25c0944f561853-le32d4.cache-4
a6e01000-a6e03000 r--s 00006000 08:01 274690     /usr/share/java/java-atk-wrapper.jar
a6e03000-a6e0e000 r--s 00116000 08:01 1444245    /usr/lib/jvm/java-8-openjdk-i386/jre/lib/ext/localedata.jar
a6e0e000-a6e2d000 rw-p 00000000 00:00 0 
a6e2d000-a6e4d000 ---p 00000000 00:00 0 
a6e4d000-a6e8a000 rw-p 00000000 00:00 0 
a6e8a000-a6ecb000 ---p 00000000 00:00 0 
a6ecb000-a6f13000 rw-p 00000000 00:00 0 
a6f13000-a728c000 ---p 00000000 00:00 0 
a728c000-a8424000 rwxp 00000000 00:00 0 
a8424000-b628c000 ---p 00000000 00:00 0 
b628c000-b6298000 r-xp 00000000 08:01 1049787    /lib/i386-linux-gnu/libnss_files-2.21.so
b6298000-b6299000 r--p 0000b000 08:01 1049787    /lib/i386-linux-gnu/libnss_files-2.21.so
b6299000-b629a000 rw-p 0000c000 08:01 1049787    /lib/i386-linux-gnu/libnss_files-2.21.so
b629a000-b62a5000 r-xp 00000000 08:01 1049797    /lib/i386-linux-gnu/libnss_nis-2.21.so
b62a5000-b62a6000 r--p 0000a000 08:01 1049797    /lib/i386-linux-gnu/libnss_nis-2.21.so
b62a6000-b62a7000 rw-p 0000b000 08:01 1049797    /lib/i386-linux-gnu/libnss_nis-2.21.so
b62a7000-b62be000 r-xp 00000000 08:01 1049781    /lib/i386-linux-gnu/libnsl-2.21.so
b62be000-b62bf000 r--p 00016000 08:01 1049781    /lib/i386-linux-gnu/libnsl-2.21.so
b62bf000-b62c0000 rw-p 00017000 08:01 1049781    /lib/i386-linux-gnu/libnsl-2.21.so
b62c0000-b62c2000 rw-p 00000000 00:00 0 
b62c2000-b62c4000 r--s 00001000 08:01 1444243    /usr/lib/jvm/java-8-openjdk-i386/jre/lib/ext/dnsns.jar
b62c4000-b62ca000 r--s 0003a000 08:01 1444239    /usr/lib/jvm/java-8-openjdk-i386/jre/lib/ext/sunjce_provider.jar
b62ca000-b62cd000 r--s 0000f000 08:01 1444237    /usr/lib/jvm/java-8-openjdk-i386/jre/lib/ext/icedtea-sound.jar
b62cd000-b62d5000 r-xp 00000000 08:01 1444284    /usr/lib/jvm/java-8-openjdk-i386/jre/lib/i386/libzip.so
b62d5000-b62d6000 r--p 00007000 08:01 1444284    /usr/lib/jvm/java-8-openjdk-i386/jre/lib/i386/libzip.so
b62d6000-b62d7000 rw-p 00008000 08:01 1444284    /usr/lib/jvm/java-8-openjdk-i386/jre/lib/i386/libzip.so
b62d7000-b62fe000 r-xp 00000000 08:01 1444268    /usr/lib/jvm/java-8-openjdk-i386/jre/lib/i386/libjava.so
b62fe000-b62ff000 r--p 00026000 08:01 1444268    /usr/lib/jvm/java-8-openjdk-i386/jre/lib/i386/libjava.so
b62ff000-b6300000 rw-p 00027000 08:01 1444268    /usr/lib/jvm/java-8-openjdk-i386/jre/lib/i386/libjava.so
b6300000-b63f7000 rw-p 00000000 00:00 0 
b63f7000-b6400000 ---p 00000000 00:00 0 
b6400000-b6401000 r--s 00000000 08:01 408168     /var/cache/fontconfig/0c9eb80ebd1c36541ebe2852d3bb0c49-le32d4.cache-4
b6401000-b6402000 r--s 00008000 08:01 1444244    /usr/lib/jvm/java-8-openjdk-i386/jre/lib/ext/sunec.jar
b6402000-b640a000 rw-s 00000000 08:01 1317739    /tmp/hsperfdata_ait-user/3280
b640a000-b6412000 r-xp 00000000 08:01 1049783    /lib/i386-linux-gnu/libnss_compat-2.21.so
b6412000-b6413000 r--p 00007000 08:01 1049783    /lib/i386-linux-gnu/libnss_compat-2.21.so
b6413000-b6414000 rw-p 00008000 08:01 1049783    /lib/i386-linux-gnu/libnss_compat-2.21.so
b6414000-b641b000 r-xp 00000000 08:01 1049842    /lib/i386-linux-gnu/librt-2.21.so
b641b000-b641c000 r--p 00006000 08:01 1049842    /lib/i386-linux-gnu/librt-2.21.so
b641c000-b641d000 rw-p 00007000 08:01 1049842    /lib/i386-linux-gnu/librt-2.21.so
b641d000-b6420000 ---p 00000000 00:00 0 
b6420000-b646e000 rw-p 00000000 00:00 0          [stack:3281]
b646e000-b648a000 r-xp 00000000 08:01 1053282    /lib/i386-linux-gnu/libgcc_s.so.1
b648a000-b648b000 rw-p 0001b000 08:01 1053282    /lib/i386-linux-gnu/libgcc_s.so.1
b648b000-b64d6000 r-xp 00000000 08:01 1049760    /lib/i386-linux-gnu/libm-2.21.so
b64d6000-b64d7000 r--p 0004a000 08:01 1049760    /lib/i386-linux-gnu/libm-2.21.so
b64d7000-b64d8000 rw-p 0004b000 08:01 1049760    /lib/i386-linux-gnu/libm-2.21.so
b64d8000-b65c1000 r-xp 00000000 08:01 1707810    /usr/lib/i386-linux-gnu/libstdc++.so.6.0.20
b65c1000-b65c5000 r--p 000e9000 08:01 1707810    /usr/lib/i386-linux-gnu/libstdc++.so.6.0.20
b65c5000-b65c6000 rw-p 000ed000 08:01 1707810    /usr/lib/i386-linux-gnu/libstdc++.so.6.0.20
b65c6000-b65cd000 rw-p 00000000 00:00 0 
b65cd000-b70d0000 r-xp 00000000 08:01 1444273    /usr/lib/jvm/java-8-openjdk-i386/jre/lib/i386/server/libjvm.so
b70d0000-b711e000 r--p 00b02000 08:01 1444273    /usr/lib/jvm/java-8-openjdk-i386/jre/lib/i386/server/libjvm.so
b711e000-b7135000 rw-p 00b50000 08:01 1444273    /usr/lib/jvm/java-8-openjdk-i386/jre/lib/i386/server/libjvm.so
b7135000-b7556000 rw-p 00000000 00:00 0 
b7556000-b756f000 r-xp 00000000 08:01 1049834    /lib/i386-linux-gnu/libpthread-2.21.so
b756f000-b7570000 r--p 00018000 08:01 1049834    /lib/i386-linux-gnu/libpthread-2.21.so
b7570000-b7571000 rw-p 00019000 08:01 1049834    /lib/i386-linux-gnu/libpthread-2.21.so
b7571000-b7573000 rw-p 00000000 00:00 0 
b7573000-b7576000 r-xp 00000000 08:01 1049719    /lib/i386-linux-gnu/libdl-2.21.so
b7576000-b7577000 r--p 00002000 08:01 1049719    /lib/i386-linux-gnu/libdl-2.21.so
b7577000-b7578000 rw-p 00003000 08:01 1049719    /lib/i386-linux-gnu/libdl-2.21.so
b7578000-b7591000 r-xp 00000000 08:01 1049875    /lib/i386-linux-gnu/libz.so.1.2.8
b7591000-b7592000 r--p 00019000 08:01 1049875    /lib/i386-linux-gnu/libz.so.1.2.8
b7592000-b7593000 rw-p 0001a000 08:01 1049875    /lib/i386-linux-gnu/libz.so.1.2.8
b7593000-b7594000 rw-p 00000000 00:00 0 
b7594000-b7748000 r-xp 00000000 08:01 1049704    /lib/i386-linux-gnu/libc-2.21.so
b7748000-b774b000 r--p 001b3000 08:01 1049704    /lib/i386-linux-gnu/libc-2.21.so
b774b000-b774d000 rw-p 001b6000 08:01 1049704    /lib/i386-linux-gnu/libc-2.21.so
b774d000-b774f000 rw-p 00000000 00:00 0 
b774f000-b7750000 r--s 00010000 08:01 1444241    /usr/lib/jvm/java-8-openjdk-i386/jre/lib/ext/zipfs.jar
b7750000-b7751000 r--p 00306000 08:01 1711964    /usr/lib/locale/locale-archive
b7751000-b7752000 rw-p 00000000 00:00 0 
b7752000-b7753000 r--p 00000000 00:00 0 
b7753000-b7761000 r-xp 00000000 08:01 1444267    /usr/lib/jvm/java-8-openjdk-i386/jre/lib/i386/libverify.so
b7761000-b7763000 r--p 0000d000 08:01 1444267    /usr/lib/jvm/java-8-openjdk-i386/jre/lib/i386/libverify.so
b7763000-b7764000 rw-p 0000f000 08:01 1444267    /usr/lib/jvm/java-8-openjdk-i386/jre/lib/i386/libverify.so
b7764000-b7771000 r-xp 00000000 08:01 1444252    /usr/lib/jvm/java-8-openjdk-i386/jre/lib/i386/jli/libjli.so
b7771000-b7772000 r--p 0000c000 08:01 1444252    /usr/lib/jvm/java-8-openjdk-i386/jre/lib/i386/jli/libjli.so
b7772000-b7773000 rw-p 0000d000 08:01 1444252    /usr/lib/jvm/java-8-openjdk-i386/jre/lib/i386/jli/libjli.so
b7773000-b7775000 rw-p 00000000 00:00 0 
b7775000-b7777000 r--p 00000000 00:00 0          [vvar]
b7777000-b7778000 r-xp 00000000 00:00 0          [vdso]
b7778000-b779a000 r-xp 00000000 08:01 1049676    /lib/i386-linux-gnu/ld-2.21.so
b779a000-b779b000 r--p 00021000 08:01 1049676    /lib/i386-linux-gnu/ld-2.21.so
b779b000-b779c000 rw-p 00022000 08:01 1049676    /lib/i386-linux-gnu/ld-2.21.so
bf9cc000-bf9cd000 rwxp 00000000 00:00 0 
bf9ff000-bfa20000 rw-p 00000000 00:00 0          [stack]

VM Arguments:
java_command: target/JEConfig-3.0.14.jar --datasource.class=org.jevis.api.sql.JEVisDataSourceSQL --datasource.host=localhost --datasource.port=3306 --datasource.schema=jevis --datasource.username=jevis --datasource.password=jevistest --fxlogin.logo=http://www.ait.ac.at/fileadmin/templates/tpl/images/ait_logo.jpg --fxlogin.css=http://openjevis.org/attachments/download/1268/fxlogin_ait.css --fxlogin.register=http://my-jevis.com
java_class_path (initial): target/JEConfig-3.0.14.jar
Launcher Type: SUN_STANDARD

Environment Variables:
PATH=/usr/local/sbin:/usr/local/bin:/usr/sbin:/usr/bin:/sbin:/bin:/usr/games:/usr/local/games
SHELL=/bin/bash
DISPLAY=:0.0

Signal Handlers:
SIGSEGV: [libjvm.so+0x8f4900], sa_mask[0]=11111111011111111101111111111110, sa_flags=SA_RESTART|SA_SIGINFO
SIGBUS: [libjvm.so+0x8f4900], sa_mask[0]=11111111011111111101111111111110, sa_flags=SA_RESTART|SA_SIGINFO
SIGFPE: [libjvm.so+0x75c6d0], sa_mask[0]=11111111011111111101111111111110, sa_flags=SA_RESTART|SA_SIGINFO
SIGPIPE: SIG_IGN, sa_mask[0]=00000000000010000000000000000000, sa_flags=SA_RESTART
SIGXFSZ: [libjvm.so+0x75c6d0], sa_mask[0]=11111111011111111101111111111110, sa_flags=SA_RESTART|SA_SIGINFO
SIGILL: [libjvm.so+0x75c6d0], sa_mask[0]=11111111011111111101111111111110, sa_flags=SA_RESTART|SA_SIGINFO
SIGUSR1: SIG_DFL, sa_mask[0]=00000000000000000000000000000000, sa_flags=none
SIGUSR2: [libjvm.so+0x75c510], sa_mask[0]=00000000000000000000000000000000, sa_flags=SA_RESTART|SA_SIGINFO
SIGHUP: [libjvm.so+0x75c7a0], sa_mask[0]=11111111011111111101111111111110, sa_flags=SA_RESTART|SA_SIGINFO
SIGINT: SIG_DFL, sa_mask[0]=01000000000000000000000000000000, sa_flags=SA_RESTART
SIGTERM: SIG_DFL, sa_mask[0]=00000000000000100000000000000000, sa_flags=SA_RESTART
SIGQUIT: [libjvm.so+0x75c7a0], sa_mask[0]=11111111011111111101111111111110, sa_flags=SA_RESTART|SA_SIGINFO


---------------  S Y S T E M  ---------------

OS:DISTRIB_ID=Ubuntu
DISTRIB_RELEASE=15.04
DISTRIB_CODENAME=vivid
DISTRIB_DESCRIPTION="Ubuntu 15.04"

uname:Linux 3.19.0-32-generic #37-Ubuntu SMP Wed Oct 21 10:22:32 UTC 2015 i686
libc:glibc 2.21 NPTL 2.21 
rlimit: STACK 8192k, CORE 0k, NPROC 11900, NOFILE 65536, AS infinity
load average:0,33 0,40 0,44

/proc/meminfo:
MemTotal:        1544156 kB
MemFree:          120600 kB
MemAvailable:     188900 kB
Buffers:           21752 kB
Cached:           171476 kB
SwapCached:          108 kB
Active:           646616 kB
Inactive:         722072 kB
Active(anon):     546712 kB
Inactive(anon):   637832 kB
Active(file):      99904 kB
Inactive(file):    84240 kB
Unevictable:           0 kB
Mlocked:               0 kB
HighTotal:        659400 kB
HighFree:          23452 kB
LowTotal:         884756 kB
LowFree:           97148 kB
SwapTotal:       1570812 kB
SwapFree:        1570228 kB
Dirty:               128 kB
Writeback:             0 kB
AnonPages:       1175488 kB
Mapped:            64832 kB
Shmem:              8948 kB
Slab:              34596 kB
SReclaimable:      23188 kB
SUnreclaim:        11408 kB
KernelStack:        2792 kB
PageTables:         7532 kB
NFS_Unstable:          0 kB
Bounce:                0 kB
WritebackTmp:          0 kB
CommitLimit:     2342888 kB
Committed_AS:    2942632 kB
VmallocTotal:     122880 kB
VmallocUsed:       24160 kB
VmallocChunk:      98000 kB
AnonHugePages:    755712 kB
CmaTotal:              0 kB
CmaFree:               0 kB
HugePages_Total:       0
HugePages_Free:        0
HugePages_Rsvd:        0
HugePages_Surp:        0
Hugepagesize:       2048 kB
DirectMap4k:       38904 kB
DirectMap2M:      874496 kB


CPU:total 2 (2 cores per cpu, 1 threads per core) family 6 model 42 stepping 7, cmov, cx8, fxsr, mmx, sse, sse2, sse3, ssse3, tsc

/proc/cpuinfo:
processor	: 0
vendor_id	: GenuineIntel
cpu family	: 6
model		: 42
model name	: Intel(R) Core(TM) i3-2310M CPU @ 2.10GHz
stepping	: 7
cpu MHz		: 2012.046
cache size	: 6144 KB
physical id	: 0
siblings	: 2
core id		: 0
cpu cores	: 2
apicid		: 0
initial apicid	: 0
fdiv_bug	: no
f00f_bug	: no
coma_bug	: no
fpu		: yes
fpu_exception	: yes
cpuid level	: 5
wp		: yes
flags		: fpu vme de pse tsc msr pae mce cx8 apic sep mtrr pge mca cmov pat pse36 clflush mmx fxsr sse sse2 ht nx rdtscp constant_tsc pni ssse3
bugs		:
bogomips	: 4024.09
clflush size	: 64
cache_alignment	: 64
address sizes	: 36 bits physical, 48 bits virtual
power management:

processor	: 1
vendor_id	: GenuineIntel
cpu family	: 6
model		: 42
model name	: Intel(R) Core(TM) i3-2310M CPU @ 2.10GHz
stepping	: 7
cpu MHz		: 2012.046
cache size	: 6144 KB
physical id	: 0
siblings	: 2
core id		: 1
cpu cores	: 2
apicid		: 1
initial apicid	: 1
fdiv_bug	: no
f00f_bug	: no
coma_bug	: no
fpu		: yes
fpu_exception	: yes
cpuid level	: 5
wp		: yes
flags		: fpu vme de pse tsc msr pae mce cx8 apic sep mtrr pge mca cmov pat pse36 clflush mmx fxsr sse sse2 ht nx rdtscp constant_tsc pni ssse3
bugs		:
bogomips	: 4024.09
clflush size	: 64
cache_alignment	: 64
address sizes	: 36 bits physical, 48 bits virtual
power management:



Memory: 4k page, physical 1544156k(120600k free), swap 1570812k(1570228k free)

vm_info: OpenJDK Server VM (25.45-b02) for linux-x86 JRE (1.8.0_45-internal-b14), built on Apr 20 2015 00:35:55 by "buildd" with gcc 4.9.2

time: Tue Nov 10 13:05:17 2015
elapsed time: 549 seconds (0d 0h 9m 9s)

