#
# A fatal error has been detected by the Java Runtime Environment:
#
#  SIGSEGV (0xb) at pc=0xb7561bb0, pid=5391, tid=3075421952
#
# JRE version: OpenJDK Runtime Environment (8.0_45-b14) (build 1.8.0_45-internal-b14)
# Java VM: OpenJDK Server VM (25.45-b02 mixed mode linux-x86 )
# Problematic frame:
# C  [libc.so.6+0x2ebb0]
#
# Failed to write core dump. Core dumps have been disabled. To enable core dumping, try "ulimit -c unlimited" before starting Java again
#
# If you would like to submit a bug report, please visit:
#   http://bugreport.java.com/bugreport/crash.jsp
#

---------------  T H R E A D  ---------------

Current thread is native thread

siginfo: si_signo: 11 (SIGSEGV), si_code: 1 (SEGV_MAPERR), si_addr: 0x77e38420

Registers:
EAX=0x8ea00040, EBX=0xb76ea000, ECX=0x77e38420, EDX=0xea000400
ESP=0xbf86b580, EBP=0x8de38028, ESI=0x00000000, EDI=0xb76ea41c
EIP=0xb7561bb0, EFLAGS=0x00010282, CR2=0x77e38420

Top of Stack: (sp=0xbf86b580)
0xbf86b580:   000149c0 81002080 0c000000 00000001
0xbf86b590:   092429c0 24208011 b7561b79 b76ea000
0xbf86b5a0:   00000000 b750f000 bf86b5e8 b7561cb1
0xbf86b5b0:   00000000 b76ea41c 00000001 00000018
0xbf86b5c0:   00000019 b7561c96 8dcaa000 8dbe0775
0xbf86b5d0:   00000000 0000001f 00000022 00000024
0xbf86b5e0:   8dbe0759 b640cba8 b640cb40 b7716bbc
0xbf86b5f0:   00000002 00000033 00000000 0000007b 

Instructions: (pc=0xb7561bb0)
0xb7561b90:   24 0c e8 39 06 00 00 8b 2f 85 ed 74 42 8d 76 00
0xb7561ba0:   8b 45 04 89 c2 c1 e2 04 85 c0 8d 4c 15 f8 74 22
0xb7561bb0:   8b 11 83 e8 01 89 45 04 83 fa 03 0f 84 9f 00 00
0xb7561bc0:   00 83 fa 04 74 72 83 fa 02 74 45 83 e9 10 85 c0 

Register to memory mapping:

EAX=0x8ea00040 is an unknown value
EBX=0xb76ea000: <offset 0x1b7000> in /lib/i386-linux-gnu/libc.so.6 at 0xb7533000
ECX=0x77e38420 is an unknown value
EDX=0xea000400 is an unknown value
ESP=0xbf86b580 is an unknown value
EBP=0x8de38028 is an unknown value
ESI=0x00000000 is an unknown value
EDI=0xb76ea41c: <offset 0x1b741c> in /lib/i386-linux-gnu/libc.so.6 at 0xb7533000


Stack: [0xbf822000,0xbf872000],  sp=0xbf86b580,  free space=293k
Native frames: (J=compiled Java code, j=interpreted, Vv=VM code, C=native code)
C  [libc.so.6+0x2ebb0]
C  0x8ea00040


---------------  P R O C E S S  ---------------

VM state:not at safepoint (normal execution)

VM Mutex/Monitor currently owned by a thread: None

Heap:
 def new generation   total 27520K, used 7589K [0x8f400000, 0x911d0000, 0x97200000)
  eden space 24512K,  18% used [0x8f400000, 0x8f8794a8, 0x90bf0000)
  from space 3008K, 100% used [0x90ee0000, 0x911d0000, 0x911d0000)
  to   space 3008K,   0% used [0x90bf0000, 0x90bf0000, 0x90ee0000)
 tenured generation   total 60996K, used 60853K [0x97200000, 0x9ad91000, 0xa6e00000)
   the space 60996K,  99% used [0x97200000, 0x9ad6d5d0, 0x9ad6d600, 0x9ad91000)
 Metaspace       used 24419K, capacity 25412K, committed 25496K, reserved 25904K

Card table byte_map: [0x8f342000,0x8f400000] byte_map_base: 0x8eec8000

Polling page: 0xb76f1000

CodeCache: size=245760Kb used=12704Kb max_used=12904Kb free=233055Kb
 bounds [0xa7200000, 0xa7ea8000, 0xb6200000]
 total_blobs=5533 nmethods=5063 adapters=384
 compilation: enabled

Compilation events (10 events):
Event: 178,906 Thread 0xb6281000 nmethod 5642 0xa792afc8 code [0xa792b0e0, 0xa792b1c0]
Event: 178,906 Thread 0xb6281000 5644       3       com.sun.javafx.geom.transform.GeneralTransform3D::setIdentity (129 bytes)
Event: 178,906 Thread 0xb6281000 nmethod 5644 0xa73f3148 code [0xa73f3280, 0xa73f35e0]
Event: 178,906 Thread 0xb6281000 5643       3       com.sun.javafx.geom.transform.Affine3D::reset3Delements (31 bytes)
Event: 178,907 Thread 0xb6281000 nmethod 5643 0xa7538f48 code [0xa7539060, 0xa7539180]
Event: 178,916 Thread 0xb627f800 nmethod 5641 0xa73f6388 code [0xa73f6500, 0xa73f693c]
Event: 178,916 Thread 0xb627f800 5645       4       com.sun.javafx.sg.prism.NGNode::clearDirty (26 bytes)
Event: 178,917 Thread 0xb627f800 nmethod 5645 0xa7573f88 code [0xa7574080, 0xa7574130]
Event: 180,536 Thread 0xb6281000 5646       3       com.sun.javafx.tk.quantum.QuantumToolkit$$Lambda$47/17079077::run (8 bytes)
Event: 180,538 Thread 0xb6281000 nmethod 5646 0xa7684388 code [0xa7684500, 0xa7684958]

GC Heap History (10 events):
Event: 34,448 GC heap before
{Heap before GC invocations=13 (full 3):
 def new generation   total 16832K, used 16832K [0x8f400000, 0x90640000, 0x97200000)
  eden space 14976K, 100% used [0x8f400000, 0x902a0000, 0x902a0000)
  from space 1856K, 100% used [0x90470000, 0x90640000, 0x90640000)
  to   space 1856K,   0% used [0x902a0000, 0x902a0000, 0x90470000)
 tenured generation   total 37260K, used 34779K [0x97200000, 0x99663000, 0xa6e00000)
   the space 37260K,  93% used [0x97200000, 0x993f6fb0, 0x993f7000, 0x99663000)
 Metaspace       used 22562K, capacity 23403K, committed 23448K, reserved 23856K
Event: 34,460 GC heap after
Heap after GC invocations=14 (full 3):
 def new generation   total 16832K, used 874K [0x8f400000, 0x90640000, 0x97200000)
  eden space 14976K,   0% used [0x8f400000, 0x8f400000, 0x902a0000)
  from space 1856K,  47% used [0x902a0000, 0x9037aa68, 0x90470000)
  to   space 1856K,   0% used [0x90470000, 0x90470000, 0x90640000)
 tenured generation   total 37260K, used 36632K [0x97200000, 0x99663000, 0xa6e00000)
   the space 37260K,  98% used [0x97200000, 0x995c6050, 0x995c6200, 0x99663000)
 Metaspace       used 22562K, capacity 23403K, committed 23448K, reserved 23856K
}
Event: 34,831 GC heap before
{Heap before GC invocations=14 (full 3):
 def new generation   total 16832K, used 15850K [0x8f400000, 0x90640000, 0x97200000)
  eden space 14976K, 100% used [0x8f400000, 0x902a0000, 0x902a0000)
  from space 1856K,  47% used [0x902a0000, 0x9037aa68, 0x90470000)
  to   space 1856K,   0% used [0x90470000, 0x90470000, 0x90640000)
 tenured generation   total 37260K, used 36632K [0x97200000, 0x99663000, 0xa6e00000)
   the space 37260K,  98% used [0x97200000, 0x995c6050, 0x995c6200, 0x99663000)
 Metaspace       used 22740K, capacity 23595K, committed 23704K, reserved 23856K
Event: 34,921 GC heap after
Heap after GC invocations=15 (full 4):
 def new generation   total 27520K, used 0K [0x8f400000, 0x911d0000, 0x97200000)
  eden space 24512K,   0% used [0x8f400000, 0x8f400000, 0x90bf0000)
  from space 3008K,   0% used [0x90bf0000, 0x90bf0000, 0x90ee0000)
  to   space 3008K,   0% used [0x90ee0000, 0x90ee0000, 0x911d0000)
 tenured generation   total 60996K, used 36596K [0x97200000, 0x9ad91000, 0xa6e00000)
   the space 60996K,  59% used [0x97200000, 0x995bd3f0, 0x995bd400, 0x9ad91000)
 Metaspace       used 22740K, capacity 23595K, committed 23704K, reserved 23856K
}
Event: 76,413 GC heap before
{Heap before GC invocations=15 (full 4):
 def new generation   total 27520K, used 24466K [0x8f400000, 0x911d0000, 0x97200000)
  eden space 24512K,  99% used [0x8f400000, 0x90be4b00, 0x90bf0000)
  from space 3008K,   0% used [0x90bf0000, 0x90bf0000, 0x90ee0000)
  to   space 3008K,   0% used [0x90ee0000, 0x90ee0000, 0x911d0000)
 tenured generation   total 60996K, used 36596K [0x97200000, 0x9ad91000, 0xa6e00000)
   the space 60996K,  59% used [0x97200000, 0x995bd3f0, 0x995bd400, 0x9ad91000)
 Metaspace       used 23404K, capacity 24311K, committed 24344K, reserved 24880K
Event: 76,435 GC heap after
Heap after GC invocations=16 (full 4):
 def new generation   total 27520K, used 3008K [0x8f400000, 0x911d0000, 0x97200000)
  eden space 24512K,   0% used [0x8f400000, 0x8f400000, 0x90bf0000)
  from space 3008K, 100% used [0x90ee0000, 0x911d0000, 0x911d0000)
  to   space 3008K,   0% used [0x90bf0000, 0x90bf0000, 0x90ee0000)
 tenured generation   total 60996K, used 43869K [0x97200000, 0x9ad91000, 0xa6e00000)
   the space 60996K,  71% used [0x97200000, 0x99cd74c8, 0x99cd7600, 0x9ad91000)
 Metaspace       used 23404K, capacity 24311K, committed 24344K, reserved 24880K
}
Event: 80,596 GC heap before
{Heap before GC invocations=16 (full 4):
 def new generation   total 27520K, used 27520K [0x8f400000, 0x911d0000, 0x97200000)
  eden space 24512K, 100% used [0x8f400000, 0x90bf0000, 0x90bf0000)
  from space 3008K, 100% used [0x90ee0000, 0x911d0000, 0x911d0000)
  to   space 3008K,   0% used [0x90bf0000, 0x90bf0000, 0x90ee0000)
 tenured generation   total 60996K, used 43869K [0x97200000, 0x9ad91000, 0xa6e00000)
   the space 60996K,  71% used [0x97200000, 0x99cd74c8, 0x99cd7600, 0x9ad91000)
 Metaspace       used 23836K, capacity 24779K, committed 24856K, reserved 24880K
Event: 80,619 GC heap after
Heap after GC invocations=17 (full 4):
 def new generation   total 27520K, used 3008K [0x8f400000, 0x911d0000, 0x97200000)
  eden space 24512K,   0% used [0x8f400000, 0x8f400000, 0x90bf0000)
  from space 3008K, 100% used [0x90bf0000, 0x90ee0000, 0x90ee0000)
  to   space 3008K,   0% used [0x90ee0000, 0x90ee0000, 0x911d0000)
 tenured generation   total 60996K, used 53595K [0x97200000, 0x9ad91000, 0xa6e00000)
   the space 60996K,  87% used [0x97200000, 0x9a656f20, 0x9a657000, 0x9ad91000)
 Metaspace       used 23836K, capacity 24779K, committed 24856K, reserved 24880K
}
Event: 86,547 GC heap before
{Heap before GC invocations=17 (full 4):
 def new generation   total 27520K, used 24619K [0x8f400000, 0x911d0000, 0x97200000)
  eden space 24512K,  88% used [0x8f400000, 0x9091aca8, 0x90bf0000)
  from space 3008K, 100% used [0x90bf0000, 0x90ee0000, 0x90ee0000)
  to   space 3008K,   0% used [0x90ee0000, 0x90ee0000, 0x911d0000)
 tenured generation   total 60996K, used 53595K [0x97200000, 0x9ad91000, 0xa6e00000)
   the space 60996K,  87% used [0x97200000, 0x9a656f20, 0x9a657000, 0x9ad91000)
 Metaspace       used 24387K, capacity 25412K, committed 25496K, reserved 25904K
Event: 86,568 GC heap after
Heap after GC invocations=18 (full 4):
 def new generation   total 27520K, used 3008K [0x8f400000, 0x911d0000, 0x97200000)
  eden space 24512K,   0% used [0x8f400000, 0x8f400000, 0x90bf0000)
  from space 3008K, 100% used [0x90ee0000, 0x911d0000, 0x911d0000)
  to   space 3008K,   0% used [0x90bf0000, 0x90bf0000, 0x90ee0000)
 tenured generation   total 60996K, used 60853K [0x97200000, 0x9ad91000, 0xa6e00000)
   the space 60996K,  99% used [0x97200000, 0x9ad6d5d0, 0x9ad6d600, 0x9ad91000)
 Metaspace       used 24387K, capacity 25412K, committed 25496K, reserved 25904K
}

Deoptimization events (10 events):
Event: 80,274 Thread 0x88b6bc00 Uncommon trap: reason=unstable_if action=reinterpret pc=0xa7a74128 method=com.sun.javafx.css.StyleManager$CacheContainer.getStyleMap(I)Lcom/sun/javafx/css/StyleMap; @ 9
Event: 80,275 Thread 0x88b6bc00 Uncommon trap: reason=unstable_if action=reinterpret pc=0xa7a25a9c method=com.sun.javafx.css.StyleManager$CacheContainer.getStyleMap(I)Lcom/sun/javafx/css/StyleMap; @ 9
Event: 80,275 Thread 0x88b6bc00 Uncommon trap: reason=unstable_if action=reinterpret pc=0xa77c2548 method=com.sun.javafx.css.StyleManager$CacheContainer.getStyleMap(I)Lcom/sun/javafx/css/StyleMap; @ 9
Event: 80,468 Thread 0x88b6bc00 Uncommon trap: reason=null_check action=make_not_entrant pc=0xa7d1a090 method=javafx.scene.CssStyleHelper.getCachedFont(Ljavafx/css/Styleable;)Lcom/sun/javafx/css/CalculatedValue; @ 1
Event: 80,470 Thread 0x88b6bc00 Uncommon trap: reason=unstable_if action=reinterpret pc=0xa79a9bd4 method=javafx.scene.CssStyleHelper.lookup(Ljavafx/css/Styleable;Ljavafx/css/CssMetaData;Lcom/sun/javafx/css/StyleMap;Ljava/util/Set;Ljavafx/css/Styleable;Lcom/sun/javafx/css/CalculatedValu
Event: 80,502 Thread 0x88b6bc00 Uncommon trap: reason=unstable_if action=reinterpret pc=0xa7bb9474 method=com.sun.javafx.css.ParsedValueImpl.containsFontRelativeSize(Ljavafx/css/ParsedValue;Z)Z @ 193
Event: 82,949 Thread 0x88b6bc00 Uncommon trap: reason=unstable_if action=reinterpret pc=0xa7dc18b0 method=com.sun.javafx.css.StyleManager.getStyleMap(Ljavafx/css/Styleable;Ljavafx/scene/SubScene;I)Lcom/sun/javafx/css/StyleMap; @ 2
Event: 82,950 Thread 0x88b6bc00 Uncommon trap: reason=unstable_if action=reinterpret pc=0xa72c5b3c method=com.sun.javafx.css.StyleManager.getStyleMap(Ljavafx/css/Styleable;Ljavafx/scene/SubScene;I)Lcom/sun/javafx/css/StyleMap; @ 2
Event: 84,102 Thread 0x88b6bc00 Uncommon trap: reason=unstable_if action=reinterpret pc=0xa7ae9eec method=javafx.scene.Node.impl_intersectsBounds(Lcom/sun/javafx/geom/PickRay;)D @ 902
Event: 176,912 Thread 0x88b6bc00 Uncommon trap: reason=unstable_if action=reinterpret pc=0xa773e1d4 method=com.sun.javafx.tk.quantum.QuantumToolkit.postPulse()V @ 37

Internal exceptions (10 events):
Event: 31,555 Thread 0x08e64000 Exception <a 'java/lang/ArrayIndexOutOfBoundsException'> (0x8f66a890) thrown at [/build/buildd/openjdk-8-8u45-b14/src/hotspot/src/share/vm/runtime/sharedRuntime.cpp, line 605]
Event: 31,749 Thread 0x08e64000 Exception <a 'java/io/FileNotFoundException'> (0x8f7eae00) thrown at [/build/buildd/openjdk-8-8u45-b14/src/hotspot/src/share/vm/prims/jni.cpp, line 709]
Event: 33,295 Thread 0x88b6bc00 Exception <a 'java/lang/ClassNotFoundException': sun/dc/DuctusRenderingEngine> (0x90179f48) thrown at [/build/buildd/openjdk-8-8u45-b14/src/hotspot/src/share/vm/classfile/systemDictionary.cpp, line 210]
Event: 80,468 Thread 0x88b6bc00 Implicit null exception at 0xa7d170bb to 0xa7d1a085
Event: 85,725 Thread 0x88b6bc00 Exception <a 'java/lang/NullPointerException'> (0x902b67d8) thrown at [/build/buildd/openjdk-8-8u45-b14/src/hotspot/src/share/vm/interpreter/linkResolver.cpp, line 1280]
Event: 85,725 Thread 0x88b6bc00 Exception <a 'java/lang/NullPointerException'> (0x902b67d8) thrown at [/build/buildd/openjdk-8-8u45-b14/src/hotspot/src/share/vm/prims/jvm.cpp, line 1386]
Event: 86,043 Thread 0x88b6bc00 Exception <a 'java/lang/NullPointerException'> (0x9061c248) thrown at [/build/buildd/openjdk-8-8u45-b14/src/hotspot/src/share/vm/interpreter/linkResolver.cpp, line 1280]
Event: 86,159 Thread 0x88b6bc00 Exception <a 'java/lang/NullPointerException'> (0x90622c10) thrown at [/build/buildd/openjdk-8-8u45-b14/src/hotspot/src/share/vm/interpreter/linkResolver.cpp, line 1280]
Event: 86,287 Thread 0x88b6bc00 Exception <a 'java/lang/NullPointerException'> (0x90629a58) thrown at [/build/buildd/openjdk-8-8u45-b14/src/hotspot/src/share/vm/interpreter/linkResolver.cpp, line 1280]
Event: 86,397 Thread 0x88b6bc00 Exception <a 'java/lang/NullPointerException'> (0x90630ce8) thrown at [/build/buildd/openjdk-8-8u45-b14/src/hotspot/src/share/vm/interpreter/linkResolver.cpp, line 1280]

Events (10 events):
Event: 123,886 Thread 0xb6281000 flushing nmethod 0xa7a358c8
Event: 123,886 Thread 0xb6281000 flushing nmethod 0xa7a52fc8
Event: 123,886 Thread 0xb6281000 flushing nmethod 0xa7a589c8
Event: 123,886 Thread 0xb6281000 flushing nmethod 0xa7a62b88
Event: 123,886 Thread 0xb6281000 flushing nmethod 0xa7a909c8
Event: 176,912 Thread 0x88b6bc00 Uncommon trap: trap_request=0xffffff65 fr.pc=0xa773e1d4
Event: 176,912 Thread 0x88b6bc00 DEOPT PACKING pc=0xa773e1d4 sp=0x88aac310
Event: 176,912 Thread 0x88b6bc00 DEOPT UNPACKING pc=0xa723abd5 sp=0x88aac2a8 mode 2
Event: 176,965 loading class java/lang/ref/ReferenceQueue$1
Event: 178,480 loading class java/lang/ref/ReferenceQueue$1 done


Dynamic libraries:
08048000-08049000 r-xp 00000000 08:01 1444301    /usr/lib/jvm/java-8-openjdk-i386/jre/bin/java
08049000-0804a000 r--p 00000000 08:01 1444301    /usr/lib/jvm/java-8-openjdk-i386/jre/bin/java
0804a000-0804b000 rw-p 00001000 08:01 1444301    /usr/lib/jvm/java-8-openjdk-i386/jre/bin/java
08be8000-0940d000 rw-p 00000000 00:00 0          [heap]
7de00000-7df00000 rw-p 00000000 00:00 0 
7dff4000-7dff7000 ---p 00000000 00:00 0 
7dff7000-7e145000 rw-p 00000000 00:00 0          [stack:5416]
7e145000-7e1d4000 r-xp 00000000 08:01 1444269    /usr/lib/jvm/java-8-openjdk-i386/jre/lib/i386/libawt.so
7e1d4000-7e1d5000 r--p 0008e000 08:01 1444269    /usr/lib/jvm/java-8-openjdk-i386/jre/lib/i386/libawt.so
7e1d5000-7e1dc000 rw-p 0008f000 08:01 1444269    /usr/lib/jvm/java-8-openjdk-i386/jre/lib/i386/libawt.so
7e1dc000-7e300000 rw-p 00000000 00:00 0 
80000000-800fa000 rw-p 00000000 00:00 0 
800fa000-80100000 ---p 00000000 00:00 0 
80100000-801a8000 rw-p 00000000 00:00 0 
801a8000-80200000 ---p 00000000 00:00 0 
80200000-802e0000 rw-p 00000000 00:00 0 
802e0000-80300000 ---p 00000000 00:00 0 
80300000-80400000 rw-p 00000000 00:00 0 
80400000-80600000 rw-p 00000000 00:00 0 
80600000-806fa000 rw-p 00000000 00:00 0 
806fa000-80700000 ---p 00000000 00:00 0 
80790000-80f00000 rw-p 00000000 00:00 0 
80f00000-80fd5000 rw-p 00000000 00:00 0 
80fd5000-81000000 ---p 00000000 00:00 0 
81100000-81200000 rw-p 00000000 00:00 0 
81300000-813fc000 rw-p 00000000 00:00 0 
813fc000-81400000 ---p 00000000 00:00 0 
81400000-81500000 rw-p 00000000 00:00 0 
81500000-815fc000 rw-p 00000000 00:00 0 
815fc000-81600000 ---p 00000000 00:00 0 
8165e000-81661000 ---p 00000000 00:00 0 
81661000-816af000 rw-p 00000000 00:00 0          [stack:5419]
816af000-816b2000 ---p 00000000 00:00 0 
816b2000-81800000 rw-p 00000000 00:00 0          [stack:5418]
81800000-81900000 rw-p 00000000 00:00 0 
81900000-81a00000 rw-p 00000000 00:00 0 
81a3e000-81a8c000 r-xp 00000000 08:01 1444264    /usr/lib/jvm/java-8-openjdk-i386/jre/lib/i386/libfontmanager.so
81a8c000-81a8f000 r--p 0004d000 08:01 1444264    /usr/lib/jvm/java-8-openjdk-i386/jre/lib/i386/libfontmanager.so
81a8f000-81a90000 rw-p 00050000 08:01 1444264    /usr/lib/jvm/java-8-openjdk-i386/jre/lib/i386/libfontmanager.so
81a90000-81b90000 rw-p 00000000 00:00 0 
81c56000-81d00000 r--p 00000000 08:01 657439     /usr/share/fonts/truetype/dejavu/DejaVuSans-Bold.ttf
81d00000-81e00000 rw-p 00000000 00:00 0 
81e00000-81efc000 rw-p 00000000 00:00 0 
81efc000-81f00000 ---p 00000000 00:00 0 
81f5e000-81f61000 ---p 00000000 00:00 0 
81f61000-820af000 rw-p 00000000 00:00 0 
820af000-820b2000 ---p 00000000 00:00 0 
820b2000-82200000 rw-p 00000000 00:00 0          [stack:5420]
82200000-82300000 rw-p 00000000 00:00 0 
82300000-823fe000 rw-p 00000000 00:00 0 
823fe000-82400000 ---p 00000000 00:00 0 
82400000-82500000 rw-p 00000000 00:00 0 
82500000-82600000 rw-p 00000000 00:00 0 
82600000-826f3000 rw-p 00000000 00:00 0 
826f3000-82700000 ---p 00000000 00:00 0 
82739000-8278c000 r-xp 00000000 08:01 1444247    /usr/lib/jvm/java-8-openjdk-i386/jre/lib/i386/libawt_xawt.so
8278c000-8278d000 r--p 00052000 08:01 1444247    /usr/lib/jvm/java-8-openjdk-i386/jre/lib/i386/libawt_xawt.so
8278d000-8278f000 rw-p 00053000 08:01 1444247    /usr/lib/jvm/java-8-openjdk-i386/jre/lib/i386/libawt_xawt.so
8278f000-82790000 rw-p 00000000 00:00 0 
82c00000-82d00000 rw-p 00000000 00:00 0 
82d00000-82dde000 rw-p 00000000 00:00 0 
82dde000-82e00000 ---p 00000000 00:00 0 
82e00000-82ea0000 rw-p 00000000 00:00 0 
82ea0000-82f00000 ---p 00000000 00:00 0 
82f00000-83000000 rw-p 00000000 00:00 0 
83000000-83100000 rw-p 00000000 00:00 0 
83110000-83115000 r--s 002f8000 08:01 1444296    /usr/lib/jvm/java-8-openjdk-i386/jre/lib/charsets.jar
83115000-83140000 r-xp 00000000 08:01 1444248    /usr/lib/jvm/java-8-openjdk-i386/jre/lib/i386/libsunec.so
83140000-83143000 r--p 0002a000 08:01 1444248    /usr/lib/jvm/java-8-openjdk-i386/jre/lib/i386/libsunec.so
83143000-83144000 rw-p 0002d000 08:01 1444248    /usr/lib/jvm/java-8-openjdk-i386/jre/lib/i386/libsunec.so
83144000-83155000 r-xp 00000000 08:01 1444255    /usr/lib/jvm/java-8-openjdk-i386/jre/lib/i386/libnio.so
83155000-83156000 r--p 00010000 08:01 1444255    /usr/lib/jvm/java-8-openjdk-i386/jre/lib/i386/libnio.so
83156000-83157000 rw-p 00011000 08:01 1444255    /usr/lib/jvm/java-8-openjdk-i386/jre/lib/i386/libnio.so
83157000-8315a000 ---p 00000000 00:00 0 
8315a000-831a8000 rw-p 00000000 00:00 0          [stack:5415]
831a8000-831b5000 r-xp 00000000 08:01 1447837    /usr/lib/jvm/java-8-openjdk-i386/jre/lib/i386/libdecora_sse.so
831b5000-831b6000 r--p 0000d000 08:01 1447837    /usr/lib/jvm/java-8-openjdk-i386/jre/lib/i386/libdecora_sse.so
831b6000-831b7000 rw-p 0000e000 08:01 1447837    /usr/lib/jvm/java-8-openjdk-i386/jre/lib/i386/libdecora_sse.so
831b7000-832b7000 rw-p 00000000 00:00 0 
832b7000-832ca000 r--s 00345000 08:01 1444235    /usr/lib/jvm/java-8-openjdk-i386/jre/lib/resources.jar
832ca000-833ca000 rw-p 00000000 00:00 0 
833ca000-833cd000 ---p 00000000 00:00 0 
833cd000-8341b000 rw-p 00000000 00:00 0          [stack:5412]
8341b000-834d1000 r--p 00000000 08:01 657440     /usr/share/fonts/truetype/dejavu/DejaVuSans.ttf
834d1000-834d2000 ---p 00000000 00:00 0 
834d2000-83cd2000 rw-p 00000000 00:00 0          [stack:5411]
83cd2000-87cd3000 rw-s 00000000 00:12 174769     /dev/shm/pulse-shm-2768717119
87cd3000-87ce5000 r-xp 00000000 08:01 1049737    /lib/i386-linux-gnu/libgpg-error.so.0.13.0
87ce5000-87ce6000 r--p 00011000 08:01 1049737    /lib/i386-linux-gnu/libgpg-error.so.0.13.0
87ce6000-87ce7000 rw-p 00012000 08:01 1049737    /lib/i386-linux-gnu/libgpg-error.so.0.13.0
87ce7000-87d63000 r-xp 00000000 08:01 1707892    /usr/lib/i386-linux-gnu/libvorbisenc.so.2.0.10
87d63000-87d75000 r--p 0007b000 08:01 1707892    /usr/lib/i386-linux-gnu/libvorbisenc.so.2.0.10
87d75000-87d76000 rw-p 0008d000 08:01 1707892    /usr/lib/i386-linux-gnu/libvorbisenc.so.2.0.10
87d76000-87dd5000 r-xp 00000000 08:01 1706800    /usr/lib/i386-linux-gnu/libFLAC.so.8.3.0
87dd5000-87dd6000 r--p 0005e000 08:01 1706800    /usr/lib/i386-linux-gnu/libFLAC.so.8.3.0
87dd6000-87dd7000 rw-p 0005f000 08:01 1706800    /usr/lib/i386-linux-gnu/libFLAC.so.8.3.0
87dd7000-87e83000 r-xp 00000000 08:01 1049733    /lib/i386-linux-gnu/libgcrypt.so.20.0.2
87e83000-87e85000 r--p 000ac000 08:01 1049733    /lib/i386-linux-gnu/libgcrypt.so.20.0.2
87e85000-87e88000 rw-p 000ae000 08:01 1049733    /lib/i386-linux-gnu/libgcrypt.so.20.0.2
87e88000-87eac000 r-xp 00000000 08:01 1049757    /lib/i386-linux-gnu/liblzma.so.5.0.0
87eac000-87ead000 r--p 00023000 08:01 1049757    /lib/i386-linux-gnu/liblzma.so.5.0.0
87ead000-87eae000 rw-p 00024000 08:01 1049757    /lib/i386-linux-gnu/liblzma.so.5.0.0
87eae000-87eb3000 r-xp 00000000 08:01 1706968    /usr/lib/i386-linux-gnu/libasyncns.so.0.3.1
87eb3000-87eb4000 r--p 00004000 08:01 1706968    /usr/lib/i386-linux-gnu/libasyncns.so.0.3.1
87eb4000-87eb5000 rw-p 00005000 08:01 1706968    /usr/lib/i386-linux-gnu/libasyncns.so.0.3.1
87eb5000-87f27000 r-xp 00000000 08:01 1707784    /usr/lib/i386-linux-gnu/libsndfile.so.1.0.25
87f27000-87f29000 r--p 00071000 08:01 1707784    /usr/lib/i386-linux-gnu/libsndfile.so.1.0.25
87f29000-87f2a000 rw-p 00073000 08:01 1707784    /usr/lib/i386-linux-gnu/libsndfile.so.1.0.25
87f2a000-87f2e000 rw-p 00000000 00:00 0 
87f2e000-87f36000 r-xp 00000000 08:01 1049872    /lib/i386-linux-gnu/libwrap.so.0.7.6
87f36000-87f37000 r--p 00007000 08:01 1049872    /lib/i386-linux-gnu/libwrap.so.0.7.6
87f37000-87f38000 rw-p 00008000 08:01 1049872    /lib/i386-linux-gnu/libwrap.so.0.7.6
87f38000-87f63000 r-xp 00000000 08:01 1053365    /lib/i386-linux-gnu/libsystemd.so.0.6.0
87f63000-87f64000 r--p 0002a000 08:01 1053365    /lib/i386-linux-gnu/libsystemd.so.0.6.0
87f64000-87f65000 rw-p 0002b000 08:01 1053365    /lib/i386-linux-gnu/libsystemd.so.0.6.0
87f65000-87fe8000 r-xp 00000000 08:01 1710075    /usr/lib/i386-linux-gnu/pulseaudio/libpulsecommon-6.0.so
87fe8000-87fe9000 r--p 00082000 08:01 1710075    /usr/lib/i386-linux-gnu/pulseaudio/libpulsecommon-6.0.so
87fe9000-87fea000 rw-p 00083000 08:01 1710075    /usr/lib/i386-linux-gnu/pulseaudio/libpulsecommon-6.0.so
87fea000-87ff4000 r-xp 00000000 08:01 1049750    /lib/i386-linux-gnu/libjson-c.so.2.0.0
87ff4000-87ff5000 r--p 00009000 08:01 1049750    /lib/i386-linux-gnu/libjson-c.so.2.0.0
87ff5000-87ff6000 rw-p 0000a000 08:01 1049750    /lib/i386-linux-gnu/libjson-c.so.2.0.0
87ff6000-8804d000 r-xp 00000000 08:01 1707701    /usr/lib/i386-linux-gnu/libpulse.so.0.18.0
8804d000-8804e000 r--p 00056000 08:01 1707701    /usr/lib/i386-linux-gnu/libpulse.so.0.18.0
8804e000-8804f000 rw-p 00057000 08:01 1707701    /usr/lib/i386-linux-gnu/libpulse.so.0.18.0
8804f000-880af000 rw-s 00000000 00:05 117145617  /SYSV00000000 (deleted)
880af000-881af000 rw-p 00000000 00:00 0 
881af000-881b2000 ---p 00000000 00:00 0 
881b2000-88200000 rw-p 00000000 00:00 0          [stack:5417]
88200000-88249000 r-xp 00000000 08:01 1707482    /usr/lib/i386-linux-gnu/libjpeg.so.8.0.2
88249000-8824a000 r--p 00048000 08:01 1707482    /usr/lib/i386-linux-gnu/libjpeg.so.8.0.2
8824a000-8824b000 rw-p 00049000 08:01 1707482    /usr/lib/i386-linux-gnu/libjpeg.so.8.0.2
8824b000-8825b000 rw-p 00000000 00:00 0 
8825b000-8825e000 r--s 00015000 08:01 1444217    /usr/lib/jvm/java-8-openjdk-i386/jre/lib/jce.jar
8825e000-88267000 r-xp 00000000 08:01 1444263    /usr/lib/jvm/java-8-openjdk-i386/jre/lib/i386/libmanagement.so
88267000-88268000 r--p 00008000 08:01 1444263    /usr/lib/jvm/java-8-openjdk-i386/jre/lib/i386/libmanagement.so
88268000-88269000 rw-p 00009000 08:01 1444263    /usr/lib/jvm/java-8-openjdk-i386/jre/lib/i386/libmanagement.so
88269000-88270000 r--s 00000000 08:01 1708794    /usr/lib/i386-linux-gnu/gconv/gconv-modules.cache
88270000-88275000 r-xp 00000000 08:01 1049785    /lib/i386-linux-gnu/libnss_dns-2.21.so
88275000-88276000 r--p 00004000 08:01 1049785    /lib/i386-linux-gnu/libnss_dns-2.21.so
88276000-88277000 rw-p 00005000 08:01 1049785    /lib/i386-linux-gnu/libnss_dns-2.21.so
88277000-88279000 r-xp 00000000 08:01 1049793    /lib/i386-linux-gnu/libnss_mdns4_minimal.so.2
88279000-8827a000 r--p 00001000 08:01 1049793    /lib/i386-linux-gnu/libnss_mdns4_minimal.so.2
8827a000-8827b000 rw-p 00002000 08:01 1049793    /lib/i386-linux-gnu/libnss_mdns4_minimal.so.2
8827b000-8827c000 rw-p 00000000 00:00 0 
8827c000-88281000 r--s 00094000 08:01 1444294    /usr/lib/jvm/java-8-openjdk-i386/jre/lib/jsse.jar
88281000-88288000 r-xp 00000000 08:01 1709191    /usr/lib/i386-linux-gnu/libcanberra-0.30/libcanberra-pulse.so
88288000-88289000 r--p 00006000 08:01 1709191    /usr/lib/i386-linux-gnu/libcanberra-0.30/libcanberra-pulse.so
88289000-8828a000 rw-p 00007000 08:01 1709191    /usr/lib/i386-linux-gnu/libcanberra-0.30/libcanberra-pulse.so
8828a000-8828e000 r-xp 00000000 08:01 1447839    /usr/lib/jvm/java-8-openjdk-i386/jre/lib/i386/libjavafx_iio.so
8828e000-8828f000 r--p 00003000 08:01 1447839    /usr/lib/jvm/java-8-openjdk-i386/jre/lib/i386/libjavafx_iio.so
8828f000-88290000 rw-p 00004000 08:01 1447839    /usr/lib/jvm/java-8-openjdk-i386/jre/lib/i386/libjavafx_iio.so
88290000-88451000 rw-p 00000000 00:00 0 
88451000-88467000 r-xp 00000000 08:01 1444259    /usr/lib/jvm/java-8-openjdk-i386/jre/lib/i386/libnet.so
88467000-88468000 r--p 00015000 08:01 1444259    /usr/lib/jvm/java-8-openjdk-i386/jre/lib/i386/libnet.so
88468000-88469000 rw-p 00016000 08:01 1444259    /usr/lib/jvm/java-8-openjdk-i386/jre/lib/i386/libnet.so
88469000-88569000 rw-p 00000000 00:00 0 
88569000-88669000 rw-p 00000000 00:00 0 
88669000-88769000 rw-p 00000000 00:00 0 
88769000-88771000 r--s 00000000 08:01 408188     /var/cache/fontconfig/945677eb7aeaf62f1d50efc3fb3ec7d8-le32d4.cache-4
88771000-88775000 r--s 00000000 08:01 408172     /var/cache/fontconfig/2cd17615ca594fa2959ae173292e504c-le32d4.cache-4
88775000-88776000 r--s 00000000 08:01 408169     /var/cache/fontconfig/0d8c3b2ac0904cb8a57a757ad11a4a08-le32d4.cache-4
88776000-8877b000 r--s 00000000 08:01 408192     /var/cache/fontconfig/a755afe4a08bf5b97852ceb7400b47bc-le32d4.cache-4
8877b000-8877c000 r--s 00000000 08:01 408191     /var/cache/fontconfig/a6354e3ac43af67bd8d7b8e43c34e49f-le32d4.cache-4
8877c000-8878c000 r--s 00000000 08:01 408166     /var/cache/fontconfig/04aabc0a78ac019cf9454389977116d2-le32d4.cache-4
8878c000-8878d000 r--s 00000000 08:01 408171     /var/cache/fontconfig/1ac9eb803944fde146138c791f5cc56a-le32d4.cache-4
8878d000-88790000 r--s 00000000 08:01 408175     /var/cache/fontconfig/385c0604a188198f04d133e54aba7fe7-le32d4.cache-4
88790000-88791000 r--s 00000000 08:01 408202     /var/cache/fontconfig/dc05db6664285cc2f12bf69c139ae4c3-le32d4.cache-4
88791000-88793000 r--s 00000000 08:01 408185     /var/cache/fontconfig/767a8244fc0220cfb567a839d0392e0b-le32d4.cache-4
88793000-88794000 r--s 00000000 08:01 408177     /var/cache/fontconfig/4794a0821666d79190d59a36cb4f44b5-le32d4.cache-4
88794000-88798000 r--s 00000000 08:01 408187     /var/cache/fontconfig/8801497958630a81b71ace7c5f9b32a8-le32d4.cache-4
88798000-88799000 r--s 00000000 08:01 408195     /var/cache/fontconfig/bab58bb527bb656aaa9f116d68a48d89-le32d4.cache-4
88799000-8879e000 r--s 00000000 08:01 408173     /var/cache/fontconfig/3047814df9a2f067bd2d96a2b9c36e5a-le32d4.cache-4
8879e000-8879f000 r--s 00000000 08:01 408180     /var/cache/fontconfig/56cf4f4769d0f4abc89a4895d7bd3ae1-le32d4.cache-4
8879f000-887a0000 r--s 00000000 08:01 408194     /var/cache/fontconfig/b9d506c9ac06c20b433354fa67a72993-le32d4.cache-4
887a0000-887a4000 r--s 00000000 08:01 408193     /var/cache/fontconfig/b47c4e1ecd0709278f4910c18777a504-le32d4.cache-4
887a4000-887b4000 r--s 00000000 08:01 408199     /var/cache/fontconfig/d52a8644073d54c13679302ca1180695-le32d4.cache-4
887b4000-887bc000 r--s 00000000 08:01 408176     /var/cache/fontconfig/3f7329c5293ffd510edef78f73874cfd-le32d4.cache-4
887bc000-888bc000 rw-p 00000000 00:00 0 
888bc000-888bf000 ---p 00000000 00:00 0 
888bf000-8890d000 rw-p 00000000 00:00 0          [stack:5409]
8890d000-88910000 ---p 00000000 00:00 0 
88910000-88a5e000 rw-p 00000000 00:00 0          [stack:5408]
88a5e000-88a61000 ---p 00000000 00:00 0 
88a61000-88aaf000 rw-p 00000000 00:00 0          [stack:5407]
88aaf000-88ab2000 ---p 00000000 00:00 0 
88ab2000-88b00000 rw-p 00000000 00:00 0          [stack:5406]
88b00000-88bfc000 rw-p 00000000 00:00 0 
88bfc000-88c00000 ---p 00000000 00:00 0 
88c00000-88c09000 r--s 00000000 08:01 408197     /var/cache/fontconfig/d589a48862398ed80a3d6066f4f56f4c-le32d4.cache-4
88c09000-88c3e000 r-xp 00000000 08:01 1709090    /usr/lib/i386-linux-gnu/gtk-2.0/2.10.0/engines/libmurrine.so
88c3e000-88c3f000 r--p 00034000 08:01 1709090    /usr/lib/i386-linux-gnu/gtk-2.0/2.10.0/engines/libmurrine.so
88c3f000-88c40000 rw-p 00035000 08:01 1709090    /usr/lib/i386-linux-gnu/gtk-2.0/2.10.0/engines/libmurrine.so
88c40000-88c47000 r-xp 00000000 08:01 1707623    /usr/lib/i386-linux-gnu/libogg.so.0.8.2
88c47000-88c48000 r--p 00006000 08:01 1707623    /usr/lib/i386-linux-gnu/libogg.so.0.8.2
88c48000-88c49000 rw-p 00007000 08:01 1707623    /usr/lib/i386-linux-gnu/libogg.so.0.8.2
88c49000-88c73000 r-xp 00000000 08:01 1707890    /usr/lib/i386-linux-gnu/libvorbis.so.0.4.7
88c73000-88c75000 r--p 00029000 08:01 1707890    /usr/lib/i386-linux-gnu/libvorbis.so.0.4.7
88c75000-88c76000 rw-p 0002b000 08:01 1707890    /usr/lib/i386-linux-gnu/libvorbis.so.0.4.7
88c76000-88c80000 r-xp 00000000 08:01 1707509    /usr/lib/i386-linux-gnu/libltdl.so.7.3.0
88c80000-88c81000 r--p 00009000 08:01 1707509    /usr/lib/i386-linux-gnu/libltdl.so.7.3.0
88c81000-88c82000 rw-p 0000a000 08:01 1707509    /usr/lib/i386-linux-gnu/libltdl.so.7.3.0
88c82000-88c99000 r-xp 00000000 08:01 1707822    /usr/lib/i386-linux-gnu/libtdb.so.1.3.4
88c99000-88c9b000 r--p 00016000 08:01 1707822    /usr/lib/i386-linux-gnu/libtdb.so.1.3.4
88c9b000-88c9c000 rw-p 00018000 08:01 1707822    /usr/lib/i386-linux-gnu/libtdb.so.1.3.4
88c9c000-88ca5000 r-xp 00000000 08:01 1707894    /usr/lib/i386-linux-gnu/libvorbisfile.so.3.3.6
88ca5000-88ca6000 r--p 00008000 08:01 1707894    /usr/lib/i386-linux-gnu/libvorbisfile.so.3.3.6
88ca6000-88ca7000 rw-p 00009000 08:01 1707894    /usr/lib/i386-linux-gnu/libvorbisfile.so.3.3.6
88ca7000-88cb8000 r-xp 00000000 08:01 1707024    /usr/lib/i386-linux-gnu/libcanberra.so.0.2.5
88cb8000-88cb9000 r--p 00011000 08:01 1707024    /usr/lib/i386-linux-gnu/libcanberra.so.0.2.5
88cb9000-88cba000 rw-p 00012000 08:01 1707024    /usr/lib/i386-linux-gnu/libcanberra.so.0.2.5
88cba000-88cbd000 r--s 00000000 08:01 408167     /var/cache/fontconfig/0843ca893a93b5446bad221815920e23-le32d4.cache-4
88cbd000-88cc1000 r-xp 00000000 08:01 1447845    /usr/lib/jvm/java-8-openjdk-i386/jre/lib/i386/libjavafx_font_freetype.so
88cc1000-88cc2000 r--p 00004000 08:01 1447845    /usr/lib/jvm/java-8-openjdk-i386/jre/lib/i386/libjavafx_font_freetype.so
88cc2000-88cc3000 rw-p 00005000 08:01 1447845    /usr/lib/jvm/java-8-openjdk-i386/jre/lib/i386/libjavafx_font_freetype.so
88cc3000-88ccd000 r-xp 00000000 08:01 1709091    /usr/lib/i386-linux-gnu/gtk-2.0/2.10.0/engines/libpixmap.so
88ccd000-88cce000 r--p 00009000 08:01 1709091    /usr/lib/i386-linux-gnu/gtk-2.0/2.10.0/engines/libpixmap.so
88cce000-88ccf000 rw-p 0000a000 08:01 1709091    /usr/lib/i386-linux-gnu/gtk-2.0/2.10.0/engines/libpixmap.so
88ccf000-88d23000 r-xp 00000000 08:01 1049716    /lib/i386-linux-gnu/libdbus-1.so.3.8.9
88d23000-88d25000 r--p 00053000 08:01 1049716    /lib/i386-linux-gnu/libdbus-1.so.3.8.9
88d25000-88d26000 rw-p 00055000 08:01 1049716    /lib/i386-linux-gnu/libdbus-1.so.3.8.9
88d26000-88d54000 r-xp 00000000 08:01 1706976    /usr/lib/i386-linux-gnu/libatspi.so.0.0.1
88d54000-88d57000 r--p 0002e000 08:01 1706976    /usr/lib/i386-linux-gnu/libatspi.so.0.0.1
88d57000-88d58000 rw-p 00031000 08:01 1706976    /usr/lib/i386-linux-gnu/libatspi.so.0.0.1
88d58000-88d89000 r-xp 00000000 08:01 1706972    /usr/lib/i386-linux-gnu/libatk-bridge-2.0.so.0.0.0
88d89000-88d8a000 r--p 00030000 08:01 1706972    /usr/lib/i386-linux-gnu/libatk-bridge-2.0.so.0.0.0
88d8a000-88d8b000 rw-p 00031000 08:01 1706972    /usr/lib/i386-linux-gnu/libatk-bridge-2.0.so.0.0.0
88d8b000-88d8c000 rw-p 00000000 00:00 0 
88d8c000-88d94000 r-xp 00000000 08:01 1707218    /usr/lib/i386-linux-gnu/libgailutil.so.18.0.1
88d94000-88d95000 r--p 00007000 08:01 1707218    /usr/lib/i386-linux-gnu/libgailutil.so.18.0.1
88d95000-88d96000 rw-p 00008000 08:01 1707218    /usr/lib/i386-linux-gnu/libgailutil.so.18.0.1
88d96000-88df0000 r-xp 00000000 08:01 1709112    /usr/lib/i386-linux-gnu/gtk-2.0/modules/libgail.so
88df0000-88df1000 r--p 00059000 08:01 1709112    /usr/lib/i386-linux-gnu/gtk-2.0/modules/libgail.so
88df1000-88df2000 rw-p 0005a000 08:01 1709112    /usr/lib/i386-linux-gnu/gtk-2.0/modules/libgail.so
88df2000-88df9000 r-xp 00000000 08:01 1707077    /usr/lib/i386-linux-gnu/libdatrie.so.1.3.1
88df9000-88dfa000 r--p 00006000 08:01 1707077    /usr/lib/i386-linux-gnu/libdatrie.so.1.3.1
88dfa000-88dfb000 rw-p 00007000 08:01 1707077    /usr/lib/i386-linux-gnu/libdatrie.so.1.3.1
88dfb000-88e16000 r-xp 00000000 08:01 1707300    /usr/lib/i386-linux-gnu/libgraphite2.so.3.0.1
88e16000-88e17000 r--p 0001b000 08:01 1707300    /usr/lib/i386-linux-gnu/libgraphite2.so.3.0.1
88e17000-88e18000 rw-p 0001c000 08:01 1707300    /usr/lib/i386-linux-gnu/libgraphite2.so.3.0.1
88e18000-88e20000 r-xp 00000000 08:01 1707828    /usr/lib/i386-linux-gnu/libthai.so.0.2.0
88e20000-88e21000 r--p 00007000 08:01 1707828    /usr/lib/i386-linux-gnu/libthai.so.0.2.0
88e21000-88e22000 rw-p 00008000 08:01 1707828    /usr/lib/i386-linux-gnu/libthai.so.0.2.0
88e22000-88e7e000 r-xp 00000000 08:01 1707422    /usr/lib/i386-linux-gnu/libharfbuzz.so.0.937.0
88e7e000-88e7f000 r--p 0005b000 08:01 1707422    /usr/lib/i386-linux-gnu/libharfbuzz.so.0.937.0
88e7f000-88e80000 rw-p 0005c000 08:01 1707422    /usr/lib/i386-linux-gnu/libharfbuzz.so.0.937.0
88e80000-88ef0000 r-xp 00000000 08:01 1049765    /lib/i386-linux-gnu/libpcre.so.3.13.1
88ef0000-88ef1000 r--p 0006f000 08:01 1049765    /lib/i386-linux-gnu/libpcre.so.3.13.1
88ef1000-88ef2000 rw-p 00070000 08:01 1049765    /lib/i386-linux-gnu/libpcre.so.3.13.1
88ef2000-88f06000 r-xp 00000000 08:01 1049840    /lib/i386-linux-gnu/libresolv-2.21.so
88f06000-88f08000 r--p 00013000 08:01 1049840    /lib/i386-linux-gnu/libresolv-2.21.so
88f08000-88f09000 rw-p 00015000 08:01 1049840    /lib/i386-linux-gnu/libresolv-2.21.so
88f09000-88f0b000 rw-p 00000000 00:00 0 
88f0b000-88f2f000 r-xp 00000000 08:01 1049844    /lib/i386-linux-gnu/libselinux.so.1
88f2f000-88f30000 r--p 00024000 08:01 1049844    /lib/i386-linux-gnu/libselinux.so.1
88f30000-88f31000 rw-p 00025000 08:01 1049844    /lib/i386-linux-gnu/libselinux.so.1
88f31000-88f32000 rw-p 00000000 00:00 0 
88f32000-88f3a000 r-xp 00000000 08:01 1707978    /usr/lib/i386-linux-gnu/libxcb-render.so.0.0.0
88f3a000-88f3b000 r--p 00008000 08:01 1707978    /usr/lib/i386-linux-gnu/libxcb-render.so.0.0.0
88f3b000-88f3c000 rw-p 00009000 08:01 1707978    /usr/lib/i386-linux-gnu/libxcb-render.so.0.0.0
88f3c000-88f3e000 r-xp 00000000 08:01 1707982    /usr/lib/i386-linux-gnu/libxcb-shm.so.0.0.0
88f3e000-88f3f000 r--p 00001000 08:01 1707982    /usr/lib/i386-linux-gnu/libxcb-shm.so.0.0.0
88f3f000-88f40000 rw-p 00002000 08:01 1707982    /usr/lib/i386-linux-gnu/libxcb-shm.so.0.0.0
88f40000-88f6a000 r-xp 00000000 08:01 1049829    /lib/i386-linux-gnu/libpng12.so.0.51.0
88f6a000-88f6b000 r--p 00029000 08:01 1049829    /lib/i386-linux-gnu/libpng12.so.0.51.0
88f6b000-88f6c000 rw-p 0002a000 08:01 1049829    /lib/i386-linux-gnu/libpng12.so.0.51.0
88f6c000-89017000 r-xp 00000000 08:01 1704227    /usr/lib/i386-linux-gnu/libfreetype.so.6.11.1
89017000-8901b000 r--p 000aa000 08:01 1704227    /usr/lib/i386-linux-gnu/libfreetype.so.6.11.1
8901b000-8901c000 rw-p 000ae000 08:01 1704227    /usr/lib/i386-linux-gnu/libfreetype.so.6.11.1
8901c000-890c7000 r-xp 00000000 08:01 1707670    /usr/lib/i386-linux-gnu/libpixman-1.so.0.32.6
890c7000-890ce000 r--p 000aa000 08:01 1707670    /usr/lib/i386-linux-gnu/libpixman-1.so.0.32.6
890ce000-890cf000 rw-p 000b1000 08:01 1707670    /usr/lib/i386-linux-gnu/libpixman-1.so.0.32.6
890cf000-890d8000 r-xp 00000000 08:01 1706891    /usr/lib/i386-linux-gnu/libXcursor.so.1.0.2
890d8000-890d9000 r--p 00008000 08:01 1706891    /usr/lib/i386-linux-gnu/libXcursor.so.1.0.2
890d9000-890da000 rw-p 00009000 08:01 1706891    /usr/lib/i386-linux-gnu/libXcursor.so.1.0.2
890da000-890e3000 r-xp 00000000 08:01 1706917    /usr/lib/i386-linux-gnu/libXrandr.so.2.2.0
890e3000-890e4000 r--p 00008000 08:01 1706917    /usr/lib/i386-linux-gnu/libXrandr.so.2.2.0
890e4000-890e5000 rw-p 00009000 08:01 1706917    /usr/lib/i386-linux-gnu/libXrandr.so.2.2.0
890e5000-890f5000 r-xp 00000000 08:01 1706905    /usr/lib/i386-linux-gnu/libXi.so.6.1.0
890f5000-890f6000 r--p 00010000 08:01 1706905    /usr/lib/i386-linux-gnu/libXi.so.6.1.0
890f6000-890f7000 rw-p 00011000 08:01 1706905    /usr/lib/i386-linux-gnu/libXi.so.6.1.0
890f7000-89101000 r-xp 00000000 08:01 1706919    /usr/lib/i386-linux-gnu/libXrender.so.1.3.0
89101000-89102000 r--p 00009000 08:01 1706919    /usr/lib/i386-linux-gnu/libXrender.so.1.3.0
89102000-89103000 rw-p 0000a000 08:01 1706919    /usr/lib/i386-linux-gnu/libXrender.so.1.3.0
89103000-89144000 r-xp 00000000 08:01 1707182    /usr/lib/i386-linux-gnu/libfontconfig.so.1.8.0
89144000-89145000 r--p 00040000 08:01 1707182    /usr/lib/i386-linux-gnu/libfontconfig.so.1.8.0
89145000-89146000 rw-p 00041000 08:01 1707182    /usr/lib/i386-linux-gnu/libfontconfig.so.1.8.0
89146000-89196000 r-xp 00000000 08:01 1707645    /usr/lib/i386-linux-gnu/libpango-1.0.so.0.3600.8
89196000-89197000 r--p 00050000 08:01 1707645    /usr/lib/i386-linux-gnu/libpango-1.0.so.0.3600.8
89197000-89198000 rw-p 00051000 08:01 1707645    /usr/lib/i386-linux-gnu/libpango-1.0.so.0.3600.8
89198000-891bc000 r-xp 00000000 08:01 1706970    /usr/lib/i386-linux-gnu/libatk-1.0.so.0.21409.1
891bc000-891be000 r--p 00023000 08:01 1706970    /usr/lib/i386-linux-gnu/libatk-1.0.so.0.21409.1
891be000-891bf000 rw-p 00025000 08:01 1706970    /usr/lib/i386-linux-gnu/libatk-1.0.so.0.21409.1
891bf000-892e5000 r-xp 00000000 08:01 1049729    /lib/i386-linux-gnu/libglib-2.0.so.0.4400.1
892e5000-892e6000 r--p 00125000 08:01 1049729    /lib/i386-linux-gnu/libglib-2.0.so.0.4400.1
892e6000-892e7000 rw-p 00126000 08:01 1049729    /lib/i386-linux-gnu/libglib-2.0.so.0.4400.1
892e7000-89342000 r-xp 00000000 08:01 1704311    /usr/lib/i386-linux-gnu/libgobject-2.0.so.0.4400.1
89342000-89343000 r--p 0005b000 08:01 1704311    /usr/lib/i386-linux-gnu/libgobject-2.0.so.0.4400.1
89343000-89344000 rw-p 0005c000 08:01 1704311    /usr/lib/i386-linux-gnu/libgobject-2.0.so.0.4400.1
89344000-894fd000 r-xp 00000000 08:01 1704290    /usr/lib/i386-linux-gnu/libgio-2.0.so.0.4400.1
894fd000-89500000 r--p 001b8000 08:01 1704290    /usr/lib/i386-linux-gnu/libgio-2.0.so.0.4400.1
89500000-89502000 rw-p 001bb000 08:01 1704290    /usr/lib/i386-linux-gnu/libgio-2.0.so.0.4400.1
89502000-89503000 rw-p 00000000 00:00 0 
89503000-89646000 r-xp 00000000 08:01 1707014    /usr/lib/i386-linux-gnu/libcairo.so.2.11400.2
89646000-89648000 r--p 00143000 08:01 1707014    /usr/lib/i386-linux-gnu/libcairo.so.2.11400.2
89648000-89649000 rw-p 00145000 08:01 1707014    /usr/lib/i386-linux-gnu/libcairo.so.2.11400.2
89649000-8964a000 rw-p 00000000 00:00 0 
8964a000-89707000 r-xp 00000000 08:01 1707238    /usr/lib/i386-linux-gnu/libgdk-x11-2.0.so.0.2400.27
89707000-89709000 r--p 000bd000 08:01 1707238    /usr/lib/i386-linux-gnu/libgdk-x11-2.0.so.0.2400.27
89709000-8970a000 rw-p 000bf000 08:01 1707238    /usr/lib/i386-linux-gnu/libgdk-x11-2.0.so.0.2400.27
8970a000-89bf8000 r-xp 00000000 08:01 1707398    /usr/lib/i386-linux-gnu/libgtk-x11-2.0.so.0.2400.27
89bf8000-89bfc000 r--p 004ee000 08:01 1707398    /usr/lib/i386-linux-gnu/libgtk-x11-2.0.so.0.2400.27
89bfc000-89bfe000 rw-p 004f2000 08:01 1707398    /usr/lib/i386-linux-gnu/libgtk-x11-2.0.so.0.2400.27
89bfe000-89c00000 rw-p 00000000 00:00 0 
89c00000-89cf4000 rw-p 00000000 00:00 0 
89cf4000-89d00000 ---p 00000000 00:00 0 
89d00000-89d01000 r--s 00000000 08:01 408179     /var/cache/fontconfig/551ecf3b0e8b0bca0f25c0944f561853-le32d4.cache-4
89d01000-89d16000 r-xp 00000000 08:01 1707649    /usr/lib/i386-linux-gnu/libpangoft2-1.0.so.0.3600.8
89d16000-89d17000 r--p 00015000 08:01 1707649    /usr/lib/i386-linux-gnu/libpangoft2-1.0.so.0.3600.8
89d17000-89d18000 rw-p 00016000 08:01 1707649    /usr/lib/i386-linux-gnu/libpangoft2-1.0.so.0.3600.8
89d18000-89d24000 r-xp 00000000 08:01 1707647    /usr/lib/i386-linux-gnu/libpangocairo-1.0.so.0.3600.8
89d24000-89d25000 r--p 0000b000 08:01 1707647    /usr/lib/i386-linux-gnu/libpangocairo-1.0.so.0.3600.8
89d25000-89d26000 rw-p 0000c000 08:01 1707647    /usr/lib/i386-linux-gnu/libpangocairo-1.0.so.0.3600.8
89d26000-89d29000 r-xp 00000000 08:01 1704306    /usr/lib/i386-linux-gnu/libgmodule-2.0.so.0.4400.1
89d29000-89d2a000 r--p 00002000 08:01 1704306    /usr/lib/i386-linux-gnu/libgmodule-2.0.so.0.4400.1
89d2a000-89d2b000 rw-p 00003000 08:01 1704306    /usr/lib/i386-linux-gnu/libgmodule-2.0.so.0.4400.1
89d2b000-89d30000 r-xp 00000000 08:01 1706925    /usr/lib/i386-linux-gnu/libXtst.so.6.1.0
89d30000-89d31000 r--p 00004000 08:01 1706925    /usr/lib/i386-linux-gnu/libXtst.so.6.1.0
89d31000-89d32000 rw-p 00005000 08:01 1706925    /usr/lib/i386-linux-gnu/libXtst.so.6.1.0
89d32000-89d58000 r-xp 00000000 08:01 1713442    /usr/lib/i386-linux-gnu/libgdk_pixbuf-2.0.so.0.3100.3
89d58000-89d59000 r--p 00026000 08:01 1713442    /usr/lib/i386-linux-gnu/libgdk_pixbuf-2.0.so.0.3100.3
89d59000-89d5a000 rw-p 00027000 08:01 1713442    /usr/lib/i386-linux-gnu/libgdk_pixbuf-2.0.so.0.3100.3
89d5a000-89d7e000 r-xp 00000000 08:01 1447843    /usr/lib/jvm/java-8-openjdk-i386/jre/lib/i386/libglass.so
89d7e000-89d7f000 r--p 00024000 08:01 1447843    /usr/lib/jvm/java-8-openjdk-i386/jre/lib/i386/libglass.so
89d7f000-89d80000 rw-p 00025000 08:01 1447843    /usr/lib/jvm/java-8-openjdk-i386/jre/lib/i386/libglass.so
89d80000-89db5000 r-xp 00000000 08:01 1707847    /usr/lib/i386-linux-gnu/libtxc_dxtn_s2tc.so.0.0.0
89db5000-89db6000 r--p 00034000 08:01 1707847    /usr/lib/i386-linux-gnu/libtxc_dxtn_s2tc.so.0.0.0
89db6000-89db7000 rw-p 00035000 08:01 1707847    /usr/lib/i386-linux-gnu/libtxc_dxtn_s2tc.so.0.0.0
89db7000-89db8000 ---p 00000000 00:00 0 
89db8000-8a5b8000 rw-p 00000000 00:00 0          [stack:5405]
8a5b8000-8a5b9000 ---p 00000000 00:00 0 
8a5b9000-8adb9000 rw-p 00000000 00:00 0          [stack:5404]
8adb9000-8add9000 r-xp 00000000 08:01 1049858    /lib/i386-linux-gnu/libtinfo.so.5.9
8add9000-8addb000 r--p 0001f000 08:01 1049858    /lib/i386-linux-gnu/libtinfo.so.5.9
8addb000-8addc000 rw-p 00021000 08:01 1049858    /lib/i386-linux-gnu/libtinfo.so.5.9
8addc000-8ae10000 r-xp 00000000 08:01 1707138    /usr/lib/i386-linux-gnu/libedit.so.2.0.51
8ae10000-8ae11000 r--p 00034000 08:01 1707138    /usr/lib/i386-linux-gnu/libedit.so.2.0.51
8ae11000-8ae12000 rw-p 00035000 08:01 1707138    /usr/lib/i386-linux-gnu/libedit.so.2.0.51
8ae12000-8ae14000 rw-p 00000000 00:00 0 
8ae14000-8cf2c000 r-xp 00000000 08:01 1706809    /usr/lib/i386-linux-gnu/libLLVM-3.6.so.1
8cf2c000-8d0a8000 r--p 02117000 08:01 1706809    /usr/lib/i386-linux-gnu/libLLVM-3.6.so.1
8d0a8000-8d0ac000 rw-p 02293000 08:01 1706809    /usr/lib/i386-linux-gnu/libLLVM-3.6.so.1
8d0ac000-8d0b8000 rw-p 00000000 00:00 0 
8d0b8000-8d8d0000 r-xp 00000000 08:01 1709289    /usr/lib/i386-linux-gnu/dri/swrast_dri.so
8d8d0000-8d90e000 r--p 00817000 08:01 1709289    /usr/lib/i386-linux-gnu/dri/swrast_dri.so
8d90e000-8d917000 rw-p 00855000 08:01 1709289    /usr/lib/i386-linux-gnu/dri/swrast_dri.so
8d917000-8dafa000 rw-p 00000000 00:00 0 
8dafa000-8dba0000 r-xp 00000000 08:01 1717685    /usr/lib/VBoxOGLcrutil.so
8dba0000-8dba9000 r--p 000a6000 08:01 1717685    /usr/lib/VBoxOGLcrutil.so
8dba9000-8dbab000 rw-p 000af000 08:01 1717685    /usr/lib/VBoxOGLcrutil.so
8dbab000-8dbaf000 rw-p 00000000 00:00 0 
8dbaf000-8dc9f000 r-xp 00000000 08:01 1717678    /usr/lib/VBoxOGL.so
8dc9f000-8dcaa000 r--p 000f0000 08:01 1717678    /usr/lib/VBoxOGL.so
8dcaa000-8dcae000 rw-p 000fb000 08:01 1717678    /usr/lib/VBoxOGL.so
8dcae000-8dcb5000 rw-p 00000000 00:00 0 
8dcb5000-8ddfc000 r-xp 00000000 08:01 1706880    /usr/lib/i386-linux-gnu/libX11.so.6.3.0
8ddfc000-8ddfd000 r--p 00146000 08:01 1706880    /usr/lib/i386-linux-gnu/libX11.so.6.3.0
8ddfd000-8ddff000 rw-p 00147000 08:01 1706880    /usr/lib/i386-linux-gnu/libX11.so.6.3.0
8ddff000-8de00000 rw-p 00000000 00:00 0 
8de00000-8df00000 rw-p 00000000 00:00 0 
8df00000-8df03000 r--s 00000000 08:01 408181     /var/cache/fontconfig/7ef2298fde41cc6eeb7af42e48b7d293-le32d4.cache-4
8df03000-8df06000 r-xp 00000000 08:01 1447844    /usr/lib/jvm/java-8-openjdk-i386/jre/lib/i386/libjavafx_font.so
8df06000-8df07000 r--p 00002000 08:01 1447844    /usr/lib/jvm/java-8-openjdk-i386/jre/lib/i386/libjavafx_font.so
8df07000-8df08000 rw-p 00003000 08:01 1447844    /usr/lib/jvm/java-8-openjdk-i386/jre/lib/i386/libjavafx_font.so
8df08000-8df0c000 r-xp 00000000 08:01 1707020    /usr/lib/i386-linux-gnu/libcanberra-gtk.so.0.1.9
8df0c000-8df0d000 r--p 00003000 08:01 1707020    /usr/lib/i386-linux-gnu/libcanberra-gtk.so.0.1.9
8df0d000-8df0e000 rw-p 00004000 08:01 1707020    /usr/lib/i386-linux-gnu/libcanberra-gtk.so.0.1.9
8df0e000-8df13000 r-xp 00000000 08:01 1709110    /usr/lib/i386-linux-gnu/gtk-2.0/modules/libcanberra-gtk-module.so
8df13000-8df14000 r--p 00004000 08:01 1709110    /usr/lib/i386-linux-gnu/gtk-2.0/modules/libcanberra-gtk-module.so
8df14000-8df15000 rw-p 00005000 08:01 1709110    /usr/lib/i386-linux-gnu/gtk-2.0/modules/libcanberra-gtk-module.so
8df15000-8df16000 r-xp 00000000 08:01 1709109    /usr/lib/i386-linux-gnu/gtk-2.0/modules/libatk-bridge.so
8df16000-8df17000 r--p 00000000 08:01 1709109    /usr/lib/i386-linux-gnu/gtk-2.0/modules/libatk-bridge.so
8df17000-8df18000 rw-p 00001000 08:01 1709109    /usr/lib/i386-linux-gnu/gtk-2.0/modules/libatk-bridge.so
8df18000-8df1f000 r-xp 00000000 08:01 1707174    /usr/lib/i386-linux-gnu/libffi.so.6.0.4
8df1f000-8df21000 r--p 00006000 08:01 1707174    /usr/lib/i386-linux-gnu/libffi.so.6.0.4
8df21000-8df22000 rw-p 00008000 08:01 1707174    /usr/lib/i386-linux-gnu/libffi.so.6.0.4
8df22000-8df39000 r-xp 00000000 08:01 1707139    /usr/lib/i386-linux-gnu/libelf-0.160.so
8df39000-8df3a000 r--p 00016000 08:01 1707139    /usr/lib/i386-linux-gnu/libelf-0.160.so
8df3a000-8df3b000 rw-p 00017000 08:01 1707139    /usr/lib/i386-linux-gnu/libelf-0.160.so
8df3b000-8df48000 r-xp 00000000 08:01 1707126    /usr/lib/i386-linux-gnu/libdrm_radeon.so.1.0.1
8df48000-8df49000 r--p 0000c000 08:01 1707126    /usr/lib/i386-linux-gnu/libdrm_radeon.so.1.0.1
8df49000-8df4a000 rw-p 0000d000 08:01 1707126    /usr/lib/i386-linux-gnu/libdrm_radeon.so.1.0.1
8df4a000-8df50000 r-xp 00000000 08:01 1707124    /usr/lib/i386-linux-gnu/libdrm_nouveau.so.2.0.0
8df50000-8df51000 r--p 00005000 08:01 1707124    /usr/lib/i386-linux-gnu/libdrm_nouveau.so.2.0.0
8df51000-8df52000 rw-p 00006000 08:01 1707124    /usr/lib/i386-linux-gnu/libdrm_nouveau.so.2.0.0
8df52000-8dff7000 r-xp 00000000 08:01 1708243    /usr/lib/i386-linux-gnu/mesa/libGL.so.1.2.0
8dff7000-8dffa000 r--p 000a4000 08:01 1708243    /usr/lib/i386-linux-gnu/mesa/libGL.so.1.2.0
8dffa000-8dfff000 rwxp 000a7000 08:01 1708243    /usr/lib/i386-linux-gnu/mesa/libGL.so.1.2.0
8dfff000-8e000000 rwxp 00000000 00:00 0 
8e000000-8e0ff000 rw-p 00000000 00:00 0 
8e0ff000-8e100000 ---p 00000000 00:00 0 
8e100000-8e101000 r--s 00000000 08:01 408168     /var/cache/fontconfig/0c9eb80ebd1c36541ebe2852d3bb0c49-le32d4.cache-4
8e101000-8e103000 r-xp 00000000 08:01 1706889    /usr/lib/i386-linux-gnu/libXcomposite.so.1.0.0
8e103000-8e104000 r--p 00001000 08:01 1706889    /usr/lib/i386-linux-gnu/libXcomposite.so.1.0.0
8e104000-8e105000 rw-p 00002000 08:01 1706889    /usr/lib/i386-linux-gnu/libXcomposite.so.1.0.0
8e105000-8e119000 r-xp 00000000 08:01 1049848    /lib/i386-linux-gnu/libudev.so.1.6.2
8e119000-8e11a000 r--p 00013000 08:01 1049848    /lib/i386-linux-gnu/libudev.so.1.6.2
8e11a000-8e11b000 rw-p 00014000 08:01 1049848    /lib/i386-linux-gnu/libudev.so.1.6.2
8e11b000-8e120000 r-xp 00000000 08:01 1706895    /usr/lib/i386-linux-gnu/libXdmcp.so.6.0.0
8e120000-8e121000 r--p 00004000 08:01 1706895    /usr/lib/i386-linux-gnu/libXdmcp.so.6.0.0
8e121000-8e122000 rw-p 00005000 08:01 1706895    /usr/lib/i386-linux-gnu/libXdmcp.so.6.0.0
8e122000-8e124000 r-xp 00000000 08:01 1706884    /usr/lib/i386-linux-gnu/libXau.so.6.0.0
8e124000-8e125000 r--p 00001000 08:01 1706884    /usr/lib/i386-linux-gnu/libXau.so.6.0.0
8e125000-8e126000 rw-p 00002000 08:01 1706884    /usr/lib/i386-linux-gnu/libXau.so.6.0.0
8e126000-8e133000 r-xp 00000000 08:01 1707120    /usr/lib/i386-linux-gnu/libdrm.so.2.4.0
8e133000-8e134000 r--p 0000c000 08:01 1707120    /usr/lib/i386-linux-gnu/libdrm.so.2.4.0
8e134000-8e135000 rw-p 0000d000 08:01 1707120    /usr/lib/i386-linux-gnu/libdrm.so.2.4.0
8e135000-8e139000 r-xp 00000000 08:01 1706935    /usr/lib/i386-linux-gnu/libXxf86vm.so.1.0.0
8e139000-8e13a000 r--p 00004000 08:01 1706935    /usr/lib/i386-linux-gnu/libXxf86vm.so.1.0.0
8e13a000-8e13b000 rw-p 00005000 08:01 1706935    /usr/lib/i386-linux-gnu/libXxf86vm.so.1.0.0
8e13b000-8e13c000 r-xp 00000000 08:01 1708000    /usr/lib/i386-linux-gnu/libxshmfence.so.1.0.0
8e13c000-8e13d000 r--p 00000000 08:01 1708000    /usr/lib/i386-linux-gnu/libxshmfence.so.1.0.0
8e13d000-8e13e000 rw-p 00001000 08:01 1708000    /usr/lib/i386-linux-gnu/libxshmfence.so.1.0.0
8e13e000-8e143000 r-xp 00000000 08:01 1707984    /usr/lib/i386-linux-gnu/libxcb-sync.so.1.0.0
8e143000-8e144000 r--p 00004000 08:01 1707984    /usr/lib/i386-linux-gnu/libxcb-sync.so.1.0.0
8e144000-8e145000 rw-p 00005000 08:01 1707984    /usr/lib/i386-linux-gnu/libxcb-sync.so.1.0.0
8e145000-8e15b000 r-xp 00000000 08:01 1707970    /usr/lib/i386-linux-gnu/libxcb-glx.so.0.0.0
8e15b000-8e15c000 r--p 00016000 08:01 1707970    /usr/lib/i386-linux-gnu/libxcb-glx.so.0.0.0
8e15c000-8e15d000 rw-p 00017000 08:01 1707970    /usr/lib/i386-linux-gnu/libxcb-glx.so.0.0.0
8e15d000-8e200000 r--s 009b7000 08:01 1580960    /home/ait-user/repos/JEFather/JEConfig/target/JEConfig-3.0.14.jar (deleted)
8e200000-8e2fb000 rw-p 00000000 00:00 0 
8e2fb000-8e300000 ---p 00000000 00:00 0 
8e300000-8e302000 r--s 00000000 08:01 408312     /var/cache/fontconfig/e13b20fdb08344e0e664864cc2ede53d-le32d4.cache-4
8e302000-8e306000 r-xp 00000000 08:01 1707966    /usr/lib/i386-linux-gnu/libxcb-dri2.so.0.0.0
8e306000-8e307000 r--p 00003000 08:01 1707966    /usr/lib/i386-linux-gnu/libxcb-dri2.so.0.0.0
8e307000-8e308000 rw-p 00004000 08:01 1707966    /usr/lib/i386-linux-gnu/libxcb-dri2.so.0.0.0
8e308000-8e31b000 r-xp 00000000 08:01 1706897    /usr/lib/i386-linux-gnu/libXext.so.6.4.0
8e31b000-8e31c000 r--p 00012000 08:01 1706897    /usr/lib/i386-linux-gnu/libXext.so.6.4.0
8e31c000-8e31d000 rw-p 00013000 08:01 1706897    /usr/lib/i386-linux-gnu/libXext.so.6.4.0
8e31d000-8e343000 r-xp 00000000 08:01 1049721    /lib/i386-linux-gnu/libexpat.so.1.6.0
8e343000-8e345000 r--p 00026000 08:01 1049721    /lib/i386-linux-gnu/libexpat.so.1.6.0
8e345000-8e346000 rw-p 00028000 08:01 1049721    /lib/i386-linux-gnu/libexpat.so.1.6.0
8e346000-8e349000 ---p 00000000 00:00 0 
8e349000-8e397000 rw-p 00000000 00:00 0          [stack:5401]
8e397000-8e42c000 r--s 008e8000 08:01 275463     /usr/share/java/openjfx/jre/lib/ext/jfxrt.jar
8e42c000-8e42d000 ---p 00000000 00:00 0 
8e42d000-8e4ad000 rw-p 00000000 00:00 0          [stack:5400]
8e4ad000-8e4b0000 ---p 00000000 00:00 0 
8e4b0000-8e4fe000 rw-p 00000000 00:00 0          [stack:5399]
8e4fe000-8e501000 ---p 00000000 00:00 0 
8e501000-8e57f000 rw-p 00000000 00:00 0          [stack:5398]
8e57f000-8e582000 ---p 00000000 00:00 0 
8e582000-8e600000 rw-p 00000000 00:00 0          [stack:5397]
8e600000-8e800000 r--p 00000000 08:01 1711964    /usr/lib/locale/locale-archive
8e800000-8e858000 rw-p 00000000 00:00 0 
8e858000-8e900000 ---p 00000000 00:00 0 
8e900000-8e902000 r-xp 00000000 08:01 1707974    /usr/lib/i386-linux-gnu/libxcb-present.so.0.0.0
8e902000-8e903000 r--p 00001000 08:01 1707974    /usr/lib/i386-linux-gnu/libxcb-present.so.0.0.0
8e903000-8e904000 rw-p 00002000 08:01 1707974    /usr/lib/i386-linux-gnu/libxcb-present.so.0.0.0
8e904000-8e915000 r-xp 00000000 08:01 1708245    /usr/lib/i386-linux-gnu/libglapi.so.0.0.0
8e915000-8e917000 r--p 00011000 08:01 1708245    /usr/lib/i386-linux-gnu/libglapi.so.0.0.0
8e917000-8e91c000 rwxp 00013000 08:01 1708245    /usr/lib/i386-linux-gnu/libglapi.so.0.0.0
8e91c000-8e91d000 rwxp 00000000 00:00 0 
8e91d000-8e920000 ---p 00000000 00:00 0 
8e920000-8e96e000 rw-p 00000000 00:00 0          [stack:5396]
8e96e000-8e9af000 r--p 00857000 08:01 1711964    /usr/lib/locale/locale-archive
8e9af000-8e9b2000 ---p 00000000 00:00 0 
8e9b2000-8ea00000 rw-p 00000000 00:00 0          [stack:5395]
8ea00000-8eaf9000 rw-p 00000000 00:00 0 
8eaf9000-8eb00000 ---p 00000000 00:00 0 
8eb00000-8eb02000 r-xp 00000000 08:01 1707968    /usr/lib/i386-linux-gnu/libxcb-dri3.so.0.0.0
8eb02000-8eb03000 r--p 00001000 08:01 1707968    /usr/lib/i386-linux-gnu/libxcb-dri3.so.0.0.0
8eb03000-8eb04000 rw-p 00002000 08:01 1707968    /usr/lib/i386-linux-gnu/libxcb-dri3.so.0.0.0
8eb04000-8eb05000 r-xp 00000000 08:01 1706878    /usr/lib/i386-linux-gnu/libX11-xcb.so.1.0.0
8eb05000-8eb06000 r--p 00000000 08:01 1706878    /usr/lib/i386-linux-gnu/libX11-xcb.so.1.0.0
8eb06000-8eb07000 rw-p 00001000 08:01 1706878    /usr/lib/i386-linux-gnu/libX11-xcb.so.1.0.0
8eb07000-8eb0c000 r-xp 00000000 08:01 1706899    /usr/lib/i386-linux-gnu/libXfixes.so.3.1.0
8eb0c000-8eb0d000 r--p 00004000 08:01 1706899    /usr/lib/i386-linux-gnu/libXfixes.so.3.1.0
8eb0d000-8eb0e000 rw-p 00005000 08:01 1706899    /usr/lib/i386-linux-gnu/libXfixes.so.3.1.0
8eb0e000-8eb2e000 r-xp 00000000 08:01 1707992    /usr/lib/i386-linux-gnu/libxcb.so.1.1.0
8eb2e000-8eb2f000 r--p 0001f000 08:01 1707992    /usr/lib/i386-linux-gnu/libxcb.so.1.1.0
8eb2f000-8eb30000 rw-p 00020000 08:01 1707992    /usr/lib/i386-linux-gnu/libxcb.so.1.1.0
8eb30000-8eb33000 ---p 00000000 00:00 0 
8eb33000-8eb81000 rw-p 00000000 00:00 0          [stack:5394]
8eb81000-8eb82000 ---p 00000000 00:00 0 
8eb82000-8ec4f000 rw-p 00000000 00:00 0          [stack:5393]
8ec4f000-8ee1c000 r--s 03bd3000 08:01 1444234    /usr/lib/jvm/java-8-openjdk-i386/jre/lib/rt.jar
8ee1c000-8f2bd000 rw-p 00000000 00:00 0 
8f2bd000-8f2c3000 ---p 00000000 00:00 0 
8f2c3000-8f2e1000 rw-p 00000000 00:00 0 
8f2e1000-8f342000 ---p 00000000 00:00 0 
8f342000-8f351000 rw-p 00000000 00:00 0 
8f351000-8f381000 ---p 00000000 00:00 0 
8f381000-8f39f000 rw-p 00000000 00:00 0 
8f39f000-8f3ff000 ---p 00000000 00:00 0 
8f3ff000-911d0000 rw-p 00000000 00:00 0 
911d0000-97200000 ---p 00000000 00:00 0 
97200000-9ad91000 rw-p 00000000 00:00 0 
9ad91000-a6e00000 ---p 00000000 00:00 0 
a6e00000-a6e02000 r-xp 00000000 08:01 1706893    /usr/lib/i386-linux-gnu/libXdamage.so.1.1.0
a6e02000-a6e03000 r--p 00001000 08:01 1706893    /usr/lib/i386-linux-gnu/libXdamage.so.1.1.0
a6e03000-a6e04000 rw-p 00002000 08:01 1706893    /usr/lib/i386-linux-gnu/libXdamage.so.1.1.0
a6e04000-a6e06000 r-xp 00000000 08:01 1706907    /usr/lib/i386-linux-gnu/libXinerama.so.1.0.0
a6e06000-a6e07000 r--p 00001000 08:01 1706907    /usr/lib/i386-linux-gnu/libXinerama.so.1.0.0
a6e07000-a6e08000 rw-p 00002000 08:01 1706907    /usr/lib/i386-linux-gnu/libXinerama.so.1.0.0
a6e08000-a6e17000 r-xp 00000000 08:01 1447838    /usr/lib/jvm/java-8-openjdk-i386/jre/lib/i386/libprism_sw.so
a6e17000-a6e18000 r--p 0000e000 08:01 1447838    /usr/lib/jvm/java-8-openjdk-i386/jre/lib/i386/libprism_sw.so
a6e18000-a6e19000 rw-p 0000f000 08:01 1447838    /usr/lib/jvm/java-8-openjdk-i386/jre/lib/i386/libprism_sw.so
a6e19000-a6e24000 r-xp 00000000 08:01 1447847    /usr/lib/jvm/java-8-openjdk-i386/jre/lib/i386/libprism_es2.so
a6e24000-a6e25000 r--p 0000a000 08:01 1447847    /usr/lib/jvm/java-8-openjdk-i386/jre/lib/i386/libprism_es2.so
a6e25000-a6e26000 rw-p 0000b000 08:01 1447847    /usr/lib/jvm/java-8-openjdk-i386/jre/lib/i386/libprism_es2.so
a6e26000-a6e40000 r--s 001d3000 08:01 1444240    /usr/lib/jvm/java-8-openjdk-i386/jre/lib/ext/nashorn.jar
a6e40000-a6e73000 rw-p 00000000 00:00 0 
a6e73000-a7200000 ---p 00000000 00:00 0 
a7200000-a7ea8000 rwxp 00000000 00:00 0 
a7ea8000-b6200000 ---p 00000000 00:00 0 
b6200000-b62f7000 rw-p 00000000 00:00 0 
b62f7000-b6300000 ---p 00000000 00:00 0 
b6300000-b6303000 r--s 00037000 08:01 1444238    /usr/lib/jvm/java-8-openjdk-i386/jre/lib/ext/sunpkcs11.jar
b6303000-b6305000 r--s 00006000 08:01 274690     /usr/share/java/java-atk-wrapper.jar
b6305000-b6310000 r--s 00116000 08:01 1444245    /usr/lib/jvm/java-8-openjdk-i386/jre/lib/ext/localedata.jar
b6310000-b6312000 r--s 00001000 08:01 1444243    /usr/lib/jvm/java-8-openjdk-i386/jre/lib/ext/dnsns.jar
b6312000-b632e000 r--s 00393000 08:01 1444242    /usr/lib/jvm/java-8-openjdk-i386/jre/lib/ext/cldrdata.jar
b632e000-b632f000 r--s 00008000 08:01 1444244    /usr/lib/jvm/java-8-openjdk-i386/jre/lib/ext/sunec.jar
b632f000-b6335000 r--s 0003a000 08:01 1444239    /usr/lib/jvm/java-8-openjdk-i386/jre/lib/ext/sunjce_provider.jar
b6335000-b6341000 r-xp 00000000 08:01 1049787    /lib/i386-linux-gnu/libnss_files-2.21.so
b6341000-b6342000 r--p 0000b000 08:01 1049787    /lib/i386-linux-gnu/libnss_files-2.21.so
b6342000-b6343000 rw-p 0000c000 08:01 1049787    /lib/i386-linux-gnu/libnss_files-2.21.so
b6343000-b634e000 r-xp 00000000 08:01 1049797    /lib/i386-linux-gnu/libnss_nis-2.21.so
b634e000-b634f000 r--p 0000a000 08:01 1049797    /lib/i386-linux-gnu/libnss_nis-2.21.so
b634f000-b6350000 rw-p 0000b000 08:01 1049797    /lib/i386-linux-gnu/libnss_nis-2.21.so
b6350000-b6367000 r-xp 00000000 08:01 1049781    /lib/i386-linux-gnu/libnsl-2.21.so
b6367000-b6368000 r--p 00016000 08:01 1049781    /lib/i386-linux-gnu/libnsl-2.21.so
b6368000-b6369000 rw-p 00017000 08:01 1049781    /lib/i386-linux-gnu/libnsl-2.21.so
b6369000-b636b000 rw-p 00000000 00:00 0 
b636b000-b6373000 r-xp 00000000 08:01 1049783    /lib/i386-linux-gnu/libnss_compat-2.21.so
b6373000-b6374000 r--p 00007000 08:01 1049783    /lib/i386-linux-gnu/libnss_compat-2.21.so
b6374000-b6375000 rw-p 00008000 08:01 1049783    /lib/i386-linux-gnu/libnss_compat-2.21.so
b6375000-b6378000 r--s 0000f000 08:01 1444237    /usr/lib/jvm/java-8-openjdk-i386/jre/lib/ext/icedtea-sound.jar
b6378000-b6380000 r-xp 00000000 08:01 1444284    /usr/lib/jvm/java-8-openjdk-i386/jre/lib/i386/libzip.so
b6380000-b6381000 r--p 00007000 08:01 1444284    /usr/lib/jvm/java-8-openjdk-i386/jre/lib/i386/libzip.so
b6381000-b6382000 rw-p 00008000 08:01 1444284    /usr/lib/jvm/java-8-openjdk-i386/jre/lib/i386/libzip.so
b6382000-b638a000 rw-s 00000000 08:01 1318838    /tmp/hsperfdata_ait-user/5391
b638a000-b63b1000 r-xp 00000000 08:01 1444268    /usr/lib/jvm/java-8-openjdk-i386/jre/lib/i386/libjava.so
b63b1000-b63b2000 r--p 00026000 08:01 1444268    /usr/lib/jvm/java-8-openjdk-i386/jre/lib/i386/libjava.so
b63b2000-b63b3000 rw-p 00027000 08:01 1444268    /usr/lib/jvm/java-8-openjdk-i386/jre/lib/i386/libjava.so
b63b3000-b63ba000 r-xp 00000000 08:01 1049842    /lib/i386-linux-gnu/librt-2.21.so
b63ba000-b63bb000 r--p 00006000 08:01 1049842    /lib/i386-linux-gnu/librt-2.21.so
b63bb000-b63bc000 rw-p 00007000 08:01 1049842    /lib/i386-linux-gnu/librt-2.21.so
b63bc000-b63bf000 ---p 00000000 00:00 0 
b63bf000-b640d000 rw-p 00000000 00:00 0          [stack:5392]
b640d000-b6429000 r-xp 00000000 08:01 1053282    /lib/i386-linux-gnu/libgcc_s.so.1
b6429000-b642a000 rw-p 0001b000 08:01 1053282    /lib/i386-linux-gnu/libgcc_s.so.1
b642a000-b6475000 r-xp 00000000 08:01 1049760    /lib/i386-linux-gnu/libm-2.21.so
b6475000-b6476000 r--p 0004a000 08:01 1049760    /lib/i386-linux-gnu/libm-2.21.so
b6476000-b6477000 rw-p 0004b000 08:01 1049760    /lib/i386-linux-gnu/libm-2.21.so
b6477000-b6560000 r-xp 00000000 08:01 1707810    /usr/lib/i386-linux-gnu/libstdc++.so.6.0.20
b6560000-b6564000 r--p 000e9000 08:01 1707810    /usr/lib/i386-linux-gnu/libstdc++.so.6.0.20
b6564000-b6565000 rw-p 000ed000 08:01 1707810    /usr/lib/i386-linux-gnu/libstdc++.so.6.0.20
b6565000-b656c000 rw-p 00000000 00:00 0 
b656c000-b706f000 r-xp 00000000 08:01 1444273    /usr/lib/jvm/java-8-openjdk-i386/jre/lib/i386/server/libjvm.so
b706f000-b70bd000 r--p 00b02000 08:01 1444273    /usr/lib/jvm/java-8-openjdk-i386/jre/lib/i386/server/libjvm.so
b70bd000-b70d4000 rw-p 00b50000 08:01 1444273    /usr/lib/jvm/java-8-openjdk-i386/jre/lib/i386/server/libjvm.so
b70d4000-b74f5000 rw-p 00000000 00:00 0 
b74f5000-b750e000 r-xp 00000000 08:01 1049834    /lib/i386-linux-gnu/libpthread-2.21.so
b750e000-b750f000 r--p 00018000 08:01 1049834    /lib/i386-linux-gnu/libpthread-2.21.so
b750f000-b7510000 rw-p 00019000 08:01 1049834    /lib/i386-linux-gnu/libpthread-2.21.so
b7510000-b7512000 rw-p 00000000 00:00 0 
b7512000-b7515000 r-xp 00000000 08:01 1049719    /lib/i386-linux-gnu/libdl-2.21.so
b7515000-b7516000 r--p 00002000 08:01 1049719    /lib/i386-linux-gnu/libdl-2.21.so
b7516000-b7517000 rw-p 00003000 08:01 1049719    /lib/i386-linux-gnu/libdl-2.21.so
b7517000-b7530000 r-xp 00000000 08:01 1049875    /lib/i386-linux-gnu/libz.so.1.2.8
b7530000-b7531000 r--p 00019000 08:01 1049875    /lib/i386-linux-gnu/libz.so.1.2.8
b7531000-b7532000 rw-p 0001a000 08:01 1049875    /lib/i386-linux-gnu/libz.so.1.2.8
b7532000-b7533000 rw-p 00000000 00:00 0 
b7533000-b76e7000 r-xp 00000000 08:01 1049704    /lib/i386-linux-gnu/libc-2.21.so
b76e7000-b76ea000 r--p 001b3000 08:01 1049704    /lib/i386-linux-gnu/libc-2.21.so
b76ea000-b76ec000 rw-p 001b6000 08:01 1049704    /lib/i386-linux-gnu/libc-2.21.so
b76ec000-b76ee000 rw-p 00000000 00:00 0 
b76ee000-b76ef000 r--s 00010000 08:01 1444241    /usr/lib/jvm/java-8-openjdk-i386/jre/lib/ext/zipfs.jar
b76ef000-b76f0000 r--p 00306000 08:01 1711964    /usr/lib/locale/locale-archive
b76f0000-b76f1000 rw-p 00000000 00:00 0 
b76f1000-b76f2000 r--p 00000000 00:00 0 
b76f2000-b7700000 r-xp 00000000 08:01 1444267    /usr/lib/jvm/java-8-openjdk-i386/jre/lib/i386/libverify.so
b7700000-b7702000 r--p 0000d000 08:01 1444267    /usr/lib/jvm/java-8-openjdk-i386/jre/lib/i386/libverify.so
b7702000-b7703000 rw-p 0000f000 08:01 1444267    /usr/lib/jvm/java-8-openjdk-i386/jre/lib/i386/libverify.so
b7703000-b7710000 r-xp 00000000 08:01 1444252    /usr/lib/jvm/java-8-openjdk-i386/jre/lib/i386/jli/libjli.so
b7710000-b7711000 r--p 0000c000 08:01 1444252    /usr/lib/jvm/java-8-openjdk-i386/jre/lib/i386/jli/libjli.so
b7711000-b7712000 rw-p 0000d000 08:01 1444252    /usr/lib/jvm/java-8-openjdk-i386/jre/lib/i386/jli/libjli.so
b7712000-b7714000 rw-p 00000000 00:00 0 
b7714000-b7716000 r--p 00000000 00:00 0          [vvar]
b7716000-b7717000 r-xp 00000000 00:00 0          [vdso]
b7717000-b7739000 r-xp 00000000 08:01 1049676    /lib/i386-linux-gnu/ld-2.21.so
b7739000-b773a000 r--p 00021000 08:01 1049676    /lib/i386-linux-gnu/ld-2.21.so
b773a000-b773b000 rw-p 00022000 08:01 1049676    /lib/i386-linux-gnu/ld-2.21.so
bf81e000-bf81f000 rwxp 00000000 00:00 0 
bf851000-bf872000 rw-p 00000000 00:00 0          [stack]

VM Arguments:
java_command: target/JEConfig-3.0.14.jar --datasource.class=org.jevis.api.sql.JEVisDataSourceSQL --datasource.host=localhost --datasource.port=3306 --datasource.schema=jevis --datasource.username=jevis --datasource.password=jevistest --fxlogin.logo=http://www.ait.ac.at/fileadmin/templates/tpl/images/ait_logo.jpg --fxlogin.css=http://openjevis.org/attachments/download/1268/fxlogin_ait.css --fxlogin.register=http://my-jevis.com
java_class_path (initial): target/JEConfig-3.0.14.jar
Launcher Type: SUN_STANDARD

Environment Variables:
PATH=/usr/local/sbin:/usr/local/bin:/usr/sbin:/usr/bin:/sbin:/bin:/usr/games:/usr/local/games
SHELL=/bin/bash
DISPLAY=:0.0

Signal Handlers:
SIGSEGV: [libjvm.so+0x8f4900], sa_mask[0]=11111111011111111101111111111110, sa_flags=SA_RESTART|SA_SIGINFO
SIGBUS: [libjvm.so+0x8f4900], sa_mask[0]=11111111011111111101111111111110, sa_flags=SA_RESTART|SA_SIGINFO
SIGFPE: [libjvm.so+0x75c6d0], sa_mask[0]=11111111011111111101111111111110, sa_flags=SA_RESTART|SA_SIGINFO
SIGPIPE: SIG_IGN, sa_mask[0]=00000000000010000000000000000000, sa_flags=SA_RESTART
SIGXFSZ: [libjvm.so+0x75c6d0], sa_mask[0]=11111111011111111101111111111110, sa_flags=SA_RESTART|SA_SIGINFO
SIGILL: [libjvm.so+0x75c6d0], sa_mask[0]=11111111011111111101111111111110, sa_flags=SA_RESTART|SA_SIGINFO
SIGUSR1: SIG_DFL, sa_mask[0]=00000000000000000000000000000000, sa_flags=none
SIGUSR2: [libjvm.so+0x75c510], sa_mask[0]=00000000000000000000000000000000, sa_flags=SA_RESTART|SA_SIGINFO
SIGHUP: [libjvm.so+0x75c7a0], sa_mask[0]=11111111011111111101111111111110, sa_flags=SA_RESTART|SA_SIGINFO
SIGINT: [vboxvideo_dri.so+0x31750], sa_mask[0]=01000000000000000000000000000000, sa_flags=SA_RESTART
SIGTERM: [vboxvideo_dri.so+0x31750], sa_mask[0]=00000000000000100000000000000000, sa_flags=SA_RESTART
SIGQUIT: [libjvm.so+0x75c7a0], sa_mask[0]=11111111011111111101111111111110, sa_flags=SA_RESTART|SA_SIGINFO


---------------  S Y S T E M  ---------------

OS:DISTRIB_ID=Ubuntu
DISTRIB_RELEASE=15.04
DISTRIB_CODENAME=vivid
DISTRIB_DESCRIPTION="Ubuntu 15.04"

uname:Linux 3.19.0-31-generic #36-Ubuntu SMP Wed Oct 7 15:03:41 UTC 2015 i686
libc:glibc 2.21 NPTL 2.21 
rlimit: STACK 8192k, CORE 0k, NPROC 11900, NOFILE 65536, AS infinity
load average:2,32 1,23 0,78

/proc/meminfo:
MemTotal:        1544156 kB
MemFree:          106452 kB
MemAvailable:     119984 kB
Buffers:            7908 kB
Cached:           130760 kB
SwapCached:          160 kB
Active:           648260 kB
Inactive:         735480 kB
Active(anon):     580368 kB
Inactive(anon):   673272 kB
Active(file):      67892 kB
Inactive(file):    62208 kB
Unevictable:           0 kB
Mlocked:               0 kB
HighTotal:        659400 kB
HighFree:          13272 kB
LowTotal:         884756 kB
LowFree:           93180 kB
SwapTotal:       1570812 kB
SwapFree:        1569456 kB
Dirty:               740 kB
Writeback:             0 kB
AnonPages:       1244984 kB
Mapped:            61916 kB
Shmem:              8496 kB
Slab:              33364 kB
SReclaimable:      21740 kB
SUnreclaim:        11624 kB
KernelStack:        2904 kB
PageTables:         7716 kB
NFS_Unstable:          0 kB
Bounce:                0 kB
WritebackTmp:          0 kB
CommitLimit:     2342888 kB
Committed_AS:    3000800 kB
VmallocTotal:     122880 kB
VmallocUsed:       24160 kB
VmallocChunk:      97184 kB
AnonHugePages:    761856 kB
CmaTotal:              0 kB
CmaFree:               0 kB
HugePages_Total:       0
HugePages_Free:        0
HugePages_Rsvd:        0
HugePages_Surp:        0
Hugepagesize:       2048 kB
DirectMap4k:       34808 kB
DirectMap2M:      878592 kB


CPU:total 2 (2 cores per cpu, 1 threads per core) family 6 model 42 stepping 7, cmov, cx8, fxsr, mmx, sse, sse2, sse3, ssse3, tsc

/proc/cpuinfo:
processor	: 0
vendor_id	: GenuineIntel
cpu family	: 6
model		: 42
model name	: Intel(R) Core(TM) i3-2310M CPU @ 2.10GHz
stepping	: 7
cpu MHz		: 2011.887
cache size	: 6144 KB
physical id	: 0
siblings	: 2
core id		: 0
cpu cores	: 2
apicid		: 0
initial apicid	: 0
fdiv_bug	: no
f00f_bug	: no
coma_bug	: no
fpu		: yes
fpu_exception	: yes
cpuid level	: 5
wp		: yes
flags		: fpu vme de pse tsc msr pae mce cx8 apic sep mtrr pge mca cmov pat pse36 clflush mmx fxsr sse sse2 ht nx rdtscp constant_tsc pni ssse3
bugs		:
bogomips	: 4023.77
clflush size	: 64
cache_alignment	: 64
address sizes	: 36 bits physical, 48 bits virtual
power management:

processor	: 1
vendor_id	: GenuineIntel
cpu family	: 6
model		: 42
model name	: Intel(R) Core(TM) i3-2310M CPU @ 2.10GHz
stepping	: 7
cpu MHz		: 2011.887
cache size	: 6144 KB
physical id	: 0
siblings	: 2
core id		: 1
cpu cores	: 2
apicid		: 1
initial apicid	: 1
fdiv_bug	: no
f00f_bug	: no
coma_bug	: no
fpu		: yes
fpu_exception	: yes
cpuid level	: 5
wp		: yes
flags		: fpu vme de pse tsc msr pae mce cx8 apic sep mtrr pge mca cmov pat pse36 clflush mmx fxsr sse sse2 ht nx rdtscp constant_tsc pni ssse3
bugs		:
bogomips	: 4023.77
clflush size	: 64
cache_alignment	: 64
address sizes	: 36 bits physical, 48 bits virtual
power management:



Memory: 4k page, physical 1544156k(106452k free), swap 1570812k(1569456k free)

vm_info: OpenJDK Server VM (25.45-b02) for linux-x86 JRE (1.8.0_45-internal-b14), built on Apr 20 2015 00:35:55 by "buildd" with gcc 4.9.2

time: Thu Nov  5 12:59:58 2015
elapsed time: 181 seconds (0d 0h 3m 1s)

